/home/caterpillar/ros2_ws/install/rover_navigation/lib/python3.12/site-packages/rover_navigation/esp_serial_odometry_usb0.py
/home/caterpillar/ros2_ws/install/rover_navigation/lib/python3.12/site-packages/rover_navigation/local_planner_lwb.py
/home/caterpillar/ros2_ws/install/rover_navigation/lib/python3.12/site-packages/rover_navigation/dashboard_node.py
/home/caterpillar/ros2_ws/install/rover_navigation/lib/python3.12/site-packages/rover_navigation/odometry_node.py
/home/caterpillar/ros2_ws/install/rover_navigation/lib/python3.12/site-packages/rover_navigation/esp_serial_odometry_node.py
/home/caterpillar/ros2_ws/install/rover_navigation/lib/python3.12/site-packages/rover_navigation/obstacle_detection.py
/home/caterpillar/ros2_ws/install/rover_navigation/lib/python3.12/site-packages/rover_navigation/rrt_planner.py
/home/caterpillar/ros2_ws/install/rover_navigation/lib/python3.12/site-packages/rover_navigation/__init__.py
/home/caterpillar/ros2_ws/install/rover_navigation/lib/python3.12/site-packages/rover_navigation/global_planner_a_star.py
/home/caterpillar/ros2_ws/install/rover_navigation/lib/python3.12/site-packages/rover_navigation/costmap.py
/home/caterpillar/ros2_ws/install/rover_navigation/lib/python3.12/site-packages/rover_navigation/planner_manager.py
/home/caterpillar/ros2_ws/install/rover_navigation/lib/python3.12/site-packages/rover_navigation/esp_serial_odom.py
/home/caterpillar/ros2_ws/install/rover_navigation/lib/python3.12/site-packages/rover_navigation/esp8266_bridge.py
/home/caterpillar/ros2_ws/install/rover_navigation/lib/python3.12/site-packages/rover_navigation/path_executor.py
/home/caterpillar/ros2_ws/install/rover_navigation/lib/python3.12/site-packages/rover_navigation/__pycache__/esp_serial_odometry_usb0.cpython-312.pyc
/home/caterpillar/ros2_ws/install/rover_navigation/lib/python3.12/site-packages/rover_navigation/__pycache__/local_planner_lwb.cpython-312.pyc
/home/caterpillar/ros2_ws/install/rover_navigation/lib/python3.12/site-packages/rover_navigation/__pycache__/dashboard_node.cpython-312.pyc
/home/caterpillar/ros2_ws/install/rover_navigation/lib/python3.12/site-packages/rover_navigation/__pycache__/odometry_node.cpython-312.pyc
/home/caterpillar/ros2_ws/install/rover_navigation/lib/python3.12/site-packages/rover_navigation/__pycache__/esp_serial_odometry_node.cpython-312.pyc
/home/caterpillar/ros2_ws/install/rover_navigation/lib/python3.12/site-packages/rover_navigation/__pycache__/obstacle_detection.cpython-312.pyc
/home/caterpillar/ros2_ws/install/rover_navigation/lib/python3.12/site-packages/rover_navigation/__pycache__/rrt_planner.cpython-312.pyc
/home/caterpillar/ros2_ws/install/rover_navigation/lib/python3.12/site-packages/rover_navigation/__pycache__/__init__.cpython-312.pyc
/home/caterpillar/ros2_ws/install/rover_navigation/lib/python3.12/site-packages/rover_navigation/__pycache__/global_planner_a_star.cpython-312.pyc
/home/caterpillar/ros2_ws/install/rover_navigation/lib/python3.12/site-packages/rover_navigation/__pycache__/costmap.cpython-312.pyc
/home/caterpillar/ros2_ws/install/rover_navigation/lib/python3.12/site-packages/rover_navigation/__pycache__/planner_manager.cpython-312.pyc
/home/caterpillar/ros2_ws/install/rover_navigation/lib/python3.12/site-packages/rover_navigation/__pycache__/esp_serial_odom.cpython-312.pyc
/home/caterpillar/ros2_ws/install/rover_navigation/lib/python3.12/site-packages/rover_navigation/__pycache__/esp8266_bridge.cpython-312.pyc
/home/caterpillar/ros2_ws/install/rover_navigation/lib/python3.12/site-packages/rover_navigation/__pycache__/path_executor.cpython-312.pyc
/home/caterpillar/ros2_ws/install/rover_navigation/share/ament_index/resource_index/packages/rover_navigation
/home/caterpillar/ros2_ws/install/rover_navigation/share/rover_navigation/package.xml
/home/caterpillar/ros2_ws/install/rover_navigation/share/rover_navigation/launch/obstacle_detection.launch.py
/home/caterpillar/ros2_ws/install/rover_navigation/share/rover_navigation/launch/rrt_planner.launch.py
/home/caterpillar/ros2_ws/install/rover_navigation/share/rover_navigation/launch/full_navigation.launch.py
/home/caterpillar/ros2_ws/install/rover_navigation/share/rover_navigation/launch/a_star_lwb_navigation.launch.py
/home/caterpillar/ros2_ws/install/rover_navigation/share/rover_navigation/config/nav2_params.yaml
/home/caterpillar/ros2_ws/install/rover_navigation/share/rover_navigation/config/slam_params.yaml
/home/caterpillar/ros2_ws/install/rover_navigation/lib/python3.12/site-packages/rover_navigation-0.0.1-py3.12.egg-info/dependency_links.txt
/home/caterpillar/ros2_ws/install/rover_navigation/lib/python3.12/site-packages/rover_navigation-0.0.1-py3.12.egg-info/zip-safe
/home/caterpillar/ros2_ws/install/rover_navigation/lib/python3.12/site-packages/rover_navigation-0.0.1-py3.12.egg-info/top_level.txt
/home/caterpillar/ros2_ws/install/rover_navigation/lib/python3.12/site-packages/rover_navigation-0.0.1-py3.12.egg-info/entry_points.txt
/home/caterpillar/ros2_ws/install/rover_navigation/lib/python3.12/site-packages/rover_navigation-0.0.1-py3.12.egg-info/SOURCES.txt
/home/caterpillar/ros2_ws/install/rover_navigation/lib/python3.12/site-packages/rover_navigation-0.0.1-py3.12.egg-info/PKG-INFO
/home/caterpillar/ros2_ws/install/rover_navigation/lib/python3.12/site-packages/rover_navigation-0.0.1-py3.12.egg-info/requires.txt
/home/caterpillar/ros2_ws/install/rover_navigation/lib/rover_navigation/a_star_planner
/home/caterpillar/ros2_ws/install/rover_navigation/lib/rover_navigation/esp8266_bridge
/home/caterpillar/ros2_ws/install/rover_navigation/lib/rover_navigation/esp_serial_odometry_node
/home/caterpillar/ros2_ws/install/rover_navigation/lib/rover_navigation/lwb_planner
/home/caterpillar/ros2_ws/install/rover_navigation/lib/rover_navigation/navigation_dashboard
/home/caterpillar/ros2_ws/install/rover_navigation/lib/rover_navigation/obstacle_detection
/home/caterpillar/ros2_ws/install/rover_navigation/lib/rover_navigation/odometry_node
/home/caterpillar/ros2_ws/install/rover_navigation/lib/rover_navigation/path_executor
/home/caterpillar/ros2_ws/install/rover_navigation/lib/rover_navigation/planner_manager
/home/caterpillar/ros2_ws/install/rover_navigation/lib/rover_navigation/rrt_planner
