[1.843s] Invoking command in '/home/caterpillar/ros2_ws/build/rover_navigation': DEBUGINFOD_URLS=https://debuginfod.ubuntu.com PYTHONPATH=/home/caterpillar/ros2_ws/build/rover_navigation/prefix_override:/usr/lib/python3/dist-packages/colcon_core/task/python/colcon_distutils_commands:/home/caterpillar/ros2_ws/install/rover_navigation/lib/python3.12/site-packages:${PYTHONPATH} /usr/bin/python3 -W ignore:setup.py install is deprecated -W ignore:easy_install command is deprecated setup.py develop --uninstall --editable --build-directory /home/caterpillar/ros2_ws/build/rover_navigation/build
[2.352s] running develop
[2.716s] Removing /home/caterpillar/ros2_ws/install/rover_navigation/lib/python3.12/site-packages/rover-navigation.egg-link (link to .)
[2.838s] Invoked command in '/home/caterpillar/ros2_ws/build/rover_navigation' returned '0': DEBUGINFOD_URLS=https://debuginfod.ubuntu.com PYTHONPATH=/home/caterpillar/ros2_ws/build/rover_navigation/prefix_override:/usr/lib/python3/dist-packages/colcon_core/task/python/colcon_distutils_commands:/home/caterpillar/ros2_ws/install/rover_navigation/lib/python3.12/site-packages:${PYTHONPATH} /usr/bin/python3 -W ignore:setup.py install is deprecated -W ignore:easy_install command is deprecated setup.py develop --uninstall --editable --build-directory /home/caterpillar/ros2_ws/build/rover_navigation/build
[2.841s] Invoking command in '/home/caterpillar/ros2_ws/src/rover_navigation': DEBUGINFOD_URLS=https://debuginfod.ubuntu.com PYTHONPATH=/home/caterpillar/ros2_ws/build/rover_navigation/prefix_override:/usr/lib/python3/dist-packages/colcon_core/task/python/colcon_distutils_commands:/home/caterpillar/ros2_ws/install/rover_navigation/lib/python3.12/site-packages:${PYTHONPATH} /usr/bin/python3 -W ignore:setup.py install is deprecated -W ignore:easy_install command is deprecated setup.py egg_info --egg-base ../../build/rover_navigation build --build-base /home/caterpillar/ros2_ws/build/rover_navigation/build install --record /home/caterpillar/ros2_ws/build/rover_navigation/install.log --single-version-externally-managed install_data --force
[3.298s] running egg_info
[3.334s] writing ../../build/rover_navigation/rover_navigation.egg-info/PKG-INFO
[3.334s] writing dependency_links to ../../build/rover_navigation/rover_navigation.egg-info/dependency_links.txt
[3.337s] writing entry points to ../../build/rover_navigation/rover_navigation.egg-info/entry_points.txt
[3.338s] writing requirements to ../../build/rover_navigation/rover_navigation.egg-info/requires.txt
[3.338s] writing top-level names to ../../build/rover_navigation/rover_navigation.egg-info/top_level.txt
[3.408s] reading manifest file '../../build/rover_navigation/rover_navigation.egg-info/SOURCES.txt'
[3.409s] writing manifest file '../../build/rover_navigation/rover_navigation.egg-info/SOURCES.txt'
[3.410s] running build
[3.410s] running build_py
[3.411s] running install
[3.422s] running install_lib
[3.457s] creating /home/caterpillar/ros2_ws/install/rover_navigation/lib/python3.12/site-packages/rover_navigation
[3.457s] copying /home/caterpillar/ros2_ws/build/rover_navigation/build/lib/rover_navigation/esp_serial_odometry_usb0.py -> /home/caterpillar/ros2_ws/install/rover_navigation/lib/python3.12/site-packages/rover_navigation
[3.457s] copying /home/caterpillar/ros2_ws/build/rover_navigation/build/lib/rover_navigation/local_planner_lwb.py -> /home/caterpillar/ros2_ws/install/rover_navigation/lib/python3.12/site-packages/rover_navigation
[3.458s] copying /home/caterpillar/ros2_ws/build/rover_navigation/build/lib/rover_navigation/dashboard_node.py -> /home/caterpillar/ros2_ws/install/rover_navigation/lib/python3.12/site-packages/rover_navigation
[3.458s] copying /home/caterpillar/ros2_ws/build/rover_navigation/build/lib/rover_navigation/odometry_node.py -> /home/caterpillar/ros2_ws/install/rover_navigation/lib/python3.12/site-packages/rover_navigation
[3.458s] copying /home/caterpillar/ros2_ws/build/rover_navigation/build/lib/rover_navigation/esp_serial_odometry_node.py -> /home/caterpillar/ros2_ws/install/rover_navigation/lib/python3.12/site-packages/rover_navigation
[3.458s] copying /home/caterpillar/ros2_ws/build/rover_navigation/build/lib/rover_navigation/obstacle_detection.py -> /home/caterpillar/ros2_ws/install/rover_navigation/lib/python3.12/site-packages/rover_navigation
[3.458s] copying /home/caterpillar/ros2_ws/build/rover_navigation/build/lib/rover_navigation/rrt_planner.py -> /home/caterpillar/ros2_ws/install/rover_navigation/lib/python3.12/site-packages/rover_navigation
[3.458s] copying /home/caterpillar/ros2_ws/build/rover_navigation/build/lib/rover_navigation/__init__.py -> /home/caterpillar/ros2_ws/install/rover_navigation/lib/python3.12/site-packages/rover_navigation
[3.459s] copying /home/caterpillar/ros2_ws/build/rover_navigation/build/lib/rover_navigation/global_planner_a_star.py -> /home/caterpillar/ros2_ws/install/rover_navigation/lib/python3.12/site-packages/rover_navigation
[3.459s] copying /home/caterpillar/ros2_ws/build/rover_navigation/build/lib/rover_navigation/costmap.py -> /home/caterpillar/ros2_ws/install/rover_navigation/lib/python3.12/site-packages/rover_navigation
[3.459s] copying /home/caterpillar/ros2_ws/build/rover_navigation/build/lib/rover_navigation/planner_manager.py -> /home/caterpillar/ros2_ws/install/rover_navigation/lib/python3.12/site-packages/rover_navigation
[3.459s] copying /home/caterpillar/ros2_ws/build/rover_navigation/build/lib/rover_navigation/cmdvel_to_wheels.py -> /home/caterpillar/ros2_ws/install/rover_navigation/lib/python3.12/site-packages/rover_navigation
[3.459s] copying /home/caterpillar/ros2_ws/build/rover_navigation/build/lib/rover_navigation/esp_serial_odom.py -> /home/caterpillar/ros2_ws/install/rover_navigation/lib/python3.12/site-packages/rover_navigation
[3.460s] copying /home/caterpillar/ros2_ws/build/rover_navigation/build/lib/rover_navigation/esp8266_bridge.py -> /home/caterpillar/ros2_ws/install/rover_navigation/lib/python3.12/site-packages/rover_navigation
[3.460s] copying /home/caterpillar/ros2_ws/build/rover_navigation/build/lib/rover_navigation/path_executor.py -> /home/caterpillar/ros2_ws/install/rover_navigation/lib/python3.12/site-packages/rover_navigation
[3.461s] byte-compiling /home/caterpillar/ros2_ws/install/rover_navigation/lib/python3.12/site-packages/rover_navigation/esp_serial_odometry_usb0.py to esp_serial_odometry_usb0.cpython-312.pyc
[3.463s] byte-compiling /home/caterpillar/ros2_ws/install/rover_navigation/lib/python3.12/site-packages/rover_navigation/local_planner_lwb.py to local_planner_lwb.cpython-312.pyc
[3.467s] byte-compiling /home/caterpillar/ros2_ws/install/rover_navigation/lib/python3.12/site-packages/rover_navigation/dashboard_node.py to dashboard_node.cpython-312.pyc
[3.470s] byte-compiling /home/caterpillar/ros2_ws/install/rover_navigation/lib/python3.12/site-packages/rover_navigation/odometry_node.py to odometry_node.cpython-312.pyc
[3.471s] byte-compiling /home/caterpillar/ros2_ws/install/rover_navigation/lib/python3.12/site-packages/rover_navigation/esp_serial_odometry_node.py to esp_serial_odometry_node.cpython-312.pyc
[3.472s] byte-compiling /home/caterpillar/ros2_ws/install/rover_navigation/lib/python3.12/site-packages/rover_navigation/obstacle_detection.py to obstacle_detection.cpython-312.pyc
[3.474s] byte-compiling /home/caterpillar/ros2_ws/install/rover_navigation/lib/python3.12/site-packages/rover_navigation/rrt_planner.py to rrt_planner.cpython-312.pyc
[3.479s] byte-compiling /home/caterpillar/ros2_ws/install/rover_navigation/lib/python3.12/site-packages/rover_navigation/__init__.py to __init__.cpython-312.pyc
[3.479s] byte-compiling /home/caterpillar/ros2_ws/install/rover_navigation/lib/python3.12/site-packages/rover_navigation/global_planner_a_star.py to global_planner_a_star.cpython-312.pyc
[3.486s] byte-compiling /home/caterpillar/ros2_ws/install/rover_navigation/lib/python3.12/site-packages/rover_navigation/costmap.py to costmap.cpython-312.pyc
[3.487s] byte-compiling /home/caterpillar/ros2_ws/install/rover_navigation/lib/python3.12/site-packages/rover_navigation/planner_manager.py to planner_manager.cpython-312.pyc
[3.489s] byte-compiling /home/caterpillar/ros2_ws/install/rover_navigation/lib/python3.12/site-packages/rover_navigation/cmdvel_to_wheels.py to cmdvel_to_wheels.cpython-312.pyc
[3.490s] byte-compiling /home/caterpillar/ros2_ws/install/rover_navigation/lib/python3.12/site-packages/rover_navigation/esp_serial_odom.py to esp_serial_odom.cpython-312.pyc
[3.492s] byte-compiling /home/caterpillar/ros2_ws/install/rover_navigation/lib/python3.12/site-packages/rover_navigation/esp8266_bridge.py to esp8266_bridge.cpython-312.pyc
[3.494s] byte-compiling /home/caterpillar/ros2_ws/install/rover_navigation/lib/python3.12/site-packages/rover_navigation/path_executor.py to path_executor.cpython-312.pyc
[3.496s] running install_data
[3.497s] copying resource/rover_navigation -> /home/caterpillar/ros2_ws/install/rover_navigation/share/ament_index/resource_index/packages
[3.497s] copying package.xml -> /home/caterpillar/ros2_ws/install/rover_navigation/share/rover_navigation
[3.498s] copying launch/obstacle_detection.launch.py -> /home/caterpillar/ros2_ws/install/rover_navigation/share/rover_navigation/launch
[3.498s] copying launch/rrt_planner.launch.py -> /home/caterpillar/ros2_ws/install/rover_navigation/share/rover_navigation/launch
[3.498s] copying launch/full_navigation.launch.py -> /home/caterpillar/ros2_ws/install/rover_navigation/share/rover_navigation/launch
[3.498s] copying launch/a_star_lwb_navigation.launch.py -> /home/caterpillar/ros2_ws/install/rover_navigation/share/rover_navigation/launch
[3.498s] copying config/nav2_params.yaml -> /home/caterpillar/ros2_ws/install/rover_navigation/share/rover_navigation/config
[3.498s] copying config/slam_params.yaml -> /home/caterpillar/ros2_ws/install/rover_navigation/share/rover_navigation/config
[3.499s] running install_egg_info
[3.537s] Copying ../../build/rover_navigation/rover_navigation.egg-info to /home/caterpillar/ros2_ws/install/rover_navigation/lib/python3.12/site-packages/rover_navigation-0.0.1-py3.12.egg-info
[3.540s] running install_scripts
[3.779s] Installing a_star_planner script to /home/caterpillar/ros2_ws/install/rover_navigation/lib/rover_navigation
[3.780s] Installing cmdvel_to_wheels script to /home/caterpillar/ros2_ws/install/rover_navigation/lib/rover_navigation
[3.782s] Installing esp8266_bridge script to /home/caterpillar/ros2_ws/install/rover_navigation/lib/rover_navigation
[3.785s] Installing esp_serial_odometry_node script to /home/caterpillar/ros2_ws/install/rover_navigation/lib/rover_navigation
[3.786s] Installing lwb_planner script to /home/caterpillar/ros2_ws/install/rover_navigation/lib/rover_navigation
[3.786s] Installing navigation_dashboard script to /home/caterpillar/ros2_ws/install/rover_navigation/lib/rover_navigation
[3.787s] Installing obstacle_detection script to /home/caterpillar/ros2_ws/install/rover_navigation/lib/rover_navigation
[3.788s] Installing odometry_node script to /home/caterpillar/ros2_ws/install/rover_navigation/lib/rover_navigation
[3.789s] Installing path_executor script to /home/caterpillar/ros2_ws/install/rover_navigation/lib/rover_navigation
[3.790s] Installing planner_manager script to /home/caterpillar/ros2_ws/install/rover_navigation/lib/rover_navigation
[3.791s] Installing rrt_planner script to /home/caterpillar/ros2_ws/install/rover_navigation/lib/rover_navigation
[3.797s] writing list of installed files to '/home/caterpillar/ros2_ws/build/rover_navigation/install.log'
[3.896s] Invoked command in '/home/caterpillar/ros2_ws/src/rover_navigation' returned '0': DEBUGINFOD_URLS=https://debuginfod.ubuntu.com PYTHONPATH=/home/caterpillar/ros2_ws/build/rover_navigation/prefix_override:/usr/lib/python3/dist-packages/colcon_core/task/python/colcon_distutils_commands:/home/caterpillar/ros2_ws/install/rover_navigation/lib/python3.12/site-packages:${PYTHONPATH} /usr/bin/python3 -W ignore:setup.py install is deprecated -W ignore:easy_install command is deprecated setup.py egg_info --egg-base ../../build/rover_navigation build --build-base /home/caterpillar/ros2_ws/build/rover_navigation/build install --record /home/caterpillar/ros2_ws/build/rover_navigation/install.log --single-version-externally-managed install_data --force
