[1.718s] Invoking command in '/home/caterpillar/ros2_ws/src/bts_motor_controller': DEBUGINFOD_URLS=https://debuginfod.ubuntu.com PYTHONPATH=/home/caterpillar/ros2_ws/build/bts_motor_controller/prefix_override:/usr/lib/python3/dist-packages/colcon_core/task/python/colcon_distutils_commands:/home/caterpillar/ros2_ws/install/bts_motor_controller/lib/python3.12/site-packages:${PYTHONPATH} /usr/bin/python3 -W ignore:setup.py install is deprecated -W ignore:easy_install command is deprecated setup.py egg_info --egg-base ../../build/bts_motor_controller build --build-base /home/caterpillar/ros2_ws/build/bts_motor_controller/build install --record /home/caterpillar/ros2_ws/build/bts_motor_controller/install.log --single-version-externally-managed install_data
[2.144s] running egg_info
[2.144s] creating ../../build/bts_motor_controller/bts_motor_controller.egg-info
[2.176s] writing ../../build/bts_motor_controller/bts_motor_controller.egg-info/PKG-INFO
[2.176s] writing dependency_links to ../../build/bts_motor_controller/bts_motor_controller.egg-info/dependency_links.txt
[2.177s] writing entry points to ../../build/bts_motor_controller/bts_motor_controller.egg-info/entry_points.txt
[2.177s] writing requirements to ../../build/bts_motor_controller/bts_motor_controller.egg-info/requires.txt
[2.177s] writing top-level names to ../../build/bts_motor_controller/bts_motor_controller.egg-info/top_level.txt
[2.177s] writing manifest file '../../build/bts_motor_controller/bts_motor_controller.egg-info/SOURCES.txt'
[2.244s] reading manifest file '../../build/bts_motor_controller/bts_motor_controller.egg-info/SOURCES.txt'
[2.245s] writing manifest file '../../build/bts_motor_controller/bts_motor_controller.egg-info/SOURCES.txt'
[2.246s] running build
[2.246s] running build_py
[2.246s] creating /home/caterpillar/ros2_ws/build/bts_motor_controller/build
[2.246s] creating /home/caterpillar/ros2_ws/build/bts_motor_controller/build/lib
[2.246s] creating /home/caterpillar/ros2_ws/build/bts_motor_controller/build/lib/bts_motor_controller
[2.246s] copying bts_motor_controller/__init__.py -> /home/caterpillar/ros2_ws/build/bts_motor_controller/build/lib/bts_motor_controller
[2.247s] copying bts_motor_controller/motor_node.py -> /home/caterpillar/ros2_ws/build/bts_motor_controller/build/lib/bts_motor_controller
[2.247s] running install
[2.257s] running install_lib
[2.290s] creating /home/caterpillar/ros2_ws/install/bts_motor_controller/lib/python3.12/site-packages/bts_motor_controller
[2.291s] copying /home/caterpillar/ros2_ws/build/bts_motor_controller/build/lib/bts_motor_controller/__init__.py -> /home/caterpillar/ros2_ws/install/bts_motor_controller/lib/python3.12/site-packages/bts_motor_controller
[2.291s] copying /home/caterpillar/ros2_ws/build/bts_motor_controller/build/lib/bts_motor_controller/motor_node.py -> /home/caterpillar/ros2_ws/install/bts_motor_controller/lib/python3.12/site-packages/bts_motor_controller
[2.292s] byte-compiling /home/caterpillar/ros2_ws/install/bts_motor_controller/lib/python3.12/site-packages/bts_motor_controller/__init__.py to __init__.cpython-312.pyc
[2.292s] byte-compiling /home/caterpillar/ros2_ws/install/bts_motor_controller/lib/python3.12/site-packages/bts_motor_controller/motor_node.py to motor_node.cpython-312.pyc
[2.293s] running install_data
[2.293s] creating /home/caterpillar/ros2_ws/install/bts_motor_controller/share/ament_index
[2.293s] creating /home/caterpillar/ros2_ws/install/bts_motor_controller/share/ament_index/resource_index
[2.293s] creating /home/caterpillar/ros2_ws/install/bts_motor_controller/share/ament_index/resource_index/packages
[2.294s] copying resource/bts_motor_controller -> /home/caterpillar/ros2_ws/install/bts_motor_controller/share/ament_index/resource_index/packages
[2.294s] copying package.xml -> /home/caterpillar/ros2_ws/install/bts_motor_controller/share/bts_motor_controller
[2.294s] running install_egg_info
[2.329s] Copying ../../build/bts_motor_controller/bts_motor_controller.egg-info to /home/caterpillar/ros2_ws/install/bts_motor_controller/lib/python3.12/site-packages/bts_motor_controller-0.0.0-py3.12.egg-info
[2.330s] running install_scripts
[2.648s] Installing motor_node script to /home/caterpillar/ros2_ws/install/bts_motor_controller/lib/bts_motor_controller
[2.649s] writing list of installed files to '/home/caterpillar/ros2_ws/build/bts_motor_controller/install.log'
[2.749s] Invoked command in '/home/caterpillar/ros2_ws/src/bts_motor_controller' returned '0': DEBUGINFOD_URLS=https://debuginfod.ubuntu.com PYTHONPATH=/home/caterpillar/ros2_ws/build/bts_motor_controller/prefix_override:/usr/lib/python3/dist-packages/colcon_core/task/python/colcon_distutils_commands:/home/caterpillar/ros2_ws/install/bts_motor_controller/lib/python3.12/site-packages:${PYTHONPATH} /usr/bin/python3 -W ignore:setup.py install is deprecated -W ignore:easy_install command is deprecated setup.py egg_info --egg-base ../../build/bts_motor_controller build --build-base /home/caterpillar/ros2_ws/build/bts_motor_controller/build install --record /home/caterpillar/ros2_ws/build/bts_motor_controller/install.log --single-version-externally-managed install_data
