running egg_info
creating ../../build/your_robot_bringup/your_robot_bringup.egg-info
writing ../../build/your_robot_bringup/your_robot_bringup.egg-info/PKG-INFO
writing dependency_links to ../../build/your_robot_bringup/your_robot_bringup.egg-info/dependency_links.txt
writing entry points to ../../build/your_robot_bringup/your_robot_bringup.egg-info/entry_points.txt
writing requirements to ../../build/your_robot_bringup/your_robot_bringup.egg-info/requires.txt
writing top-level names to ../../build/your_robot_bringup/your_robot_bringup.egg-info/top_level.txt
writing manifest file '../../build/your_robot_bringup/your_robot_bringup.egg-info/SOURCES.txt'
reading manifest file '../../build/your_robot_bringup/your_robot_bringup.egg-info/SOURCES.txt'
writing manifest file '../../build/your_robot_bringup/your_robot_bringup.egg-info/SOURCES.txt'
running build
running build_py
creating /home/caterpillar/ros2_ws/build/your_robot_bringup/build
creating /home/caterpillar/ros2_ws/build/your_robot_bringup/build/lib
creating /home/caterpillar/ros2_ws/build/your_robot_bringup/build/lib/your_robot_bringup
copying src/your_robot_bringup/wheel_odom.py -> /home/caterpillar/ros2_ws/build/your_robot_bringup/build/lib/your_robot_bringup
copying src/your_robot_bringup/__init__.py -> /home/caterpillar/ros2_ws/build/your_robot_bringup/build/lib/your_robot_bringup
copying src/your_robot_bringup/rrt_autonomous.py -> /home/caterpillar/ros2_ws/build/your_robot_bringup/build/lib/your_robot_bringup
running install
running install_lib
creating /home/caterpillar/ros2_ws/install/your_robot_bringup/lib/python3.12/site-packages/your_robot_bringup
copying /home/caterpillar/ros2_ws/build/your_robot_bringup/build/lib/your_robot_bringup/wheel_odom.py -> /home/caterpillar/ros2_ws/install/your_robot_bringup/lib/python3.12/site-packages/your_robot_bringup
copying /home/caterpillar/ros2_ws/build/your_robot_bringup/build/lib/your_robot_bringup/__init__.py -> /home/caterpillar/ros2_ws/install/your_robot_bringup/lib/python3.12/site-packages/your_robot_bringup
copying /home/caterpillar/ros2_ws/build/your_robot_bringup/build/lib/your_robot_bringup/rrt_autonomous.py -> /home/caterpillar/ros2_ws/install/your_robot_bringup/lib/python3.12/site-packages/your_robot_bringup
byte-compiling /home/caterpillar/ros2_ws/install/your_robot_bringup/lib/python3.12/site-packages/your_robot_bringup/wheel_odom.py to wheel_odom.cpython-312.pyc
byte-compiling /home/caterpillar/ros2_ws/install/your_robot_bringup/lib/python3.12/site-packages/your_robot_bringup/__init__.py to __init__.cpython-312.pyc
byte-compiling /home/caterpillar/ros2_ws/install/your_robot_bringup/lib/python3.12/site-packages/your_robot_bringup/rrt_autonomous.py to rrt_autonomous.cpython-312.pyc
running install_data
creating /home/caterpillar/ros2_ws/install/your_robot_bringup/share/ament_index
creating /home/caterpillar/ros2_ws/install/your_robot_bringup/share/ament_index/resource_index
creating /home/caterpillar/ros2_ws/install/your_robot_bringup/share/ament_index/resource_index/packages
copying resource/your_robot_bringup -> /home/caterpillar/ros2_ws/install/your_robot_bringup/share/ament_index/resource_index/packages
copying package.xml -> /home/caterpillar/ros2_ws/install/your_robot_bringup/share/your_robot_bringup
running install_egg_info
Copying ../../build/your_robot_bringup/your_robot_bringup.egg-info to /home/caterpillar/ros2_ws/install/your_robot_bringup/lib/python3.12/site-packages/your_robot_bringup-0.0.0-py3.12.egg-info
running install_scripts
Installing rrt_autonomous script to /home/caterpillar/ros2_ws/install/your_robot_bringup/lib/your_robot_bringup
Installing wheel_odom script to /home/caterpillar/ros2_ws/install/your_robot_bringup/lib/your_robot_bringup
writing list of installed files to '/home/caterpillar/ros2_ws/build/your_robot_bringup/install.log'
