[2.398s] Invoking command in '/home/caterpillar/ros2_ws/src/rover_navigation': DEBUGINFOD_URLS=https://debuginfod.ubuntu.com PYTHONPATH=/home/caterpillar/ros2_ws/build/rover_navigation/prefix_override:/usr/lib/python3/dist-packages/colcon_core/task/python/colcon_distutils_commands:/home/caterpillar/ros2_ws/install/rover_navigation/lib/python3.12/site-packages:${PYTHONPATH} /usr/bin/python3 -W ignore:setup.py install is deprecated -W ignore:easy_install command is deprecated setup.py egg_info --egg-base ../../build/rover_navigation build --build-base /home/caterpillar/ros2_ws/build/rover_navigation/build install --record /home/caterpillar/ros2_ws/build/rover_navigation/install.log --single-version-externally-managed install_data
[3.029s] running egg_info
[3.066s] writing ../../build/rover_navigation/rover_navigation.egg-info/PKG-INFO
[3.067s] writing dependency_links to ../../build/rover_navigation/rover_navigation.egg-info/dependency_links.txt
[3.071s] writing entry points to ../../build/rover_navigation/rover_navigation.egg-info/entry_points.txt
[3.072s] writing requirements to ../../build/rover_navigation/rover_navigation.egg-info/requires.txt
[3.072s] writing top-level names to ../../build/rover_navigation/rover_navigation.egg-info/top_level.txt
[3.146s] reading manifest file '../../build/rover_navigation/rover_navigation.egg-info/SOURCES.txt'
[3.147s] writing manifest file '../../build/rover_navigation/rover_navigation.egg-info/SOURCES.txt'
[3.148s] running build
[3.148s] running build_py
[3.148s] running install
[3.158s] running install_lib
[3.195s] running install_data
[3.195s] running install_egg_info
[3.235s] removing '/home/caterpillar/ros2_ws/install/rover_navigation/lib/python3.12/site-packages/rover_navigation-0.0.1-py3.12.egg-info' (and everything under it)
[3.236s] Copying ../../build/rover_navigation/rover_navigation.egg-info to /home/caterpillar/ros2_ws/install/rover_navigation/lib/python3.12/site-packages/rover_navigation-0.0.1-py3.12.egg-info
[3.239s] running install_scripts
[3.472s] Installing a_star_planner script to /home/caterpillar/ros2_ws/install/rover_navigation/lib/rover_navigation
[3.472s] Installing esp8266_bridge script to /home/caterpillar/ros2_ws/install/rover_navigation/lib/rover_navigation
[3.475s] Installing esp_serial_odometry_node script to /home/caterpillar/ros2_ws/install/rover_navigation/lib/rover_navigation
[3.476s] Installing lwb_planner script to /home/caterpillar/ros2_ws/install/rover_navigation/lib/rover_navigation
[3.476s] Installing navigation_dashboard script to /home/caterpillar/ros2_ws/install/rover_navigation/lib/rover_navigation
[3.478s] Installing obstacle_detection script to /home/caterpillar/ros2_ws/install/rover_navigation/lib/rover_navigation
[3.478s] Installing odometry_node script to /home/caterpillar/ros2_ws/install/rover_navigation/lib/rover_navigation
[3.479s] Installing path_executor script to /home/caterpillar/ros2_ws/install/rover_navigation/lib/rover_navigation
[3.480s] Installing planner_manager script to /home/caterpillar/ros2_ws/install/rover_navigation/lib/rover_navigation
[3.481s] Installing rrt_planner script to /home/caterpillar/ros2_ws/install/rover_navigation/lib/rover_navigation
[3.482s] writing list of installed files to '/home/caterpillar/ros2_ws/build/rover_navigation/install.log'
[3.566s] Invoked command in '/home/caterpillar/ros2_ws/src/rover_navigation' returned '0': DEBUGINFOD_URLS=https://debuginfod.ubuntu.com PYTHONPATH=/home/caterpillar/ros2_ws/build/rover_navigation/prefix_override:/usr/lib/python3/dist-packages/colcon_core/task/python/colcon_distutils_commands:/home/caterpillar/ros2_ws/install/rover_navigation/lib/python3.12/site-packages:${PYTHONPATH} /usr/bin/python3 -W ignore:setup.py install is deprecated -W ignore:easy_install command is deprecated setup.py egg_info --egg-base ../../build/rover_navigation build --build-base /home/caterpillar/ros2_ws/build/rover_navigation/build install --record /home/caterpillar/ros2_ws/build/rover_navigation/install.log --single-version-externally-managed install_data
