[0.387s] Invoking command in '/home/caterpillar/ros2_ws/build/rplidar_ros': CMAKE_PREFIX_PATH=${CMAKE_PREFIX_PATH}:/opt/ros/jazzy DEBUGINFOD_URLS=https://debuginfod.ubuntu.com /usr/bin/cmake --build /home/caterpillar/ros2_ws/build/rplidar_ros -- -j4 -l4
[0.509s] [ 77%] Built target rplidar_composition_node
[0.559s] [100%] Built target rplidar_composition
[0.779s] Invoked command in '/home/caterpillar/ros2_ws/build/rplidar_ros' returned '0': CMAKE_PREFIX_PATH=${CMAKE_PREFIX_PATH}:/opt/ros/jazzy DEBUGINFOD_URLS=https://debuginfod.ubuntu.com /usr/bin/cmake --build /home/caterpillar/ros2_ws/build/rplidar_ros -- -j4 -l4
[0.803s] Invoking command in '/home/caterpillar/ros2_ws/build/rplidar_ros': CMAKE_PREFIX_PATH=${CMAKE_PREFIX_PATH}:/opt/ros/jazzy DEBUGINFOD_URLS=https://debuginfod.ubuntu.com /usr/bin/cmake --install /home/caterpillar/ros2_ws/build/rplidar_ros
[0.822s] -- Install configuration: ""
[0.823s] -- Execute custom install script
[0.823s] -- Up-to-date symlink: /home/caterpillar/ros2_ws/install/rplidar_ros/lib/rplidar_ros/rplidar_composition
[0.824s] -- Up-to-date symlink: /home/caterpillar/ros2_ws/install/rplidar_ros/share/rplidar_ros/launch/rplidar.launch.py
[0.825s] -- Up-to-date symlink: /home/caterpillar/ros2_ws/install/rplidar_ros/share/rplidar_ros/launch/rplidar_a3.launch.py
[0.825s] -- Up-to-date symlink: /home/caterpillar/ros2_ws/install/rplidar_ros/share/rplidar_ros/launch/rplidar_s1.launch.py
[0.825s] -- Up-to-date symlink: /home/caterpillar/ros2_ws/install/rplidar_ros/share/rplidar_ros/launch/rplidar_s1_tcp.launch.py
[0.826s] -- Up-to-date symlink: /home/caterpillar/ros2_ws/install/rplidar_ros/share/rplidar_ros/launch/test_rplidar_a3.launch.py
[0.826s] -- Up-to-date symlink: /home/caterpillar/ros2_ws/install/rplidar_ros/share/rplidar_ros/launch/view_rplidar.launch.py
[0.827s] -- Up-to-date symlink: /home/caterpillar/ros2_ws/install/rplidar_ros/share/rplidar_ros/launch/view_rplidar_a3.launch.py
[0.827s] -- Up-to-date symlink: /home/caterpillar/ros2_ws/install/rplidar_ros/share/rplidar_ros/launch/view_rplidar_s1.launch.py
[0.827s] -- Up-to-date symlink: /home/caterpillar/ros2_ws/install/rplidar_ros/share/rplidar_ros/launch/view_rplidar_s1_tcp.launch.py
[0.827s] -- Up-to-date symlink: /home/caterpillar/ros2_ws/install/rplidar_ros/share/rplidar_ros/rviz/rplidar.rviz
[0.828s] -- Up-to-date symlink: /home/caterpillar/ros2_ws/install/rplidar_ros/lib/librplidar_composition_node.so
[0.829s] -- Up-to-date symlink: /home/caterpillar/ros2_ws/install/rplidar_ros/include/rplidar_node.hpp
[0.829s] -- Up-to-date symlink: /home/caterpillar/ros2_ws/install/rplidar_ros/include/visibility.h
[0.830s] -- Up-to-date symlink: /home/caterpillar/ros2_ws/install/rplidar_ros/lib/rplidar_ros/rplidar_composition
[0.830s] -- Up-to-date symlink: /home/caterpillar/ros2_ws/install/rplidar_ros/share/ament_index/resource_index/package_run_dependencies/rplidar_ros
[0.830s] -- Up-to-date symlink: /home/caterpillar/ros2_ws/install/rplidar_ros/share/ament_index/resource_index/parent_prefix_path/rplidar_ros
[0.833s] -- Up-to-date symlink: /home/caterpillar/ros2_ws/install/rplidar_ros/share/rplidar_ros/environment/ament_prefix_path.sh
[0.833s] -- Up-to-date symlink: /home/caterpillar/ros2_ws/install/rplidar_ros/share/rplidar_ros/environment/ament_prefix_path.dsv
[0.833s] -- Up-to-date symlink: /home/caterpillar/ros2_ws/install/rplidar_ros/share/rplidar_ros/environment/path.sh
[0.833s] -- Up-to-date symlink: /home/caterpillar/ros2_ws/install/rplidar_ros/share/rplidar_ros/environment/path.dsv
[0.833s] -- Up-to-date symlink: /home/caterpillar/ros2_ws/install/rplidar_ros/share/rplidar_ros/local_setup.bash
[0.833s] -- Up-to-date symlink: /home/caterpillar/ros2_ws/install/rplidar_ros/share/rplidar_ros/local_setup.sh
[0.833s] -- Up-to-date symlink: /home/caterpillar/ros2_ws/install/rplidar_ros/share/rplidar_ros/local_setup.zsh
[0.833s] -- Up-to-date symlink: /home/caterpillar/ros2_ws/install/rplidar_ros/share/rplidar_ros/local_setup.dsv
[0.834s] -- Symlinking: /home/caterpillar/ros2_ws/install/rplidar_ros/share/rplidar_ros/package.dsv
[0.852s] -- Up-to-date symlink: /home/caterpillar/ros2_ws/install/rplidar_ros/share/ament_index/resource_index/packages/rplidar_ros
[0.853s] -- Up-to-date symlink: /home/caterpillar/ros2_ws/install/rplidar_ros/share/ament_index/resource_index/rclcpp_components/rplidar_ros
[0.854s] -- Up-to-date symlink: /home/caterpillar/ros2_ws/install/rplidar_ros/share/rplidar_ros/cmake/ament_cmake_export_dependencies-extras.cmake
[0.854s] -- Up-to-date symlink: /home/caterpillar/ros2_ws/install/rplidar_ros/share/rplidar_ros/cmake/ament_cmake_export_include_directories-extras.cmake
[0.855s] -- Up-to-date symlink: /home/caterpillar/ros2_ws/install/rplidar_ros/share/rplidar_ros/cmake/rplidar_rosConfig.cmake
[0.856s] -- Up-to-date symlink: /home/caterpillar/ros2_ws/install/rplidar_ros/share/rplidar_ros/cmake/rplidar_rosConfig-version.cmake
[0.856s] -- Up-to-date symlink: /home/caterpillar/ros2_ws/install/rplidar_ros/share/rplidar_ros/package.xml
[0.859s] Invoked command in '/home/caterpillar/ros2_ws/build/rplidar_ros' returned '0': CMAKE_PREFIX_PATH=${CMAKE_PREFIX_PATH}:/opt/ros/jazzy DEBUGINFOD_URLS=https://debuginfod.ubuntu.com /usr/bin/cmake --install /home/caterpillar/ros2_ws/build/rplidar_ros
