[1.863s] Invoking command in '/home/caterpillar/ros2_ws/build/your_robot_bringup': AMENT_PREFIX_PATH=/home/caterpillar/ros2_ws/install/rplidar_ros:/home/caterpillar/ros2_ws/install/bts_motor_controller:${AMENT_PREFIX_PATH} CMAKE_PREFIX_PATH=/home/caterpillar/ros2_ws/install/rplidar_ros:${CMAKE_PREFIX_PATH} DEBUGINFOD_URLS=https://debuginfod.ubuntu.com LD_LIBRARY_PATH=/home/caterpillar/ros2_ws/install/rplidar_ros/lib:${LD_LIBRARY_PATH} PYTHONPATH=/home/caterpillar/ros2_ws/build/your_robot_bringup/prefix_override:/usr/lib/python3/dist-packages/colcon_core/task/python/colcon_distutils_commands:/home/caterpillar/ros2_ws/install/your_robot_bringup/lib/python3.12/site-packages:/home/caterpillar/ros2_ws/build/bts_motor_controller:/home/caterpillar/ros2_ws/install/bts_motor_controller/lib/python3.12/site-packages:${PYTHONPATH} /usr/bin/python3 -W ignore:setup.py install is deprecated -W ignore:easy_install command is deprecated setup.py develop --uninstall --editable --build-directory /home/caterpillar/ros2_ws/build/your_robot_bringup/build
[2.383s] running develop
[2.741s] Removing /home/caterpillar/ros2_ws/install/your_robot_bringup/lib/python3.12/site-packages/your-robot-bringup.egg-link (link to src)
[2.866s] Invoked command in '/home/caterpillar/ros2_ws/build/your_robot_bringup' returned '0': AMENT_PREFIX_PATH=/home/caterpillar/ros2_ws/install/rplidar_ros:/home/caterpillar/ros2_ws/install/bts_motor_controller:${AMENT_PREFIX_PATH} CMAKE_PREFIX_PATH=/home/caterpillar/ros2_ws/install/rplidar_ros:${CMAKE_PREFIX_PATH} DEBUGINFOD_URLS=https://debuginfod.ubuntu.com LD_LIBRARY_PATH=/home/caterpillar/ros2_ws/install/rplidar_ros/lib:${LD_LIBRARY_PATH} PYTHONPATH=/home/caterpillar/ros2_ws/build/your_robot_bringup/prefix_override:/usr/lib/python3/dist-packages/colcon_core/task/python/colcon_distutils_commands:/home/caterpillar/ros2_ws/install/your_robot_bringup/lib/python3.12/site-packages:/home/caterpillar/ros2_ws/build/bts_motor_controller:/home/caterpillar/ros2_ws/install/bts_motor_controller/lib/python3.12/site-packages:${PYTHONPATH} /usr/bin/python3 -W ignore:setup.py install is deprecated -W ignore:easy_install command is deprecated setup.py develop --uninstall --editable --build-directory /home/caterpillar/ros2_ws/build/your_robot_bringup/build
[2.870s] Invoking command in '/home/caterpillar/ros2_ws/src/your_robot_bringup': AMENT_PREFIX_PATH=/home/caterpillar/ros2_ws/install/rplidar_ros:/home/caterpillar/ros2_ws/install/bts_motor_controller:${AMENT_PREFIX_PATH} CMAKE_PREFIX_PATH=/home/caterpillar/ros2_ws/install/rplidar_ros:${CMAKE_PREFIX_PATH} DEBUGINFOD_URLS=https://debuginfod.ubuntu.com LD_LIBRARY_PATH=/home/caterpillar/ros2_ws/install/rplidar_ros/lib:${LD_LIBRARY_PATH} PYTHONPATH=/home/caterpillar/ros2_ws/build/your_robot_bringup/prefix_override:/usr/lib/python3/dist-packages/colcon_core/task/python/colcon_distutils_commands:/home/caterpillar/ros2_ws/install/your_robot_bringup/lib/python3.12/site-packages:/home/caterpillar/ros2_ws/build/bts_motor_controller:/home/caterpillar/ros2_ws/install/bts_motor_controller/lib/python3.12/site-packages:${PYTHONPATH} /usr/bin/python3 -W ignore:setup.py install is deprecated -W ignore:easy_install command is deprecated setup.py egg_info --egg-base ../../build/your_robot_bringup build --build-base /home/caterpillar/ros2_ws/build/your_robot_bringup/build install --record /home/caterpillar/ros2_ws/build/your_robot_bringup/install.log --single-version-externally-managed install_data --force
[3.325s] running egg_info
[3.361s] writing ../../build/your_robot_bringup/your_robot_bringup.egg-info/PKG-INFO
[3.362s] writing dependency_links to ../../build/your_robot_bringup/your_robot_bringup.egg-info/dependency_links.txt
[3.363s] writing entry points to ../../build/your_robot_bringup/your_robot_bringup.egg-info/entry_points.txt
[3.363s] writing requirements to ../../build/your_robot_bringup/your_robot_bringup.egg-info/requires.txt
[3.364s] writing top-level names to ../../build/your_robot_bringup/your_robot_bringup.egg-info/top_level.txt
[3.436s] reading manifest file '../../build/your_robot_bringup/your_robot_bringup.egg-info/SOURCES.txt'
[3.440s] writing manifest file '../../build/your_robot_bringup/your_robot_bringup.egg-info/SOURCES.txt'
[3.441s] running build
[3.441s] running build_py
[3.442s] running install
[3.451s] running install_lib
[3.485s] creating /home/caterpillar/ros2_ws/install/your_robot_bringup/lib/python3.12/site-packages/your_robot_bringup
[3.487s] copying /home/caterpillar/ros2_ws/build/your_robot_bringup/build/lib/your_robot_bringup/wheel_odom.py -> /home/caterpillar/ros2_ws/install/your_robot_bringup/lib/python3.12/site-packages/your_robot_bringup
[3.487s] copying /home/caterpillar/ros2_ws/build/your_robot_bringup/build/lib/your_robot_bringup/__init__.py -> /home/caterpillar/ros2_ws/install/your_robot_bringup/lib/python3.12/site-packages/your_robot_bringup
[3.487s] copying /home/caterpillar/ros2_ws/build/your_robot_bringup/build/lib/your_robot_bringup/rrt_autonomous.py -> /home/caterpillar/ros2_ws/install/your_robot_bringup/lib/python3.12/site-packages/your_robot_bringup
[3.487s] byte-compiling /home/caterpillar/ros2_ws/install/your_robot_bringup/lib/python3.12/site-packages/your_robot_bringup/wheel_odom.py to wheel_odom.cpython-312.pyc
[3.490s] byte-compiling /home/caterpillar/ros2_ws/install/your_robot_bringup/lib/python3.12/site-packages/your_robot_bringup/__init__.py to __init__.cpython-312.pyc
[3.490s] byte-compiling /home/caterpillar/ros2_ws/install/your_robot_bringup/lib/python3.12/site-packages/your_robot_bringup/rrt_autonomous.py to rrt_autonomous.cpython-312.pyc
[3.491s] running install_data
[3.491s] copying resource/your_robot_bringup -> /home/caterpillar/ros2_ws/install/your_robot_bringup/share/ament_index/resource_index/packages
[3.491s] copying package.xml -> /home/caterpillar/ros2_ws/install/your_robot_bringup/share/your_robot_bringup
[3.491s] running install_egg_info
[3.532s] Copying ../../build/your_robot_bringup/your_robot_bringup.egg-info to /home/caterpillar/ros2_ws/install/your_robot_bringup/lib/python3.12/site-packages/your_robot_bringup-0.0.0-py3.12.egg-info
[3.537s] running install_scripts
[3.845s] Installing rrt_autonomous script to /home/caterpillar/ros2_ws/install/your_robot_bringup/lib/your_robot_bringup
[3.845s] Installing wheel_odom script to /home/caterpillar/ros2_ws/install/your_robot_bringup/lib/your_robot_bringup
[3.850s] writing list of installed files to '/home/caterpillar/ros2_ws/build/your_robot_bringup/install.log'
[3.968s] Invoked command in '/home/caterpillar/ros2_ws/src/your_robot_bringup' returned '0': AMENT_PREFIX_PATH=/home/caterpillar/ros2_ws/install/rplidar_ros:/home/caterpillar/ros2_ws/install/bts_motor_controller:${AMENT_PREFIX_PATH} CMAKE_PREFIX_PATH=/home/caterpillar/ros2_ws/install/rplidar_ros:${CMAKE_PREFIX_PATH} DEBUGINFOD_URLS=https://debuginfod.ubuntu.com LD_LIBRARY_PATH=/home/caterpillar/ros2_ws/install/rplidar_ros/lib:${LD_LIBRARY_PATH} PYTHONPATH=/home/caterpillar/ros2_ws/build/your_robot_bringup/prefix_override:/usr/lib/python3/dist-packages/colcon_core/task/python/colcon_distutils_commands:/home/caterpillar/ros2_ws/install/your_robot_bringup/lib/python3.12/site-packages:/home/caterpillar/ros2_ws/build/bts_motor_controller:/home/caterpillar/ros2_ws/install/bts_motor_controller/lib/python3.12/site-packages:${PYTHONPATH} /usr/bin/python3 -W ignore:setup.py install is deprecated -W ignore:easy_install command is deprecated setup.py egg_info --egg-base ../../build/your_robot_bringup build --build-base /home/caterpillar/ros2_ws/build/your_robot_bringup/build install --record /home/caterpillar/ros2_ws/build/your_robot_bringup/install.log --single-version-externally-managed install_data --force
