[2.497s] Invoking command in '/home/caterpillar/ros2_ws/build/your_robot_bringup': AMENT_PREFIX_PATH=/home/caterpillar/ros2_ws/install/bts_motor_controller:/home/caterpillar/ros2_ws/install/your_robot_bringup:/home/caterpillar/ros2_ws/install/rplidar_ros:/home/caterpillar/ros2_ws/install/rover_navigation:/opt/ros/jazzy DEBUGINFOD_URLS=https://debuginfod.ubuntu.com PYTHONPATH=/home/caterpillar/ros2_ws/build/your_robot_bringup/prefix_override:/usr/lib/python3/dist-packages/colcon_core/task/python/colcon_distutils_commands:/home/caterpillar/ros2_ws/install/your_robot_bringup/lib/python3.12/site-packages:/home/caterpillar/ros2_ws/build/bts_motor_controller:/home/caterpillar/ros2_ws/install/bts_motor_controller/lib/python3.12/site-packages:/home/caterpillar/ros2_ws/build/your_robot_bringup/src:/home/caterpillar/ros2_ws/install/your_robot_bringup/lib/python3.12/site-packages:/home/caterpillar/ros2_ws/build/rover_navigation:/home/caterpillar/ros2_ws/install/rover_navigation/lib/python3.12/site-packages:/opt/ros/jazzy/lib/python3.12/site-packages /usr/bin/python3 -W ignore:setup.py install is deprecated -W ignore:easy_install command is deprecated setup.py develop --uninstall --editable --build-directory /home/caterpillar/ros2_ws/build/your_robot_bringup/build
[3.255s] running develop
[3.688s] Removing /home/caterpillar/ros2_ws/install/your_robot_bringup/lib/python3.12/site-packages/your-robot-bringup.egg-link (link to src)
[3.842s] Invoked command in '/home/caterpillar/ros2_ws/build/your_robot_bringup' returned '0': AMENT_PREFIX_PATH=/home/caterpillar/ros2_ws/install/bts_motor_controller:/home/caterpillar/ros2_ws/install/your_robot_bringup:/home/caterpillar/ros2_ws/install/rplidar_ros:/home/caterpillar/ros2_ws/install/rover_navigation:/opt/ros/jazzy DEBUGINFOD_URLS=https://debuginfod.ubuntu.com PYTHONPATH=/home/caterpillar/ros2_ws/build/your_robot_bringup/prefix_override:/usr/lib/python3/dist-packages/colcon_core/task/python/colcon_distutils_commands:/home/caterpillar/ros2_ws/install/your_robot_bringup/lib/python3.12/site-packages:/home/caterpillar/ros2_ws/build/bts_motor_controller:/home/caterpillar/ros2_ws/install/bts_motor_controller/lib/python3.12/site-packages:/home/caterpillar/ros2_ws/build/your_robot_bringup/src:/home/caterpillar/ros2_ws/install/your_robot_bringup/lib/python3.12/site-packages:/home/caterpillar/ros2_ws/build/rover_navigation:/home/caterpillar/ros2_ws/install/rover_navigation/lib/python3.12/site-packages:/opt/ros/jazzy/lib/python3.12/site-packages /usr/bin/python3 -W ignore:setup.py install is deprecated -W ignore:easy_install command is deprecated setup.py develop --uninstall --editable --build-directory /home/caterpillar/ros2_ws/build/your_robot_bringup/build
[3.842s] Invoking command in '/home/caterpillar/ros2_ws/src/your_robot_bringup': AMENT_PREFIX_PATH=/home/caterpillar/ros2_ws/install/bts_motor_controller:/home/caterpillar/ros2_ws/install/your_robot_bringup:/home/caterpillar/ros2_ws/install/rplidar_ros:/home/caterpillar/ros2_ws/install/rover_navigation:/opt/ros/jazzy DEBUGINFOD_URLS=https://debuginfod.ubuntu.com PYTHONPATH=/home/caterpillar/ros2_ws/build/your_robot_bringup/prefix_override:/usr/lib/python3/dist-packages/colcon_core/task/python/colcon_distutils_commands:/home/caterpillar/ros2_ws/install/your_robot_bringup/lib/python3.12/site-packages:/home/caterpillar/ros2_ws/build/bts_motor_controller:/home/caterpillar/ros2_ws/install/bts_motor_controller/lib/python3.12/site-packages:/home/caterpillar/ros2_ws/build/your_robot_bringup/src:/home/caterpillar/ros2_ws/install/your_robot_bringup/lib/python3.12/site-packages:/home/caterpillar/ros2_ws/build/rover_navigation:/home/caterpillar/ros2_ws/install/rover_navigation/lib/python3.12/site-packages:/opt/ros/jazzy/lib/python3.12/site-packages /usr/bin/python3 -W ignore:setup.py install is deprecated -W ignore:easy_install command is deprecated setup.py egg_info --egg-base ../../build/your_robot_bringup build --build-base /home/caterpillar/ros2_ws/build/your_robot_bringup/build install --record /home/caterpillar/ros2_ws/build/your_robot_bringup/install.log --single-version-externally-managed install_data --force
[4.508s] running egg_info
[4.559s] writing ../../build/your_robot_bringup/your_robot_bringup.egg-info/PKG-INFO
[4.559s] writing dependency_links to ../../build/your_robot_bringup/your_robot_bringup.egg-info/dependency_links.txt
[4.565s] writing entry points to ../../build/your_robot_bringup/your_robot_bringup.egg-info/entry_points.txt
[4.566s] writing requirements to ../../build/your_robot_bringup/your_robot_bringup.egg-info/requires.txt
[4.567s] writing top-level names to ../../build/your_robot_bringup/your_robot_bringup.egg-info/top_level.txt
[4.656s] reading manifest file '../../build/your_robot_bringup/your_robot_bringup.egg-info/SOURCES.txt'
[4.657s] writing manifest file '../../build/your_robot_bringup/your_robot_bringup.egg-info/SOURCES.txt'
[4.658s] running build
[4.658s] running build_py
[4.659s] running install
[4.670s] running install_lib
[4.715s] creating /home/caterpillar/ros2_ws/install/your_robot_bringup/lib/python3.12/site-packages/your_robot_bringup
[4.717s] copying /home/caterpillar/ros2_ws/build/your_robot_bringup/build/lib/your_robot_bringup/wheel_odom.py -> /home/caterpillar/ros2_ws/install/your_robot_bringup/lib/python3.12/site-packages/your_robot_bringup
[4.720s] copying /home/caterpillar/ros2_ws/build/your_robot_bringup/build/lib/your_robot_bringup/__init__.py -> /home/caterpillar/ros2_ws/install/your_robot_bringup/lib/python3.12/site-packages/your_robot_bringup
[4.724s] copying /home/caterpillar/ros2_ws/build/your_robot_bringup/build/lib/your_robot_bringup/rrt_autonomous.py -> /home/caterpillar/ros2_ws/install/your_robot_bringup/lib/python3.12/site-packages/your_robot_bringup
[4.724s] byte-compiling /home/caterpillar/ros2_ws/install/your_robot_bringup/lib/python3.12/site-packages/your_robot_bringup/wheel_odom.py to wheel_odom.cpython-312.pyc
[4.725s] byte-compiling /home/caterpillar/ros2_ws/install/your_robot_bringup/lib/python3.12/site-packages/your_robot_bringup/__init__.py to __init__.cpython-312.pyc
[4.725s] byte-compiling /home/caterpillar/ros2_ws/install/your_robot_bringup/lib/python3.12/site-packages/your_robot_bringup/rrt_autonomous.py to rrt_autonomous.cpython-312.pyc
[4.725s] running install_data
[4.725s] copying resource/your_robot_bringup -> /home/caterpillar/ros2_ws/install/your_robot_bringup/share/ament_index/resource_index/packages
[4.725s] copying package.xml -> /home/caterpillar/ros2_ws/install/your_robot_bringup/share/your_robot_bringup
[4.725s] running install_egg_info
[4.780s] Copying ../../build/your_robot_bringup/your_robot_bringup.egg-info to /home/caterpillar/ros2_ws/install/your_robot_bringup/lib/python3.12/site-packages/your_robot_bringup-0.0.0-py3.12.egg-info
[4.780s] running install_scripts
[5.269s] Installing rrt_autonomous script to /home/caterpillar/ros2_ws/install/your_robot_bringup/lib/your_robot_bringup
[5.272s] Installing wheel_odom script to /home/caterpillar/ros2_ws/install/your_robot_bringup/lib/your_robot_bringup
[5.276s] writing list of installed files to '/home/caterpillar/ros2_ws/build/your_robot_bringup/install.log'
[5.455s] Invoked command in '/home/caterpillar/ros2_ws/src/your_robot_bringup' returned '0': AMENT_PREFIX_PATH=/home/caterpillar/ros2_ws/install/bts_motor_controller:/home/caterpillar/ros2_ws/install/your_robot_bringup:/home/caterpillar/ros2_ws/install/rplidar_ros:/home/caterpillar/ros2_ws/install/rover_navigation:/opt/ros/jazzy DEBUGINFOD_URLS=https://debuginfod.ubuntu.com PYTHONPATH=/home/caterpillar/ros2_ws/build/your_robot_bringup/prefix_override:/usr/lib/python3/dist-packages/colcon_core/task/python/colcon_distutils_commands:/home/caterpillar/ros2_ws/install/your_robot_bringup/lib/python3.12/site-packages:/home/caterpillar/ros2_ws/build/bts_motor_controller:/home/caterpillar/ros2_ws/install/bts_motor_controller/lib/python3.12/site-packages:/home/caterpillar/ros2_ws/build/your_robot_bringup/src:/home/caterpillar/ros2_ws/install/your_robot_bringup/lib/python3.12/site-packages:/home/caterpillar/ros2_ws/build/rover_navigation:/home/caterpillar/ros2_ws/install/rover_navigation/lib/python3.12/site-packages:/opt/ros/jazzy/lib/python3.12/site-packages /usr/bin/python3 -W ignore:setup.py install is deprecated -W ignore:easy_install command is deprecated setup.py egg_info --egg-base ../../build/your_robot_bringup build --build-base /home/caterpillar/ros2_ws/build/your_robot_bringup/build install --record /home/caterpillar/ros2_ws/build/your_robot_bringup/install.log --single-version-externally-managed install_data --force
