running develop
Removing /home/caterpillar/ros2_ws/install/bts_motor_controller/lib/python3.12/site-packages/bts-motor-controller.egg-link (link to .)
running egg_info
writing ../../build/bts_motor_controller/bts_motor_controller.egg-info/PKG-INFO
writing dependency_links to ../../build/bts_motor_controller/bts_motor_controller.egg-info/dependency_links.txt
writing entry points to ../../build/bts_motor_controller/bts_motor_controller.egg-info/entry_points.txt
writing requirements to ../../build/bts_motor_controller/bts_motor_controller.egg-info/requires.txt
writing top-level names to ../../build/bts_motor_controller/bts_motor_controller.egg-info/top_level.txt
reading manifest file '../../build/bts_motor_controller/bts_motor_controller.egg-info/SOURCES.txt'
writing manifest file '../../build/bts_motor_controller/bts_motor_controller.egg-info/SOURCES.txt'
running build
running build_py
running install
running install_lib
creating /home/caterpillar/ros2_ws/install/bts_motor_controller/lib/python3.12/site-packages/bts_motor_controller
copying /home/caterpillar/ros2_ws/build/bts_motor_controller/build/lib/bts_motor_controller/__init__.py -> /home/caterpillar/ros2_ws/install/bts_motor_controller/lib/python3.12/site-packages/bts_motor_controller
copying /home/caterpillar/ros2_ws/build/bts_motor_controller/build/lib/bts_motor_controller/motor_node.py -> /home/caterpillar/ros2_ws/install/bts_motor_controller/lib/python3.12/site-packages/bts_motor_controller
byte-compiling /home/caterpillar/ros2_ws/install/bts_motor_controller/lib/python3.12/site-packages/bts_motor_controller/__init__.py to __init__.cpython-312.pyc
byte-compiling /home/caterpillar/ros2_ws/install/bts_motor_controller/lib/python3.12/site-packages/bts_motor_controller/motor_node.py to motor_node.cpython-312.pyc
running install_data
copying resource/bts_motor_controller -> /home/caterpillar/ros2_ws/install/bts_motor_controller/share/ament_index/resource_index/packages
copying package.xml -> /home/caterpillar/ros2_ws/install/bts_motor_controller/share/bts_motor_controller
running install_egg_info
Copying ../../build/bts_motor_controller/bts_motor_controller.egg-info to /home/caterpillar/ros2_ws/install/bts_motor_controller/lib/python3.12/site-packages/bts_motor_controller-0.0.0-py3.12.egg-info
running install_scripts
Installing motor_node script to /home/caterpillar/ros2_ws/install/bts_motor_controller/lib/bts_motor_controller
writing list of installed files to '/home/caterpillar/ros2_ws/build/bts_motor_controller/install.log'
