[7.951s] DEBUG:colcon:Command line arguments: ['/usr/bin/colcon', 'build', '--symlink-install']
[7.952s] DEBUG:colcon:Parsed command line arguments: Namespace(log_base=None, log_level=None, verb_name='build', build_base='build', install_base='install', merge_install=False, symlink_install=True, test_result_base=None, continue_on_error=False, executor='parallel', parallel_workers=4, event_handlers=None, ignore_user_meta=False, metas=['./colcon.meta'], base_paths=['.'], packages_ignore=None, packages_ignore_regex=None, paths=None, packages_up_to=None, packages_up_to_regex=None, packages_above=None, packages_above_and_dependencies=None, packages_above_depth=None, packages_select_by_dep=None, packages_skip_by_dep=None, packages_skip_up_to=None, packages_select_build_failed=False, packages_skip_build_finished=False, packages_select_test_failures=False, packages_skip_test_passed=False, packages_select=None, packages_skip=None, packages_select_regex=None, packages_skip_regex=None, packages_start=None, packages_end=None, allow_overriding=[], cmake_args=None, cmake_target=None, cmake_target_skip_unavailable=False, cmake_clean_cache=False, cmake_clean_first=False, cmake_force_configure=False, ament_cmake_args=None, catkin_cmake_args=None, catkin_skip_building_tests=False, verb_parser=<colcon_defaults.argument_parser.defaults.DefaultArgumentsDecorator object at 0xffff97556e40>, verb_extension=<colcon_core.verb.build.BuildVerb object at 0xffff9781f6b0>, main=<bound method BuildVerb.main of <colcon_core.verb.build.BuildVerb object at 0xffff9781f6b0>>)
[8.817s] Level 1:colcon.colcon_core.package_discovery:discover_packages(colcon_meta) check parameters
[8.819s] Level 1:colcon.colcon_core.package_discovery:discover_packages(recursive) check parameters
[8.820s] Level 1:colcon.colcon_core.package_discovery:discover_packages(ignore) check parameters
[8.820s] Level 1:colcon.colcon_core.package_discovery:discover_packages(path) check parameters
[8.820s] Level 1:colcon.colcon_core.package_discovery:discover_packages(colcon_meta) discover
[8.821s] Level 1:colcon.colcon_core.package_discovery:discover_packages(recursive) discover
[8.821s] INFO:colcon.colcon_core.package_discovery:Crawling recursively for packages in '/home/caterpillar/ros2_ws'
[8.822s] Level 1:colcon.colcon_core.package_identification:_identify(.) by extensions ['ignore', 'ignore_ament_install']
[8.825s] Level 1:colcon.colcon_core.package_identification:_identify(.) by extension 'ignore'
[8.825s] Level 1:colcon.colcon_core.package_identification:_identify(.) by extension 'ignore_ament_install'
[8.826s] Level 1:colcon.colcon_core.package_identification:_identify(.) by extensions ['colcon_pkg']
[8.826s] Level 1:colcon.colcon_core.package_identification:_identify(.) by extension 'colcon_pkg'
[8.826s] Level 1:colcon.colcon_core.package_identification:_identify(.) by extensions ['colcon_meta']
[8.827s] Level 1:colcon.colcon_core.package_identification:_identify(.) by extension 'colcon_meta'
[8.829s] Level 1:colcon.colcon_core.package_identification:_identify(.) by extensions ['ros']
[8.829s] Level 1:colcon.colcon_core.package_identification:_identify(.) by extension 'ros'
[9.136s] Level 1:colcon.colcon_core.package_identification:_identify(.) by extensions ['cmake', 'python']
[9.140s] Level 1:colcon.colcon_core.package_identification:_identify(.) by extension 'cmake'
[9.142s] Level 1:colcon.colcon_core.package_identification:_identify(.) by extension 'python'
[9.144s] Level 1:colcon.colcon_core.package_identification:_identify(.) by extensions ['python_setup_py']
[9.145s] Level 1:colcon.colcon_core.package_identification:_identify(.) by extension 'python_setup_py'
[9.145s] Level 1:colcon.colcon_core.package_identification:_identify(build) by extensions ['ignore', 'ignore_ament_install']
[9.146s] Level 1:colcon.colcon_core.package_identification:_identify(build) by extension 'ignore'
[9.149s] Level 1:colcon.colcon_core.package_identification:_identify(build) ignored
[9.150s] Level 1:colcon.colcon_core.package_identification:_identify(config) by extensions ['ignore', 'ignore_ament_install']
[9.150s] Level 1:colcon.colcon_core.package_identification:_identify(config) by extension 'ignore'
[9.150s] Level 1:colcon.colcon_core.package_identification:_identify(config) by extension 'ignore_ament_install'
[9.150s] Level 1:colcon.colcon_core.package_identification:_identify(config) by extensions ['colcon_pkg']
[9.150s] Level 1:colcon.colcon_core.package_identification:_identify(config) by extension 'colcon_pkg'
[9.151s] Level 1:colcon.colcon_core.package_identification:_identify(config) by extensions ['colcon_meta']
[9.151s] Level 1:colcon.colcon_core.package_identification:_identify(config) by extension 'colcon_meta'
[9.151s] Level 1:colcon.colcon_core.package_identification:_identify(config) by extensions ['ros']
[9.151s] Level 1:colcon.colcon_core.package_identification:_identify(config) by extension 'ros'
[9.152s] Level 1:colcon.colcon_core.package_identification:_identify(config) by extensions ['cmake', 'python']
[9.152s] Level 1:colcon.colcon_core.package_identification:_identify(config) by extension 'cmake'
[9.152s] Level 1:colcon.colcon_core.package_identification:_identify(config) by extension 'python'
[9.153s] Level 1:colcon.colcon_core.package_identification:_identify(config) by extensions ['python_setup_py']
[9.153s] Level 1:colcon.colcon_core.package_identification:_identify(config) by extension 'python_setup_py'
[9.154s] Level 1:colcon.colcon_core.package_identification:_identify(install) by extensions ['ignore', 'ignore_ament_install']
[9.155s] Level 1:colcon.colcon_core.package_identification:_identify(install) by extension 'ignore'
[9.155s] Level 1:colcon.colcon_core.package_identification:_identify(install) ignored
[9.159s] Level 1:colcon.colcon_core.package_identification:_identify(launch) by extensions ['ignore', 'ignore_ament_install']
[9.160s] Level 1:colcon.colcon_core.package_identification:_identify(launch) by extension 'ignore'
[9.160s] Level 1:colcon.colcon_core.package_identification:_identify(launch) by extension 'ignore_ament_install'
[9.160s] Level 1:colcon.colcon_core.package_identification:_identify(launch) by extensions ['colcon_pkg']
[9.161s] Level 1:colcon.colcon_core.package_identification:_identify(launch) by extension 'colcon_pkg'
[9.161s] Level 1:colcon.colcon_core.package_identification:_identify(launch) by extensions ['colcon_meta']
[9.161s] Level 1:colcon.colcon_core.package_identification:_identify(launch) by extension 'colcon_meta'
[9.161s] Level 1:colcon.colcon_core.package_identification:_identify(launch) by extensions ['ros']
[9.162s] Level 1:colcon.colcon_core.package_identification:_identify(launch) by extension 'ros'
[9.162s] Level 1:colcon.colcon_core.package_identification:_identify(launch) by extensions ['cmake', 'python']
[9.162s] Level 1:colcon.colcon_core.package_identification:_identify(launch) by extension 'cmake'
[9.163s] Level 1:colcon.colcon_core.package_identification:_identify(launch) by extension 'python'
[9.163s] Level 1:colcon.colcon_core.package_identification:_identify(launch) by extensions ['python_setup_py']
[9.163s] Level 1:colcon.colcon_core.package_identification:_identify(launch) by extension 'python_setup_py'
[9.164s] Level 1:colcon.colcon_core.package_identification:_identify(launch/__pycache__) by extensions ['ignore', 'ignore_ament_install']
[9.164s] Level 1:colcon.colcon_core.package_identification:_identify(launch/__pycache__) by extension 'ignore'
[9.165s] Level 1:colcon.colcon_core.package_identification:_identify(launch/__pycache__) by extension 'ignore_ament_install'
[9.165s] Level 1:colcon.colcon_core.package_identification:_identify(launch/__pycache__) by extensions ['colcon_pkg']
[9.165s] Level 1:colcon.colcon_core.package_identification:_identify(launch/__pycache__) by extension 'colcon_pkg'
[9.165s] Level 1:colcon.colcon_core.package_identification:_identify(launch/__pycache__) by extensions ['colcon_meta']
[9.165s] Level 1:colcon.colcon_core.package_identification:_identify(launch/__pycache__) by extension 'colcon_meta'
[9.166s] Level 1:colcon.colcon_core.package_identification:_identify(launch/__pycache__) by extensions ['ros']
[9.166s] Level 1:colcon.colcon_core.package_identification:_identify(launch/__pycache__) by extension 'ros'
[9.166s] Level 1:colcon.colcon_core.package_identification:_identify(launch/__pycache__) by extensions ['cmake', 'python']
[9.166s] Level 1:colcon.colcon_core.package_identification:_identify(launch/__pycache__) by extension 'cmake'
[9.166s] Level 1:colcon.colcon_core.package_identification:_identify(launch/__pycache__) by extension 'python'
[9.166s] Level 1:colcon.colcon_core.package_identification:_identify(launch/__pycache__) by extensions ['python_setup_py']
[9.166s] Level 1:colcon.colcon_core.package_identification:_identify(launch/__pycache__) by extension 'python_setup_py'
[9.167s] Level 1:colcon.colcon_core.package_identification:_identify(log) by extensions ['ignore', 'ignore_ament_install']
[9.167s] Level 1:colcon.colcon_core.package_identification:_identify(log) by extension 'ignore'
[9.168s] Level 1:colcon.colcon_core.package_identification:_identify(log) ignored
[9.168s] Level 1:colcon.colcon_core.package_identification:_identify(src) by extensions ['ignore', 'ignore_ament_install']
[9.169s] Level 1:colcon.colcon_core.package_identification:_identify(src) by extension 'ignore'
[9.170s] Level 1:colcon.colcon_core.package_identification:_identify(src) by extension 'ignore_ament_install'
[9.170s] Level 1:colcon.colcon_core.package_identification:_identify(src) by extensions ['colcon_pkg']
[9.171s] Level 1:colcon.colcon_core.package_identification:_identify(src) by extension 'colcon_pkg'
[9.171s] Level 1:colcon.colcon_core.package_identification:_identify(src) by extensions ['colcon_meta']
[9.171s] Level 1:colcon.colcon_core.package_identification:_identify(src) by extension 'colcon_meta'
[9.171s] Level 1:colcon.colcon_core.package_identification:_identify(src) by extensions ['ros']
[9.171s] Level 1:colcon.colcon_core.package_identification:_identify(src) by extension 'ros'
[9.172s] Level 1:colcon.colcon_core.package_identification:_identify(src) by extensions ['cmake', 'python']
[9.172s] Level 1:colcon.colcon_core.package_identification:_identify(src) by extension 'cmake'
[9.172s] Level 1:colcon.colcon_core.package_identification:_identify(src) by extension 'python'
[9.173s] Level 1:colcon.colcon_core.package_identification:_identify(src) by extensions ['python_setup_py']
[9.173s] Level 1:colcon.colcon_core.package_identification:_identify(src) by extension 'python_setup_py'
[9.174s] Level 1:colcon.colcon_core.package_identification:_identify(src/bts_motor_controller) by extensions ['ignore', 'ignore_ament_install']
[9.175s] Level 1:colcon.colcon_core.package_identification:_identify(src/bts_motor_controller) by extension 'ignore'
[9.175s] Level 1:colcon.colcon_core.package_identification:_identify(src/bts_motor_controller) by extension 'ignore_ament_install'
[9.176s] Level 1:colcon.colcon_core.package_identification:_identify(src/bts_motor_controller) by extensions ['colcon_pkg']
[9.177s] Level 1:colcon.colcon_core.package_identification:_identify(src/bts_motor_controller) by extension 'colcon_pkg'
[9.177s] Level 1:colcon.colcon_core.package_identification:_identify(src/bts_motor_controller) by extensions ['colcon_meta']
[9.177s] Level 1:colcon.colcon_core.package_identification:_identify(src/bts_motor_controller) by extension 'colcon_meta'
[9.178s] Level 1:colcon.colcon_core.package_identification:_identify(src/bts_motor_controller) by extensions ['ros']
[9.178s] Level 1:colcon.colcon_core.package_identification:_identify(src/bts_motor_controller) by extension 'ros'
[9.212s] DEBUG:colcon.colcon_core.package_identification:Package 'src/bts_motor_controller' with type 'ros.ament_python' and name 'bts_motor_controller'
[9.213s] Level 1:colcon.colcon_core.package_identification:_identify(src/rover_navigation) by extensions ['ignore', 'ignore_ament_install']
[9.213s] Level 1:colcon.colcon_core.package_identification:_identify(src/rover_navigation) by extension 'ignore'
[9.214s] Level 1:colcon.colcon_core.package_identification:_identify(src/rover_navigation) by extension 'ignore_ament_install'
[9.218s] Level 1:colcon.colcon_core.package_identification:_identify(src/rover_navigation) by extensions ['colcon_pkg']
[9.219s] Level 1:colcon.colcon_core.package_identification:_identify(src/rover_navigation) by extension 'colcon_pkg'
[9.219s] Level 1:colcon.colcon_core.package_identification:_identify(src/rover_navigation) by extensions ['colcon_meta']
[9.219s] Level 1:colcon.colcon_core.package_identification:_identify(src/rover_navigation) by extension 'colcon_meta'
[9.219s] Level 1:colcon.colcon_core.package_identification:_identify(src/rover_navigation) by extensions ['ros']
[9.220s] Level 1:colcon.colcon_core.package_identification:_identify(src/rover_navigation) by extension 'ros'
[9.226s] DEBUG:colcon.colcon_core.package_identification:Package 'src/rover_navigation' with type 'ros.ament_python' and name 'rover_navigation'
[9.228s] Level 1:colcon.colcon_core.package_identification:_identify(src/rplidar_ros) by extensions ['ignore', 'ignore_ament_install']
[9.230s] Level 1:colcon.colcon_core.package_identification:_identify(src/rplidar_ros) by extension 'ignore'
[9.231s] Level 1:colcon.colcon_core.package_identification:_identify(src/rplidar_ros) by extension 'ignore_ament_install'
[9.235s] Level 1:colcon.colcon_core.package_identification:_identify(src/rplidar_ros) by extensions ['colcon_pkg']
[9.235s] Level 1:colcon.colcon_core.package_identification:_identify(src/rplidar_ros) by extension 'colcon_pkg'
[9.235s] Level 1:colcon.colcon_core.package_identification:_identify(src/rplidar_ros) by extensions ['colcon_meta']
[9.235s] Level 1:colcon.colcon_core.package_identification:_identify(src/rplidar_ros) by extension 'colcon_meta'
[9.235s] Level 1:colcon.colcon_core.package_identification:_identify(src/rplidar_ros) by extensions ['ros']
[9.236s] Level 1:colcon.colcon_core.package_identification:_identify(src/rplidar_ros) by extension 'ros'
[9.242s] DEBUG:colcon.colcon_core.package_identification:Package 'src/rplidar_ros' with type 'ros.ament_cmake' and name 'rplidar_ros'
[9.243s] Level 1:colcon.colcon_core.package_identification:_identify(src/simple_rover_description) by extensions ['ignore', 'ignore_ament_install']
[9.244s] Level 1:colcon.colcon_core.package_identification:_identify(src/simple_rover_description) by extension 'ignore'
[9.245s] Level 1:colcon.colcon_core.package_identification:_identify(src/simple_rover_description) by extension 'ignore_ament_install'
[9.245s] Level 1:colcon.colcon_core.package_identification:_identify(src/simple_rover_description) by extensions ['colcon_pkg']
[9.245s] Level 1:colcon.colcon_core.package_identification:_identify(src/simple_rover_description) by extension 'colcon_pkg'
[9.245s] Level 1:colcon.colcon_core.package_identification:_identify(src/simple_rover_description) by extensions ['colcon_meta']
[9.245s] Level 1:colcon.colcon_core.package_identification:_identify(src/simple_rover_description) by extension 'colcon_meta'
[9.246s] Level 1:colcon.colcon_core.package_identification:_identify(src/simple_rover_description) by extensions ['ros']
[9.246s] Level 1:colcon.colcon_core.package_identification:_identify(src/simple_rover_description) by extension 'ros'
[9.247s] Level 1:colcon.colcon_core.package_identification:_identify(src/simple_rover_description) by extensions ['cmake', 'python']
[9.247s] Level 1:colcon.colcon_core.package_identification:_identify(src/simple_rover_description) by extension 'cmake'
[9.248s] Level 1:colcon.colcon_core.package_identification:_identify(src/simple_rover_description) by extension 'python'
[9.248s] Level 1:colcon.colcon_core.package_identification:_identify(src/simple_rover_description) by extensions ['python_setup_py']
[9.249s] Level 1:colcon.colcon_core.package_identification:_identify(src/simple_rover_description) by extension 'python_setup_py'
[9.249s] Level 1:colcon.colcon_core.package_identification:_identify(src/simple_rover_description/urdf) by extensions ['ignore', 'ignore_ament_install']
[9.250s] Level 1:colcon.colcon_core.package_identification:_identify(src/simple_rover_description/urdf) by extension 'ignore'
[9.250s] Level 1:colcon.colcon_core.package_identification:_identify(src/simple_rover_description/urdf) by extension 'ignore_ament_install'
[9.251s] Level 1:colcon.colcon_core.package_identification:_identify(src/simple_rover_description/urdf) by extensions ['colcon_pkg']
[9.254s] Level 1:colcon.colcon_core.package_identification:_identify(src/simple_rover_description/urdf) by extension 'colcon_pkg'
[9.255s] Level 1:colcon.colcon_core.package_identification:_identify(src/simple_rover_description/urdf) by extensions ['colcon_meta']
[9.255s] Level 1:colcon.colcon_core.package_identification:_identify(src/simple_rover_description/urdf) by extension 'colcon_meta'
[9.255s] Level 1:colcon.colcon_core.package_identification:_identify(src/simple_rover_description/urdf) by extensions ['ros']
[9.255s] Level 1:colcon.colcon_core.package_identification:_identify(src/simple_rover_description/urdf) by extension 'ros'
[9.256s] Level 1:colcon.colcon_core.package_identification:_identify(src/simple_rover_description/urdf) by extensions ['cmake', 'python']
[9.256s] Level 1:colcon.colcon_core.package_identification:_identify(src/simple_rover_description/urdf) by extension 'cmake'
[9.257s] Level 1:colcon.colcon_core.package_identification:_identify(src/simple_rover_description/urdf) by extension 'python'
[9.257s] Level 1:colcon.colcon_core.package_identification:_identify(src/simple_rover_description/urdf) by extensions ['python_setup_py']
[9.259s] Level 1:colcon.colcon_core.package_identification:_identify(src/simple_rover_description/urdf) by extension 'python_setup_py'
[9.260s] Level 1:colcon.colcon_core.package_identification:_identify(src/your_robot_bringup) by extensions ['ignore', 'ignore_ament_install']
[9.261s] Level 1:colcon.colcon_core.package_identification:_identify(src/your_robot_bringup) by extension 'ignore'
[9.263s] Level 1:colcon.colcon_core.package_identification:_identify(src/your_robot_bringup) by extension 'ignore_ament_install'
[9.264s] Level 1:colcon.colcon_core.package_identification:_identify(src/your_robot_bringup) by extensions ['colcon_pkg']
[9.264s] Level 1:colcon.colcon_core.package_identification:_identify(src/your_robot_bringup) by extension 'colcon_pkg'
[9.265s] Level 1:colcon.colcon_core.package_identification:_identify(src/your_robot_bringup) by extensions ['colcon_meta']
[9.265s] Level 1:colcon.colcon_core.package_identification:_identify(src/your_robot_bringup) by extension 'colcon_meta'
[9.265s] Level 1:colcon.colcon_core.package_identification:_identify(src/your_robot_bringup) by extensions ['ros']
[9.265s] Level 1:colcon.colcon_core.package_identification:_identify(src/your_robot_bringup) by extension 'ros'
[9.273s] DEBUG:colcon.colcon_core.package_identification:Package 'src/your_robot_bringup' with type 'ros.ament_python' and name 'your_robot_bringup'
[9.277s] Level 1:colcon.colcon_core.package_identification:_identify(urdf) by extensions ['ignore', 'ignore_ament_install']
[9.278s] Level 1:colcon.colcon_core.package_identification:_identify(urdf) by extension 'ignore'
[9.278s] Level 1:colcon.colcon_core.package_identification:_identify(urdf) by extension 'ignore_ament_install'
[9.279s] Level 1:colcon.colcon_core.package_identification:_identify(urdf) by extensions ['colcon_pkg']
[9.279s] Level 1:colcon.colcon_core.package_identification:_identify(urdf) by extension 'colcon_pkg'
[9.279s] Level 1:colcon.colcon_core.package_identification:_identify(urdf) by extensions ['colcon_meta']
[9.279s] Level 1:colcon.colcon_core.package_identification:_identify(urdf) by extension 'colcon_meta'
[9.279s] Level 1:colcon.colcon_core.package_identification:_identify(urdf) by extensions ['ros']
[9.279s] Level 1:colcon.colcon_core.package_identification:_identify(urdf) by extension 'ros'
[9.279s] Level 1:colcon.colcon_core.package_identification:_identify(urdf) by extensions ['cmake', 'python']
[9.280s] Level 1:colcon.colcon_core.package_identification:_identify(urdf) by extension 'cmake'
[9.280s] Level 1:colcon.colcon_core.package_identification:_identify(urdf) by extension 'python'
[9.280s] Level 1:colcon.colcon_core.package_identification:_identify(urdf) by extensions ['python_setup_py']
[9.280s] Level 1:colcon.colcon_core.package_identification:_identify(urdf) by extension 'python_setup_py'
[9.283s] Level 1:colcon.colcon_core.package_discovery:discover_packages(recursive) using defaults
[9.284s] Level 1:colcon.colcon_core.package_discovery:discover_packages(ignore) discover
[9.284s] Level 1:colcon.colcon_core.package_discovery:discover_packages(ignore) using defaults
[9.284s] Level 1:colcon.colcon_core.package_discovery:discover_packages(path) discover
[9.284s] Level 1:colcon.colcon_core.package_discovery:discover_packages(path) using defaults
[9.567s] Level 1:colcon.colcon_core.package_discovery:discover_packages(prefix_path) check parameters
[9.567s] Level 1:colcon.colcon_core.package_discovery:discover_packages(prefix_path) discover
[9.603s] DEBUG:colcon.colcon_installed_package_information.package_discovery:Found 383 installed packages in /opt/ros/jazzy
[9.617s] Level 1:colcon.colcon_core.package_discovery:discover_packages(prefix_path) using defaults
[10.035s] Level 5:colcon.colcon_core.verb:set package 'bts_motor_controller' build argument 'cmake_args' from command line to 'None'
[10.041s] Level 5:colcon.colcon_core.verb:set package 'bts_motor_controller' build argument 'cmake_target' from command line to 'None'
[10.044s] Level 5:colcon.colcon_core.verb:set package 'bts_motor_controller' build argument 'cmake_target_skip_unavailable' from command line to 'False'
[10.046s] Level 5:colcon.colcon_core.verb:set package 'bts_motor_controller' build argument 'cmake_clean_cache' from command line to 'False'
[10.047s] Level 5:colcon.colcon_core.verb:set package 'bts_motor_controller' build argument 'cmake_clean_first' from command line to 'False'
[10.047s] Level 5:colcon.colcon_core.verb:set package 'bts_motor_controller' build argument 'cmake_force_configure' from command line to 'False'
[10.047s] Level 5:colcon.colcon_core.verb:set package 'bts_motor_controller' build argument 'ament_cmake_args' from command line to 'None'
[10.047s] Level 5:colcon.colcon_core.verb:set package 'bts_motor_controller' build argument 'catkin_cmake_args' from command line to 'None'
[10.048s] Level 5:colcon.colcon_core.verb:set package 'bts_motor_controller' build argument 'catkin_skip_building_tests' from command line to 'False'
[10.048s] DEBUG:colcon.colcon_core.verb:Building package 'bts_motor_controller' with the following arguments: {'ament_cmake_args': None, 'build_base': '/home/caterpillar/ros2_ws/build/bts_motor_controller', 'catkin_cmake_args': None, 'catkin_skip_building_tests': False, 'cmake_args': None, 'cmake_clean_cache': False, 'cmake_clean_first': False, 'cmake_force_configure': False, 'cmake_target': None, 'cmake_target_skip_unavailable': False, 'install_base': '/home/caterpillar/ros2_ws/install/bts_motor_controller', 'merge_install': False, 'path': '/home/caterpillar/ros2_ws/src/bts_motor_controller', 'symlink_install': True, 'test_result_base': None}
[10.050s] Level 5:colcon.colcon_core.verb:set package 'rover_navigation' build argument 'cmake_args' from command line to 'None'
[10.051s] Level 5:colcon.colcon_core.verb:set package 'rover_navigation' build argument 'cmake_target' from command line to 'None'
[10.052s] Level 5:colcon.colcon_core.verb:set package 'rover_navigation' build argument 'cmake_target_skip_unavailable' from command line to 'False'
[10.052s] Level 5:colcon.colcon_core.verb:set package 'rover_navigation' build argument 'cmake_clean_cache' from command line to 'False'
[10.052s] Level 5:colcon.colcon_core.verb:set package 'rover_navigation' build argument 'cmake_clean_first' from command line to 'False'
[10.052s] Level 5:colcon.colcon_core.verb:set package 'rover_navigation' build argument 'cmake_force_configure' from command line to 'False'
[10.052s] Level 5:colcon.colcon_core.verb:set package 'rover_navigation' build argument 'ament_cmake_args' from command line to 'None'
[10.052s] Level 5:colcon.colcon_core.verb:set package 'rover_navigation' build argument 'catkin_cmake_args' from command line to 'None'
[10.052s] Level 5:colcon.colcon_core.verb:set package 'rover_navigation' build argument 'catkin_skip_building_tests' from command line to 'False'
[10.052s] DEBUG:colcon.colcon_core.verb:Building package 'rover_navigation' with the following arguments: {'ament_cmake_args': None, 'build_base': '/home/caterpillar/ros2_ws/build/rover_navigation', 'catkin_cmake_args': None, 'catkin_skip_building_tests': False, 'cmake_args': None, 'cmake_clean_cache': False, 'cmake_clean_first': False, 'cmake_force_configure': False, 'cmake_target': None, 'cmake_target_skip_unavailable': False, 'install_base': '/home/caterpillar/ros2_ws/install/rover_navigation', 'merge_install': False, 'path': '/home/caterpillar/ros2_ws/src/rover_navigation', 'symlink_install': True, 'test_result_base': None}
[10.054s] Level 5:colcon.colcon_core.verb:set package 'rplidar_ros' build argument 'cmake_args' from command line to 'None'
[10.054s] Level 5:colcon.colcon_core.verb:set package 'rplidar_ros' build argument 'cmake_target' from command line to 'None'
[10.054s] Level 5:colcon.colcon_core.verb:set package 'rplidar_ros' build argument 'cmake_target_skip_unavailable' from command line to 'False'
[10.054s] Level 5:colcon.colcon_core.verb:set package 'rplidar_ros' build argument 'cmake_clean_cache' from command line to 'False'
[10.055s] Level 5:colcon.colcon_core.verb:set package 'rplidar_ros' build argument 'cmake_clean_first' from command line to 'False'
[10.055s] Level 5:colcon.colcon_core.verb:set package 'rplidar_ros' build argument 'cmake_force_configure' from command line to 'False'
[10.055s] Level 5:colcon.colcon_core.verb:set package 'rplidar_ros' build argument 'ament_cmake_args' from command line to 'None'
[10.055s] Level 5:colcon.colcon_core.verb:set package 'rplidar_ros' build argument 'catkin_cmake_args' from command line to 'None'
[10.055s] Level 5:colcon.colcon_core.verb:set package 'rplidar_ros' build argument 'catkin_skip_building_tests' from command line to 'False'
[10.055s] DEBUG:colcon.colcon_core.verb:Building package 'rplidar_ros' with the following arguments: {'ament_cmake_args': None, 'build_base': '/home/caterpillar/ros2_ws/build/rplidar_ros', 'catkin_cmake_args': None, 'catkin_skip_building_tests': False, 'cmake_args': None, 'cmake_clean_cache': False, 'cmake_clean_first': False, 'cmake_force_configure': False, 'cmake_target': None, 'cmake_target_skip_unavailable': False, 'install_base': '/home/caterpillar/ros2_ws/install/rplidar_ros', 'merge_install': False, 'path': '/home/caterpillar/ros2_ws/src/rplidar_ros', 'symlink_install': True, 'test_result_base': None}
[10.056s] Level 5:colcon.colcon_core.verb:set package 'your_robot_bringup' build argument 'cmake_args' from command line to 'None'
[10.057s] Level 5:colcon.colcon_core.verb:set package 'your_robot_bringup' build argument 'cmake_target' from command line to 'None'
[10.057s] Level 5:colcon.colcon_core.verb:set package 'your_robot_bringup' build argument 'cmake_target_skip_unavailable' from command line to 'False'
[10.058s] Level 5:colcon.colcon_core.verb:set package 'your_robot_bringup' build argument 'cmake_clean_cache' from command line to 'False'
[10.058s] Level 5:colcon.colcon_core.verb:set package 'your_robot_bringup' build argument 'cmake_clean_first' from command line to 'False'
[10.058s] Level 5:colcon.colcon_core.verb:set package 'your_robot_bringup' build argument 'cmake_force_configure' from command line to 'False'
[10.059s] Level 5:colcon.colcon_core.verb:set package 'your_robot_bringup' build argument 'ament_cmake_args' from command line to 'None'
[10.059s] Level 5:colcon.colcon_core.verb:set package 'your_robot_bringup' build argument 'catkin_cmake_args' from command line to 'None'
[10.059s] Level 5:colcon.colcon_core.verb:set package 'your_robot_bringup' build argument 'catkin_skip_building_tests' from command line to 'False'
[10.059s] DEBUG:colcon.colcon_core.verb:Building package 'your_robot_bringup' with the following arguments: {'ament_cmake_args': None, 'build_base': '/home/caterpillar/ros2_ws/build/your_robot_bringup', 'catkin_cmake_args': None, 'catkin_skip_building_tests': False, 'cmake_args': None, 'cmake_clean_cache': False, 'cmake_clean_first': False, 'cmake_force_configure': False, 'cmake_target': None, 'cmake_target_skip_unavailable': False, 'install_base': '/home/caterpillar/ros2_ws/install/your_robot_bringup', 'merge_install': False, 'path': '/home/caterpillar/ros2_ws/src/your_robot_bringup', 'symlink_install': True, 'test_result_base': None}
[10.060s] INFO:colcon.colcon_core.executor:Executing jobs using 'parallel' executor
[10.066s] DEBUG:colcon.colcon_parallel_executor.executor.parallel:run_until_complete
[10.071s] INFO:colcon.colcon_ros.task.ament_python.build:Building ROS package in '/home/caterpillar/ros2_ws/src/bts_motor_controller' with build type 'ament_python'
[10.078s] Level 1:colcon.colcon_core.shell:create_environment_hook('bts_motor_controller', 'ament_prefix_path')
[10.128s] INFO:colcon.colcon_core.plugin_system:Skipping extension 'colcon_core.shell.bat': Not used on non-Windows systems
[10.132s] INFO:colcon.colcon_core.shell:Creating environment hook '/home/caterpillar/ros2_ws/install/bts_motor_controller/share/bts_motor_controller/hook/ament_prefix_path.ps1'
[10.138s] INFO:colcon.colcon_core.shell:Creating environment descriptor '/home/caterpillar/ros2_ws/install/bts_motor_controller/share/bts_motor_controller/hook/ament_prefix_path.dsv'
[10.148s] INFO:colcon.colcon_core.shell:Creating environment hook '/home/caterpillar/ros2_ws/install/bts_motor_controller/share/bts_motor_controller/hook/ament_prefix_path.sh'
[10.159s] INFO:colcon.colcon_core.shell:Skip shell extension 'powershell' for command environment: Not usable outside of PowerShell
[10.159s] DEBUG:colcon.colcon_core.shell:Skip shell extension 'dsv' for command environment
[10.182s] INFO:colcon.colcon_ros.task.ament_cmake.build:Building ROS package in '/home/caterpillar/ros2_ws/src/rplidar_ros' with build type 'ament_cmake'
[10.183s] INFO:colcon.colcon_cmake.task.cmake.build:Building CMake package in '/home/caterpillar/ros2_ws/src/rplidar_ros'
[10.189s] INFO:colcon.colcon_core.shell:Skip shell extension 'powershell' for command environment: Not usable outside of PowerShell
[10.190s] DEBUG:colcon.colcon_core.shell:Skip shell extension 'dsv' for command environment
[10.214s] INFO:colcon.colcon_ros.task.ament_python.build:Building ROS package in '/home/caterpillar/ros2_ws/src/rover_navigation' with build type 'ament_python'
[10.215s] Level 1:colcon.colcon_core.shell:create_environment_hook('rover_navigation', 'ament_prefix_path')
[10.219s] INFO:colcon.colcon_core.shell:Creating environment hook '/home/caterpillar/ros2_ws/install/rover_navigation/share/rover_navigation/hook/ament_prefix_path.ps1'
[10.222s] INFO:colcon.colcon_core.shell:Creating environment descriptor '/home/caterpillar/ros2_ws/install/rover_navigation/share/rover_navigation/hook/ament_prefix_path.dsv'
[10.228s] INFO:colcon.colcon_core.shell:Creating environment hook '/home/caterpillar/ros2_ws/install/rover_navigation/share/rover_navigation/hook/ament_prefix_path.sh'
[10.231s] INFO:colcon.colcon_core.shell:Skip shell extension 'powershell' for command environment: Not usable outside of PowerShell
[10.232s] DEBUG:colcon.colcon_core.shell:Skip shell extension 'dsv' for command environment
[12.175s] INFO:colcon.colcon_core.task.python.build:Building Python package in '/home/caterpillar/ros2_ws/src/bts_motor_controller'
[12.176s] INFO:colcon.colcon_core.shell:Skip shell extension 'powershell' for command environment: Not usable outside of PowerShell
[12.176s] DEBUG:colcon.colcon_core.shell:Skip shell extension 'dsv' for command environment
[12.199s] DEBUG:colcon.colcon_core.event_handler.log_command:Invoking command in '/home/caterpillar/ros2_ws/build/rplidar_ros': CMAKE_PREFIX_PATH=${CMAKE_PREFIX_PATH}:/opt/ros/jazzy DEBUGINFOD_URLS=https://debuginfod.ubuntu.com /usr/bin/cmake --build /home/caterpillar/ros2_ws/build/rplidar_ros -- -j4 -l4
[13.301s] INFO:colcon.colcon_core.task.python.build:Building Python package in '/home/caterpillar/ros2_ws/src/rover_navigation'
[13.302s] INFO:colcon.colcon_core.shell:Skip shell extension 'powershell' for command environment: Not usable outside of PowerShell
[13.303s] DEBUG:colcon.colcon_core.shell:Skip shell extension 'dsv' for command environment
[13.329s] DEBUG:colcon.colcon_core.event_handler.log_command:Invoked command in '/home/caterpillar/ros2_ws/build/rplidar_ros' returned '0': CMAKE_PREFIX_PATH=${CMAKE_PREFIX_PATH}:/opt/ros/jazzy DEBUGINFOD_URLS=https://debuginfod.ubuntu.com /usr/bin/cmake --build /home/caterpillar/ros2_ws/build/rplidar_ros -- -j4 -l4
[13.418s] DEBUG:colcon.colcon_core.event_handler.log_command:Invoking command in '/home/caterpillar/ros2_ws/build/rplidar_ros': CMAKE_PREFIX_PATH=${CMAKE_PREFIX_PATH}:/opt/ros/jazzy DEBUGINFOD_URLS=https://debuginfod.ubuntu.com /usr/bin/cmake --install /home/caterpillar/ros2_ws/build/rplidar_ros
[13.583s] Level 1:colcon.colcon_core.environment:create_environment_scripts_only(rplidar_ros)
[13.585s] DEBUG:colcon.colcon_core.event_handler.log_command:Invoked command in '/home/caterpillar/ros2_ws/build/rplidar_ros' returned '0': CMAKE_PREFIX_PATH=${CMAKE_PREFIX_PATH}:/opt/ros/jazzy DEBUGINFOD_URLS=https://debuginfod.ubuntu.com /usr/bin/cmake --install /home/caterpillar/ros2_ws/build/rplidar_ros
[13.644s] Level 1:colcon.colcon_core.environment:checking '/home/caterpillar/ros2_ws/install/rplidar_ros' for CMake module files
[13.647s] Level 1:colcon.colcon_core.environment:checking '/home/caterpillar/ros2_ws/install/rplidar_ros' for CMake config files
[13.649s] Level 1:colcon.colcon_core.shell:create_environment_hook('rplidar_ros', 'cmake_prefix_path')
[13.650s] INFO:colcon.colcon_core.shell:Creating environment hook '/home/caterpillar/ros2_ws/install/rplidar_ros/share/rplidar_ros/hook/cmake_prefix_path.ps1'
[13.655s] INFO:colcon.colcon_core.shell:Creating environment descriptor '/home/caterpillar/ros2_ws/install/rplidar_ros/share/rplidar_ros/hook/cmake_prefix_path.dsv'
[13.662s] INFO:colcon.colcon_core.shell:Creating environment hook '/home/caterpillar/ros2_ws/install/rplidar_ros/share/rplidar_ros/hook/cmake_prefix_path.sh'
[13.666s] Level 1:colcon.colcon_core.environment:checking '/home/caterpillar/ros2_ws/install/rplidar_ros/lib'
[13.668s] Level 1:colcon.colcon_core.shell:create_environment_hook('rplidar_ros', 'ld_library_path_lib')
[13.669s] INFO:colcon.colcon_core.shell:Creating environment hook '/home/caterpillar/ros2_ws/install/rplidar_ros/share/rplidar_ros/hook/ld_library_path_lib.ps1'
[13.677s] INFO:colcon.colcon_core.shell:Creating environment descriptor '/home/caterpillar/ros2_ws/install/rplidar_ros/share/rplidar_ros/hook/ld_library_path_lib.dsv'
[13.682s] INFO:colcon.colcon_core.shell:Creating environment hook '/home/caterpillar/ros2_ws/install/rplidar_ros/share/rplidar_ros/hook/ld_library_path_lib.sh'
[13.706s] Level 1:colcon.colcon_core.environment:checking '/home/caterpillar/ros2_ws/install/rplidar_ros/bin'
[13.707s] Level 1:colcon.colcon_core.environment:checking '/home/caterpillar/ros2_ws/install/rplidar_ros/lib/pkgconfig/rplidar_ros.pc'
[13.707s] Level 1:colcon.colcon_core.environment:checking '/home/caterpillar/ros2_ws/install/rplidar_ros/lib/python3.12/site-packages'
[13.711s] Level 1:colcon.colcon_core.environment:checking '/home/caterpillar/ros2_ws/install/rplidar_ros/bin'
[13.714s] INFO:colcon.colcon_core.shell:Creating package script '/home/caterpillar/ros2_ws/install/rplidar_ros/share/rplidar_ros/package.ps1'
[13.727s] INFO:colcon.colcon_core.shell:Creating package descriptor '/home/caterpillar/ros2_ws/install/rplidar_ros/share/rplidar_ros/package.dsv'
[13.735s] INFO:colcon.colcon_core.shell:Creating package script '/home/caterpillar/ros2_ws/install/rplidar_ros/share/rplidar_ros/package.sh'
[13.740s] INFO:colcon.colcon_core.shell:Creating package script '/home/caterpillar/ros2_ws/install/rplidar_ros/share/rplidar_ros/package.bash'
[13.746s] INFO:colcon.colcon_core.shell:Creating package script '/home/caterpillar/ros2_ws/install/rplidar_ros/share/rplidar_ros/package.zsh'
[13.754s] Level 1:colcon.colcon_core.environment:create_file_with_runtime_dependencies(/home/caterpillar/ros2_ws/install/rplidar_ros/share/colcon-core/packages/rplidar_ros)
[13.759s] Level 1:colcon.colcon_core.environment:create_environment_scripts_only(rplidar_ros)
[13.759s] Level 1:colcon.colcon_core.environment:checking '/home/caterpillar/ros2_ws/install/rplidar_ros' for CMake module files
[13.763s] Level 1:colcon.colcon_core.environment:checking '/home/caterpillar/ros2_ws/install/rplidar_ros' for CMake config files
[13.765s] Level 1:colcon.colcon_core.shell:create_environment_hook('rplidar_ros', 'cmake_prefix_path')
[13.766s] INFO:colcon.colcon_core.shell:Creating environment hook '/home/caterpillar/ros2_ws/install/rplidar_ros/share/rplidar_ros/hook/cmake_prefix_path.ps1'
[13.767s] INFO:colcon.colcon_core.shell:Creating environment descriptor '/home/caterpillar/ros2_ws/install/rplidar_ros/share/rplidar_ros/hook/cmake_prefix_path.dsv'
[13.776s] INFO:colcon.colcon_core.shell:Creating environment hook '/home/caterpillar/ros2_ws/install/rplidar_ros/share/rplidar_ros/hook/cmake_prefix_path.sh'
[13.787s] Level 1:colcon.colcon_core.environment:checking '/home/caterpillar/ros2_ws/install/rplidar_ros/lib'
[13.787s] Level 1:colcon.colcon_core.shell:create_environment_hook('rplidar_ros', 'ld_library_path_lib')
[13.788s] INFO:colcon.colcon_core.shell:Creating environment hook '/home/caterpillar/ros2_ws/install/rplidar_ros/share/rplidar_ros/hook/ld_library_path_lib.ps1'
[13.790s] INFO:colcon.colcon_core.shell:Creating environment descriptor '/home/caterpillar/ros2_ws/install/rplidar_ros/share/rplidar_ros/hook/ld_library_path_lib.dsv'
[13.795s] INFO:colcon.colcon_core.shell:Creating environment hook '/home/caterpillar/ros2_ws/install/rplidar_ros/share/rplidar_ros/hook/ld_library_path_lib.sh'
[13.800s] Level 1:colcon.colcon_core.environment:checking '/home/caterpillar/ros2_ws/install/rplidar_ros/bin'
[13.800s] Level 1:colcon.colcon_core.environment:checking '/home/caterpillar/ros2_ws/install/rplidar_ros/lib/pkgconfig/rplidar_ros.pc'
[13.801s] Level 1:colcon.colcon_core.environment:checking '/home/caterpillar/ros2_ws/install/rplidar_ros/lib/python3.12/site-packages'
[13.802s] Level 1:colcon.colcon_core.environment:checking '/home/caterpillar/ros2_ws/install/rplidar_ros/bin'
[13.805s] INFO:colcon.colcon_core.shell:Creating package script '/home/caterpillar/ros2_ws/install/rplidar_ros/share/rplidar_ros/package.ps1'
[13.808s] INFO:colcon.colcon_core.shell:Creating package descriptor '/home/caterpillar/ros2_ws/install/rplidar_ros/share/rplidar_ros/package.dsv'
[13.810s] INFO:colcon.colcon_core.shell:Creating package script '/home/caterpillar/ros2_ws/install/rplidar_ros/share/rplidar_ros/package.sh'
[13.811s] INFO:colcon.colcon_core.shell:Creating package script '/home/caterpillar/ros2_ws/install/rplidar_ros/share/rplidar_ros/package.bash'
[13.812s] INFO:colcon.colcon_core.shell:Creating package script '/home/caterpillar/ros2_ws/install/rplidar_ros/share/rplidar_ros/package.zsh'
[13.814s] Level 1:colcon.colcon_core.environment:create_file_with_runtime_dependencies(/home/caterpillar/ros2_ws/install/rplidar_ros/share/colcon-core/packages/rplidar_ros)
[17.400s] DEBUG:colcon.colcon_core.event_handler.log_command:Invoking command in '/home/caterpillar/ros2_ws/build/bts_motor_controller': DEBUGINFOD_URLS=https://debuginfod.ubuntu.com PYTHONPATH=/home/caterpillar/ros2_ws/build/bts_motor_controller/prefix_override:/usr/lib/python3/dist-packages/colcon_core/task/python/colcon_distutils_commands:/home/caterpillar/ros2_ws/install/bts_motor_controller/lib/python3.12/site-packages:${PYTHONPATH} /usr/bin/python3 -W ignore:setup.py install is deprecated -W ignore:easy_install command is deprecated setup.py develop --editable --build-directory /home/caterpillar/ros2_ws/build/bts_motor_controller/build --no-deps symlink_data
[17.594s] DEBUG:colcon.colcon_core.event_handler.log_command:Invoking command in '/home/caterpillar/ros2_ws/build/rover_navigation': DEBUGINFOD_URLS=https://debuginfod.ubuntu.com PYTHONPATH=/home/caterpillar/ros2_ws/build/rover_navigation/prefix_override:/usr/lib/python3/dist-packages/colcon_core/task/python/colcon_distutils_commands:/home/caterpillar/ros2_ws/install/rover_navigation/lib/python3.12/site-packages:${PYTHONPATH} /usr/bin/python3 -W ignore:setup.py install is deprecated -W ignore:easy_install command is deprecated setup.py develop --editable --build-directory /home/caterpillar/ros2_ws/build/rover_navigation/build --no-deps symlink_data
[20.781s] Level 1:colcon.colcon_core.shell:create_environment_hook('bts_motor_controller', 'pythonpath_develop')
[20.782s] INFO:colcon.colcon_core.shell:Creating environment hook '/home/caterpillar/ros2_ws/build/bts_motor_controller/share/bts_motor_controller/hook/pythonpath_develop.ps1'
[20.785s] DEBUG:colcon.colcon_core.event_handler.log_command:Invoked command in '/home/caterpillar/ros2_ws/build/bts_motor_controller' returned '0': DEBUGINFOD_URLS=https://debuginfod.ubuntu.com PYTHONPATH=/home/caterpillar/ros2_ws/build/bts_motor_controller/prefix_override:/usr/lib/python3/dist-packages/colcon_core/task/python/colcon_distutils_commands:/home/caterpillar/ros2_ws/install/bts_motor_controller/lib/python3.12/site-packages:${PYTHONPATH} /usr/bin/python3 -W ignore:setup.py install is deprecated -W ignore:easy_install command is deprecated setup.py develop --editable --build-directory /home/caterpillar/ros2_ws/build/bts_motor_controller/build --no-deps symlink_data
[20.786s] INFO:colcon.colcon_core.shell:Creating environment descriptor '/home/caterpillar/ros2_ws/build/bts_motor_controller/share/bts_motor_controller/hook/pythonpath_develop.dsv'
[20.790s] INFO:colcon.colcon_core.shell:Creating environment hook '/home/caterpillar/ros2_ws/build/bts_motor_controller/share/bts_motor_controller/hook/pythonpath_develop.sh'
[20.794s] Level 1:colcon.colcon_core.environment:checking '/home/caterpillar/ros2_ws/install/bts_motor_controller' for CMake module files
[20.796s] Level 1:colcon.colcon_core.environment:checking '/home/caterpillar/ros2_ws/install/bts_motor_controller' for CMake config files
[20.797s] Level 1:colcon.colcon_core.environment:checking '/home/caterpillar/ros2_ws/install/bts_motor_controller/lib'
[20.798s] Level 1:colcon.colcon_core.environment:checking '/home/caterpillar/ros2_ws/install/bts_motor_controller/bin'
[20.798s] Level 1:colcon.colcon_core.environment:checking '/home/caterpillar/ros2_ws/install/bts_motor_controller/lib/pkgconfig/bts_motor_controller.pc'
[20.799s] Level 1:colcon.colcon_core.environment:checking '/home/caterpillar/ros2_ws/install/bts_motor_controller/lib/python3.12/site-packages'
[20.799s] Level 1:colcon.colcon_core.shell:create_environment_hook('bts_motor_controller', 'pythonpath')
[20.800s] INFO:colcon.colcon_core.shell:Creating environment hook '/home/caterpillar/ros2_ws/install/bts_motor_controller/share/bts_motor_controller/hook/pythonpath.ps1'
[20.806s] INFO:colcon.colcon_core.shell:Creating environment descriptor '/home/caterpillar/ros2_ws/install/bts_motor_controller/share/bts_motor_controller/hook/pythonpath.dsv'
[20.816s] INFO:colcon.colcon_core.shell:Creating environment hook '/home/caterpillar/ros2_ws/install/bts_motor_controller/share/bts_motor_controller/hook/pythonpath.sh'
[20.825s] Level 1:colcon.colcon_core.environment:checking '/home/caterpillar/ros2_ws/install/bts_motor_controller/bin'
[20.825s] Level 1:colcon.colcon_core.environment:create_environment_scripts_only(bts_motor_controller)
[20.830s] INFO:colcon.colcon_core.shell:Creating package script '/home/caterpillar/ros2_ws/install/bts_motor_controller/share/bts_motor_controller/package.ps1'
[20.838s] INFO:colcon.colcon_core.shell:Creating package descriptor '/home/caterpillar/ros2_ws/install/bts_motor_controller/share/bts_motor_controller/package.dsv'
[20.843s] INFO:colcon.colcon_core.shell:Creating package script '/home/caterpillar/ros2_ws/install/bts_motor_controller/share/bts_motor_controller/package.sh'
[20.846s] INFO:colcon.colcon_core.shell:Creating package script '/home/caterpillar/ros2_ws/install/bts_motor_controller/share/bts_motor_controller/package.bash'
[20.852s] INFO:colcon.colcon_core.shell:Creating package script '/home/caterpillar/ros2_ws/install/bts_motor_controller/share/bts_motor_controller/package.zsh'
[20.854s] Level 1:colcon.colcon_core.environment:create_file_with_runtime_dependencies(/home/caterpillar/ros2_ws/install/bts_motor_controller/share/colcon-core/packages/bts_motor_controller)
[20.861s] INFO:colcon.colcon_ros.task.ament_python.build:Building ROS package in '/home/caterpillar/ros2_ws/src/your_robot_bringup' with build type 'ament_python'
[20.861s] Level 1:colcon.colcon_core.shell:create_environment_hook('your_robot_bringup', 'ament_prefix_path')
[20.862s] INFO:colcon.colcon_core.shell:Creating environment hook '/home/caterpillar/ros2_ws/install/your_robot_bringup/share/your_robot_bringup/hook/ament_prefix_path.ps1'
[20.867s] INFO:colcon.colcon_core.shell:Creating environment descriptor '/home/caterpillar/ros2_ws/install/your_robot_bringup/share/your_robot_bringup/hook/ament_prefix_path.dsv'
[20.868s] INFO:colcon.colcon_core.shell:Creating environment hook '/home/caterpillar/ros2_ws/install/your_robot_bringup/share/your_robot_bringup/hook/ament_prefix_path.sh'
[20.869s] INFO:colcon.colcon_core.shell:Skip shell extension 'powershell' for command environment: Not usable outside of PowerShell
[20.870s] DEBUG:colcon.colcon_core.shell:Skip shell extension 'dsv' for command environment
[21.970s] INFO:colcon.colcon_core.task.python.build:Building Python package in '/home/caterpillar/ros2_ws/src/your_robot_bringup'
[21.971s] INFO:colcon.colcon_core.shell:Skip shell extension 'powershell' for command environment: Not usable outside of PowerShell
[21.972s] DEBUG:colcon.colcon_core.shell:Skip shell extension 'dsv' for command environment
[21.985s] Level 1:colcon.colcon_core.shell:create_environment_hook('rover_navigation', 'pythonpath_develop')
[21.986s] DEBUG:colcon.colcon_core.event_handler.log_command:Invoked command in '/home/caterpillar/ros2_ws/build/rover_navigation' returned '0': DEBUGINFOD_URLS=https://debuginfod.ubuntu.com PYTHONPATH=/home/caterpillar/ros2_ws/build/rover_navigation/prefix_override:/usr/lib/python3/dist-packages/colcon_core/task/python/colcon_distutils_commands:/home/caterpillar/ros2_ws/install/rover_navigation/lib/python3.12/site-packages:${PYTHONPATH} /usr/bin/python3 -W ignore:setup.py install is deprecated -W ignore:easy_install command is deprecated setup.py develop --editable --build-directory /home/caterpillar/ros2_ws/build/rover_navigation/build --no-deps symlink_data
[21.989s] INFO:colcon.colcon_core.shell:Creating environment hook '/home/caterpillar/ros2_ws/build/rover_navigation/share/rover_navigation/hook/pythonpath_develop.ps1'
[22.054s] INFO:colcon.colcon_core.shell:Creating environment descriptor '/home/caterpillar/ros2_ws/build/rover_navigation/share/rover_navigation/hook/pythonpath_develop.dsv'
[22.062s] INFO:colcon.colcon_core.shell:Creating environment hook '/home/caterpillar/ros2_ws/build/rover_navigation/share/rover_navigation/hook/pythonpath_develop.sh'
[22.064s] Level 1:colcon.colcon_core.environment:checking '/home/caterpillar/ros2_ws/install/rover_navigation' for CMake module files
[22.065s] Level 1:colcon.colcon_core.environment:checking '/home/caterpillar/ros2_ws/install/rover_navigation' for CMake config files
[22.067s] Level 1:colcon.colcon_core.environment:checking '/home/caterpillar/ros2_ws/install/rover_navigation/lib'
[22.067s] Level 1:colcon.colcon_core.environment:checking '/home/caterpillar/ros2_ws/install/rover_navigation/bin'
[22.067s] Level 1:colcon.colcon_core.environment:checking '/home/caterpillar/ros2_ws/install/rover_navigation/lib/pkgconfig/rover_navigation.pc'
[22.067s] Level 1:colcon.colcon_core.environment:checking '/home/caterpillar/ros2_ws/install/rover_navigation/lib/python3.12/site-packages'
[22.068s] Level 1:colcon.colcon_core.shell:create_environment_hook('rover_navigation', 'pythonpath')
[22.068s] INFO:colcon.colcon_core.shell:Creating environment hook '/home/caterpillar/ros2_ws/install/rover_navigation/share/rover_navigation/hook/pythonpath.ps1'
[22.071s] INFO:colcon.colcon_core.shell:Creating environment descriptor '/home/caterpillar/ros2_ws/install/rover_navigation/share/rover_navigation/hook/pythonpath.dsv'
[22.075s] INFO:colcon.colcon_core.shell:Creating environment hook '/home/caterpillar/ros2_ws/install/rover_navigation/share/rover_navigation/hook/pythonpath.sh'
[22.080s] Level 1:colcon.colcon_core.environment:checking '/home/caterpillar/ros2_ws/install/rover_navigation/bin'
[22.081s] Level 1:colcon.colcon_core.environment:create_environment_scripts_only(rover_navigation)
[22.081s] INFO:colcon.colcon_core.shell:Creating package script '/home/caterpillar/ros2_ws/install/rover_navigation/share/rover_navigation/package.ps1'
[22.083s] INFO:colcon.colcon_core.shell:Creating package descriptor '/home/caterpillar/ros2_ws/install/rover_navigation/share/rover_navigation/package.dsv'
[22.087s] INFO:colcon.colcon_core.shell:Creating package script '/home/caterpillar/ros2_ws/install/rover_navigation/share/rover_navigation/package.sh'
[22.091s] INFO:colcon.colcon_core.shell:Creating package script '/home/caterpillar/ros2_ws/install/rover_navigation/share/rover_navigation/package.bash'
[22.094s] INFO:colcon.colcon_core.shell:Creating package script '/home/caterpillar/ros2_ws/install/rover_navigation/share/rover_navigation/package.zsh'
[22.096s] Level 1:colcon.colcon_core.environment:create_file_with_runtime_dependencies(/home/caterpillar/ros2_ws/install/rover_navigation/share/colcon-core/packages/rover_navigation)
[25.386s] DEBUG:colcon.colcon_core.event_handler.log_command:Invoking command in '/home/caterpillar/ros2_ws/build/your_robot_bringup': AMENT_PREFIX_PATH=/home/caterpillar/ros2_ws/install/rplidar_ros:/home/caterpillar/ros2_ws/install/bts_motor_controller:${AMENT_PREFIX_PATH} CMAKE_PREFIX_PATH=/home/caterpillar/ros2_ws/install/rplidar_ros:${CMAKE_PREFIX_PATH} DEBUGINFOD_URLS=https://debuginfod.ubuntu.com LD_LIBRARY_PATH=/home/caterpillar/ros2_ws/install/rplidar_ros/lib:${LD_LIBRARY_PATH} PYTHONPATH=/home/caterpillar/ros2_ws/build/your_robot_bringup/prefix_override:/usr/lib/python3/dist-packages/colcon_core/task/python/colcon_distutils_commands:/home/caterpillar/ros2_ws/install/your_robot_bringup/lib/python3.12/site-packages:/home/caterpillar/ros2_ws/build/bts_motor_controller:/home/caterpillar/ros2_ws/install/bts_motor_controller/lib/python3.12/site-packages:${PYTHONPATH} /usr/bin/python3 -W ignore:setup.py install is deprecated -W ignore:easy_install command is deprecated setup.py develop --editable --build-directory /home/caterpillar/ros2_ws/build/your_robot_bringup/build --no-deps symlink_data
[30.686s] Level 1:colcon.colcon_core.shell:create_environment_hook('your_robot_bringup', 'pythonpath_develop')
[30.690s] INFO:colcon.colcon_core.shell:Creating environment hook '/home/caterpillar/ros2_ws/build/your_robot_bringup/src/share/your_robot_bringup/hook/pythonpath_develop.ps1'
[30.706s] DEBUG:colcon.colcon_core.event_handler.log_command:Invoked command in '/home/caterpillar/ros2_ws/build/your_robot_bringup' returned '0': AMENT_PREFIX_PATH=/home/caterpillar/ros2_ws/install/rplidar_ros:/home/caterpillar/ros2_ws/install/bts_motor_controller:${AMENT_PREFIX_PATH} CMAKE_PREFIX_PATH=/home/caterpillar/ros2_ws/install/rplidar_ros:${CMAKE_PREFIX_PATH} DEBUGINFOD_URLS=https://debuginfod.ubuntu.com LD_LIBRARY_PATH=/home/caterpillar/ros2_ws/install/rplidar_ros/lib:${LD_LIBRARY_PATH} PYTHONPATH=/home/caterpillar/ros2_ws/build/your_robot_bringup/prefix_override:/usr/lib/python3/dist-packages/colcon_core/task/python/colcon_distutils_commands:/home/caterpillar/ros2_ws/install/your_robot_bringup/lib/python3.12/site-packages:/home/caterpillar/ros2_ws/build/bts_motor_controller:/home/caterpillar/ros2_ws/install/bts_motor_controller/lib/python3.12/site-packages:${PYTHONPATH} /usr/bin/python3 -W ignore:setup.py install is deprecated -W ignore:easy_install command is deprecated setup.py develop --editable --build-directory /home/caterpillar/ros2_ws/build/your_robot_bringup/build --no-deps symlink_data
[30.718s] INFO:colcon.colcon_core.shell:Creating environment descriptor '/home/caterpillar/ros2_ws/build/your_robot_bringup/src/share/your_robot_bringup/hook/pythonpath_develop.dsv'
[30.726s] INFO:colcon.colcon_core.shell:Creating environment hook '/home/caterpillar/ros2_ws/build/your_robot_bringup/src/share/your_robot_bringup/hook/pythonpath_develop.sh'
[30.738s] Level 1:colcon.colcon_core.environment:checking '/home/caterpillar/ros2_ws/install/your_robot_bringup' for CMake module files
[30.741s] Level 1:colcon.colcon_core.environment:checking '/home/caterpillar/ros2_ws/install/your_robot_bringup' for CMake config files
[30.742s] Level 1:colcon.colcon_core.environment:checking '/home/caterpillar/ros2_ws/install/your_robot_bringup/lib'
[30.743s] Level 1:colcon.colcon_core.environment:checking '/home/caterpillar/ros2_ws/install/your_robot_bringup/bin'
[30.743s] Level 1:colcon.colcon_core.environment:checking '/home/caterpillar/ros2_ws/install/your_robot_bringup/lib/pkgconfig/your_robot_bringup.pc'
[30.748s] Level 1:colcon.colcon_core.environment:checking '/home/caterpillar/ros2_ws/install/your_robot_bringup/lib/python3.12/site-packages'
[30.749s] Level 1:colcon.colcon_core.shell:create_environment_hook('your_robot_bringup', 'pythonpath')
[30.752s] INFO:colcon.colcon_core.shell:Creating environment hook '/home/caterpillar/ros2_ws/install/your_robot_bringup/share/your_robot_bringup/hook/pythonpath.ps1'
[30.754s] INFO:colcon.colcon_core.shell:Creating environment descriptor '/home/caterpillar/ros2_ws/install/your_robot_bringup/share/your_robot_bringup/hook/pythonpath.dsv'
[30.756s] INFO:colcon.colcon_core.shell:Creating environment hook '/home/caterpillar/ros2_ws/install/your_robot_bringup/share/your_robot_bringup/hook/pythonpath.sh'
[30.758s] Level 1:colcon.colcon_core.environment:checking '/home/caterpillar/ros2_ws/install/your_robot_bringup/bin'
[30.758s] Level 1:colcon.colcon_core.environment:create_environment_scripts_only(your_robot_bringup)
[30.759s] INFO:colcon.colcon_core.shell:Creating package script '/home/caterpillar/ros2_ws/install/your_robot_bringup/share/your_robot_bringup/package.ps1'
[30.762s] INFO:colcon.colcon_core.shell:Creating package descriptor '/home/caterpillar/ros2_ws/install/your_robot_bringup/share/your_robot_bringup/package.dsv'
[30.764s] INFO:colcon.colcon_core.shell:Creating package script '/home/caterpillar/ros2_ws/install/your_robot_bringup/share/your_robot_bringup/package.sh'
[30.766s] INFO:colcon.colcon_core.shell:Creating package script '/home/caterpillar/ros2_ws/install/your_robot_bringup/share/your_robot_bringup/package.bash'
[30.768s] INFO:colcon.colcon_core.shell:Creating package script '/home/caterpillar/ros2_ws/install/your_robot_bringup/share/your_robot_bringup/package.zsh'
[30.769s] Level 1:colcon.colcon_core.environment:create_file_with_runtime_dependencies(/home/caterpillar/ros2_ws/install/your_robot_bringup/share/colcon-core/packages/your_robot_bringup)
[30.770s] DEBUG:colcon.colcon_parallel_executor.executor.parallel:closing loop
[30.771s] DEBUG:colcon.colcon_parallel_executor.executor.parallel:loop closed
[30.771s] DEBUG:colcon.colcon_parallel_executor.executor.parallel:run_until_complete finished with '0'
[30.771s] DEBUG:colcon.colcon_core.event_reactor:joining thread
[30.894s] INFO:colcon.colcon_core.plugin_system:Skipping extension 'colcon_notification.desktop_notification.terminal_notifier': Not used on non-Darwin systems
[30.898s] INFO:colcon.colcon_core.plugin_system:Skipping extension 'colcon_notification.desktop_notification.win32': Not used on non-Windows systems
[30.899s] INFO:colcon.colcon_notification.desktop_notification:Sending desktop notification using 'notify2'
[31.012s] DEBUG:colcon.colcon_core.event_reactor:joined thread
[31.013s] INFO:colcon.colcon_core.shell:Creating prefix script '/home/caterpillar/ros2_ws/install/local_setup.ps1'
[31.027s] INFO:colcon.colcon_core.shell:Creating prefix util module '/home/caterpillar/ros2_ws/install/_local_setup_util_ps1.py'
[31.046s] INFO:colcon.colcon_core.shell:Creating prefix chain script '/home/caterpillar/ros2_ws/install/setup.ps1'
[31.063s] INFO:colcon.colcon_core.shell:Creating prefix script '/home/caterpillar/ros2_ws/install/local_setup.sh'
[31.080s] INFO:colcon.colcon_core.shell:Creating prefix util module '/home/caterpillar/ros2_ws/install/_local_setup_util_sh.py'
[31.084s] INFO:colcon.colcon_core.shell:Creating prefix chain script '/home/caterpillar/ros2_ws/install/setup.sh'
[31.091s] INFO:colcon.colcon_core.shell:Creating prefix script '/home/caterpillar/ros2_ws/install/local_setup.bash'
[31.099s] INFO:colcon.colcon_core.shell:Creating prefix chain script '/home/caterpillar/ros2_ws/install/setup.bash'
[31.107s] INFO:colcon.colcon_core.shell:Creating prefix script '/home/caterpillar/ros2_ws/install/local_setup.zsh'
[31.115s] INFO:colcon.colcon_core.shell:Creating prefix chain script '/home/caterpillar/ros2_ws/install/setup.zsh'
