In file included from /home/caterpillar/ros2_ws/src/rplidar_ros/src/rplidar_node.cpp:36:
/home/caterpillar/ros2_ws/src/rplidar_ros/include/rplidar_node.hpp:50: warning: "M_PI" redefined
   50 | #define M_PI 3.1415926535897932384626433832795
      | 
In file included from /usr/include/c++/13/cmath:47,
                 from /opt/ros/jazzy/include/libstatistics_collector/libstatistics_collector/moving_average_statistics/types.hpp:18,
                 from /opt/ros/jazzy/include/libstatistics_collector/libstatistics_collector/collector/generate_statistics_message.hpp:24,
                 from /opt/ros/jazzy/include/rclcpp/rclcpp/topic_statistics/subscription_topic_statistics.hpp:23,
                 from /opt/ros/jazzy/include/rclcpp/rclcpp/subscription.hpp:50,
                 from /opt/ros/jazzy/include/rclcpp/rclcpp/any_executable.hpp:25,
                 from /opt/ros/jazzy/include/rclcpp/rclcpp/memory_strategy.hpp:25,
                 from /opt/ros/jazzy/include/rclcpp/rclcpp/memory_strategies.hpp:18,
                 from /opt/ros/jazzy/include/rclcpp/rclcpp/executor_options.hpp:22,
                 from /opt/ros/jazzy/include/rclcpp/rclcpp/executor.hpp:38,
                 from /opt/ros/jazzy/include/rclcpp/rclcpp/executors/multi_threaded_executor.hpp:25,
                 from /opt/ros/jazzy/include/rclcpp/rclcpp/executors.hpp:21,
                 from /opt/ros/jazzy/include/rclcpp/rclcpp/rclcpp.hpp:172,
                 from /home/caterpillar/ros2_ws/src/rplidar_ros/include/rplidar_node.hpp:34:
/usr/include/math.h:1152: note: this is the location of the previous definition
 1152 | # define M_PI           3.14159265358979323846  /* pi */
      | 
In file included from /home/caterpillar/ros2_ws/src/rplidar_ros/./sdk/include/rplidar.h:39,
                 from /home/caterpillar/ros2_ws/src/rplidar_ros/include/rplidar_node.hpp:41:
/home/caterpillar/ros2_ws/src/rplidar_ros/./sdk/include/rplidar_protocol.h:59:14: warning: ISO C++ forbids zero-size array ‘data’ [-Wpedantic]
   59 |     _u8 data[0];
      |              ^
In file included from /home/caterpillar/ros2_ws/src/rplidar_ros/./sdk/include/rplidar.h:40:
/home/caterpillar/ros2_ws/src/rplidar_ros/./sdk/include/rplidar_cmd.h:260:18: warning: ISO C++ forbids zero-size array ‘payload’ [-Wpedantic]
  260 |     _u8  payload[0];
      |                  ^
/home/caterpillar/ros2_ws/src/rplidar_ros/src/rplidar_node.cpp: In member function ‘void rplidar_ros::rplidar_node::stop_motor({anonymous}::EmptyRequest, {anonymous}::EmptyResponse)’:
/home/caterpillar/ros2_ws/src/rplidar_ros/src/rplidar_node.cpp:246:50: warning: unused parameter ‘req’ [-Wunused-parameter]
  246 | void rplidar_node::stop_motor(const EmptyRequest req, EmptyResponse res)
      |                               ~~~~~~~~~~~~~~~~~~~^~~
/home/caterpillar/ros2_ws/src/rplidar_ros/src/rplidar_node.cpp:246:69: warning: unused parameter ‘res’ [-Wunused-parameter]
  246 | void rplidar_node::stop_motor(const EmptyRequest req, EmptyResponse res)
      |                                                       ~~~~~~~~~~~~~~^~~
/home/caterpillar/ros2_ws/src/rplidar_ros/src/rplidar_node.cpp: In member function ‘void rplidar_ros::rplidar_node::start_motor({anonymous}::EmptyRequest, {anonymous}::EmptyResponse)’:
/home/caterpillar/ros2_ws/src/rplidar_ros/src/rplidar_node.cpp:259:51: warning: unused parameter ‘req’ [-Wunused-parameter]
  259 | void rplidar_node::start_motor(const EmptyRequest req, EmptyResponse res)
      |                                ~~~~~~~~~~~~~~~~~~~^~~
/home/caterpillar/ros2_ws/src/rplidar_ros/src/rplidar_node.cpp:259:70: warning: unused parameter ‘res’ [-Wunused-parameter]
  259 | void rplidar_node::start_motor(const EmptyRequest req, EmptyResponse res)
      |                                                        ~~~~~~~~~~~~~~^~~
/home/caterpillar/ros2_ws/src/rplidar_ros/src/rplidar_node.cpp: In member function ‘void rplidar_ros::rplidar_node::publish_loop()’:
/home/caterpillar/ros2_ws/src/rplidar_ros/src/rplidar_node.cpp:386:25: warning: comparison of integer expressions of different signedness: ‘size_t’ {aka ‘long unsigned int’} and ‘int’ [-Wsign-compare]
  386 |           for (j = 0; j < m_angle_compensate_multiple; j++) {
      |                       ~~^~~~~~~~~~~~~~~~~~~~~~~~~~~~~
/home/caterpillar/ros2_ws/src/rplidar_ros/src/rplidar_node.cpp:407:44: warning: comparison of integer expressions of different signedness: ‘size_t’ {aka ‘long unsigned int’} and ‘int’ [-Wsign-compare]
  407 |       for (size_t x = start_node, y = 0; x < end_node; ++x, ++y) {
      |                                          ~~^~~~~~~~~~
/home/caterpillar/ros2_ws/src/rplidar_ros/src/rplidar_node.cpp:414:11: warning: unused variable ‘angle_min’ [-Wunused-variable]
  414 |     float angle_min = deg_2_rad(0.0f);
      |           ^~~~~~~~~
/home/caterpillar/ros2_ws/src/rplidar_ros/src/rplidar_node.cpp:415:11: warning: unused variable ‘angle_max’ [-Wunused-variable]
  415 |     float angle_max = deg_2_rad(359.0f);
      |           ^~~~~~~~~
