running develop
Removing /home/caterpillar/ros2_ws/install/rover_navigation/lib/python3.12/site-packages/rover-navigation.egg-link (link to .)
running egg_info
writing ../../build/rover_navigation/rover_navigation.egg-info/PKG-INFO
writing dependency_links to ../../build/rover_navigation/rover_navigation.egg-info/dependency_links.txt
writing entry points to ../../build/rover_navigation/rover_navigation.egg-info/entry_points.txt
writing requirements to ../../build/rover_navigation/rover_navigation.egg-info/requires.txt
writing top-level names to ../../build/rover_navigation/rover_navigation.egg-info/top_level.txt
reading manifest file '../../build/rover_navigation/rover_navigation.egg-info/SOURCES.txt'
writing manifest file '../../build/rover_navigation/rover_navigation.egg-info/SOURCES.txt'
running build
running build_py
copying rover_navigation/cmdvel_to_wheels.py -> /home/caterpillar/ros2_ws/build/rover_navigation/build/lib/rover_navigation
running install
running install_lib
creating /home/caterpillar/ros2_ws/install/rover_navigation/lib/python3.12/site-packages/rover_navigation
copying /home/caterpillar/ros2_ws/build/rover_navigation/build/lib/rover_navigation/esp_serial_odometry_usb0.py -> /home/caterpillar/ros2_ws/install/rover_navigation/lib/python3.12/site-packages/rover_navigation
copying /home/caterpillar/ros2_ws/build/rover_navigation/build/lib/rover_navigation/local_planner_lwb.py -> /home/caterpillar/ros2_ws/install/rover_navigation/lib/python3.12/site-packages/rover_navigation
copying /home/caterpillar/ros2_ws/build/rover_navigation/build/lib/rover_navigation/dashboard_node.py -> /home/caterpillar/ros2_ws/install/rover_navigation/lib/python3.12/site-packages/rover_navigation
copying /home/caterpillar/ros2_ws/build/rover_navigation/build/lib/rover_navigation/odometry_node.py -> /home/caterpillar/ros2_ws/install/rover_navigation/lib/python3.12/site-packages/rover_navigation
copying /home/caterpillar/ros2_ws/build/rover_navigation/build/lib/rover_navigation/esp_serial_odometry_node.py -> /home/caterpillar/ros2_ws/install/rover_navigation/lib/python3.12/site-packages/rover_navigation
copying /home/caterpillar/ros2_ws/build/rover_navigation/build/lib/rover_navigation/obstacle_detection.py -> /home/caterpillar/ros2_ws/install/rover_navigation/lib/python3.12/site-packages/rover_navigation
copying /home/caterpillar/ros2_ws/build/rover_navigation/build/lib/rover_navigation/rrt_planner.py -> /home/caterpillar/ros2_ws/install/rover_navigation/lib/python3.12/site-packages/rover_navigation
copying /home/caterpillar/ros2_ws/build/rover_navigation/build/lib/rover_navigation/__init__.py -> /home/caterpillar/ros2_ws/install/rover_navigation/lib/python3.12/site-packages/rover_navigation
copying /home/caterpillar/ros2_ws/build/rover_navigation/build/lib/rover_navigation/global_planner_a_star.py -> /home/caterpillar/ros2_ws/install/rover_navigation/lib/python3.12/site-packages/rover_navigation
copying /home/caterpillar/ros2_ws/build/rover_navigation/build/lib/rover_navigation/costmap.py -> /home/caterpillar/ros2_ws/install/rover_navigation/lib/python3.12/site-packages/rover_navigation
copying /home/caterpillar/ros2_ws/build/rover_navigation/build/lib/rover_navigation/planner_manager.py -> /home/caterpillar/ros2_ws/install/rover_navigation/lib/python3.12/site-packages/rover_navigation
copying /home/caterpillar/ros2_ws/build/rover_navigation/build/lib/rover_navigation/cmdvel_to_wheels.py -> /home/caterpillar/ros2_ws/install/rover_navigation/lib/python3.12/site-packages/rover_navigation
copying /home/caterpillar/ros2_ws/build/rover_navigation/build/lib/rover_navigation/esp_serial_odom.py -> /home/caterpillar/ros2_ws/install/rover_navigation/lib/python3.12/site-packages/rover_navigation
copying /home/caterpillar/ros2_ws/build/rover_navigation/build/lib/rover_navigation/esp8266_bridge.py -> /home/caterpillar/ros2_ws/install/rover_navigation/lib/python3.12/site-packages/rover_navigation
copying /home/caterpillar/ros2_ws/build/rover_navigation/build/lib/rover_navigation/path_executor.py -> /home/caterpillar/ros2_ws/install/rover_navigation/lib/python3.12/site-packages/rover_navigation
byte-compiling /home/caterpillar/ros2_ws/install/rover_navigation/lib/python3.12/site-packages/rover_navigation/esp_serial_odometry_usb0.py to esp_serial_odometry_usb0.cpython-312.pyc
byte-compiling /home/caterpillar/ros2_ws/install/rover_navigation/lib/python3.12/site-packages/rover_navigation/local_planner_lwb.py to local_planner_lwb.cpython-312.pyc
byte-compiling /home/caterpillar/ros2_ws/install/rover_navigation/lib/python3.12/site-packages/rover_navigation/dashboard_node.py to dashboard_node.cpython-312.pyc
byte-compiling /home/caterpillar/ros2_ws/install/rover_navigation/lib/python3.12/site-packages/rover_navigation/odometry_node.py to odometry_node.cpython-312.pyc
byte-compiling /home/caterpillar/ros2_ws/install/rover_navigation/lib/python3.12/site-packages/rover_navigation/esp_serial_odometry_node.py to esp_serial_odometry_node.cpython-312.pyc
byte-compiling /home/caterpillar/ros2_ws/install/rover_navigation/lib/python3.12/site-packages/rover_navigation/obstacle_detection.py to obstacle_detection.cpython-312.pyc
byte-compiling /home/caterpillar/ros2_ws/install/rover_navigation/lib/python3.12/site-packages/rover_navigation/rrt_planner.py to rrt_planner.cpython-312.pyc
byte-compiling /home/caterpillar/ros2_ws/install/rover_navigation/lib/python3.12/site-packages/rover_navigation/__init__.py to __init__.cpython-312.pyc
byte-compiling /home/caterpillar/ros2_ws/install/rover_navigation/lib/python3.12/site-packages/rover_navigation/global_planner_a_star.py to global_planner_a_star.cpython-312.pyc
byte-compiling /home/caterpillar/ros2_ws/install/rover_navigation/lib/python3.12/site-packages/rover_navigation/costmap.py to costmap.cpython-312.pyc
byte-compiling /home/caterpillar/ros2_ws/install/rover_navigation/lib/python3.12/site-packages/rover_navigation/planner_manager.py to planner_manager.cpython-312.pyc
byte-compiling /home/caterpillar/ros2_ws/install/rover_navigation/lib/python3.12/site-packages/rover_navigation/cmdvel_to_wheels.py to cmdvel_to_wheels.cpython-312.pyc
byte-compiling /home/caterpillar/ros2_ws/install/rover_navigation/lib/python3.12/site-packages/rover_navigation/esp_serial_odom.py to esp_serial_odom.cpython-312.pyc
byte-compiling /home/caterpillar/ros2_ws/install/rover_navigation/lib/python3.12/site-packages/rover_navigation/esp8266_bridge.py to esp8266_bridge.cpython-312.pyc
byte-compiling /home/caterpillar/ros2_ws/install/rover_navigation/lib/python3.12/site-packages/rover_navigation/path_executor.py to path_executor.cpython-312.pyc
running install_data
copying resource/rover_navigation -> /home/caterpillar/ros2_ws/install/rover_navigation/share/ament_index/resource_index/packages
copying package.xml -> /home/caterpillar/ros2_ws/install/rover_navigation/share/rover_navigation
copying launch/obstacle_detection.launch.py -> /home/caterpillar/ros2_ws/install/rover_navigation/share/rover_navigation/launch
copying launch/rrt_planner.launch.py -> /home/caterpillar/ros2_ws/install/rover_navigation/share/rover_navigation/launch
copying launch/full_navigation.launch.py -> /home/caterpillar/ros2_ws/install/rover_navigation/share/rover_navigation/launch
copying launch/a_star_lwb_navigation.launch.py -> /home/caterpillar/ros2_ws/install/rover_navigation/share/rover_navigation/launch
copying config/nav2_params.yaml -> /home/caterpillar/ros2_ws/install/rover_navigation/share/rover_navigation/config
copying config/slam_params.yaml -> /home/caterpillar/ros2_ws/install/rover_navigation/share/rover_navigation/config
running install_egg_info
Copying ../../build/rover_navigation/rover_navigation.egg-info to /home/caterpillar/ros2_ws/install/rover_navigation/lib/python3.12/site-packages/rover_navigation-0.0.1-py3.12.egg-info
running install_scripts
Installing a_star_planner script to /home/caterpillar/ros2_ws/install/rover_navigation/lib/rover_navigation
Installing cmdvel_to_wheels script to /home/caterpillar/ros2_ws/install/rover_navigation/lib/rover_navigation
Installing esp8266_bridge script to /home/caterpillar/ros2_ws/install/rover_navigation/lib/rover_navigation
Installing esp_serial_odometry_node script to /home/caterpillar/ros2_ws/install/rover_navigation/lib/rover_navigation
Installing lwb_planner script to /home/caterpillar/ros2_ws/install/rover_navigation/lib/rover_navigation
Installing navigation_dashboard script to /home/caterpillar/ros2_ws/install/rover_navigation/lib/rover_navigation
Installing obstacle_detection script to /home/caterpillar/ros2_ws/install/rover_navigation/lib/rover_navigation
Installing odometry_node script to /home/caterpillar/ros2_ws/install/rover_navigation/lib/rover_navigation
Installing path_executor script to /home/caterpillar/ros2_ws/install/rover_navigation/lib/rover_navigation
Installing planner_manager script to /home/caterpillar/ros2_ws/install/rover_navigation/lib/rover_navigation
Installing rrt_planner script to /home/caterpillar/ros2_ws/install/rover_navigation/lib/rover_navigation
writing list of installed files to '/home/caterpillar/ros2_ws/build/rover_navigation/install.log'
