running egg_info
creating ../../build/rover_navigation/rover_navigation.egg-info
writing ../../build/rover_navigation/rover_navigation.egg-info/PKG-INFO
writing dependency_links to ../../build/rover_navigation/rover_navigation.egg-info/dependency_links.txt
writing entry points to ../../build/rover_navigation/rover_navigation.egg-info/entry_points.txt
writing requirements to ../../build/rover_navigation/rover_navigation.egg-info/requires.txt
writing top-level names to ../../build/rover_navigation/rover_navigation.egg-info/top_level.txt
writing manifest file '../../build/rover_navigation/rover_navigation.egg-info/SOURCES.txt'
reading manifest file '../../build/rover_navigation/rover_navigation.egg-info/SOURCES.txt'
writing manifest file '../../build/rover_navigation/rover_navigation.egg-info/SOURCES.txt'
running build
running build_py
creating /home/caterpillar/ros2_ws/build/rover_navigation/build
creating /home/caterpillar/ros2_ws/build/rover_navigation/build/lib
creating /home/caterpillar/ros2_ws/build/rover_navigation/build/lib/rover_navigation
copying rover_navigation/obstacle_detection.py -> /home/caterpillar/ros2_ws/build/rover_navigation/build/lib/rover_navigation
copying rover_navigation/rrt_planner.py -> /home/caterpillar/ros2_ws/build/rover_navigation/build/lib/rover_navigation
copying rover_navigation/__init__.py -> /home/caterpillar/ros2_ws/build/rover_navigation/build/lib/rover_navigation
copying rover_navigation/path_executor.py -> /home/caterpillar/ros2_ws/build/rover_navigation/build/lib/rover_navigation
running install
running install_lib
creating /home/caterpillar/ros2_ws/install/rover_navigation/lib/python3.12/site-packages/rover_navigation
copying /home/caterpillar/ros2_ws/build/rover_navigation/build/lib/rover_navigation/obstacle_detection.py -> /home/caterpillar/ros2_ws/install/rover_navigation/lib/python3.12/site-packages/rover_navigation
copying /home/caterpillar/ros2_ws/build/rover_navigation/build/lib/rover_navigation/rrt_planner.py -> /home/caterpillar/ros2_ws/install/rover_navigation/lib/python3.12/site-packages/rover_navigation
copying /home/caterpillar/ros2_ws/build/rover_navigation/build/lib/rover_navigation/__init__.py -> /home/caterpillar/ros2_ws/install/rover_navigation/lib/python3.12/site-packages/rover_navigation
copying /home/caterpillar/ros2_ws/build/rover_navigation/build/lib/rover_navigation/path_executor.py -> /home/caterpillar/ros2_ws/install/rover_navigation/lib/python3.12/site-packages/rover_navigation
byte-compiling /home/caterpillar/ros2_ws/install/rover_navigation/lib/python3.12/site-packages/rover_navigation/obstacle_detection.py to obstacle_detection.cpython-312.pyc
byte-compiling /home/caterpillar/ros2_ws/install/rover_navigation/lib/python3.12/site-packages/rover_navigation/rrt_planner.py to rrt_planner.cpython-312.pyc
byte-compiling /home/caterpillar/ros2_ws/install/rover_navigation/lib/python3.12/site-packages/rover_navigation/__init__.py to __init__.cpython-312.pyc
byte-compiling /home/caterpillar/ros2_ws/install/rover_navigation/lib/python3.12/site-packages/rover_navigation/path_executor.py to path_executor.cpython-312.pyc
running install_data
creating /home/caterpillar/ros2_ws/install/rover_navigation/share/ament_index
creating /home/caterpillar/ros2_ws/install/rover_navigation/share/ament_index/resource_index
creating /home/caterpillar/ros2_ws/install/rover_navigation/share/ament_index/resource_index/packages
copying resource/rover_navigation -> /home/caterpillar/ros2_ws/install/rover_navigation/share/ament_index/resource_index/packages
copying package.xml -> /home/caterpillar/ros2_ws/install/rover_navigation/share/rover_navigation
creating /home/caterpillar/ros2_ws/install/rover_navigation/share/rover_navigation/launch
copying launch/obstacle_detection.launch.py -> /home/caterpillar/ros2_ws/install/rover_navigation/share/rover_navigation/launch
copying launch/rrt_planner.launch.py -> /home/caterpillar/ros2_ws/install/rover_navigation/share/rover_navigation/launch
copying launch/full_navigation.launch.py -> /home/caterpillar/ros2_ws/install/rover_navigation/share/rover_navigation/launch
running install_egg_info
Copying ../../build/rover_navigation/rover_navigation.egg-info to /home/caterpillar/ros2_ws/install/rover_navigation/lib/python3.12/site-packages/rover_navigation-0.0.1-py3.12.egg-info
running install_scripts
Installing obstacle_detection script to /home/caterpillar/ros2_ws/install/rover_navigation/lib/rover_navigation
Installing path_executor script to /home/caterpillar/ros2_ws/install/rover_navigation/lib/rover_navigation
Installing rrt_planner script to /home/caterpillar/ros2_ws/install/rover_navigation/lib/rover_navigation
writing list of installed files to '/home/caterpillar/ros2_ws/build/rover_navigation/install.log'
