[0.481s] Invoking command in '/home/caterpillar/ros2_ws/build/rplidar_ros': CMAKE_PREFIX_PATH=${CMAKE_PREFIX_PATH}:/opt/ros/jazzy DEBUGINFOD_URLS=https://debuginfod.ubuntu.com /usr/bin/cmake --build /home/caterpillar/ros2_ws/build/rplidar_ros -- -j4 -l4
[0.618s] [ 77%] Built target rplidar_composition_node
[0.686s] [100%] Built target rplidar_composition
[0.970s] Invoked command in '/home/caterpillar/ros2_ws/build/rplidar_ros' returned '0': CMAKE_PREFIX_PATH=${CMAKE_PREFIX_PATH}:/opt/ros/jazzy DEBUGINFOD_URLS=https://debuginfod.ubuntu.com /usr/bin/cmake --build /home/caterpillar/ros2_ws/build/rplidar_ros -- -j4 -l4
[0.996s] Invoking command in '/home/caterpillar/ros2_ws/build/rplidar_ros': CMAKE_PREFIX_PATH=${CMAKE_PREFIX_PATH}:/opt/ros/jazzy DEBUGINFOD_URLS=https://debuginfod.ubuntu.com /usr/bin/cmake --install /home/caterpillar/ros2_ws/build/rplidar_ros
[1.023s] -- Install configuration: ""
[1.025s] -- Execute custom install script
[1.025s] -- Up-to-date symlink: /home/caterpillar/ros2_ws/install/rplidar_ros/lib/rplidar_ros/rplidar_composition
[1.025s] -- Up-to-date symlink: /home/caterpillar/ros2_ws/install/rplidar_ros/share/rplidar_ros/launch/rplidar.launch.py
[1.025s] -- Up-to-date symlink: /home/caterpillar/ros2_ws/install/rplidar_ros/share/rplidar_ros/launch/rplidar_a3.launch.py
[1.033s] -- Up-to-date symlink: /home/caterpillar/ros2_ws/install/rplidar_ros/share/rplidar_ros/launch/rplidar_s1.launch.py
[1.033s] -- Up-to-date symlink: /home/caterpillar/ros2_ws/install/rplidar_ros/share/rplidar_ros/launch/rplidar_s1_tcp.launch.py
[1.033s] -- Up-to-date symlink: /home/caterpillar/ros2_ws/install/rplidar_ros/share/rplidar_ros/launch/test_rplidar_a3.launch.py
[1.033s] -- Up-to-date symlink: /home/caterpillar/ros2_ws/install/rplidar_ros/share/rplidar_ros/launch/view_rplidar.launch.py
[1.034s] -- Up-to-date symlink: /home/caterpillar/ros2_ws/install/rplidar_ros/share/rplidar_ros/launch/view_rplidar_a3.launch.py
[1.034s] -- Up-to-date symlink: /home/caterpillar/ros2_ws/install/rplidar_ros/share/rplidar_ros/launch/view_rplidar_s1.launch.py
[1.034s] -- Up-to-date symlink: /home/caterpillar/ros2_ws/install/rplidar_ros/share/rplidar_ros/launch/view_rplidar_s1_tcp.launch.py
[1.034s] -- Up-to-date symlink: /home/caterpillar/ros2_ws/install/rplidar_ros/share/rplidar_ros/rviz/rplidar.rviz
[1.034s] -- Up-to-date symlink: /home/caterpillar/ros2_ws/install/rplidar_ros/lib/librplidar_composition_node.so
[1.034s] -- Up-to-date symlink: /home/caterpillar/ros2_ws/install/rplidar_ros/include/rplidar_node.hpp
[1.034s] -- Up-to-date symlink: /home/caterpillar/ros2_ws/install/rplidar_ros/include/visibility.h
[1.034s] -- Up-to-date symlink: /home/caterpillar/ros2_ws/install/rplidar_ros/lib/rplidar_ros/rplidar_composition
[1.035s] -- Up-to-date symlink: /home/caterpillar/ros2_ws/install/rplidar_ros/share/ament_index/resource_index/package_run_dependencies/rplidar_ros
[1.035s] -- Up-to-date symlink: /home/caterpillar/ros2_ws/install/rplidar_ros/share/ament_index/resource_index/parent_prefix_path/rplidar_ros
[1.035s] -- Up-to-date symlink: /home/caterpillar/ros2_ws/install/rplidar_ros/share/rplidar_ros/environment/ament_prefix_path.sh
[1.035s] -- Up-to-date symlink: /home/caterpillar/ros2_ws/install/rplidar_ros/share/rplidar_ros/environment/ament_prefix_path.dsv
[1.035s] -- Up-to-date symlink: /home/caterpillar/ros2_ws/install/rplidar_ros/share/rplidar_ros/environment/path.sh
[1.035s] -- Up-to-date symlink: /home/caterpillar/ros2_ws/install/rplidar_ros/share/rplidar_ros/environment/path.dsv
[1.035s] -- Up-to-date symlink: /home/caterpillar/ros2_ws/install/rplidar_ros/share/rplidar_ros/local_setup.bash
[1.035s] -- Up-to-date symlink: /home/caterpillar/ros2_ws/install/rplidar_ros/share/rplidar_ros/local_setup.sh
[1.041s] -- Up-to-date symlink: /home/caterpillar/ros2_ws/install/rplidar_ros/share/rplidar_ros/local_setup.zsh
[1.041s] -- Up-to-date symlink: /home/caterpillar/ros2_ws/install/rplidar_ros/share/rplidar_ros/local_setup.dsv
[1.041s] -- Symlinking: /home/caterpillar/ros2_ws/install/rplidar_ros/share/rplidar_ros/package.dsv
[1.060s] -- Up-to-date symlink: /home/caterpillar/ros2_ws/install/rplidar_ros/share/ament_index/resource_index/packages/rplidar_ros
[1.062s] -- Up-to-date symlink: /home/caterpillar/ros2_ws/install/rplidar_ros/share/ament_index/resource_index/rclcpp_components/rplidar_ros
[1.062s] -- Up-to-date symlink: /home/caterpillar/ros2_ws/install/rplidar_ros/share/rplidar_ros/cmake/ament_cmake_export_dependencies-extras.cmake
[1.063s] -- Up-to-date symlink: /home/caterpillar/ros2_ws/install/rplidar_ros/share/rplidar_ros/cmake/ament_cmake_export_include_directories-extras.cmake
[1.063s] -- Up-to-date symlink: /home/caterpillar/ros2_ws/install/rplidar_ros/share/rplidar_ros/cmake/rplidar_rosConfig.cmake
[1.063s] -- Up-to-date symlink: /home/caterpillar/ros2_ws/install/rplidar_ros/share/rplidar_ros/cmake/rplidar_rosConfig-version.cmake
[1.063s] -- Up-to-date symlink: /home/caterpillar/ros2_ws/install/rplidar_ros/share/rplidar_ros/package.xml
[1.069s] Invoked command in '/home/caterpillar/ros2_ws/build/rplidar_ros' returned '0': CMAKE_PREFIX_PATH=${CMAKE_PREFIX_PATH}:/opt/ros/jazzy DEBUGINFOD_URLS=https://debuginfod.ubuntu.com /usr/bin/cmake --install /home/caterpillar/ros2_ws/build/rplidar_ros
