[4.692s] Invoking command in '/home/caterpillar/ros2_ws/build/rover_navigation': DEBUGINFOD_URLS=https://debuginfod.ubuntu.com PYTHONPATH=/home/caterpillar/ros2_ws/build/rover_navigation/prefix_override:/usr/lib/python3/dist-packages/colcon_core/task/python/colcon_distutils_commands:/home/caterpillar/ros2_ws/install/rover_navigation/lib/python3.12/site-packages:${PYTHONPATH} /usr/bin/python3 -W ignore:setup.py install is deprecated -W ignore:easy_install command is deprecated setup.py develop --editable --build-directory /home/caterpillar/ros2_ws/build/rover_navigation/build --no-deps symlink_data
[5.829s] running develop
[6.322s] running egg_info
[6.377s] writing rover_navigation.egg-info/PKG-INFO
[6.379s] writing dependency_links to rover_navigation.egg-info/dependency_links.txt
[6.383s] writing entry points to rover_navigation.egg-info/entry_points.txt
[6.383s] writing requirements to rover_navigation.egg-info/requires.txt
[6.384s] writing top-level names to rover_navigation.egg-info/top_level.txt
[6.485s] reading manifest file 'rover_navigation.egg-info/SOURCES.txt'
[6.487s] writing manifest file 'rover_navigation.egg-info/SOURCES.txt'
[6.549s] running build_ext
[6.549s] Creating /home/caterpillar/ros2_ws/install/rover_navigation/lib/python3.12/site-packages/rover-navigation.egg-link (link to .)
[6.551s] Installing a_star_planner script to /home/caterpillar/ros2_ws/install/rover_navigation/lib/rover_navigation
[6.553s] Installing esp8266_bridge script to /home/caterpillar/ros2_ws/install/rover_navigation/lib/rover_navigation
[6.554s] Installing esp_serial_odometry_node script to /home/caterpillar/ros2_ws/install/rover_navigation/lib/rover_navigation
[6.554s] Installing lwb_planner script to /home/caterpillar/ros2_ws/install/rover_navigation/lib/rover_navigation
[6.555s] Installing navigation_dashboard script to /home/caterpillar/ros2_ws/install/rover_navigation/lib/rover_navigation
[6.555s] Installing obstacle_detection script to /home/caterpillar/ros2_ws/install/rover_navigation/lib/rover_navigation
[6.555s] Installing odometry_node script to /home/caterpillar/ros2_ws/install/rover_navigation/lib/rover_navigation
[6.555s] Installing path_executor script to /home/caterpillar/ros2_ws/install/rover_navigation/lib/rover_navigation
[6.555s] Installing planner_manager script to /home/caterpillar/ros2_ws/install/rover_navigation/lib/rover_navigation
[6.555s] Installing rrt_planner script to /home/caterpillar/ros2_ws/install/rover_navigation/lib/rover_navigation
[6.556s] 
[6.556s] Installed /home/caterpillar/ros2_ws/build/rover_navigation
[6.556s] running symlink_data
[7.058s] Invoked command in '/home/caterpillar/ros2_ws/build/rover_navigation' returned '0': DEBUGINFOD_URLS=https://debuginfod.ubuntu.com PYTHONPATH=/home/caterpillar/ros2_ws/build/rover_navigation/prefix_override:/usr/lib/python3/dist-packages/colcon_core/task/python/colcon_distutils_commands:/home/caterpillar/ros2_ws/install/rover_navigation/lib/python3.12/site-packages:${PYTHONPATH} /usr/bin/python3 -W ignore:setup.py install is deprecated -W ignore:easy_install command is deprecated setup.py develop --editable --build-directory /home/caterpillar/ros2_ws/build/rover_navigation/build --no-deps symlink_data
