[0.226s] DEBUG:colcon:Command line arguments: ['/usr/bin/colcon', 'build', '--symlink-install']
[0.226s] DEBUG:colcon:Parsed command line arguments: Namespace(log_base=None, log_level=None, verb_name='build', build_base='build', install_base='install', merge_install=False, symlink_install=True, test_result_base=None, continue_on_error=False, executor='parallel', parallel_workers=4, event_handlers=None, ignore_user_meta=False, metas=['./colcon.meta'], base_paths=['.'], packages_ignore=None, packages_ignore_regex=None, paths=None, packages_up_to=None, packages_up_to_regex=None, packages_above=None, packages_above_and_dependencies=None, packages_above_depth=None, packages_select_by_dep=None, packages_skip_by_dep=None, packages_skip_up_to=None, packages_select_build_failed=False, packages_skip_build_finished=False, packages_select_test_failures=False, packages_skip_test_passed=False, packages_select=None, packages_skip=None, packages_select_regex=None, packages_skip_regex=None, packages_start=None, packages_end=None, allow_overriding=[], cmake_args=None, cmake_target=None, cmake_target_skip_unavailable=False, cmake_clean_cache=False, cmake_clean_first=False, cmake_force_configure=False, ament_cmake_args=None, catkin_cmake_args=None, catkin_skip_building_tests=False, verb_parser=<colcon_defaults.argument_parser.defaults.DefaultArgumentsDecorator object at 0xffffba302de0>, verb_extension=<colcon_core.verb.build.BuildVerb object at 0xffffba260b00>, main=<bound method BuildVerb.main of <colcon_core.verb.build.BuildVerb object at 0xffffba260b00>>)
[0.303s] Level 1:colcon.colcon_core.package_discovery:discover_packages(colcon_meta) check parameters
[0.303s] Level 1:colcon.colcon_core.package_discovery:discover_packages(recursive) check parameters
[0.303s] Level 1:colcon.colcon_core.package_discovery:discover_packages(ignore) check parameters
[0.303s] Level 1:colcon.colcon_core.package_discovery:discover_packages(path) check parameters
[0.303s] Level 1:colcon.colcon_core.package_discovery:discover_packages(colcon_meta) discover
[0.304s] Level 1:colcon.colcon_core.package_discovery:discover_packages(recursive) discover
[0.304s] INFO:colcon.colcon_core.package_discovery:Crawling recursively for packages in '/home/caterpillar/ros2_ws'
[0.304s] Level 1:colcon.colcon_core.package_identification:_identify(.) by extensions ['ignore', 'ignore_ament_install']
[0.304s] Level 1:colcon.colcon_core.package_identification:_identify(.) by extension 'ignore'
[0.304s] Level 1:colcon.colcon_core.package_identification:_identify(.) by extension 'ignore_ament_install'
[0.305s] Level 1:colcon.colcon_core.package_identification:_identify(.) by extensions ['colcon_pkg']
[0.305s] Level 1:colcon.colcon_core.package_identification:_identify(.) by extension 'colcon_pkg'
[0.305s] Level 1:colcon.colcon_core.package_identification:_identify(.) by extensions ['colcon_meta']
[0.305s] Level 1:colcon.colcon_core.package_identification:_identify(.) by extension 'colcon_meta'
[0.305s] Level 1:colcon.colcon_core.package_identification:_identify(.) by extensions ['ros']
[0.305s] Level 1:colcon.colcon_core.package_identification:_identify(.) by extension 'ros'
[0.358s] Level 1:colcon.colcon_core.package_identification:_identify(.) by extensions ['cmake', 'python']
[0.358s] Level 1:colcon.colcon_core.package_identification:_identify(.) by extension 'cmake'
[0.358s] Level 1:colcon.colcon_core.package_identification:_identify(.) by extension 'python'
[0.358s] Level 1:colcon.colcon_core.package_identification:_identify(.) by extensions ['python_setup_py']
[0.358s] Level 1:colcon.colcon_core.package_identification:_identify(.) by extension 'python_setup_py'
[0.359s] Level 1:colcon.colcon_core.package_identification:_identify(build) by extensions ['ignore', 'ignore_ament_install']
[0.359s] Level 1:colcon.colcon_core.package_identification:_identify(build) by extension 'ignore'
[0.359s] Level 1:colcon.colcon_core.package_identification:_identify(build) ignored
[0.360s] Level 1:colcon.colcon_core.package_identification:_identify(config) by extensions ['ignore', 'ignore_ament_install']
[0.360s] Level 1:colcon.colcon_core.package_identification:_identify(config) by extension 'ignore'
[0.360s] Level 1:colcon.colcon_core.package_identification:_identify(config) by extension 'ignore_ament_install'
[0.360s] Level 1:colcon.colcon_core.package_identification:_identify(config) by extensions ['colcon_pkg']
[0.360s] Level 1:colcon.colcon_core.package_identification:_identify(config) by extension 'colcon_pkg'
[0.360s] Level 1:colcon.colcon_core.package_identification:_identify(config) by extensions ['colcon_meta']
[0.360s] Level 1:colcon.colcon_core.package_identification:_identify(config) by extension 'colcon_meta'
[0.361s] Level 1:colcon.colcon_core.package_identification:_identify(config) by extensions ['ros']
[0.361s] Level 1:colcon.colcon_core.package_identification:_identify(config) by extension 'ros'
[0.361s] Level 1:colcon.colcon_core.package_identification:_identify(config) by extensions ['cmake', 'python']
[0.361s] Level 1:colcon.colcon_core.package_identification:_identify(config) by extension 'cmake'
[0.361s] Level 1:colcon.colcon_core.package_identification:_identify(config) by extension 'python'
[0.361s] Level 1:colcon.colcon_core.package_identification:_identify(config) by extensions ['python_setup_py']
[0.361s] Level 1:colcon.colcon_core.package_identification:_identify(config) by extension 'python_setup_py'
[0.361s] Level 1:colcon.colcon_core.package_identification:_identify(install) by extensions ['ignore', 'ignore_ament_install']
[0.361s] Level 1:colcon.colcon_core.package_identification:_identify(install) by extension 'ignore'
[0.361s] Level 1:colcon.colcon_core.package_identification:_identify(install) ignored
[0.361s] Level 1:colcon.colcon_core.package_identification:_identify(launch) by extensions ['ignore', 'ignore_ament_install']
[0.361s] Level 1:colcon.colcon_core.package_identification:_identify(launch) by extension 'ignore'
[0.362s] Level 1:colcon.colcon_core.package_identification:_identify(launch) by extension 'ignore_ament_install'
[0.362s] Level 1:colcon.colcon_core.package_identification:_identify(launch) by extensions ['colcon_pkg']
[0.362s] Level 1:colcon.colcon_core.package_identification:_identify(launch) by extension 'colcon_pkg'
[0.362s] Level 1:colcon.colcon_core.package_identification:_identify(launch) by extensions ['colcon_meta']
[0.362s] Level 1:colcon.colcon_core.package_identification:_identify(launch) by extension 'colcon_meta'
[0.362s] Level 1:colcon.colcon_core.package_identification:_identify(launch) by extensions ['ros']
[0.362s] Level 1:colcon.colcon_core.package_identification:_identify(launch) by extension 'ros'
[0.362s] Level 1:colcon.colcon_core.package_identification:_identify(launch) by extensions ['cmake', 'python']
[0.362s] Level 1:colcon.colcon_core.package_identification:_identify(launch) by extension 'cmake'
[0.362s] Level 1:colcon.colcon_core.package_identification:_identify(launch) by extension 'python'
[0.362s] Level 1:colcon.colcon_core.package_identification:_identify(launch) by extensions ['python_setup_py']
[0.362s] Level 1:colcon.colcon_core.package_identification:_identify(launch) by extension 'python_setup_py'
[0.362s] Level 1:colcon.colcon_core.package_identification:_identify(launch/__pycache__) by extensions ['ignore', 'ignore_ament_install']
[0.362s] Level 1:colcon.colcon_core.package_identification:_identify(launch/__pycache__) by extension 'ignore'
[0.362s] Level 1:colcon.colcon_core.package_identification:_identify(launch/__pycache__) by extension 'ignore_ament_install'
[0.363s] Level 1:colcon.colcon_core.package_identification:_identify(launch/__pycache__) by extensions ['colcon_pkg']
[0.363s] Level 1:colcon.colcon_core.package_identification:_identify(launch/__pycache__) by extension 'colcon_pkg'
[0.363s] Level 1:colcon.colcon_core.package_identification:_identify(launch/__pycache__) by extensions ['colcon_meta']
[0.363s] Level 1:colcon.colcon_core.package_identification:_identify(launch/__pycache__) by extension 'colcon_meta'
[0.363s] Level 1:colcon.colcon_core.package_identification:_identify(launch/__pycache__) by extensions ['ros']
[0.363s] Level 1:colcon.colcon_core.package_identification:_identify(launch/__pycache__) by extension 'ros'
[0.363s] Level 1:colcon.colcon_core.package_identification:_identify(launch/__pycache__) by extensions ['cmake', 'python']
[0.363s] Level 1:colcon.colcon_core.package_identification:_identify(launch/__pycache__) by extension 'cmake'
[0.363s] Level 1:colcon.colcon_core.package_identification:_identify(launch/__pycache__) by extension 'python'
[0.363s] Level 1:colcon.colcon_core.package_identification:_identify(launch/__pycache__) by extensions ['python_setup_py']
[0.363s] Level 1:colcon.colcon_core.package_identification:_identify(launch/__pycache__) by extension 'python_setup_py'
[0.363s] Level 1:colcon.colcon_core.package_identification:_identify(log) by extensions ['ignore', 'ignore_ament_install']
[0.363s] Level 1:colcon.colcon_core.package_identification:_identify(log) by extension 'ignore'
[0.363s] Level 1:colcon.colcon_core.package_identification:_identify(log) ignored
[0.363s] Level 1:colcon.colcon_core.package_identification:_identify(src) by extensions ['ignore', 'ignore_ament_install']
[0.364s] Level 1:colcon.colcon_core.package_identification:_identify(src) by extension 'ignore'
[0.364s] Level 1:colcon.colcon_core.package_identification:_identify(src) by extension 'ignore_ament_install'
[0.364s] Level 1:colcon.colcon_core.package_identification:_identify(src) by extensions ['colcon_pkg']
[0.364s] Level 1:colcon.colcon_core.package_identification:_identify(src) by extension 'colcon_pkg'
[0.364s] Level 1:colcon.colcon_core.package_identification:_identify(src) by extensions ['colcon_meta']
[0.364s] Level 1:colcon.colcon_core.package_identification:_identify(src) by extension 'colcon_meta'
[0.364s] Level 1:colcon.colcon_core.package_identification:_identify(src) by extensions ['ros']
[0.364s] Level 1:colcon.colcon_core.package_identification:_identify(src) by extension 'ros'
[0.364s] Level 1:colcon.colcon_core.package_identification:_identify(src) by extensions ['cmake', 'python']
[0.364s] Level 1:colcon.colcon_core.package_identification:_identify(src) by extension 'cmake'
[0.364s] Level 1:colcon.colcon_core.package_identification:_identify(src) by extension 'python'
[0.364s] Level 1:colcon.colcon_core.package_identification:_identify(src) by extensions ['python_setup_py']
[0.364s] Level 1:colcon.colcon_core.package_identification:_identify(src) by extension 'python_setup_py'
[0.364s] Level 1:colcon.colcon_core.package_identification:_identify(src/bts_motor_controller) by extensions ['ignore', 'ignore_ament_install']
[0.364s] Level 1:colcon.colcon_core.package_identification:_identify(src/bts_motor_controller) by extension 'ignore'
[0.364s] Level 1:colcon.colcon_core.package_identification:_identify(src/bts_motor_controller) by extension 'ignore_ament_install'
[0.365s] Level 1:colcon.colcon_core.package_identification:_identify(src/bts_motor_controller) by extensions ['colcon_pkg']
[0.365s] Level 1:colcon.colcon_core.package_identification:_identify(src/bts_motor_controller) by extension 'colcon_pkg'
[0.365s] Level 1:colcon.colcon_core.package_identification:_identify(src/bts_motor_controller) by extensions ['colcon_meta']
[0.365s] Level 1:colcon.colcon_core.package_identification:_identify(src/bts_motor_controller) by extension 'colcon_meta'
[0.365s] Level 1:colcon.colcon_core.package_identification:_identify(src/bts_motor_controller) by extensions ['ros']
[0.365s] Level 1:colcon.colcon_core.package_identification:_identify(src/bts_motor_controller) by extension 'ros'
[0.368s] DEBUG:colcon.colcon_core.package_identification:Package 'src/bts_motor_controller' with type 'ros.ament_python' and name 'bts_motor_controller'
[0.369s] Level 1:colcon.colcon_core.package_identification:_identify(src/rover_navigation) by extensions ['ignore', 'ignore_ament_install']
[0.369s] Level 1:colcon.colcon_core.package_identification:_identify(src/rover_navigation) by extension 'ignore'
[0.369s] Level 1:colcon.colcon_core.package_identification:_identify(src/rover_navigation) by extension 'ignore_ament_install'
[0.369s] Level 1:colcon.colcon_core.package_identification:_identify(src/rover_navigation) by extensions ['colcon_pkg']
[0.369s] Level 1:colcon.colcon_core.package_identification:_identify(src/rover_navigation) by extension 'colcon_pkg'
[0.369s] Level 1:colcon.colcon_core.package_identification:_identify(src/rover_navigation) by extensions ['colcon_meta']
[0.369s] Level 1:colcon.colcon_core.package_identification:_identify(src/rover_navigation) by extension 'colcon_meta'
[0.369s] Level 1:colcon.colcon_core.package_identification:_identify(src/rover_navigation) by extensions ['ros']
[0.369s] Level 1:colcon.colcon_core.package_identification:_identify(src/rover_navigation) by extension 'ros'
[0.371s] DEBUG:colcon.colcon_core.package_identification:Package 'src/rover_navigation' with type 'ros.ament_python' and name 'rover_navigation'
[0.371s] Level 1:colcon.colcon_core.package_identification:_identify(src/rplidar_ros) by extensions ['ignore', 'ignore_ament_install']
[0.371s] Level 1:colcon.colcon_core.package_identification:_identify(src/rplidar_ros) by extension 'ignore'
[0.371s] Level 1:colcon.colcon_core.package_identification:_identify(src/rplidar_ros) by extension 'ignore_ament_install'
[0.371s] Level 1:colcon.colcon_core.package_identification:_identify(src/rplidar_ros) by extensions ['colcon_pkg']
[0.371s] Level 1:colcon.colcon_core.package_identification:_identify(src/rplidar_ros) by extension 'colcon_pkg'
[0.371s] Level 1:colcon.colcon_core.package_identification:_identify(src/rplidar_ros) by extensions ['colcon_meta']
[0.371s] Level 1:colcon.colcon_core.package_identification:_identify(src/rplidar_ros) by extension 'colcon_meta'
[0.371s] Level 1:colcon.colcon_core.package_identification:_identify(src/rplidar_ros) by extensions ['ros']
[0.371s] Level 1:colcon.colcon_core.package_identification:_identify(src/rplidar_ros) by extension 'ros'
[0.372s] DEBUG:colcon.colcon_core.package_identification:Package 'src/rplidar_ros' with type 'ros.ament_cmake' and name 'rplidar_ros'
[0.372s] Level 1:colcon.colcon_core.package_identification:_identify(src/simple_rover_description) by extensions ['ignore', 'ignore_ament_install']
[0.372s] Level 1:colcon.colcon_core.package_identification:_identify(src/simple_rover_description) by extension 'ignore'
[0.372s] Level 1:colcon.colcon_core.package_identification:_identify(src/simple_rover_description) by extension 'ignore_ament_install'
[0.373s] Level 1:colcon.colcon_core.package_identification:_identify(src/simple_rover_description) by extensions ['colcon_pkg']
[0.373s] Level 1:colcon.colcon_core.package_identification:_identify(src/simple_rover_description) by extension 'colcon_pkg'
[0.373s] Level 1:colcon.colcon_core.package_identification:_identify(src/simple_rover_description) by extensions ['colcon_meta']
[0.373s] Level 1:colcon.colcon_core.package_identification:_identify(src/simple_rover_description) by extension 'colcon_meta'
[0.373s] Level 1:colcon.colcon_core.package_identification:_identify(src/simple_rover_description) by extensions ['ros']
[0.373s] Level 1:colcon.colcon_core.package_identification:_identify(src/simple_rover_description) by extension 'ros'
[0.373s] Level 1:colcon.colcon_core.package_identification:_identify(src/simple_rover_description) by extensions ['cmake', 'python']
[0.373s] Level 1:colcon.colcon_core.package_identification:_identify(src/simple_rover_description) by extension 'cmake'
[0.373s] Level 1:colcon.colcon_core.package_identification:_identify(src/simple_rover_description) by extension 'python'
[0.373s] Level 1:colcon.colcon_core.package_identification:_identify(src/simple_rover_description) by extensions ['python_setup_py']
[0.373s] Level 1:colcon.colcon_core.package_identification:_identify(src/simple_rover_description) by extension 'python_setup_py'
[0.373s] Level 1:colcon.colcon_core.package_identification:_identify(src/simple_rover_description/urdf) by extensions ['ignore', 'ignore_ament_install']
[0.374s] Level 1:colcon.colcon_core.package_identification:_identify(src/simple_rover_description/urdf) by extension 'ignore'
[0.374s] Level 1:colcon.colcon_core.package_identification:_identify(src/simple_rover_description/urdf) by extension 'ignore_ament_install'
[0.374s] Level 1:colcon.colcon_core.package_identification:_identify(src/simple_rover_description/urdf) by extensions ['colcon_pkg']
[0.374s] Level 1:colcon.colcon_core.package_identification:_identify(src/simple_rover_description/urdf) by extension 'colcon_pkg'
[0.374s] Level 1:colcon.colcon_core.package_identification:_identify(src/simple_rover_description/urdf) by extensions ['colcon_meta']
[0.374s] Level 1:colcon.colcon_core.package_identification:_identify(src/simple_rover_description/urdf) by extension 'colcon_meta'
[0.374s] Level 1:colcon.colcon_core.package_identification:_identify(src/simple_rover_description/urdf) by extensions ['ros']
[0.374s] Level 1:colcon.colcon_core.package_identification:_identify(src/simple_rover_description/urdf) by extension 'ros'
[0.374s] Level 1:colcon.colcon_core.package_identification:_identify(src/simple_rover_description/urdf) by extensions ['cmake', 'python']
[0.374s] Level 1:colcon.colcon_core.package_identification:_identify(src/simple_rover_description/urdf) by extension 'cmake'
[0.375s] Level 1:colcon.colcon_core.package_identification:_identify(src/simple_rover_description/urdf) by extension 'python'
[0.375s] Level 1:colcon.colcon_core.package_identification:_identify(src/simple_rover_description/urdf) by extensions ['python_setup_py']
[0.375s] Level 1:colcon.colcon_core.package_identification:_identify(src/simple_rover_description/urdf) by extension 'python_setup_py'
[0.375s] Level 1:colcon.colcon_core.package_identification:_identify(src/your_robot_bringup) by extensions ['ignore', 'ignore_ament_install']
[0.375s] Level 1:colcon.colcon_core.package_identification:_identify(src/your_robot_bringup) by extension 'ignore'
[0.375s] Level 1:colcon.colcon_core.package_identification:_identify(src/your_robot_bringup) by extension 'ignore_ament_install'
[0.375s] Level 1:colcon.colcon_core.package_identification:_identify(src/your_robot_bringup) by extensions ['colcon_pkg']
[0.375s] Level 1:colcon.colcon_core.package_identification:_identify(src/your_robot_bringup) by extension 'colcon_pkg'
[0.375s] Level 1:colcon.colcon_core.package_identification:_identify(src/your_robot_bringup) by extensions ['colcon_meta']
[0.375s] Level 1:colcon.colcon_core.package_identification:_identify(src/your_robot_bringup) by extension 'colcon_meta'
[0.376s] Level 1:colcon.colcon_core.package_identification:_identify(src/your_robot_bringup) by extensions ['ros']
[0.376s] Level 1:colcon.colcon_core.package_identification:_identify(src/your_robot_bringup) by extension 'ros'
[0.377s] DEBUG:colcon.colcon_core.package_identification:Package 'src/your_robot_bringup' with type 'ros.ament_python' and name 'your_robot_bringup'
[0.378s] Level 1:colcon.colcon_core.package_identification:_identify(urdf) by extensions ['ignore', 'ignore_ament_install']
[0.378s] Level 1:colcon.colcon_core.package_identification:_identify(urdf) by extension 'ignore'
[0.378s] Level 1:colcon.colcon_core.package_identification:_identify(urdf) by extension 'ignore_ament_install'
[0.378s] Level 1:colcon.colcon_core.package_identification:_identify(urdf) by extensions ['colcon_pkg']
[0.378s] Level 1:colcon.colcon_core.package_identification:_identify(urdf) by extension 'colcon_pkg'
[0.378s] Level 1:colcon.colcon_core.package_identification:_identify(urdf) by extensions ['colcon_meta']
[0.378s] Level 1:colcon.colcon_core.package_identification:_identify(urdf) by extension 'colcon_meta'
[0.378s] Level 1:colcon.colcon_core.package_identification:_identify(urdf) by extensions ['ros']
[0.378s] Level 1:colcon.colcon_core.package_identification:_identify(urdf) by extension 'ros'
[0.378s] Level 1:colcon.colcon_core.package_identification:_identify(urdf) by extensions ['cmake', 'python']
[0.378s] Level 1:colcon.colcon_core.package_identification:_identify(urdf) by extension 'cmake'
[0.378s] Level 1:colcon.colcon_core.package_identification:_identify(urdf) by extension 'python'
[0.379s] Level 1:colcon.colcon_core.package_identification:_identify(urdf) by extensions ['python_setup_py']
[0.379s] Level 1:colcon.colcon_core.package_identification:_identify(urdf) by extension 'python_setup_py'
[0.379s] Level 1:colcon.colcon_core.package_discovery:discover_packages(recursive) using defaults
[0.379s] Level 1:colcon.colcon_core.package_discovery:discover_packages(ignore) discover
[0.379s] Level 1:colcon.colcon_core.package_discovery:discover_packages(ignore) using defaults
[0.379s] Level 1:colcon.colcon_core.package_discovery:discover_packages(path) discover
[0.379s] Level 1:colcon.colcon_core.package_discovery:discover_packages(path) using defaults
[0.412s] Level 1:colcon.colcon_core.package_discovery:discover_packages(prefix_path) check parameters
[0.412s] Level 1:colcon.colcon_core.package_discovery:discover_packages(prefix_path) discover
[0.418s] DEBUG:colcon.colcon_installed_package_information.package_discovery:Found 383 installed packages in /opt/ros/jazzy
[0.420s] Level 1:colcon.colcon_core.package_discovery:discover_packages(prefix_path) using defaults
[0.513s] Level 5:colcon.colcon_core.verb:set package 'bts_motor_controller' build argument 'cmake_args' from command line to 'None'
[0.513s] Level 5:colcon.colcon_core.verb:set package 'bts_motor_controller' build argument 'cmake_target' from command line to 'None'
[0.513s] Level 5:colcon.colcon_core.verb:set package 'bts_motor_controller' build argument 'cmake_target_skip_unavailable' from command line to 'False'
[0.514s] Level 5:colcon.colcon_core.verb:set package 'bts_motor_controller' build argument 'cmake_clean_cache' from command line to 'False'
[0.514s] Level 5:colcon.colcon_core.verb:set package 'bts_motor_controller' build argument 'cmake_clean_first' from command line to 'False'
[0.514s] Level 5:colcon.colcon_core.verb:set package 'bts_motor_controller' build argument 'cmake_force_configure' from command line to 'False'
[0.514s] Level 5:colcon.colcon_core.verb:set package 'bts_motor_controller' build argument 'ament_cmake_args' from command line to 'None'
[0.514s] Level 5:colcon.colcon_core.verb:set package 'bts_motor_controller' build argument 'catkin_cmake_args' from command line to 'None'
[0.514s] Level 5:colcon.colcon_core.verb:set package 'bts_motor_controller' build argument 'catkin_skip_building_tests' from command line to 'False'
[0.514s] DEBUG:colcon.colcon_core.verb:Building package 'bts_motor_controller' with the following arguments: {'ament_cmake_args': None, 'build_base': '/home/caterpillar/ros2_ws/build/bts_motor_controller', 'catkin_cmake_args': None, 'catkin_skip_building_tests': False, 'cmake_args': None, 'cmake_clean_cache': False, 'cmake_clean_first': False, 'cmake_force_configure': False, 'cmake_target': None, 'cmake_target_skip_unavailable': False, 'install_base': '/home/caterpillar/ros2_ws/install/bts_motor_controller', 'merge_install': False, 'path': '/home/caterpillar/ros2_ws/src/bts_motor_controller', 'symlink_install': True, 'test_result_base': None}
[0.514s] Level 5:colcon.colcon_core.verb:set package 'rover_navigation' build argument 'cmake_args' from command line to 'None'
[0.514s] Level 5:colcon.colcon_core.verb:set package 'rover_navigation' build argument 'cmake_target' from command line to 'None'
[0.514s] Level 5:colcon.colcon_core.verb:set package 'rover_navigation' build argument 'cmake_target_skip_unavailable' from command line to 'False'
[0.515s] Level 5:colcon.colcon_core.verb:set package 'rover_navigation' build argument 'cmake_clean_cache' from command line to 'False'
[0.515s] Level 5:colcon.colcon_core.verb:set package 'rover_navigation' build argument 'cmake_clean_first' from command line to 'False'
[0.515s] Level 5:colcon.colcon_core.verb:set package 'rover_navigation' build argument 'cmake_force_configure' from command line to 'False'
[0.515s] Level 5:colcon.colcon_core.verb:set package 'rover_navigation' build argument 'ament_cmake_args' from command line to 'None'
[0.515s] Level 5:colcon.colcon_core.verb:set package 'rover_navigation' build argument 'catkin_cmake_args' from command line to 'None'
[0.515s] Level 5:colcon.colcon_core.verb:set package 'rover_navigation' build argument 'catkin_skip_building_tests' from command line to 'False'
[0.515s] DEBUG:colcon.colcon_core.verb:Building package 'rover_navigation' with the following arguments: {'ament_cmake_args': None, 'build_base': '/home/caterpillar/ros2_ws/build/rover_navigation', 'catkin_cmake_args': None, 'catkin_skip_building_tests': False, 'cmake_args': None, 'cmake_clean_cache': False, 'cmake_clean_first': False, 'cmake_force_configure': False, 'cmake_target': None, 'cmake_target_skip_unavailable': False, 'install_base': '/home/caterpillar/ros2_ws/install/rover_navigation', 'merge_install': False, 'path': '/home/caterpillar/ros2_ws/src/rover_navigation', 'symlink_install': True, 'test_result_base': None}
[0.515s] Level 5:colcon.colcon_core.verb:set package 'rplidar_ros' build argument 'cmake_args' from command line to 'None'
[0.515s] Level 5:colcon.colcon_core.verb:set package 'rplidar_ros' build argument 'cmake_target' from command line to 'None'
[0.516s] Level 5:colcon.colcon_core.verb:set package 'rplidar_ros' build argument 'cmake_target_skip_unavailable' from command line to 'False'
[0.516s] Level 5:colcon.colcon_core.verb:set package 'rplidar_ros' build argument 'cmake_clean_cache' from command line to 'False'
[0.516s] Level 5:colcon.colcon_core.verb:set package 'rplidar_ros' build argument 'cmake_clean_first' from command line to 'False'
[0.516s] Level 5:colcon.colcon_core.verb:set package 'rplidar_ros' build argument 'cmake_force_configure' from command line to 'False'
[0.516s] Level 5:colcon.colcon_core.verb:set package 'rplidar_ros' build argument 'ament_cmake_args' from command line to 'None'
[0.516s] Level 5:colcon.colcon_core.verb:set package 'rplidar_ros' build argument 'catkin_cmake_args' from command line to 'None'
[0.516s] Level 5:colcon.colcon_core.verb:set package 'rplidar_ros' build argument 'catkin_skip_building_tests' from command line to 'False'
[0.516s] DEBUG:colcon.colcon_core.verb:Building package 'rplidar_ros' with the following arguments: {'ament_cmake_args': None, 'build_base': '/home/caterpillar/ros2_ws/build/rplidar_ros', 'catkin_cmake_args': None, 'catkin_skip_building_tests': False, 'cmake_args': None, 'cmake_clean_cache': False, 'cmake_clean_first': False, 'cmake_force_configure': False, 'cmake_target': None, 'cmake_target_skip_unavailable': False, 'install_base': '/home/caterpillar/ros2_ws/install/rplidar_ros', 'merge_install': False, 'path': '/home/caterpillar/ros2_ws/src/rplidar_ros', 'symlink_install': True, 'test_result_base': None}
[0.516s] Level 5:colcon.colcon_core.verb:set package 'your_robot_bringup' build argument 'cmake_args' from command line to 'None'
[0.516s] Level 5:colcon.colcon_core.verb:set package 'your_robot_bringup' build argument 'cmake_target' from command line to 'None'
[0.516s] Level 5:colcon.colcon_core.verb:set package 'your_robot_bringup' build argument 'cmake_target_skip_unavailable' from command line to 'False'
[0.516s] Level 5:colcon.colcon_core.verb:set package 'your_robot_bringup' build argument 'cmake_clean_cache' from command line to 'False'
[0.516s] Level 5:colcon.colcon_core.verb:set package 'your_robot_bringup' build argument 'cmake_clean_first' from command line to 'False'
[0.516s] Level 5:colcon.colcon_core.verb:set package 'your_robot_bringup' build argument 'cmake_force_configure' from command line to 'False'
[0.516s] Level 5:colcon.colcon_core.verb:set package 'your_robot_bringup' build argument 'ament_cmake_args' from command line to 'None'
[0.516s] Level 5:colcon.colcon_core.verb:set package 'your_robot_bringup' build argument 'catkin_cmake_args' from command line to 'None'
[0.516s] Level 5:colcon.colcon_core.verb:set package 'your_robot_bringup' build argument 'catkin_skip_building_tests' from command line to 'False'
[0.516s] DEBUG:colcon.colcon_core.verb:Building package 'your_robot_bringup' with the following arguments: {'ament_cmake_args': None, 'build_base': '/home/caterpillar/ros2_ws/build/your_robot_bringup', 'catkin_cmake_args': None, 'catkin_skip_building_tests': False, 'cmake_args': None, 'cmake_clean_cache': False, 'cmake_clean_first': False, 'cmake_force_configure': False, 'cmake_target': None, 'cmake_target_skip_unavailable': False, 'install_base': '/home/caterpillar/ros2_ws/install/your_robot_bringup', 'merge_install': False, 'path': '/home/caterpillar/ros2_ws/src/your_robot_bringup', 'symlink_install': True, 'test_result_base': None}
[0.517s] INFO:colcon.colcon_core.executor:Executing jobs using 'parallel' executor
[0.518s] DEBUG:colcon.colcon_parallel_executor.executor.parallel:run_until_complete
[0.519s] INFO:colcon.colcon_ros.task.ament_python.build:Building ROS package in '/home/caterpillar/ros2_ws/src/bts_motor_controller' with build type 'ament_python'
[0.519s] Level 1:colcon.colcon_core.shell:create_environment_hook('bts_motor_controller', 'ament_prefix_path')
[0.524s] INFO:colcon.colcon_core.plugin_system:Skipping extension 'colcon_core.shell.bat': Not used on non-Windows systems
[0.526s] INFO:colcon.colcon_core.shell:Creating environment hook '/home/caterpillar/ros2_ws/install/bts_motor_controller/share/bts_motor_controller/hook/ament_prefix_path.ps1'
[0.530s] INFO:colcon.colcon_core.shell:Creating environment descriptor '/home/caterpillar/ros2_ws/install/bts_motor_controller/share/bts_motor_controller/hook/ament_prefix_path.dsv'
[0.534s] INFO:colcon.colcon_core.shell:Creating environment hook '/home/caterpillar/ros2_ws/install/bts_motor_controller/share/bts_motor_controller/hook/ament_prefix_path.sh'
[0.536s] INFO:colcon.colcon_core.shell:Skip shell extension 'powershell' for command environment: Not usable outside of PowerShell
[0.536s] DEBUG:colcon.colcon_core.shell:Skip shell extension 'dsv' for command environment
[0.544s] INFO:colcon.colcon_ros.task.ament_cmake.build:Building ROS package in '/home/caterpillar/ros2_ws/src/rplidar_ros' with build type 'ament_cmake'
[0.544s] INFO:colcon.colcon_cmake.task.cmake.build:Building CMake package in '/home/caterpillar/ros2_ws/src/rplidar_ros'
[0.545s] INFO:colcon.colcon_core.shell:Skip shell extension 'powershell' for command environment: Not usable outside of PowerShell
[0.545s] DEBUG:colcon.colcon_core.shell:Skip shell extension 'dsv' for command environment
[0.553s] INFO:colcon.colcon_ros.task.ament_python.build:Building ROS package in '/home/caterpillar/ros2_ws/src/rover_navigation' with build type 'ament_python'
[0.553s] Level 1:colcon.colcon_core.shell:create_environment_hook('rover_navigation', 'ament_prefix_path')
[0.554s] INFO:colcon.colcon_core.shell:Creating environment hook '/home/caterpillar/ros2_ws/install/rover_navigation/share/rover_navigation/hook/ament_prefix_path.ps1'
[0.554s] INFO:colcon.colcon_core.shell:Creating environment descriptor '/home/caterpillar/ros2_ws/install/rover_navigation/share/rover_navigation/hook/ament_prefix_path.dsv'
[0.555s] INFO:colcon.colcon_core.shell:Creating environment hook '/home/caterpillar/ros2_ws/install/rover_navigation/share/rover_navigation/hook/ament_prefix_path.sh'
[0.557s] INFO:colcon.colcon_core.shell:Skip shell extension 'powershell' for command environment: Not usable outside of PowerShell
[0.558s] DEBUG:colcon.colcon_core.shell:Skip shell extension 'dsv' for command environment
[1.117s] INFO:colcon.colcon_core.task.python.build:Building Python package in '/home/caterpillar/ros2_ws/src/bts_motor_controller'
[1.118s] INFO:colcon.colcon_core.shell:Skip shell extension 'powershell' for command environment: Not usable outside of PowerShell
[1.118s] DEBUG:colcon.colcon_core.shell:Skip shell extension 'dsv' for command environment
[1.137s] DEBUG:colcon.colcon_core.event_handler.log_command:Invoking command in '/home/caterpillar/ros2_ws/build/rplidar_ros': CMAKE_PREFIX_PATH=${CMAKE_PREFIX_PATH}:/opt/ros/jazzy DEBUGINFOD_URLS=https://debuginfod.ubuntu.com /usr/bin/cmake --build /home/caterpillar/ros2_ws/build/rplidar_ros -- -j4 -l4
[1.736s] INFO:colcon.colcon_core.task.python.build:Building Python package in '/home/caterpillar/ros2_ws/src/rover_navigation'
[1.736s] INFO:colcon.colcon_core.shell:Skip shell extension 'powershell' for command environment: Not usable outside of PowerShell
[1.736s] DEBUG:colcon.colcon_core.shell:Skip shell extension 'dsv' for command environment
[1.749s] DEBUG:colcon.colcon_core.event_handler.log_command:Invoked command in '/home/caterpillar/ros2_ws/build/rplidar_ros' returned '0': CMAKE_PREFIX_PATH=${CMAKE_PREFIX_PATH}:/opt/ros/jazzy DEBUGINFOD_URLS=https://debuginfod.ubuntu.com /usr/bin/cmake --build /home/caterpillar/ros2_ws/build/rplidar_ros -- -j4 -l4
[1.781s] DEBUG:colcon.colcon_core.event_handler.log_command:Invoking command in '/home/caterpillar/ros2_ws/build/rplidar_ros': CMAKE_PREFIX_PATH=${CMAKE_PREFIX_PATH}:/opt/ros/jazzy DEBUGINFOD_URLS=https://debuginfod.ubuntu.com /usr/bin/cmake --install /home/caterpillar/ros2_ws/build/rplidar_ros
[1.895s] Level 1:colcon.colcon_core.environment:create_environment_scripts_only(rplidar_ros)
[1.897s] DEBUG:colcon.colcon_core.event_handler.log_command:Invoked command in '/home/caterpillar/ros2_ws/build/rplidar_ros' returned '0': CMAKE_PREFIX_PATH=${CMAKE_PREFIX_PATH}:/opt/ros/jazzy DEBUGINFOD_URLS=https://debuginfod.ubuntu.com /usr/bin/cmake --install /home/caterpillar/ros2_ws/build/rplidar_ros
[1.902s] Level 1:colcon.colcon_core.environment:checking '/home/caterpillar/ros2_ws/install/rplidar_ros' for CMake module files
[1.904s] Level 1:colcon.colcon_core.environment:checking '/home/caterpillar/ros2_ws/install/rplidar_ros' for CMake config files
[1.906s] Level 1:colcon.colcon_core.shell:create_environment_hook('rplidar_ros', 'cmake_prefix_path')
[1.907s] INFO:colcon.colcon_core.shell:Creating environment hook '/home/caterpillar/ros2_ws/install/rplidar_ros/share/rplidar_ros/hook/cmake_prefix_path.ps1'
[1.909s] INFO:colcon.colcon_core.shell:Creating environment descriptor '/home/caterpillar/ros2_ws/install/rplidar_ros/share/rplidar_ros/hook/cmake_prefix_path.dsv'
[1.912s] INFO:colcon.colcon_core.shell:Creating environment hook '/home/caterpillar/ros2_ws/install/rplidar_ros/share/rplidar_ros/hook/cmake_prefix_path.sh'
[1.915s] Level 1:colcon.colcon_core.environment:checking '/home/caterpillar/ros2_ws/install/rplidar_ros/lib'
[1.916s] Level 1:colcon.colcon_core.shell:create_environment_hook('rplidar_ros', 'ld_library_path_lib')
[1.917s] INFO:colcon.colcon_core.shell:Creating environment hook '/home/caterpillar/ros2_ws/install/rplidar_ros/share/rplidar_ros/hook/ld_library_path_lib.ps1'
[1.919s] INFO:colcon.colcon_core.shell:Creating environment descriptor '/home/caterpillar/ros2_ws/install/rplidar_ros/share/rplidar_ros/hook/ld_library_path_lib.dsv'
[1.920s] INFO:colcon.colcon_core.shell:Creating environment hook '/home/caterpillar/ros2_ws/install/rplidar_ros/share/rplidar_ros/hook/ld_library_path_lib.sh'
[1.921s] Level 1:colcon.colcon_core.environment:checking '/home/caterpillar/ros2_ws/install/rplidar_ros/bin'
[1.922s] Level 1:colcon.colcon_core.environment:checking '/home/caterpillar/ros2_ws/install/rplidar_ros/lib/pkgconfig/rplidar_ros.pc'
[1.922s] Level 1:colcon.colcon_core.environment:checking '/home/caterpillar/ros2_ws/install/rplidar_ros/lib/python3.12/site-packages'
[1.923s] Level 1:colcon.colcon_core.environment:checking '/home/caterpillar/ros2_ws/install/rplidar_ros/bin'
[1.923s] INFO:colcon.colcon_core.shell:Creating package script '/home/caterpillar/ros2_ws/install/rplidar_ros/share/rplidar_ros/package.ps1'
[1.925s] INFO:colcon.colcon_core.shell:Creating package descriptor '/home/caterpillar/ros2_ws/install/rplidar_ros/share/rplidar_ros/package.dsv'
[1.926s] INFO:colcon.colcon_core.shell:Creating package script '/home/caterpillar/ros2_ws/install/rplidar_ros/share/rplidar_ros/package.sh'
[1.931s] INFO:colcon.colcon_core.shell:Creating package script '/home/caterpillar/ros2_ws/install/rplidar_ros/share/rplidar_ros/package.bash'
[1.935s] INFO:colcon.colcon_core.shell:Creating package script '/home/caterpillar/ros2_ws/install/rplidar_ros/share/rplidar_ros/package.zsh'
[1.938s] Level 1:colcon.colcon_core.environment:create_file_with_runtime_dependencies(/home/caterpillar/ros2_ws/install/rplidar_ros/share/colcon-core/packages/rplidar_ros)
[1.942s] Level 1:colcon.colcon_core.environment:create_environment_scripts_only(rplidar_ros)
[1.944s] Level 1:colcon.colcon_core.environment:checking '/home/caterpillar/ros2_ws/install/rplidar_ros' for CMake module files
[1.947s] Level 1:colcon.colcon_core.environment:checking '/home/caterpillar/ros2_ws/install/rplidar_ros' for CMake config files
[1.948s] Level 1:colcon.colcon_core.shell:create_environment_hook('rplidar_ros', 'cmake_prefix_path')
[1.949s] INFO:colcon.colcon_core.shell:Creating environment hook '/home/caterpillar/ros2_ws/install/rplidar_ros/share/rplidar_ros/hook/cmake_prefix_path.ps1'
[1.952s] INFO:colcon.colcon_core.shell:Creating environment descriptor '/home/caterpillar/ros2_ws/install/rplidar_ros/share/rplidar_ros/hook/cmake_prefix_path.dsv'
[1.955s] INFO:colcon.colcon_core.shell:Creating environment hook '/home/caterpillar/ros2_ws/install/rplidar_ros/share/rplidar_ros/hook/cmake_prefix_path.sh'
[1.958s] Level 1:colcon.colcon_core.environment:checking '/home/caterpillar/ros2_ws/install/rplidar_ros/lib'
[1.959s] Level 1:colcon.colcon_core.shell:create_environment_hook('rplidar_ros', 'ld_library_path_lib')
[1.960s] INFO:colcon.colcon_core.shell:Creating environment hook '/home/caterpillar/ros2_ws/install/rplidar_ros/share/rplidar_ros/hook/ld_library_path_lib.ps1'
[1.962s] INFO:colcon.colcon_core.shell:Creating environment descriptor '/home/caterpillar/ros2_ws/install/rplidar_ros/share/rplidar_ros/hook/ld_library_path_lib.dsv'
[1.964s] INFO:colcon.colcon_core.shell:Creating environment hook '/home/caterpillar/ros2_ws/install/rplidar_ros/share/rplidar_ros/hook/ld_library_path_lib.sh'
[1.966s] Level 1:colcon.colcon_core.environment:checking '/home/caterpillar/ros2_ws/install/rplidar_ros/bin'
[1.967s] Level 1:colcon.colcon_core.environment:checking '/home/caterpillar/ros2_ws/install/rplidar_ros/lib/pkgconfig/rplidar_ros.pc'
[1.967s] Level 1:colcon.colcon_core.environment:checking '/home/caterpillar/ros2_ws/install/rplidar_ros/lib/python3.12/site-packages'
[1.968s] Level 1:colcon.colcon_core.environment:checking '/home/caterpillar/ros2_ws/install/rplidar_ros/bin'
[1.969s] INFO:colcon.colcon_core.shell:Creating package script '/home/caterpillar/ros2_ws/install/rplidar_ros/share/rplidar_ros/package.ps1'
[1.973s] INFO:colcon.colcon_core.shell:Creating package descriptor '/home/caterpillar/ros2_ws/install/rplidar_ros/share/rplidar_ros/package.dsv'
[1.976s] INFO:colcon.colcon_core.shell:Creating package script '/home/caterpillar/ros2_ws/install/rplidar_ros/share/rplidar_ros/package.sh'
[1.978s] INFO:colcon.colcon_core.shell:Creating package script '/home/caterpillar/ros2_ws/install/rplidar_ros/share/rplidar_ros/package.bash'
[1.980s] INFO:colcon.colcon_core.shell:Creating package script '/home/caterpillar/ros2_ws/install/rplidar_ros/share/rplidar_ros/package.zsh'
[1.982s] Level 1:colcon.colcon_core.environment:create_file_with_runtime_dependencies(/home/caterpillar/ros2_ws/install/rplidar_ros/share/colcon-core/packages/rplidar_ros)
[3.345s] DEBUG:colcon.colcon_core.event_handler.log_command:Invoking command in '/home/caterpillar/ros2_ws/build/bts_motor_controller': DEBUGINFOD_URLS=https://debuginfod.ubuntu.com PYTHONPATH=/home/caterpillar/ros2_ws/build/bts_motor_controller/prefix_override:/usr/lib/python3/dist-packages/colcon_core/task/python/colcon_distutils_commands:/home/caterpillar/ros2_ws/install/bts_motor_controller/lib/python3.12/site-packages:${PYTHONPATH} /usr/bin/python3 -W ignore:setup.py install is deprecated -W ignore:easy_install command is deprecated setup.py develop --editable --build-directory /home/caterpillar/ros2_ws/build/bts_motor_controller/build --no-deps symlink_data
[3.421s] DEBUG:colcon.colcon_core.event_handler.log_command:Invoking command in '/home/caterpillar/ros2_ws/build/rover_navigation': DEBUGINFOD_URLS=https://debuginfod.ubuntu.com PYTHONPATH=/home/caterpillar/ros2_ws/build/rover_navigation/prefix_override:/usr/lib/python3/dist-packages/colcon_core/task/python/colcon_distutils_commands:/home/caterpillar/ros2_ws/install/rover_navigation/lib/python3.12/site-packages:${PYTHONPATH} /usr/bin/python3 -W ignore:setup.py install is deprecated -W ignore:easy_install command is deprecated setup.py develop --editable --build-directory /home/caterpillar/ros2_ws/build/rover_navigation/build --no-deps symlink_data
[5.121s] Level 1:colcon.colcon_core.shell:create_environment_hook('bts_motor_controller', 'pythonpath_develop')
[5.123s] INFO:colcon.colcon_core.shell:Creating environment hook '/home/caterpillar/ros2_ws/build/bts_motor_controller/share/bts_motor_controller/hook/pythonpath_develop.ps1'
[5.122s] DEBUG:colcon.colcon_core.event_handler.log_command:Invoked command in '/home/caterpillar/ros2_ws/build/bts_motor_controller' returned '0': DEBUGINFOD_URLS=https://debuginfod.ubuntu.com PYTHONPATH=/home/caterpillar/ros2_ws/build/bts_motor_controller/prefix_override:/usr/lib/python3/dist-packages/colcon_core/task/python/colcon_distutils_commands:/home/caterpillar/ros2_ws/install/bts_motor_controller/lib/python3.12/site-packages:${PYTHONPATH} /usr/bin/python3 -W ignore:setup.py install is deprecated -W ignore:easy_install command is deprecated setup.py develop --editable --build-directory /home/caterpillar/ros2_ws/build/bts_motor_controller/build --no-deps symlink_data
[5.125s] INFO:colcon.colcon_core.shell:Creating environment descriptor '/home/caterpillar/ros2_ws/build/bts_motor_controller/share/bts_motor_controller/hook/pythonpath_develop.dsv'
[5.128s] INFO:colcon.colcon_core.shell:Creating environment hook '/home/caterpillar/ros2_ws/build/bts_motor_controller/share/bts_motor_controller/hook/pythonpath_develop.sh'
[5.130s] Level 1:colcon.colcon_core.environment:checking '/home/caterpillar/ros2_ws/install/bts_motor_controller' for CMake module files
[5.132s] Level 1:colcon.colcon_core.environment:checking '/home/caterpillar/ros2_ws/install/bts_motor_controller' for CMake config files
[5.134s] Level 1:colcon.colcon_core.environment:checking '/home/caterpillar/ros2_ws/install/bts_motor_controller/lib'
[5.135s] Level 1:colcon.colcon_core.environment:checking '/home/caterpillar/ros2_ws/install/bts_motor_controller/bin'
[5.135s] Level 1:colcon.colcon_core.environment:checking '/home/caterpillar/ros2_ws/install/bts_motor_controller/lib/pkgconfig/bts_motor_controller.pc'
[5.136s] Level 1:colcon.colcon_core.environment:checking '/home/caterpillar/ros2_ws/install/bts_motor_controller/lib/python3.12/site-packages'
[5.136s] Level 1:colcon.colcon_core.shell:create_environment_hook('bts_motor_controller', 'pythonpath')
[5.137s] INFO:colcon.colcon_core.shell:Creating environment hook '/home/caterpillar/ros2_ws/install/bts_motor_controller/share/bts_motor_controller/hook/pythonpath.ps1'
[5.139s] INFO:colcon.colcon_core.shell:Creating environment descriptor '/home/caterpillar/ros2_ws/install/bts_motor_controller/share/bts_motor_controller/hook/pythonpath.dsv'
[5.140s] INFO:colcon.colcon_core.shell:Creating environment hook '/home/caterpillar/ros2_ws/install/bts_motor_controller/share/bts_motor_controller/hook/pythonpath.sh'
[5.143s] Level 1:colcon.colcon_core.environment:checking '/home/caterpillar/ros2_ws/install/bts_motor_controller/bin'
[5.143s] Level 1:colcon.colcon_core.environment:create_environment_scripts_only(bts_motor_controller)
[5.144s] INFO:colcon.colcon_core.shell:Creating package script '/home/caterpillar/ros2_ws/install/bts_motor_controller/share/bts_motor_controller/package.ps1'
[5.147s] INFO:colcon.colcon_core.shell:Creating package descriptor '/home/caterpillar/ros2_ws/install/bts_motor_controller/share/bts_motor_controller/package.dsv'
[5.148s] INFO:colcon.colcon_core.shell:Creating package script '/home/caterpillar/ros2_ws/install/bts_motor_controller/share/bts_motor_controller/package.sh'
[5.150s] INFO:colcon.colcon_core.shell:Creating package script '/home/caterpillar/ros2_ws/install/bts_motor_controller/share/bts_motor_controller/package.bash'
[5.150s] INFO:colcon.colcon_core.shell:Creating package script '/home/caterpillar/ros2_ws/install/bts_motor_controller/share/bts_motor_controller/package.zsh'
[5.151s] Level 1:colcon.colcon_core.environment:create_file_with_runtime_dependencies(/home/caterpillar/ros2_ws/install/bts_motor_controller/share/colcon-core/packages/bts_motor_controller)
[5.153s] INFO:colcon.colcon_ros.task.ament_python.build:Building ROS package in '/home/caterpillar/ros2_ws/src/your_robot_bringup' with build type 'ament_python'
[5.154s] Level 1:colcon.colcon_core.shell:create_environment_hook('your_robot_bringup', 'ament_prefix_path')
[5.155s] INFO:colcon.colcon_core.shell:Creating environment hook '/home/caterpillar/ros2_ws/install/your_robot_bringup/share/your_robot_bringup/hook/ament_prefix_path.ps1'
[5.159s] INFO:colcon.colcon_core.shell:Creating environment descriptor '/home/caterpillar/ros2_ws/install/your_robot_bringup/share/your_robot_bringup/hook/ament_prefix_path.dsv'
[5.164s] INFO:colcon.colcon_core.shell:Creating environment hook '/home/caterpillar/ros2_ws/install/your_robot_bringup/share/your_robot_bringup/hook/ament_prefix_path.sh'
[5.169s] INFO:colcon.colcon_core.shell:Skip shell extension 'powershell' for command environment: Not usable outside of PowerShell
[5.169s] DEBUG:colcon.colcon_core.shell:Skip shell extension 'dsv' for command environment
[5.748s] INFO:colcon.colcon_core.task.python.build:Building Python package in '/home/caterpillar/ros2_ws/src/your_robot_bringup'
[5.749s] INFO:colcon.colcon_core.shell:Skip shell extension 'powershell' for command environment: Not usable outside of PowerShell
[5.749s] DEBUG:colcon.colcon_core.shell:Skip shell extension 'dsv' for command environment
[5.757s] Level 1:colcon.colcon_core.shell:create_environment_hook('rover_navigation', 'pythonpath_develop')
[5.757s] INFO:colcon.colcon_core.shell:Creating environment hook '/home/caterpillar/ros2_ws/build/rover_navigation/share/rover_navigation/hook/pythonpath_develop.ps1'
[5.758s] DEBUG:colcon.colcon_core.event_handler.log_command:Invoked command in '/home/caterpillar/ros2_ws/build/rover_navigation' returned '0': DEBUGINFOD_URLS=https://debuginfod.ubuntu.com PYTHONPATH=/home/caterpillar/ros2_ws/build/rover_navigation/prefix_override:/usr/lib/python3/dist-packages/colcon_core/task/python/colcon_distutils_commands:/home/caterpillar/ros2_ws/install/rover_navigation/lib/python3.12/site-packages:${PYTHONPATH} /usr/bin/python3 -W ignore:setup.py install is deprecated -W ignore:easy_install command is deprecated setup.py develop --editable --build-directory /home/caterpillar/ros2_ws/build/rover_navigation/build --no-deps symlink_data
[5.758s] INFO:colcon.colcon_core.shell:Creating environment descriptor '/home/caterpillar/ros2_ws/build/rover_navigation/share/rover_navigation/hook/pythonpath_develop.dsv'
[5.762s] INFO:colcon.colcon_core.shell:Creating environment hook '/home/caterpillar/ros2_ws/build/rover_navigation/share/rover_navigation/hook/pythonpath_develop.sh'
[5.764s] Level 1:colcon.colcon_core.environment:checking '/home/caterpillar/ros2_ws/install/rover_navigation' for CMake module files
[5.765s] Level 1:colcon.colcon_core.environment:checking '/home/caterpillar/ros2_ws/install/rover_navigation' for CMake config files
[5.767s] Level 1:colcon.colcon_core.environment:checking '/home/caterpillar/ros2_ws/install/rover_navigation/lib'
[5.767s] Level 1:colcon.colcon_core.environment:checking '/home/caterpillar/ros2_ws/install/rover_navigation/bin'
[5.767s] Level 1:colcon.colcon_core.environment:checking '/home/caterpillar/ros2_ws/install/rover_navigation/lib/pkgconfig/rover_navigation.pc'
[5.768s] Level 1:colcon.colcon_core.environment:checking '/home/caterpillar/ros2_ws/install/rover_navigation/lib/python3.12/site-packages'
[5.768s] Level 1:colcon.colcon_core.shell:create_environment_hook('rover_navigation', 'pythonpath')
[5.768s] INFO:colcon.colcon_core.shell:Creating environment hook '/home/caterpillar/ros2_ws/install/rover_navigation/share/rover_navigation/hook/pythonpath.ps1'
[5.770s] INFO:colcon.colcon_core.shell:Creating environment descriptor '/home/caterpillar/ros2_ws/install/rover_navigation/share/rover_navigation/hook/pythonpath.dsv'
[5.771s] INFO:colcon.colcon_core.shell:Creating environment hook '/home/caterpillar/ros2_ws/install/rover_navigation/share/rover_navigation/hook/pythonpath.sh'
[5.772s] Level 1:colcon.colcon_core.environment:checking '/home/caterpillar/ros2_ws/install/rover_navigation/bin'
[5.773s] Level 1:colcon.colcon_core.environment:create_environment_scripts_only(rover_navigation)
[5.773s] INFO:colcon.colcon_core.shell:Creating package script '/home/caterpillar/ros2_ws/install/rover_navigation/share/rover_navigation/package.ps1'
[5.774s] INFO:colcon.colcon_core.shell:Creating package descriptor '/home/caterpillar/ros2_ws/install/rover_navigation/share/rover_navigation/package.dsv'
[5.775s] INFO:colcon.colcon_core.shell:Creating package script '/home/caterpillar/ros2_ws/install/rover_navigation/share/rover_navigation/package.sh'
[5.776s] INFO:colcon.colcon_core.shell:Creating package script '/home/caterpillar/ros2_ws/install/rover_navigation/share/rover_navigation/package.bash'
[5.777s] INFO:colcon.colcon_core.shell:Creating package script '/home/caterpillar/ros2_ws/install/rover_navigation/share/rover_navigation/package.zsh'
[5.777s] Level 1:colcon.colcon_core.environment:create_file_with_runtime_dependencies(/home/caterpillar/ros2_ws/install/rover_navigation/share/colcon-core/packages/rover_navigation)
[7.503s] DEBUG:colcon.colcon_core.event_handler.log_command:Invoking command in '/home/caterpillar/ros2_ws/build/your_robot_bringup': AMENT_PREFIX_PATH=/home/caterpillar/ros2_ws/install/rplidar_ros:/home/caterpillar/ros2_ws/install/bts_motor_controller:${AMENT_PREFIX_PATH} CMAKE_PREFIX_PATH=/home/caterpillar/ros2_ws/install/rplidar_ros:${CMAKE_PREFIX_PATH} DEBUGINFOD_URLS=https://debuginfod.ubuntu.com LD_LIBRARY_PATH=/home/caterpillar/ros2_ws/install/rplidar_ros/lib:${LD_LIBRARY_PATH} PYTHONPATH=/home/caterpillar/ros2_ws/build/your_robot_bringup/prefix_override:/usr/lib/python3/dist-packages/colcon_core/task/python/colcon_distutils_commands:/home/caterpillar/ros2_ws/install/your_robot_bringup/lib/python3.12/site-packages:/home/caterpillar/ros2_ws/build/bts_motor_controller:/home/caterpillar/ros2_ws/install/bts_motor_controller/lib/python3.12/site-packages:${PYTHONPATH} /usr/bin/python3 -W ignore:setup.py install is deprecated -W ignore:easy_install command is deprecated setup.py develop --editable --build-directory /home/caterpillar/ros2_ws/build/your_robot_bringup/build --no-deps symlink_data
[9.011s] Level 1:colcon.colcon_core.shell:create_environment_hook('your_robot_bringup', 'pythonpath_develop')
[9.012s] INFO:colcon.colcon_core.shell:Creating environment hook '/home/caterpillar/ros2_ws/build/your_robot_bringup/src/share/your_robot_bringup/hook/pythonpath_develop.ps1'
[9.013s] DEBUG:colcon.colcon_core.event_handler.log_command:Invoked command in '/home/caterpillar/ros2_ws/build/your_robot_bringup' returned '0': AMENT_PREFIX_PATH=/home/caterpillar/ros2_ws/install/rplidar_ros:/home/caterpillar/ros2_ws/install/bts_motor_controller:${AMENT_PREFIX_PATH} CMAKE_PREFIX_PATH=/home/caterpillar/ros2_ws/install/rplidar_ros:${CMAKE_PREFIX_PATH} DEBUGINFOD_URLS=https://debuginfod.ubuntu.com LD_LIBRARY_PATH=/home/caterpillar/ros2_ws/install/rplidar_ros/lib:${LD_LIBRARY_PATH} PYTHONPATH=/home/caterpillar/ros2_ws/build/your_robot_bringup/prefix_override:/usr/lib/python3/dist-packages/colcon_core/task/python/colcon_distutils_commands:/home/caterpillar/ros2_ws/install/your_robot_bringup/lib/python3.12/site-packages:/home/caterpillar/ros2_ws/build/bts_motor_controller:/home/caterpillar/ros2_ws/install/bts_motor_controller/lib/python3.12/site-packages:${PYTHONPATH} /usr/bin/python3 -W ignore:setup.py install is deprecated -W ignore:easy_install command is deprecated setup.py develop --editable --build-directory /home/caterpillar/ros2_ws/build/your_robot_bringup/build --no-deps symlink_data
[9.013s] INFO:colcon.colcon_core.shell:Creating environment descriptor '/home/caterpillar/ros2_ws/build/your_robot_bringup/src/share/your_robot_bringup/hook/pythonpath_develop.dsv'
[9.016s] INFO:colcon.colcon_core.shell:Creating environment hook '/home/caterpillar/ros2_ws/build/your_robot_bringup/src/share/your_robot_bringup/hook/pythonpath_develop.sh'
[9.017s] Level 1:colcon.colcon_core.environment:checking '/home/caterpillar/ros2_ws/install/your_robot_bringup' for CMake module files
[9.018s] Level 1:colcon.colcon_core.environment:checking '/home/caterpillar/ros2_ws/install/your_robot_bringup' for CMake config files
[9.019s] Level 1:colcon.colcon_core.environment:checking '/home/caterpillar/ros2_ws/install/your_robot_bringup/lib'
[9.020s] Level 1:colcon.colcon_core.environment:checking '/home/caterpillar/ros2_ws/install/your_robot_bringup/bin'
[9.020s] Level 1:colcon.colcon_core.environment:checking '/home/caterpillar/ros2_ws/install/your_robot_bringup/lib/pkgconfig/your_robot_bringup.pc'
[9.021s] Level 1:colcon.colcon_core.environment:checking '/home/caterpillar/ros2_ws/install/your_robot_bringup/lib/python3.12/site-packages'
[9.021s] Level 1:colcon.colcon_core.shell:create_environment_hook('your_robot_bringup', 'pythonpath')
[9.022s] INFO:colcon.colcon_core.shell:Creating environment hook '/home/caterpillar/ros2_ws/install/your_robot_bringup/share/your_robot_bringup/hook/pythonpath.ps1'
[9.024s] INFO:colcon.colcon_core.shell:Creating environment descriptor '/home/caterpillar/ros2_ws/install/your_robot_bringup/share/your_robot_bringup/hook/pythonpath.dsv'
[9.026s] INFO:colcon.colcon_core.shell:Creating environment hook '/home/caterpillar/ros2_ws/install/your_robot_bringup/share/your_robot_bringup/hook/pythonpath.sh'
[9.030s] Level 1:colcon.colcon_core.environment:checking '/home/caterpillar/ros2_ws/install/your_robot_bringup/bin'
[9.030s] Level 1:colcon.colcon_core.environment:create_environment_scripts_only(your_robot_bringup)
[9.031s] INFO:colcon.colcon_core.shell:Creating package script '/home/caterpillar/ros2_ws/install/your_robot_bringup/share/your_robot_bringup/package.ps1'
[9.033s] INFO:colcon.colcon_core.shell:Creating package descriptor '/home/caterpillar/ros2_ws/install/your_robot_bringup/share/your_robot_bringup/package.dsv'
[9.034s] INFO:colcon.colcon_core.shell:Creating package script '/home/caterpillar/ros2_ws/install/your_robot_bringup/share/your_robot_bringup/package.sh'
[9.036s] INFO:colcon.colcon_core.shell:Creating package script '/home/caterpillar/ros2_ws/install/your_robot_bringup/share/your_robot_bringup/package.bash'
[9.043s] INFO:colcon.colcon_core.shell:Creating package script '/home/caterpillar/ros2_ws/install/your_robot_bringup/share/your_robot_bringup/package.zsh'
[9.045s] Level 1:colcon.colcon_core.environment:create_file_with_runtime_dependencies(/home/caterpillar/ros2_ws/install/your_robot_bringup/share/colcon-core/packages/your_robot_bringup)
[9.046s] DEBUG:colcon.colcon_parallel_executor.executor.parallel:closing loop
[9.047s] DEBUG:colcon.colcon_parallel_executor.executor.parallel:loop closed
[9.047s] DEBUG:colcon.colcon_parallel_executor.executor.parallel:run_until_complete finished with '0'
[9.047s] DEBUG:colcon.colcon_core.event_reactor:joining thread
[9.060s] INFO:colcon.colcon_core.plugin_system:Skipping extension 'colcon_notification.desktop_notification.terminal_notifier': Not used on non-Darwin systems
[9.061s] INFO:colcon.colcon_core.plugin_system:Skipping extension 'colcon_notification.desktop_notification.win32': Not used on non-Windows systems
[9.061s] INFO:colcon.colcon_notification.desktop_notification:Sending desktop notification using 'notify2'
[9.097s] DEBUG:colcon.colcon_core.event_reactor:joined thread
[9.098s] INFO:colcon.colcon_core.shell:Creating prefix script '/home/caterpillar/ros2_ws/install/local_setup.ps1'
[9.099s] INFO:colcon.colcon_core.shell:Creating prefix util module '/home/caterpillar/ros2_ws/install/_local_setup_util_ps1.py'
[9.102s] INFO:colcon.colcon_core.shell:Creating prefix chain script '/home/caterpillar/ros2_ws/install/setup.ps1'
[9.105s] INFO:colcon.colcon_core.shell:Creating prefix script '/home/caterpillar/ros2_ws/install/local_setup.sh'
[9.109s] INFO:colcon.colcon_core.shell:Creating prefix util module '/home/caterpillar/ros2_ws/install/_local_setup_util_sh.py'
[9.110s] INFO:colcon.colcon_core.shell:Creating prefix chain script '/home/caterpillar/ros2_ws/install/setup.sh'
[9.112s] INFO:colcon.colcon_core.shell:Creating prefix script '/home/caterpillar/ros2_ws/install/local_setup.bash'
[9.113s] INFO:colcon.colcon_core.shell:Creating prefix chain script '/home/caterpillar/ros2_ws/install/setup.bash'
[9.114s] INFO:colcon.colcon_core.shell:Creating prefix script '/home/caterpillar/ros2_ws/install/local_setup.zsh'
[9.115s] INFO:colcon.colcon_core.shell:Creating prefix chain script '/home/caterpillar/ros2_ws/install/setup.zsh'
