[2.094s] Invoking command in '/home/caterpillar/ros2_ws/src/rover_navigation': DEBUGINFOD_URLS=https://debuginfod.ubuntu.com PYTHONPATH=/home/caterpillar/ros2_ws/build/rover_navigation/prefix_override:/usr/lib/python3/dist-packages/colcon_core/task/python/colcon_distutils_commands:/home/caterpillar/ros2_ws/install/rover_navigation/lib/python3.12/site-packages:${PYTHONPATH} /usr/bin/python3 -W ignore:setup.py install is deprecated -W ignore:easy_install command is deprecated setup.py egg_info --egg-base ../../build/rover_navigation build --build-base /home/caterpillar/ros2_ws/build/rover_navigation/build install --record /home/caterpillar/ros2_ws/build/rover_navigation/install.log --single-version-externally-managed install_data
[2.551s] running egg_info
[2.584s] writing ../../build/rover_navigation/rover_navigation.egg-info/PKG-INFO
[2.584s] writing dependency_links to ../../build/rover_navigation/rover_navigation.egg-info/dependency_links.txt
[2.588s] writing entry points to ../../build/rover_navigation/rover_navigation.egg-info/entry_points.txt
[2.589s] writing requirements to ../../build/rover_navigation/rover_navigation.egg-info/requires.txt
[2.590s] writing top-level names to ../../build/rover_navigation/rover_navigation.egg-info/top_level.txt
[2.663s] reading manifest file '../../build/rover_navigation/rover_navigation.egg-info/SOURCES.txt'
[2.664s] writing manifest file '../../build/rover_navigation/rover_navigation.egg-info/SOURCES.txt'
[2.665s] running build
[2.665s] running build_py
[2.665s] copying rover_navigation/local_planner_lwb.py -> /home/caterpillar/ros2_ws/build/rover_navigation/build/lib/rover_navigation
[2.665s] copying rover_navigation/dashboard_node.py -> /home/caterpillar/ros2_ws/build/rover_navigation/build/lib/rover_navigation
[2.666s] copying rover_navigation/global_planner_a_star.py -> /home/caterpillar/ros2_ws/build/rover_navigation/build/lib/rover_navigation
[2.666s] copying rover_navigation/costmap.py -> /home/caterpillar/ros2_ws/build/rover_navigation/build/lib/rover_navigation
[2.666s] copying rover_navigation/planner_manager.py -> /home/caterpillar/ros2_ws/build/rover_navigation/build/lib/rover_navigation
[2.666s] running install
[2.676s] running install_lib
[2.713s] copying /home/caterpillar/ros2_ws/build/rover_navigation/build/lib/rover_navigation/local_planner_lwb.py -> /home/caterpillar/ros2_ws/install/rover_navigation/lib/python3.12/site-packages/rover_navigation
[2.716s] copying /home/caterpillar/ros2_ws/build/rover_navigation/build/lib/rover_navigation/dashboard_node.py -> /home/caterpillar/ros2_ws/install/rover_navigation/lib/python3.12/site-packages/rover_navigation
[2.716s] copying /home/caterpillar/ros2_ws/build/rover_navigation/build/lib/rover_navigation/global_planner_a_star.py -> /home/caterpillar/ros2_ws/install/rover_navigation/lib/python3.12/site-packages/rover_navigation
[2.716s] copying /home/caterpillar/ros2_ws/build/rover_navigation/build/lib/rover_navigation/costmap.py -> /home/caterpillar/ros2_ws/install/rover_navigation/lib/python3.12/site-packages/rover_navigation
[2.716s] copying /home/caterpillar/ros2_ws/build/rover_navigation/build/lib/rover_navigation/planner_manager.py -> /home/caterpillar/ros2_ws/install/rover_navigation/lib/python3.12/site-packages/rover_navigation
[2.716s] byte-compiling /home/caterpillar/ros2_ws/install/rover_navigation/lib/python3.12/site-packages/rover_navigation/local_planner_lwb.py to local_planner_lwb.cpython-312.pyc
[2.721s] byte-compiling /home/caterpillar/ros2_ws/install/rover_navigation/lib/python3.12/site-packages/rover_navigation/dashboard_node.py to dashboard_node.cpython-312.pyc
[2.723s] byte-compiling /home/caterpillar/ros2_ws/install/rover_navigation/lib/python3.12/site-packages/rover_navigation/global_planner_a_star.py to global_planner_a_star.cpython-312.pyc
[2.727s] byte-compiling /home/caterpillar/ros2_ws/install/rover_navigation/lib/python3.12/site-packages/rover_navigation/costmap.py to costmap.cpython-312.pyc
[2.730s] byte-compiling /home/caterpillar/ros2_ws/install/rover_navigation/lib/python3.12/site-packages/rover_navigation/planner_manager.py to planner_manager.cpython-312.pyc
[2.731s] running install_data
[2.732s] copying package.xml -> /home/caterpillar/ros2_ws/install/rover_navigation/share/rover_navigation
[2.732s] copying launch/a_star_lwb_navigation.launch.py -> /home/caterpillar/ros2_ws/install/rover_navigation/share/rover_navigation/launch
[2.732s] running install_egg_info
[2.772s] removing '/home/caterpillar/ros2_ws/install/rover_navigation/lib/python3.12/site-packages/rover_navigation-0.0.1-py3.12.egg-info' (and everything under it)
[2.772s] Copying ../../build/rover_navigation/rover_navigation.egg-info to /home/caterpillar/ros2_ws/install/rover_navigation/lib/python3.12/site-packages/rover_navigation-0.0.1-py3.12.egg-info
[2.773s] running install_scripts
[3.015s] Installing a_star_planner script to /home/caterpillar/ros2_ws/install/rover_navigation/lib/rover_navigation
[3.016s] Installing esp8266_bridge script to /home/caterpillar/ros2_ws/install/rover_navigation/lib/rover_navigation
[3.016s] Installing lwb_planner script to /home/caterpillar/ros2_ws/install/rover_navigation/lib/rover_navigation
[3.016s] Installing navigation_dashboard script to /home/caterpillar/ros2_ws/install/rover_navigation/lib/rover_navigation
[3.016s] Installing obstacle_detection script to /home/caterpillar/ros2_ws/install/rover_navigation/lib/rover_navigation
[3.018s] Installing odometry_node script to /home/caterpillar/ros2_ws/install/rover_navigation/lib/rover_navigation
[3.019s] Installing path_executor script to /home/caterpillar/ros2_ws/install/rover_navigation/lib/rover_navigation
[3.020s] Installing planner_manager script to /home/caterpillar/ros2_ws/install/rover_navigation/lib/rover_navigation
[3.021s] Installing rrt_planner script to /home/caterpillar/ros2_ws/install/rover_navigation/lib/rover_navigation
[3.021s] writing list of installed files to '/home/caterpillar/ros2_ws/build/rover_navigation/install.log'
[3.102s] Invoked command in '/home/caterpillar/ros2_ws/src/rover_navigation' returned '0': DEBUGINFOD_URLS=https://debuginfod.ubuntu.com PYTHONPATH=/home/caterpillar/ros2_ws/build/rover_navigation/prefix_override:/usr/lib/python3/dist-packages/colcon_core/task/python/colcon_distutils_commands:/home/caterpillar/ros2_ws/install/rover_navigation/lib/python3.12/site-packages:${PYTHONPATH} /usr/bin/python3 -W ignore:setup.py install is deprecated -W ignore:easy_install command is deprecated setup.py egg_info --egg-base ../../build/rover_navigation build --build-base /home/caterpillar/ros2_ws/build/rover_navigation/build install --record /home/caterpillar/ros2_ws/build/rover_navigation/install.log --single-version-externally-managed install_data
