[2.873s] Invoking command in '/home/caterpillar/ros2_ws/build/bts_motor_controller': DEBUGINFOD_URLS=https://debuginfod.ubuntu.com PYTHONPATH=/home/caterpillar/ros2_ws/build/bts_motor_controller/prefix_override:/usr/lib/python3/dist-packages/colcon_core/task/python/colcon_distutils_commands:/home/caterpillar/ros2_ws/install/bts_motor_controller/lib/python3.12/site-packages:${PYTHONPATH} /usr/bin/python3 -W ignore:setup.py install is deprecated -W ignore:easy_install command is deprecated setup.py develop --uninstall --editable --build-directory /home/caterpillar/ros2_ws/build/bts_motor_controller/build
[3.820s] running develop
[4.360s] Removing /home/caterpillar/ros2_ws/install/bts_motor_controller/lib/python3.12/site-packages/bts-motor-controller.egg-link (link to .)
[4.498s] Invoked command in '/home/caterpillar/ros2_ws/build/bts_motor_controller' returned '0': DEBUGINFOD_URLS=https://debuginfod.ubuntu.com PYTHONPATH=/home/caterpillar/ros2_ws/build/bts_motor_controller/prefix_override:/usr/lib/python3/dist-packages/colcon_core/task/python/colcon_distutils_commands:/home/caterpillar/ros2_ws/install/bts_motor_controller/lib/python3.12/site-packages:${PYTHONPATH} /usr/bin/python3 -W ignore:setup.py install is deprecated -W ignore:easy_install command is deprecated setup.py develop --uninstall --editable --build-directory /home/caterpillar/ros2_ws/build/bts_motor_controller/build
[4.500s] Invoking command in '/home/caterpillar/ros2_ws/src/bts_motor_controller': DEBUGINFOD_URLS=https://debuginfod.ubuntu.com PYTHONPATH=/home/caterpillar/ros2_ws/build/bts_motor_controller/prefix_override:/usr/lib/python3/dist-packages/colcon_core/task/python/colcon_distutils_commands:/home/caterpillar/ros2_ws/install/bts_motor_controller/lib/python3.12/site-packages:${PYTHONPATH} /usr/bin/python3 -W ignore:setup.py install is deprecated -W ignore:easy_install command is deprecated setup.py egg_info --egg-base ../../build/bts_motor_controller build --build-base /home/caterpillar/ros2_ws/build/bts_motor_controller/build install --record /home/caterpillar/ros2_ws/build/bts_motor_controller/install.log --single-version-externally-managed install_data --force
[4.964s] running egg_info
[4.998s] writing ../../build/bts_motor_controller/bts_motor_controller.egg-info/PKG-INFO
[4.998s] writing dependency_links to ../../build/bts_motor_controller/bts_motor_controller.egg-info/dependency_links.txt
[5.001s] writing entry points to ../../build/bts_motor_controller/bts_motor_controller.egg-info/entry_points.txt
[5.002s] writing requirements to ../../build/bts_motor_controller/bts_motor_controller.egg-info/requires.txt
[5.002s] writing top-level names to ../../build/bts_motor_controller/bts_motor_controller.egg-info/top_level.txt
[5.077s] reading manifest file '../../build/bts_motor_controller/bts_motor_controller.egg-info/SOURCES.txt'
[5.078s] writing manifest file '../../build/bts_motor_controller/bts_motor_controller.egg-info/SOURCES.txt'
[5.078s] running build
[5.078s] running build_py
[5.078s] creating /home/caterpillar/ros2_ws/build/bts_motor_controller/build
[5.078s] creating /home/caterpillar/ros2_ws/build/bts_motor_controller/build/lib
[5.078s] creating /home/caterpillar/ros2_ws/build/bts_motor_controller/build/lib/bts_motor_controller
[5.078s] copying bts_motor_controller/__init__.py -> /home/caterpillar/ros2_ws/build/bts_motor_controller/build/lib/bts_motor_controller
[5.079s] copying bts_motor_controller/motor_node.py -> /home/caterpillar/ros2_ws/build/bts_motor_controller/build/lib/bts_motor_controller
[5.082s] running install
[5.092s] running install_lib
[5.127s] creating /home/caterpillar/ros2_ws/install/bts_motor_controller/lib/python3.12/site-packages/bts_motor_controller
[5.127s] copying /home/caterpillar/ros2_ws/build/bts_motor_controller/build/lib/bts_motor_controller/__init__.py -> /home/caterpillar/ros2_ws/install/bts_motor_controller/lib/python3.12/site-packages/bts_motor_controller
[5.127s] copying /home/caterpillar/ros2_ws/build/bts_motor_controller/build/lib/bts_motor_controller/motor_node.py -> /home/caterpillar/ros2_ws/install/bts_motor_controller/lib/python3.12/site-packages/bts_motor_controller
[5.128s] byte-compiling /home/caterpillar/ros2_ws/install/bts_motor_controller/lib/python3.12/site-packages/bts_motor_controller/__init__.py to __init__.cpython-312.pyc
[5.129s] byte-compiling /home/caterpillar/ros2_ws/install/bts_motor_controller/lib/python3.12/site-packages/bts_motor_controller/motor_node.py to motor_node.cpython-312.pyc
[5.130s] running install_data
[5.130s] copying resource/bts_motor_controller -> /home/caterpillar/ros2_ws/install/bts_motor_controller/share/ament_index/resource_index/packages
[5.130s] copying package.xml -> /home/caterpillar/ros2_ws/install/bts_motor_controller/share/bts_motor_controller
[5.130s] running install_egg_info
[5.170s] Copying ../../build/bts_motor_controller/bts_motor_controller.egg-info to /home/caterpillar/ros2_ws/install/bts_motor_controller/lib/python3.12/site-packages/bts_motor_controller-0.0.0-py3.12.egg-info
[5.174s] running install_scripts
[5.444s] Installing motor_node script to /home/caterpillar/ros2_ws/install/bts_motor_controller/lib/bts_motor_controller
[5.444s] writing list of installed files to '/home/caterpillar/ros2_ws/build/bts_motor_controller/install.log'
[5.607s] Invoked command in '/home/caterpillar/ros2_ws/src/bts_motor_controller' returned '0': DEBUGINFOD_URLS=https://debuginfod.ubuntu.com PYTHONPATH=/home/caterpillar/ros2_ws/build/bts_motor_controller/prefix_override:/usr/lib/python3/dist-packages/colcon_core/task/python/colcon_distutils_commands:/home/caterpillar/ros2_ws/install/bts_motor_controller/lib/python3.12/site-packages:${PYTHONPATH} /usr/bin/python3 -W ignore:setup.py install is deprecated -W ignore:easy_install command is deprecated setup.py egg_info --egg-base ../../build/bts_motor_controller build --build-base /home/caterpillar/ros2_ws/build/bts_motor_controller/build install --record /home/caterpillar/ros2_ws/build/bts_motor_controller/install.log --single-version-externally-managed install_data --force
