[5.396s] Invoking command in '/home/caterpillar/ros2_ws/src/rover_navigation': DEBUGINFOD_URLS=https://debuginfod.ubuntu.com PYTHONPATH=/home/caterpillar/ros2_ws/build/rover_navigation/prefix_override:/usr/lib/python3/dist-packages/colcon_core/task/python/colcon_distutils_commands:/home/caterpillar/ros2_ws/install/rover_navigation/lib/python3.12/site-packages:${PYTHONPATH} /usr/bin/python3 -W ignore:setup.py install is deprecated -W ignore:easy_install command is deprecated setup.py egg_info --egg-base ../../build/rover_navigation build --build-base /home/caterpillar/ros2_ws/build/rover_navigation/build install --record /home/caterpillar/ros2_ws/build/rover_navigation/install.log --single-version-externally-managed install_data
[6.767s] running egg_info
[6.885s] writing ../../build/rover_navigation/rover_navigation.egg-info/PKG-INFO
[6.885s] writing dependency_links to ../../build/rover_navigation/rover_navigation.egg-info/dependency_links.txt
[6.885s] writing entry points to ../../build/rover_navigation/rover_navigation.egg-info/entry_points.txt
[6.885s] writing requirements to ../../build/rover_navigation/rover_navigation.egg-info/requires.txt
[6.892s] writing top-level names to ../../build/rover_navigation/rover_navigation.egg-info/top_level.txt
[7.150s] reading manifest file '../../build/rover_navigation/rover_navigation.egg-info/SOURCES.txt'
[7.155s] writing manifest file '../../build/rover_navigation/rover_navigation.egg-info/SOURCES.txt'
[7.156s] running build
[7.156s] running build_py
[7.159s] copying rover_navigation/local_planner_lwb.py -> /home/caterpillar/ros2_ws/build/rover_navigation/build/lib/rover_navigation
[7.159s] copying rover_navigation/dashboard_node.py -> /home/caterpillar/ros2_ws/build/rover_navigation/build/lib/rover_navigation
[7.159s] copying rover_navigation/global_planner_a_star.py -> /home/caterpillar/ros2_ws/build/rover_navigation/build/lib/rover_navigation
[7.160s] copying rover_navigation/costmap.py -> /home/caterpillar/ros2_ws/build/rover_navigation/build/lib/rover_navigation
[7.160s] copying rover_navigation/planner_manager.py -> /home/caterpillar/ros2_ws/build/rover_navigation/build/lib/rover_navigation
[7.167s] running install
[7.193s] running install_lib
[7.406s] copying /home/caterpillar/ros2_ws/build/rover_navigation/build/lib/rover_navigation/local_planner_lwb.py -> /home/caterpillar/ros2_ws/install/rover_navigation/lib/python3.12/site-packages/rover_navigation
[7.408s] copying /home/caterpillar/ros2_ws/build/rover_navigation/build/lib/rover_navigation/dashboard_node.py -> /home/caterpillar/ros2_ws/install/rover_navigation/lib/python3.12/site-packages/rover_navigation
[7.408s] copying /home/caterpillar/ros2_ws/build/rover_navigation/build/lib/rover_navigation/global_planner_a_star.py -> /home/caterpillar/ros2_ws/install/rover_navigation/lib/python3.12/site-packages/rover_navigation
[7.409s] copying /home/caterpillar/ros2_ws/build/rover_navigation/build/lib/rover_navigation/costmap.py -> /home/caterpillar/ros2_ws/install/rover_navigation/lib/python3.12/site-packages/rover_navigation
[7.426s] copying /home/caterpillar/ros2_ws/build/rover_navigation/build/lib/rover_navigation/planner_manager.py -> /home/caterpillar/ros2_ws/install/rover_navigation/lib/python3.12/site-packages/rover_navigation
[7.426s] byte-compiling /home/caterpillar/ros2_ws/install/rover_navigation/lib/python3.12/site-packages/rover_navigation/local_planner_lwb.py to local_planner_lwb.cpython-312.pyc
[7.427s] byte-compiling /home/caterpillar/ros2_ws/install/rover_navigation/lib/python3.12/site-packages/rover_navigation/dashboard_node.py to dashboard_node.cpython-312.pyc
[7.427s] byte-compiling /home/caterpillar/ros2_ws/install/rover_navigation/lib/python3.12/site-packages/rover_navigation/global_planner_a_star.py to global_planner_a_star.cpython-312.pyc
[7.437s] byte-compiling /home/caterpillar/ros2_ws/install/rover_navigation/lib/python3.12/site-packages/rover_navigation/costmap.py to costmap.cpython-312.pyc
[7.439s] byte-compiling /home/caterpillar/ros2_ws/install/rover_navigation/lib/python3.12/site-packages/rover_navigation/planner_manager.py to planner_manager.cpython-312.pyc
[7.441s] running install_data
[7.449s] copying package.xml -> /home/caterpillar/ros2_ws/install/rover_navigation/share/rover_navigation
[7.454s] copying launch/a_star_lwb_navigation.launch.py -> /home/caterpillar/ros2_ws/install/rover_navigation/share/rover_navigation/launch
[7.454s] running install_egg_info
[7.512s] removing '/home/caterpillar/ros2_ws/install/rover_navigation/lib/python3.12/site-packages/rover_navigation-0.0.1-py3.12.egg-info' (and everything under it)
[7.512s] Copying ../../build/rover_navigation/rover_navigation.egg-info to /home/caterpillar/ros2_ws/install/rover_navigation/lib/python3.12/site-packages/rover_navigation-0.0.1-py3.12.egg-info
[7.512s] running install_scripts
[8.210s] Installing a_star_planner script to /home/caterpillar/ros2_ws/install/rover_navigation/lib/rover_navigation
[8.217s] Installing esp8266_bridge script to /home/caterpillar/ros2_ws/install/rover_navigation/lib/rover_navigation
[8.274s] Installing lwb_planner script to /home/caterpillar/ros2_ws/install/rover_navigation/lib/rover_navigation
[8.275s] Installing navigation_dashboard script to /home/caterpillar/ros2_ws/install/rover_navigation/lib/rover_navigation
[8.289s] Installing obstacle_detection script to /home/caterpillar/ros2_ws/install/rover_navigation/lib/rover_navigation
[8.292s] Installing odometry_node script to /home/caterpillar/ros2_ws/install/rover_navigation/lib/rover_navigation
[8.292s] Installing path_executor script to /home/caterpillar/ros2_ws/install/rover_navigation/lib/rover_navigation
[8.292s] Installing planner_manager script to /home/caterpillar/ros2_ws/install/rover_navigation/lib/rover_navigation
[8.294s] Installing rrt_planner script to /home/caterpillar/ros2_ws/install/rover_navigation/lib/rover_navigation
[8.298s] writing list of installed files to '/home/caterpillar/ros2_ws/build/rover_navigation/install.log'
[8.591s] Invoked command in '/home/caterpillar/ros2_ws/src/rover_navigation' returned '0': DEBUGINFOD_URLS=https://debuginfod.ubuntu.com PYTHONPATH=/home/caterpillar/ros2_ws/build/rover_navigation/prefix_override:/usr/lib/python3/dist-packages/colcon_core/task/python/colcon_distutils_commands:/home/caterpillar/ros2_ws/install/rover_navigation/lib/python3.12/site-packages:${PYTHONPATH} /usr/bin/python3 -W ignore:setup.py install is deprecated -W ignore:easy_install command is deprecated setup.py egg_info --egg-base ../../build/rover_navigation build --build-base /home/caterpillar/ros2_ws/build/rover_navigation/build install --record /home/caterpillar/ros2_ws/build/rover_navigation/install.log --single-version-externally-managed install_data
