running egg_info
writing ../../build/your_robot_bringup/your_robot_bringup.egg-info/PKG-INFO
writing dependency_links to ../../build/your_robot_bringup/your_robot_bringup.egg-info/dependency_links.txt
writing entry points to ../../build/your_robot_bringup/your_robot_bringup.egg-info/entry_points.txt
writing requirements to ../../build/your_robot_bringup/your_robot_bringup.egg-info/requires.txt
writing top-level names to ../../build/your_robot_bringup/your_robot_bringup.egg-info/top_level.txt
reading manifest file '../../build/your_robot_bringup/your_robot_bringup.egg-info/SOURCES.txt'
writing manifest file '../../build/your_robot_bringup/your_robot_bringup.egg-info/SOURCES.txt'
running build
running build_py
running install
running install_lib
running install_data
creating /home/caterpillar/ros2_ws/install/your_robot_bringup/share/your_robot_bringup/launch
copying launch/bringup.launch.py -> /home/caterpillar/ros2_ws/install/your_robot_bringup/share/your_robot_bringup/launch
running install_egg_info
removing '/home/caterpillar/ros2_ws/install/your_robot_bringup/lib/python3.12/site-packages/your_robot_bringup-0.0.0-py3.12.egg-info' (and everything under it)
Copying ../../build/your_robot_bringup/your_robot_bringup.egg-info to /home/caterpillar/ros2_ws/install/your_robot_bringup/lib/python3.12/site-packages/your_robot_bringup-0.0.0-py3.12.egg-info
running install_scripts
Installing rrt_autonomous script to /home/caterpillar/ros2_ws/install/your_robot_bringup/lib/your_robot_bringup
Installing wheel_odom script to /home/caterpillar/ros2_ws/install/your_robot_bringup/lib/your_robot_bringup
writing list of installed files to '/home/caterpillar/ros2_ws/build/your_robot_bringup/install.log'
