[2.260s] Invoking command in '/home/caterpillar/ros2_ws/src/your_robot_bringup': AMENT_PREFIX_PATH=/home/caterpillar/ros2_ws/install/rplidar_ros:/home/caterpillar/ros2_ws/install/bts_motor_controller:${AMENT_PREFIX_PATH} CMAKE_PREFIX_PATH=/home/caterpillar/ros2_ws/install/rplidar_ros:${CMAKE_PREFIX_PATH} DEBUGINFOD_URLS=https://debuginfod.ubuntu.com LD_LIBRARY_PATH=/home/caterpillar/ros2_ws/install/rplidar_ros/lib:${LD_LIBRARY_PATH} PYTHONPATH=/home/caterpillar/ros2_ws/build/your_robot_bringup/prefix_override:/usr/lib/python3/dist-packages/colcon_core/task/python/colcon_distutils_commands:/home/caterpillar/ros2_ws/install/your_robot_bringup/lib/python3.12/site-packages:/home/caterpillar/ros2_ws/build/bts_motor_controller:/home/caterpillar/ros2_ws/install/bts_motor_controller/lib/python3.12/site-packages:${PYTHONPATH} /usr/bin/python3 -W ignore:setup.py install is deprecated -W ignore:easy_install command is deprecated setup.py egg_info --egg-base ../../build/your_robot_bringup build --build-base /home/caterpillar/ros2_ws/build/your_robot_bringup/build install --record /home/caterpillar/ros2_ws/build/your_robot_bringup/install.log --single-version-externally-managed install_data
[2.930s] running egg_info
[2.978s] writing ../../build/your_robot_bringup/your_robot_bringup.egg-info/PKG-INFO
[2.978s] writing dependency_links to ../../build/your_robot_bringup/your_robot_bringup.egg-info/dependency_links.txt
[2.982s] writing entry points to ../../build/your_robot_bringup/your_robot_bringup.egg-info/entry_points.txt
[2.983s] writing requirements to ../../build/your_robot_bringup/your_robot_bringup.egg-info/requires.txt
[2.983s] writing top-level names to ../../build/your_robot_bringup/your_robot_bringup.egg-info/top_level.txt
[3.084s] reading manifest file '../../build/your_robot_bringup/your_robot_bringup.egg-info/SOURCES.txt'
[3.085s] writing manifest file '../../build/your_robot_bringup/your_robot_bringup.egg-info/SOURCES.txt'
[3.085s] running build
[3.088s] running build_py
[3.088s] running install
[3.099s] running install_lib
[3.158s] running install_data
[3.160s] creating /home/caterpillar/ros2_ws/install/your_robot_bringup/share/your_robot_bringup/launch
[3.160s] copying launch/bringup.launch.py -> /home/caterpillar/ros2_ws/install/your_robot_bringup/share/your_robot_bringup/launch
[3.160s] running install_egg_info
[3.209s] removing '/home/caterpillar/ros2_ws/install/your_robot_bringup/lib/python3.12/site-packages/your_robot_bringup-0.0.0-py3.12.egg-info' (and everything under it)
[3.210s] Copying ../../build/your_robot_bringup/your_robot_bringup.egg-info to /home/caterpillar/ros2_ws/install/your_robot_bringup/lib/python3.12/site-packages/your_robot_bringup-0.0.0-py3.12.egg-info
[3.212s] running install_scripts
[3.553s] Installing rrt_autonomous script to /home/caterpillar/ros2_ws/install/your_robot_bringup/lib/your_robot_bringup
[3.556s] Installing wheel_odom script to /home/caterpillar/ros2_ws/install/your_robot_bringup/lib/your_robot_bringup
[3.557s] writing list of installed files to '/home/caterpillar/ros2_ws/build/your_robot_bringup/install.log'
[3.699s] Invoked command in '/home/caterpillar/ros2_ws/src/your_robot_bringup' returned '0': AMENT_PREFIX_PATH=/home/caterpillar/ros2_ws/install/rplidar_ros:/home/caterpillar/ros2_ws/install/bts_motor_controller:${AMENT_PREFIX_PATH} CMAKE_PREFIX_PATH=/home/caterpillar/ros2_ws/install/rplidar_ros:${CMAKE_PREFIX_PATH} DEBUGINFOD_URLS=https://debuginfod.ubuntu.com LD_LIBRARY_PATH=/home/caterpillar/ros2_ws/install/rplidar_ros/lib:${LD_LIBRARY_PATH} PYTHONPATH=/home/caterpillar/ros2_ws/build/your_robot_bringup/prefix_override:/usr/lib/python3/dist-packages/colcon_core/task/python/colcon_distutils_commands:/home/caterpillar/ros2_ws/install/your_robot_bringup/lib/python3.12/site-packages:/home/caterpillar/ros2_ws/build/bts_motor_controller:/home/caterpillar/ros2_ws/install/bts_motor_controller/lib/python3.12/site-packages:${PYTHONPATH} /usr/bin/python3 -W ignore:setup.py install is deprecated -W ignore:easy_install command is deprecated setup.py egg_info --egg-base ../../build/your_robot_bringup build --build-base /home/caterpillar/ros2_ws/build/your_robot_bringup/build install --record /home/caterpillar/ros2_ws/build/your_robot_bringup/install.log --single-version-externally-managed install_data
