[0.151s] DEBUG:colcon:Command line arguments: ['/usr/bin/colcon', 'build', '--symlink-install']
[0.151s] DEBUG:colcon:Parsed command line arguments: Namespace(log_base=None, log_level=None, verb_name='build', build_base='build', install_base='install', merge_install=False, symlink_install=True, test_result_base=None, continue_on_error=False, executor='parallel', parallel_workers=4, event_handlers=None, ignore_user_meta=False, metas=['./colcon.meta'], base_paths=['.'], packages_ignore=None, packages_ignore_regex=None, paths=None, packages_up_to=None, packages_up_to_regex=None, packages_above=None, packages_above_and_dependencies=None, packages_above_depth=None, packages_select_by_dep=None, packages_skip_by_dep=None, packages_skip_up_to=None, packages_select_build_failed=False, packages_skip_build_finished=False, packages_select_test_failures=False, packages_skip_test_passed=False, packages_select=None, packages_skip=None, packages_select_regex=None, packages_skip_regex=None, packages_start=None, packages_end=None, allow_overriding=[], cmake_args=None, cmake_target=None, cmake_target_skip_unavailable=False, cmake_clean_cache=False, cmake_clean_first=False, cmake_force_configure=False, ament_cmake_args=None, catkin_cmake_args=None, catkin_skip_building_tests=False, verb_parser=<colcon_defaults.argument_parser.defaults.DefaultArgumentsDecorator object at 0xffff87d1ad50>, verb_extension=<colcon_core.verb.build.BuildVerb object at 0xffff87e660f0>, main=<bound method BuildVerb.main of <colcon_core.verb.build.BuildVerb object at 0xffff87e660f0>>)
[0.208s] Level 1:colcon.colcon_core.package_discovery:discover_packages(colcon_meta) check parameters
[0.208s] Level 1:colcon.colcon_core.package_discovery:discover_packages(recursive) check parameters
[0.208s] Level 1:colcon.colcon_core.package_discovery:discover_packages(ignore) check parameters
[0.208s] Level 1:colcon.colcon_core.package_discovery:discover_packages(path) check parameters
[0.208s] Level 1:colcon.colcon_core.package_discovery:discover_packages(colcon_meta) discover
[0.209s] Level 1:colcon.colcon_core.package_discovery:discover_packages(recursive) discover
[0.209s] INFO:colcon.colcon_core.package_discovery:Crawling recursively for packages in '/home/caterpillar/ros2_ws'
[0.209s] Level 1:colcon.colcon_core.package_identification:_identify(.) by extensions ['ignore', 'ignore_ament_install']
[0.209s] Level 1:colcon.colcon_core.package_identification:_identify(.) by extension 'ignore'
[0.209s] Level 1:colcon.colcon_core.package_identification:_identify(.) by extension 'ignore_ament_install'
[0.209s] Level 1:colcon.colcon_core.package_identification:_identify(.) by extensions ['colcon_pkg']
[0.209s] Level 1:colcon.colcon_core.package_identification:_identify(.) by extension 'colcon_pkg'
[0.209s] Level 1:colcon.colcon_core.package_identification:_identify(.) by extensions ['colcon_meta']
[0.209s] Level 1:colcon.colcon_core.package_identification:_identify(.) by extension 'colcon_meta'
[0.209s] Level 1:colcon.colcon_core.package_identification:_identify(.) by extensions ['ros']
[0.209s] Level 1:colcon.colcon_core.package_identification:_identify(.) by extension 'ros'
[0.249s] Level 1:colcon.colcon_core.package_identification:_identify(.) by extensions ['cmake', 'python']
[0.249s] Level 1:colcon.colcon_core.package_identification:_identify(.) by extension 'cmake'
[0.250s] Level 1:colcon.colcon_core.package_identification:_identify(.) by extension 'python'
[0.250s] Level 1:colcon.colcon_core.package_identification:_identify(.) by extensions ['python_setup_py']
[0.250s] Level 1:colcon.colcon_core.package_identification:_identify(.) by extension 'python_setup_py'
[0.250s] Level 1:colcon.colcon_core.package_identification:_identify(build) by extensions ['ignore', 'ignore_ament_install']
[0.250s] Level 1:colcon.colcon_core.package_identification:_identify(build) by extension 'ignore'
[0.250s] Level 1:colcon.colcon_core.package_identification:_identify(build) ignored
[0.250s] Level 1:colcon.colcon_core.package_identification:_identify(config) by extensions ['ignore', 'ignore_ament_install']
[0.250s] Level 1:colcon.colcon_core.package_identification:_identify(config) by extension 'ignore'
[0.250s] Level 1:colcon.colcon_core.package_identification:_identify(config) by extension 'ignore_ament_install'
[0.250s] Level 1:colcon.colcon_core.package_identification:_identify(config) by extensions ['colcon_pkg']
[0.250s] Level 1:colcon.colcon_core.package_identification:_identify(config) by extension 'colcon_pkg'
[0.250s] Level 1:colcon.colcon_core.package_identification:_identify(config) by extensions ['colcon_meta']
[0.250s] Level 1:colcon.colcon_core.package_identification:_identify(config) by extension 'colcon_meta'
[0.251s] Level 1:colcon.colcon_core.package_identification:_identify(config) by extensions ['ros']
[0.251s] Level 1:colcon.colcon_core.package_identification:_identify(config) by extension 'ros'
[0.251s] Level 1:colcon.colcon_core.package_identification:_identify(config) by extensions ['cmake', 'python']
[0.251s] Level 1:colcon.colcon_core.package_identification:_identify(config) by extension 'cmake'
[0.251s] Level 1:colcon.colcon_core.package_identification:_identify(config) by extension 'python'
[0.251s] Level 1:colcon.colcon_core.package_identification:_identify(config) by extensions ['python_setup_py']
[0.251s] Level 1:colcon.colcon_core.package_identification:_identify(config) by extension 'python_setup_py'
[0.251s] Level 1:colcon.colcon_core.package_identification:_identify(install) by extensions ['ignore', 'ignore_ament_install']
[0.251s] Level 1:colcon.colcon_core.package_identification:_identify(install) by extension 'ignore'
[0.251s] Level 1:colcon.colcon_core.package_identification:_identify(install) ignored
[0.251s] Level 1:colcon.colcon_core.package_identification:_identify(launch) by extensions ['ignore', 'ignore_ament_install']
[0.251s] Level 1:colcon.colcon_core.package_identification:_identify(launch) by extension 'ignore'
[0.251s] Level 1:colcon.colcon_core.package_identification:_identify(launch) by extension 'ignore_ament_install'
[0.251s] Level 1:colcon.colcon_core.package_identification:_identify(launch) by extensions ['colcon_pkg']
[0.251s] Level 1:colcon.colcon_core.package_identification:_identify(launch) by extension 'colcon_pkg'
[0.251s] Level 1:colcon.colcon_core.package_identification:_identify(launch) by extensions ['colcon_meta']
[0.251s] Level 1:colcon.colcon_core.package_identification:_identify(launch) by extension 'colcon_meta'
[0.252s] Level 1:colcon.colcon_core.package_identification:_identify(launch) by extensions ['ros']
[0.252s] Level 1:colcon.colcon_core.package_identification:_identify(launch) by extension 'ros'
[0.252s] Level 1:colcon.colcon_core.package_identification:_identify(launch) by extensions ['cmake', 'python']
[0.252s] Level 1:colcon.colcon_core.package_identification:_identify(launch) by extension 'cmake'
[0.252s] Level 1:colcon.colcon_core.package_identification:_identify(launch) by extension 'python'
[0.252s] Level 1:colcon.colcon_core.package_identification:_identify(launch) by extensions ['python_setup_py']
[0.252s] Level 1:colcon.colcon_core.package_identification:_identify(launch) by extension 'python_setup_py'
[0.252s] Level 1:colcon.colcon_core.package_identification:_identify(launch/__pycache__) by extensions ['ignore', 'ignore_ament_install']
[0.252s] Level 1:colcon.colcon_core.package_identification:_identify(launch/__pycache__) by extension 'ignore'
[0.252s] Level 1:colcon.colcon_core.package_identification:_identify(launch/__pycache__) by extension 'ignore_ament_install'
[0.252s] Level 1:colcon.colcon_core.package_identification:_identify(launch/__pycache__) by extensions ['colcon_pkg']
[0.252s] Level 1:colcon.colcon_core.package_identification:_identify(launch/__pycache__) by extension 'colcon_pkg'
[0.252s] Level 1:colcon.colcon_core.package_identification:_identify(launch/__pycache__) by extensions ['colcon_meta']
[0.252s] Level 1:colcon.colcon_core.package_identification:_identify(launch/__pycache__) by extension 'colcon_meta'
[0.252s] Level 1:colcon.colcon_core.package_identification:_identify(launch/__pycache__) by extensions ['ros']
[0.252s] Level 1:colcon.colcon_core.package_identification:_identify(launch/__pycache__) by extension 'ros'
[0.252s] Level 1:colcon.colcon_core.package_identification:_identify(launch/__pycache__) by extensions ['cmake', 'python']
[0.252s] Level 1:colcon.colcon_core.package_identification:_identify(launch/__pycache__) by extension 'cmake'
[0.252s] Level 1:colcon.colcon_core.package_identification:_identify(launch/__pycache__) by extension 'python'
[0.252s] Level 1:colcon.colcon_core.package_identification:_identify(launch/__pycache__) by extensions ['python_setup_py']
[0.253s] Level 1:colcon.colcon_core.package_identification:_identify(launch/__pycache__) by extension 'python_setup_py'
[0.253s] Level 1:colcon.colcon_core.package_identification:_identify(log) by extensions ['ignore', 'ignore_ament_install']
[0.253s] Level 1:colcon.colcon_core.package_identification:_identify(log) by extension 'ignore'
[0.253s] Level 1:colcon.colcon_core.package_identification:_identify(log) ignored
[0.253s] Level 1:colcon.colcon_core.package_identification:_identify(src) by extensions ['ignore', 'ignore_ament_install']
[0.253s] Level 1:colcon.colcon_core.package_identification:_identify(src) by extension 'ignore'
[0.253s] Level 1:colcon.colcon_core.package_identification:_identify(src) by extension 'ignore_ament_install'
[0.253s] Level 1:colcon.colcon_core.package_identification:_identify(src) by extensions ['colcon_pkg']
[0.253s] Level 1:colcon.colcon_core.package_identification:_identify(src) by extension 'colcon_pkg'
[0.253s] Level 1:colcon.colcon_core.package_identification:_identify(src) by extensions ['colcon_meta']
[0.253s] Level 1:colcon.colcon_core.package_identification:_identify(src) by extension 'colcon_meta'
[0.253s] Level 1:colcon.colcon_core.package_identification:_identify(src) by extensions ['ros']
[0.253s] Level 1:colcon.colcon_core.package_identification:_identify(src) by extension 'ros'
[0.253s] Level 1:colcon.colcon_core.package_identification:_identify(src) by extensions ['cmake', 'python']
[0.253s] Level 1:colcon.colcon_core.package_identification:_identify(src) by extension 'cmake'
[0.253s] Level 1:colcon.colcon_core.package_identification:_identify(src) by extension 'python'
[0.253s] Level 1:colcon.colcon_core.package_identification:_identify(src) by extensions ['python_setup_py']
[0.253s] Level 1:colcon.colcon_core.package_identification:_identify(src) by extension 'python_setup_py'
[0.254s] Level 1:colcon.colcon_core.package_identification:_identify(src/bts_motor_controller) by extensions ['ignore', 'ignore_ament_install']
[0.254s] Level 1:colcon.colcon_core.package_identification:_identify(src/bts_motor_controller) by extension 'ignore'
[0.254s] Level 1:colcon.colcon_core.package_identification:_identify(src/bts_motor_controller) by extension 'ignore_ament_install'
[0.254s] Level 1:colcon.colcon_core.package_identification:_identify(src/bts_motor_controller) by extensions ['colcon_pkg']
[0.254s] Level 1:colcon.colcon_core.package_identification:_identify(src/bts_motor_controller) by extension 'colcon_pkg'
[0.254s] Level 1:colcon.colcon_core.package_identification:_identify(src/bts_motor_controller) by extensions ['colcon_meta']
[0.254s] Level 1:colcon.colcon_core.package_identification:_identify(src/bts_motor_controller) by extension 'colcon_meta'
[0.254s] Level 1:colcon.colcon_core.package_identification:_identify(src/bts_motor_controller) by extensions ['ros']
[0.254s] Level 1:colcon.colcon_core.package_identification:_identify(src/bts_motor_controller) by extension 'ros'
[0.257s] DEBUG:colcon.colcon_core.package_identification:Package 'src/bts_motor_controller' with type 'ros.ament_python' and name 'bts_motor_controller'
[0.257s] Level 1:colcon.colcon_core.package_identification:_identify(src/rover_navigation) by extensions ['ignore', 'ignore_ament_install']
[0.257s] Level 1:colcon.colcon_core.package_identification:_identify(src/rover_navigation) by extension 'ignore'
[0.257s] Level 1:colcon.colcon_core.package_identification:_identify(src/rover_navigation) by extension 'ignore_ament_install'
[0.257s] Level 1:colcon.colcon_core.package_identification:_identify(src/rover_navigation) by extensions ['colcon_pkg']
[0.258s] Level 1:colcon.colcon_core.package_identification:_identify(src/rover_navigation) by extension 'colcon_pkg'
[0.258s] Level 1:colcon.colcon_core.package_identification:_identify(src/rover_navigation) by extensions ['colcon_meta']
[0.258s] Level 1:colcon.colcon_core.package_identification:_identify(src/rover_navigation) by extension 'colcon_meta'
[0.258s] Level 1:colcon.colcon_core.package_identification:_identify(src/rover_navigation) by extensions ['ros']
[0.258s] Level 1:colcon.colcon_core.package_identification:_identify(src/rover_navigation) by extension 'ros'
[0.259s] DEBUG:colcon.colcon_core.package_identification:Package 'src/rover_navigation' with type 'ros.ament_python' and name 'rover_navigation'
[0.259s] Level 1:colcon.colcon_core.package_identification:_identify(src/rplidar_ros) by extensions ['ignore', 'ignore_ament_install']
[0.259s] Level 1:colcon.colcon_core.package_identification:_identify(src/rplidar_ros) by extension 'ignore'
[0.259s] Level 1:colcon.colcon_core.package_identification:_identify(src/rplidar_ros) by extension 'ignore_ament_install'
[0.259s] Level 1:colcon.colcon_core.package_identification:_identify(src/rplidar_ros) by extensions ['colcon_pkg']
[0.259s] Level 1:colcon.colcon_core.package_identification:_identify(src/rplidar_ros) by extension 'colcon_pkg'
[0.259s] Level 1:colcon.colcon_core.package_identification:_identify(src/rplidar_ros) by extensions ['colcon_meta']
[0.260s] Level 1:colcon.colcon_core.package_identification:_identify(src/rplidar_ros) by extension 'colcon_meta'
[0.260s] Level 1:colcon.colcon_core.package_identification:_identify(src/rplidar_ros) by extensions ['ros']
[0.260s] Level 1:colcon.colcon_core.package_identification:_identify(src/rplidar_ros) by extension 'ros'
[0.260s] DEBUG:colcon.colcon_core.package_identification:Package 'src/rplidar_ros' with type 'ros.ament_cmake' and name 'rplidar_ros'
[0.260s] Level 1:colcon.colcon_core.package_identification:_identify(src/simple_rover_description) by extensions ['ignore', 'ignore_ament_install']
[0.260s] Level 1:colcon.colcon_core.package_identification:_identify(src/simple_rover_description) by extension 'ignore'
[0.260s] Level 1:colcon.colcon_core.package_identification:_identify(src/simple_rover_description) by extension 'ignore_ament_install'
[0.261s] Level 1:colcon.colcon_core.package_identification:_identify(src/simple_rover_description) by extensions ['colcon_pkg']
[0.261s] Level 1:colcon.colcon_core.package_identification:_identify(src/simple_rover_description) by extension 'colcon_pkg'
[0.261s] Level 1:colcon.colcon_core.package_identification:_identify(src/simple_rover_description) by extensions ['colcon_meta']
[0.261s] Level 1:colcon.colcon_core.package_identification:_identify(src/simple_rover_description) by extension 'colcon_meta'
[0.261s] Level 1:colcon.colcon_core.package_identification:_identify(src/simple_rover_description) by extensions ['ros']
[0.261s] Level 1:colcon.colcon_core.package_identification:_identify(src/simple_rover_description) by extension 'ros'
[0.261s] Level 1:colcon.colcon_core.package_identification:_identify(src/simple_rover_description) by extensions ['cmake', 'python']
[0.261s] Level 1:colcon.colcon_core.package_identification:_identify(src/simple_rover_description) by extension 'cmake'
[0.261s] Level 1:colcon.colcon_core.package_identification:_identify(src/simple_rover_description) by extension 'python'
[0.261s] Level 1:colcon.colcon_core.package_identification:_identify(src/simple_rover_description) by extensions ['python_setup_py']
[0.261s] Level 1:colcon.colcon_core.package_identification:_identify(src/simple_rover_description) by extension 'python_setup_py'
[0.261s] Level 1:colcon.colcon_core.package_identification:_identify(src/simple_rover_description/urdf) by extensions ['ignore', 'ignore_ament_install']
[0.261s] Level 1:colcon.colcon_core.package_identification:_identify(src/simple_rover_description/urdf) by extension 'ignore'
[0.261s] Level 1:colcon.colcon_core.package_identification:_identify(src/simple_rover_description/urdf) by extension 'ignore_ament_install'
[0.261s] Level 1:colcon.colcon_core.package_identification:_identify(src/simple_rover_description/urdf) by extensions ['colcon_pkg']
[0.261s] Level 1:colcon.colcon_core.package_identification:_identify(src/simple_rover_description/urdf) by extension 'colcon_pkg'
[0.261s] Level 1:colcon.colcon_core.package_identification:_identify(src/simple_rover_description/urdf) by extensions ['colcon_meta']
[0.261s] Level 1:colcon.colcon_core.package_identification:_identify(src/simple_rover_description/urdf) by extension 'colcon_meta'
[0.261s] Level 1:colcon.colcon_core.package_identification:_identify(src/simple_rover_description/urdf) by extensions ['ros']
[0.262s] Level 1:colcon.colcon_core.package_identification:_identify(src/simple_rover_description/urdf) by extension 'ros'
[0.262s] Level 1:colcon.colcon_core.package_identification:_identify(src/simple_rover_description/urdf) by extensions ['cmake', 'python']
[0.262s] Level 1:colcon.colcon_core.package_identification:_identify(src/simple_rover_description/urdf) by extension 'cmake'
[0.262s] Level 1:colcon.colcon_core.package_identification:_identify(src/simple_rover_description/urdf) by extension 'python'
[0.262s] Level 1:colcon.colcon_core.package_identification:_identify(src/simple_rover_description/urdf) by extensions ['python_setup_py']
[0.262s] Level 1:colcon.colcon_core.package_identification:_identify(src/simple_rover_description/urdf) by extension 'python_setup_py'
[0.262s] Level 1:colcon.colcon_core.package_identification:_identify(src/your_robot_bringup) by extensions ['ignore', 'ignore_ament_install']
[0.262s] Level 1:colcon.colcon_core.package_identification:_identify(src/your_robot_bringup) by extension 'ignore'
[0.262s] Level 1:colcon.colcon_core.package_identification:_identify(src/your_robot_bringup) by extension 'ignore_ament_install'
[0.262s] Level 1:colcon.colcon_core.package_identification:_identify(src/your_robot_bringup) by extensions ['colcon_pkg']
[0.262s] Level 1:colcon.colcon_core.package_identification:_identify(src/your_robot_bringup) by extension 'colcon_pkg'
[0.262s] Level 1:colcon.colcon_core.package_identification:_identify(src/your_robot_bringup) by extensions ['colcon_meta']
[0.262s] Level 1:colcon.colcon_core.package_identification:_identify(src/your_robot_bringup) by extension 'colcon_meta'
[0.262s] Level 1:colcon.colcon_core.package_identification:_identify(src/your_robot_bringup) by extensions ['ros']
[0.262s] Level 1:colcon.colcon_core.package_identification:_identify(src/your_robot_bringup) by extension 'ros'
[0.263s] DEBUG:colcon.colcon_core.package_identification:Package 'src/your_robot_bringup' with type 'ros.ament_python' and name 'your_robot_bringup'
[0.263s] Level 1:colcon.colcon_core.package_identification:_identify(urdf) by extensions ['ignore', 'ignore_ament_install']
[0.263s] Level 1:colcon.colcon_core.package_identification:_identify(urdf) by extension 'ignore'
[0.263s] Level 1:colcon.colcon_core.package_identification:_identify(urdf) by extension 'ignore_ament_install'
[0.263s] Level 1:colcon.colcon_core.package_identification:_identify(urdf) by extensions ['colcon_pkg']
[0.263s] Level 1:colcon.colcon_core.package_identification:_identify(urdf) by extension 'colcon_pkg'
[0.263s] Level 1:colcon.colcon_core.package_identification:_identify(urdf) by extensions ['colcon_meta']
[0.263s] Level 1:colcon.colcon_core.package_identification:_identify(urdf) by extension 'colcon_meta'
[0.263s] Level 1:colcon.colcon_core.package_identification:_identify(urdf) by extensions ['ros']
[0.263s] Level 1:colcon.colcon_core.package_identification:_identify(urdf) by extension 'ros'
[0.263s] Level 1:colcon.colcon_core.package_identification:_identify(urdf) by extensions ['cmake', 'python']
[0.263s] Level 1:colcon.colcon_core.package_identification:_identify(urdf) by extension 'cmake'
[0.263s] Level 1:colcon.colcon_core.package_identification:_identify(urdf) by extension 'python'
[0.264s] Level 1:colcon.colcon_core.package_identification:_identify(urdf) by extensions ['python_setup_py']
[0.264s] Level 1:colcon.colcon_core.package_identification:_identify(urdf) by extension 'python_setup_py'
[0.264s] Level 1:colcon.colcon_core.package_discovery:discover_packages(recursive) using defaults
[0.264s] Level 1:colcon.colcon_core.package_discovery:discover_packages(ignore) discover
[0.264s] Level 1:colcon.colcon_core.package_discovery:discover_packages(ignore) using defaults
[0.264s] Level 1:colcon.colcon_core.package_discovery:discover_packages(path) discover
[0.264s] Level 1:colcon.colcon_core.package_discovery:discover_packages(path) using defaults
[0.287s] Level 1:colcon.colcon_core.package_discovery:discover_packages(prefix_path) check parameters
[0.287s] Level 1:colcon.colcon_core.package_discovery:discover_packages(prefix_path) discover
[0.292s] DEBUG:colcon.colcon_installed_package_information.package_discovery:Found 383 installed packages in /opt/ros/jazzy
[0.294s] Level 1:colcon.colcon_core.package_discovery:discover_packages(prefix_path) using defaults
[0.368s] Level 5:colcon.colcon_core.verb:set package 'bts_motor_controller' build argument 'cmake_args' from command line to 'None'
[0.368s] Level 5:colcon.colcon_core.verb:set package 'bts_motor_controller' build argument 'cmake_target' from command line to 'None'
[0.368s] Level 5:colcon.colcon_core.verb:set package 'bts_motor_controller' build argument 'cmake_target_skip_unavailable' from command line to 'False'
[0.368s] Level 5:colcon.colcon_core.verb:set package 'bts_motor_controller' build argument 'cmake_clean_cache' from command line to 'False'
[0.368s] Level 5:colcon.colcon_core.verb:set package 'bts_motor_controller' build argument 'cmake_clean_first' from command line to 'False'
[0.368s] Level 5:colcon.colcon_core.verb:set package 'bts_motor_controller' build argument 'cmake_force_configure' from command line to 'False'
[0.368s] Level 5:colcon.colcon_core.verb:set package 'bts_motor_controller' build argument 'ament_cmake_args' from command line to 'None'
[0.368s] Level 5:colcon.colcon_core.verb:set package 'bts_motor_controller' build argument 'catkin_cmake_args' from command line to 'None'
[0.368s] Level 5:colcon.colcon_core.verb:set package 'bts_motor_controller' build argument 'catkin_skip_building_tests' from command line to 'False'
[0.368s] DEBUG:colcon.colcon_core.verb:Building package 'bts_motor_controller' with the following arguments: {'ament_cmake_args': None, 'build_base': '/home/caterpillar/ros2_ws/build/bts_motor_controller', 'catkin_cmake_args': None, 'catkin_skip_building_tests': False, 'cmake_args': None, 'cmake_clean_cache': False, 'cmake_clean_first': False, 'cmake_force_configure': False, 'cmake_target': None, 'cmake_target_skip_unavailable': False, 'install_base': '/home/caterpillar/ros2_ws/install/bts_motor_controller', 'merge_install': False, 'path': '/home/caterpillar/ros2_ws/src/bts_motor_controller', 'symlink_install': True, 'test_result_base': None}
[0.368s] Level 5:colcon.colcon_core.verb:set package 'rover_navigation' build argument 'cmake_args' from command line to 'None'
[0.368s] Level 5:colcon.colcon_core.verb:set package 'rover_navigation' build argument 'cmake_target' from command line to 'None'
[0.368s] Level 5:colcon.colcon_core.verb:set package 'rover_navigation' build argument 'cmake_target_skip_unavailable' from command line to 'False'
[0.368s] Level 5:colcon.colcon_core.verb:set package 'rover_navigation' build argument 'cmake_clean_cache' from command line to 'False'
[0.368s] Level 5:colcon.colcon_core.verb:set package 'rover_navigation' build argument 'cmake_clean_first' from command line to 'False'
[0.369s] Level 5:colcon.colcon_core.verb:set package 'rover_navigation' build argument 'cmake_force_configure' from command line to 'False'
[0.369s] Level 5:colcon.colcon_core.verb:set package 'rover_navigation' build argument 'ament_cmake_args' from command line to 'None'
[0.369s] Level 5:colcon.colcon_core.verb:set package 'rover_navigation' build argument 'catkin_cmake_args' from command line to 'None'
[0.369s] Level 5:colcon.colcon_core.verb:set package 'rover_navigation' build argument 'catkin_skip_building_tests' from command line to 'False'
[0.369s] DEBUG:colcon.colcon_core.verb:Building package 'rover_navigation' with the following arguments: {'ament_cmake_args': None, 'build_base': '/home/caterpillar/ros2_ws/build/rover_navigation', 'catkin_cmake_args': None, 'catkin_skip_building_tests': False, 'cmake_args': None, 'cmake_clean_cache': False, 'cmake_clean_first': False, 'cmake_force_configure': False, 'cmake_target': None, 'cmake_target_skip_unavailable': False, 'install_base': '/home/caterpillar/ros2_ws/install/rover_navigation', 'merge_install': False, 'path': '/home/caterpillar/ros2_ws/src/rover_navigation', 'symlink_install': True, 'test_result_base': None}
[0.369s] Level 5:colcon.colcon_core.verb:set package 'rplidar_ros' build argument 'cmake_args' from command line to 'None'
[0.369s] Level 5:colcon.colcon_core.verb:set package 'rplidar_ros' build argument 'cmake_target' from command line to 'None'
[0.369s] Level 5:colcon.colcon_core.verb:set package 'rplidar_ros' build argument 'cmake_target_skip_unavailable' from command line to 'False'
[0.369s] Level 5:colcon.colcon_core.verb:set package 'rplidar_ros' build argument 'cmake_clean_cache' from command line to 'False'
[0.369s] Level 5:colcon.colcon_core.verb:set package 'rplidar_ros' build argument 'cmake_clean_first' from command line to 'False'
[0.369s] Level 5:colcon.colcon_core.verb:set package 'rplidar_ros' build argument 'cmake_force_configure' from command line to 'False'
[0.369s] Level 5:colcon.colcon_core.verb:set package 'rplidar_ros' build argument 'ament_cmake_args' from command line to 'None'
[0.369s] Level 5:colcon.colcon_core.verb:set package 'rplidar_ros' build argument 'catkin_cmake_args' from command line to 'None'
[0.369s] Level 5:colcon.colcon_core.verb:set package 'rplidar_ros' build argument 'catkin_skip_building_tests' from command line to 'False'
[0.369s] DEBUG:colcon.colcon_core.verb:Building package 'rplidar_ros' with the following arguments: {'ament_cmake_args': None, 'build_base': '/home/caterpillar/ros2_ws/build/rplidar_ros', 'catkin_cmake_args': None, 'catkin_skip_building_tests': False, 'cmake_args': None, 'cmake_clean_cache': False, 'cmake_clean_first': False, 'cmake_force_configure': False, 'cmake_target': None, 'cmake_target_skip_unavailable': False, 'install_base': '/home/caterpillar/ros2_ws/install/rplidar_ros', 'merge_install': False, 'path': '/home/caterpillar/ros2_ws/src/rplidar_ros', 'symlink_install': True, 'test_result_base': None}
[0.370s] Level 5:colcon.colcon_core.verb:set package 'your_robot_bringup' build argument 'cmake_args' from command line to 'None'
[0.370s] Level 5:colcon.colcon_core.verb:set package 'your_robot_bringup' build argument 'cmake_target' from command line to 'None'
[0.370s] Level 5:colcon.colcon_core.verb:set package 'your_robot_bringup' build argument 'cmake_target_skip_unavailable' from command line to 'False'
[0.370s] Level 5:colcon.colcon_core.verb:set package 'your_robot_bringup' build argument 'cmake_clean_cache' from command line to 'False'
[0.370s] Level 5:colcon.colcon_core.verb:set package 'your_robot_bringup' build argument 'cmake_clean_first' from command line to 'False'
[0.370s] Level 5:colcon.colcon_core.verb:set package 'your_robot_bringup' build argument 'cmake_force_configure' from command line to 'False'
[0.370s] Level 5:colcon.colcon_core.verb:set package 'your_robot_bringup' build argument 'ament_cmake_args' from command line to 'None'
[0.370s] Level 5:colcon.colcon_core.verb:set package 'your_robot_bringup' build argument 'catkin_cmake_args' from command line to 'None'
[0.370s] Level 5:colcon.colcon_core.verb:set package 'your_robot_bringup' build argument 'catkin_skip_building_tests' from command line to 'False'
[0.370s] DEBUG:colcon.colcon_core.verb:Building package 'your_robot_bringup' with the following arguments: {'ament_cmake_args': None, 'build_base': '/home/caterpillar/ros2_ws/build/your_robot_bringup', 'catkin_cmake_args': None, 'catkin_skip_building_tests': False, 'cmake_args': None, 'cmake_clean_cache': False, 'cmake_clean_first': False, 'cmake_force_configure': False, 'cmake_target': None, 'cmake_target_skip_unavailable': False, 'install_base': '/home/caterpillar/ros2_ws/install/your_robot_bringup', 'merge_install': False, 'path': '/home/caterpillar/ros2_ws/src/your_robot_bringup', 'symlink_install': True, 'test_result_base': None}
[0.370s] INFO:colcon.colcon_core.executor:Executing jobs using 'parallel' executor
[0.371s] DEBUG:colcon.colcon_parallel_executor.executor.parallel:run_until_complete
[0.372s] INFO:colcon.colcon_ros.task.ament_python.build:Building ROS package in '/home/caterpillar/ros2_ws/src/bts_motor_controller' with build type 'ament_python'
[0.373s] Level 1:colcon.colcon_core.shell:create_environment_hook('bts_motor_controller', 'ament_prefix_path')
[0.378s] INFO:colcon.colcon_core.plugin_system:Skipping extension 'colcon_core.shell.bat': Not used on non-Windows systems
[0.379s] INFO:colcon.colcon_core.shell:Creating environment hook '/home/caterpillar/ros2_ws/install/bts_motor_controller/share/bts_motor_controller/hook/ament_prefix_path.ps1'
[0.382s] INFO:colcon.colcon_core.shell:Creating environment descriptor '/home/caterpillar/ros2_ws/install/bts_motor_controller/share/bts_motor_controller/hook/ament_prefix_path.dsv'
[0.384s] INFO:colcon.colcon_core.shell:Creating environment hook '/home/caterpillar/ros2_ws/install/bts_motor_controller/share/bts_motor_controller/hook/ament_prefix_path.sh'
[0.386s] INFO:colcon.colcon_core.shell:Skip shell extension 'powershell' for command environment: Not usable outside of PowerShell
[0.386s] DEBUG:colcon.colcon_core.shell:Skip shell extension 'dsv' for command environment
[0.391s] INFO:colcon.colcon_ros.task.ament_cmake.build:Building ROS package in '/home/caterpillar/ros2_ws/src/rplidar_ros' with build type 'ament_cmake'
[0.391s] INFO:colcon.colcon_cmake.task.cmake.build:Building CMake package in '/home/caterpillar/ros2_ws/src/rplidar_ros'
[0.391s] INFO:colcon.colcon_core.shell:Skip shell extension 'powershell' for command environment: Not usable outside of PowerShell
[0.391s] DEBUG:colcon.colcon_core.shell:Skip shell extension 'dsv' for command environment
[0.396s] INFO:colcon.colcon_ros.task.ament_python.build:Building ROS package in '/home/caterpillar/ros2_ws/src/rover_navigation' with build type 'ament_python'
[0.397s] Level 1:colcon.colcon_core.shell:create_environment_hook('rover_navigation', 'ament_prefix_path')
[0.397s] INFO:colcon.colcon_core.shell:Creating environment hook '/home/caterpillar/ros2_ws/install/rover_navigation/share/rover_navigation/hook/ament_prefix_path.ps1'
[0.399s] INFO:colcon.colcon_core.shell:Creating environment descriptor '/home/caterpillar/ros2_ws/install/rover_navigation/share/rover_navigation/hook/ament_prefix_path.dsv'
[0.400s] INFO:colcon.colcon_core.shell:Creating environment hook '/home/caterpillar/ros2_ws/install/rover_navigation/share/rover_navigation/hook/ament_prefix_path.sh'
[0.402s] INFO:colcon.colcon_core.shell:Skip shell extension 'powershell' for command environment: Not usable outside of PowerShell
[0.402s] DEBUG:colcon.colcon_core.shell:Skip shell extension 'dsv' for command environment
[0.799s] INFO:colcon.colcon_core.task.python.build:Building Python package in '/home/caterpillar/ros2_ws/src/bts_motor_controller'
[0.800s] INFO:colcon.colcon_core.shell:Skip shell extension 'powershell' for command environment: Not usable outside of PowerShell
[0.800s] DEBUG:colcon.colcon_core.shell:Skip shell extension 'dsv' for command environment
[0.812s] DEBUG:colcon.colcon_core.event_handler.log_command:Invoking command in '/home/caterpillar/ros2_ws/build/rplidar_ros': CMAKE_PREFIX_PATH=${CMAKE_PREFIX_PATH}:/opt/ros/jazzy DEBUGINFOD_URLS=https://debuginfod.ubuntu.com /usr/bin/cmake --build /home/caterpillar/ros2_ws/build/rplidar_ros -- -j4 -l4
[1.199s] INFO:colcon.colcon_core.task.python.build:Building Python package in '/home/caterpillar/ros2_ws/src/rover_navigation'
[1.199s] INFO:colcon.colcon_core.shell:Skip shell extension 'powershell' for command environment: Not usable outside of PowerShell
[1.199s] DEBUG:colcon.colcon_core.shell:Skip shell extension 'dsv' for command environment
[1.210s] DEBUG:colcon.colcon_core.event_handler.log_command:Invoked command in '/home/caterpillar/ros2_ws/build/rplidar_ros' returned '0': CMAKE_PREFIX_PATH=${CMAKE_PREFIX_PATH}:/opt/ros/jazzy DEBUGINFOD_URLS=https://debuginfod.ubuntu.com /usr/bin/cmake --build /home/caterpillar/ros2_ws/build/rplidar_ros -- -j4 -l4
[1.232s] DEBUG:colcon.colcon_core.event_handler.log_command:Invoking command in '/home/caterpillar/ros2_ws/build/rplidar_ros': CMAKE_PREFIX_PATH=${CMAKE_PREFIX_PATH}:/opt/ros/jazzy DEBUGINFOD_URLS=https://debuginfod.ubuntu.com /usr/bin/cmake --install /home/caterpillar/ros2_ws/build/rplidar_ros
[1.293s] Level 1:colcon.colcon_core.environment:create_environment_scripts_only(rplidar_ros)
[1.294s] DEBUG:colcon.colcon_core.event_handler.log_command:Invoked command in '/home/caterpillar/ros2_ws/build/rplidar_ros' returned '0': CMAKE_PREFIX_PATH=${CMAKE_PREFIX_PATH}:/opt/ros/jazzy DEBUGINFOD_URLS=https://debuginfod.ubuntu.com /usr/bin/cmake --install /home/caterpillar/ros2_ws/build/rplidar_ros
[1.297s] Level 1:colcon.colcon_core.environment:checking '/home/caterpillar/ros2_ws/install/rplidar_ros' for CMake module files
[1.298s] Level 1:colcon.colcon_core.environment:checking '/home/caterpillar/ros2_ws/install/rplidar_ros' for CMake config files
[1.299s] Level 1:colcon.colcon_core.shell:create_environment_hook('rplidar_ros', 'cmake_prefix_path')
[1.299s] INFO:colcon.colcon_core.shell:Creating environment hook '/home/caterpillar/ros2_ws/install/rplidar_ros/share/rplidar_ros/hook/cmake_prefix_path.ps1'
[1.300s] INFO:colcon.colcon_core.shell:Creating environment descriptor '/home/caterpillar/ros2_ws/install/rplidar_ros/share/rplidar_ros/hook/cmake_prefix_path.dsv'
[1.303s] INFO:colcon.colcon_core.shell:Creating environment hook '/home/caterpillar/ros2_ws/install/rplidar_ros/share/rplidar_ros/hook/cmake_prefix_path.sh'
[1.304s] Level 1:colcon.colcon_core.environment:checking '/home/caterpillar/ros2_ws/install/rplidar_ros/lib'
[1.305s] Level 1:colcon.colcon_core.shell:create_environment_hook('rplidar_ros', 'ld_library_path_lib')
[1.305s] INFO:colcon.colcon_core.shell:Creating environment hook '/home/caterpillar/ros2_ws/install/rplidar_ros/share/rplidar_ros/hook/ld_library_path_lib.ps1'
[1.306s] INFO:colcon.colcon_core.shell:Creating environment descriptor '/home/caterpillar/ros2_ws/install/rplidar_ros/share/rplidar_ros/hook/ld_library_path_lib.dsv'
[1.307s] INFO:colcon.colcon_core.shell:Creating environment hook '/home/caterpillar/ros2_ws/install/rplidar_ros/share/rplidar_ros/hook/ld_library_path_lib.sh'
[1.308s] Level 1:colcon.colcon_core.environment:checking '/home/caterpillar/ros2_ws/install/rplidar_ros/bin'
[1.308s] Level 1:colcon.colcon_core.environment:checking '/home/caterpillar/ros2_ws/install/rplidar_ros/lib/pkgconfig/rplidar_ros.pc'
[1.308s] Level 1:colcon.colcon_core.environment:checking '/home/caterpillar/ros2_ws/install/rplidar_ros/lib/python3.12/site-packages'
[1.309s] Level 1:colcon.colcon_core.environment:checking '/home/caterpillar/ros2_ws/install/rplidar_ros/bin'
[1.309s] INFO:colcon.colcon_core.shell:Creating package script '/home/caterpillar/ros2_ws/install/rplidar_ros/share/rplidar_ros/package.ps1'
[1.310s] INFO:colcon.colcon_core.shell:Creating package descriptor '/home/caterpillar/ros2_ws/install/rplidar_ros/share/rplidar_ros/package.dsv'
[1.311s] INFO:colcon.colcon_core.shell:Creating package script '/home/caterpillar/ros2_ws/install/rplidar_ros/share/rplidar_ros/package.sh'
[1.312s] INFO:colcon.colcon_core.shell:Creating package script '/home/caterpillar/ros2_ws/install/rplidar_ros/share/rplidar_ros/package.bash'
[1.313s] INFO:colcon.colcon_core.shell:Creating package script '/home/caterpillar/ros2_ws/install/rplidar_ros/share/rplidar_ros/package.zsh'
[1.315s] Level 1:colcon.colcon_core.environment:create_file_with_runtime_dependencies(/home/caterpillar/ros2_ws/install/rplidar_ros/share/colcon-core/packages/rplidar_ros)
[1.316s] Level 1:colcon.colcon_core.environment:create_environment_scripts_only(rplidar_ros)
[1.316s] Level 1:colcon.colcon_core.environment:checking '/home/caterpillar/ros2_ws/install/rplidar_ros' for CMake module files
[1.317s] Level 1:colcon.colcon_core.environment:checking '/home/caterpillar/ros2_ws/install/rplidar_ros' for CMake config files
[1.318s] Level 1:colcon.colcon_core.shell:create_environment_hook('rplidar_ros', 'cmake_prefix_path')
[1.318s] INFO:colcon.colcon_core.shell:Creating environment hook '/home/caterpillar/ros2_ws/install/rplidar_ros/share/rplidar_ros/hook/cmake_prefix_path.ps1'
[1.319s] INFO:colcon.colcon_core.shell:Creating environment descriptor '/home/caterpillar/ros2_ws/install/rplidar_ros/share/rplidar_ros/hook/cmake_prefix_path.dsv'
[1.320s] INFO:colcon.colcon_core.shell:Creating environment hook '/home/caterpillar/ros2_ws/install/rplidar_ros/share/rplidar_ros/hook/cmake_prefix_path.sh'
[1.321s] Level 1:colcon.colcon_core.environment:checking '/home/caterpillar/ros2_ws/install/rplidar_ros/lib'
[1.321s] Level 1:colcon.colcon_core.shell:create_environment_hook('rplidar_ros', 'ld_library_path_lib')
[1.321s] INFO:colcon.colcon_core.shell:Creating environment hook '/home/caterpillar/ros2_ws/install/rplidar_ros/share/rplidar_ros/hook/ld_library_path_lib.ps1'
[1.322s] INFO:colcon.colcon_core.shell:Creating environment descriptor '/home/caterpillar/ros2_ws/install/rplidar_ros/share/rplidar_ros/hook/ld_library_path_lib.dsv'
[1.323s] INFO:colcon.colcon_core.shell:Creating environment hook '/home/caterpillar/ros2_ws/install/rplidar_ros/share/rplidar_ros/hook/ld_library_path_lib.sh'
[1.324s] Level 1:colcon.colcon_core.environment:checking '/home/caterpillar/ros2_ws/install/rplidar_ros/bin'
[1.324s] Level 1:colcon.colcon_core.environment:checking '/home/caterpillar/ros2_ws/install/rplidar_ros/lib/pkgconfig/rplidar_ros.pc'
[1.325s] Level 1:colcon.colcon_core.environment:checking '/home/caterpillar/ros2_ws/install/rplidar_ros/lib/python3.12/site-packages'
[1.325s] Level 1:colcon.colcon_core.environment:checking '/home/caterpillar/ros2_ws/install/rplidar_ros/bin'
[1.326s] INFO:colcon.colcon_core.shell:Creating package script '/home/caterpillar/ros2_ws/install/rplidar_ros/share/rplidar_ros/package.ps1'
[1.327s] INFO:colcon.colcon_core.shell:Creating package descriptor '/home/caterpillar/ros2_ws/install/rplidar_ros/share/rplidar_ros/package.dsv'
[1.328s] INFO:colcon.colcon_core.shell:Creating package script '/home/caterpillar/ros2_ws/install/rplidar_ros/share/rplidar_ros/package.sh'
[1.329s] INFO:colcon.colcon_core.shell:Creating package script '/home/caterpillar/ros2_ws/install/rplidar_ros/share/rplidar_ros/package.bash'
[1.330s] INFO:colcon.colcon_core.shell:Creating package script '/home/caterpillar/ros2_ws/install/rplidar_ros/share/rplidar_ros/package.zsh'
[1.331s] Level 1:colcon.colcon_core.environment:create_file_with_runtime_dependencies(/home/caterpillar/ros2_ws/install/rplidar_ros/share/colcon-core/packages/rplidar_ros)
[2.320s] DEBUG:colcon.colcon_core.event_handler.log_command:Invoking command in '/home/caterpillar/ros2_ws/build/bts_motor_controller': DEBUGINFOD_URLS=https://debuginfod.ubuntu.com PYTHONPATH=/home/caterpillar/ros2_ws/build/bts_motor_controller/prefix_override:/usr/lib/python3/dist-packages/colcon_core/task/python/colcon_distutils_commands:/home/caterpillar/ros2_ws/install/bts_motor_controller/lib/python3.12/site-packages:${PYTHONPATH} /usr/bin/python3 -W ignore:setup.py install is deprecated -W ignore:easy_install command is deprecated setup.py develop --editable --build-directory /home/caterpillar/ros2_ws/build/bts_motor_controller/build --no-deps symlink_data
[2.360s] DEBUG:colcon.colcon_core.event_handler.log_command:Invoking command in '/home/caterpillar/ros2_ws/build/rover_navigation': DEBUGINFOD_URLS=https://debuginfod.ubuntu.com PYTHONPATH=/home/caterpillar/ros2_ws/build/rover_navigation/prefix_override:/usr/lib/python3/dist-packages/colcon_core/task/python/colcon_distutils_commands:/home/caterpillar/ros2_ws/install/rover_navigation/lib/python3.12/site-packages:${PYTHONPATH} /usr/bin/python3 -W ignore:setup.py install is deprecated -W ignore:easy_install command is deprecated setup.py develop --editable --build-directory /home/caterpillar/ros2_ws/build/rover_navigation/build --no-deps symlink_data
[3.530s] Level 1:colcon.colcon_core.shell:create_environment_hook('bts_motor_controller', 'pythonpath_develop')
[3.530s] INFO:colcon.colcon_core.shell:Creating environment hook '/home/caterpillar/ros2_ws/build/bts_motor_controller/share/bts_motor_controller/hook/pythonpath_develop.ps1'
[3.531s] DEBUG:colcon.colcon_core.event_handler.log_command:Invoked command in '/home/caterpillar/ros2_ws/build/bts_motor_controller' returned '0': DEBUGINFOD_URLS=https://debuginfod.ubuntu.com PYTHONPATH=/home/caterpillar/ros2_ws/build/bts_motor_controller/prefix_override:/usr/lib/python3/dist-packages/colcon_core/task/python/colcon_distutils_commands:/home/caterpillar/ros2_ws/install/bts_motor_controller/lib/python3.12/site-packages:${PYTHONPATH} /usr/bin/python3 -W ignore:setup.py install is deprecated -W ignore:easy_install command is deprecated setup.py develop --editable --build-directory /home/caterpillar/ros2_ws/build/bts_motor_controller/build --no-deps symlink_data
[3.532s] INFO:colcon.colcon_core.shell:Creating environment descriptor '/home/caterpillar/ros2_ws/build/bts_motor_controller/share/bts_motor_controller/hook/pythonpath_develop.dsv'
[3.535s] INFO:colcon.colcon_core.shell:Creating environment hook '/home/caterpillar/ros2_ws/build/bts_motor_controller/share/bts_motor_controller/hook/pythonpath_develop.sh'
[3.536s] Level 1:colcon.colcon_core.environment:checking '/home/caterpillar/ros2_ws/install/bts_motor_controller' for CMake module files
[3.537s] Level 1:colcon.colcon_core.environment:checking '/home/caterpillar/ros2_ws/install/bts_motor_controller' for CMake config files
[3.537s] Level 1:colcon.colcon_core.environment:checking '/home/caterpillar/ros2_ws/install/bts_motor_controller/lib'
[3.538s] Level 1:colcon.colcon_core.environment:checking '/home/caterpillar/ros2_ws/install/bts_motor_controller/bin'
[3.538s] Level 1:colcon.colcon_core.environment:checking '/home/caterpillar/ros2_ws/install/bts_motor_controller/lib/pkgconfig/bts_motor_controller.pc'
[3.538s] Level 1:colcon.colcon_core.environment:checking '/home/caterpillar/ros2_ws/install/bts_motor_controller/lib/python3.12/site-packages'
[3.538s] Level 1:colcon.colcon_core.shell:create_environment_hook('bts_motor_controller', 'pythonpath')
[3.538s] INFO:colcon.colcon_core.shell:Creating environment hook '/home/caterpillar/ros2_ws/install/bts_motor_controller/share/bts_motor_controller/hook/pythonpath.ps1'
[3.539s] INFO:colcon.colcon_core.shell:Creating environment descriptor '/home/caterpillar/ros2_ws/install/bts_motor_controller/share/bts_motor_controller/hook/pythonpath.dsv'
[3.540s] INFO:colcon.colcon_core.shell:Creating environment hook '/home/caterpillar/ros2_ws/install/bts_motor_controller/share/bts_motor_controller/hook/pythonpath.sh'
[3.541s] Level 1:colcon.colcon_core.environment:checking '/home/caterpillar/ros2_ws/install/bts_motor_controller/bin'
[3.541s] Level 1:colcon.colcon_core.environment:create_environment_scripts_only(bts_motor_controller)
[3.542s] INFO:colcon.colcon_core.shell:Creating package script '/home/caterpillar/ros2_ws/install/bts_motor_controller/share/bts_motor_controller/package.ps1'
[3.543s] INFO:colcon.colcon_core.shell:Creating package descriptor '/home/caterpillar/ros2_ws/install/bts_motor_controller/share/bts_motor_controller/package.dsv'
[3.544s] INFO:colcon.colcon_core.shell:Creating package script '/home/caterpillar/ros2_ws/install/bts_motor_controller/share/bts_motor_controller/package.sh'
[3.544s] INFO:colcon.colcon_core.shell:Creating package script '/home/caterpillar/ros2_ws/install/bts_motor_controller/share/bts_motor_controller/package.bash'
[3.545s] INFO:colcon.colcon_core.shell:Creating package script '/home/caterpillar/ros2_ws/install/bts_motor_controller/share/bts_motor_controller/package.zsh'
[3.546s] Level 1:colcon.colcon_core.environment:create_file_with_runtime_dependencies(/home/caterpillar/ros2_ws/install/bts_motor_controller/share/colcon-core/packages/bts_motor_controller)
[3.547s] INFO:colcon.colcon_ros.task.ament_python.build:Building ROS package in '/home/caterpillar/ros2_ws/src/your_robot_bringup' with build type 'ament_python'
[3.547s] Level 1:colcon.colcon_core.shell:create_environment_hook('your_robot_bringup', 'ament_prefix_path')
[3.547s] INFO:colcon.colcon_core.shell:Creating environment hook '/home/caterpillar/ros2_ws/install/your_robot_bringup/share/your_robot_bringup/hook/ament_prefix_path.ps1'
[3.548s] INFO:colcon.colcon_core.shell:Creating environment descriptor '/home/caterpillar/ros2_ws/install/your_robot_bringup/share/your_robot_bringup/hook/ament_prefix_path.dsv'
[3.549s] INFO:colcon.colcon_core.shell:Creating environment hook '/home/caterpillar/ros2_ws/install/your_robot_bringup/share/your_robot_bringup/hook/ament_prefix_path.sh'
[3.552s] INFO:colcon.colcon_core.shell:Skip shell extension 'powershell' for command environment: Not usable outside of PowerShell
[3.553s] DEBUG:colcon.colcon_core.shell:Skip shell extension 'dsv' for command environment
[3.571s] Level 1:colcon.colcon_core.shell:create_environment_hook('rover_navigation', 'pythonpath_develop')
[3.574s] INFO:colcon.colcon_core.shell:Creating environment hook '/home/caterpillar/ros2_ws/build/rover_navigation/share/rover_navigation/hook/pythonpath_develop.ps1'
[3.572s] DEBUG:colcon.colcon_core.event_handler.log_command:Invoked command in '/home/caterpillar/ros2_ws/build/rover_navigation' returned '0': DEBUGINFOD_URLS=https://debuginfod.ubuntu.com PYTHONPATH=/home/caterpillar/ros2_ws/build/rover_navigation/prefix_override:/usr/lib/python3/dist-packages/colcon_core/task/python/colcon_distutils_commands:/home/caterpillar/ros2_ws/install/rover_navigation/lib/python3.12/site-packages:${PYTHONPATH} /usr/bin/python3 -W ignore:setup.py install is deprecated -W ignore:easy_install command is deprecated setup.py develop --editable --build-directory /home/caterpillar/ros2_ws/build/rover_navigation/build --no-deps symlink_data
[3.579s] INFO:colcon.colcon_core.shell:Creating environment descriptor '/home/caterpillar/ros2_ws/build/rover_navigation/share/rover_navigation/hook/pythonpath_develop.dsv'
[3.581s] INFO:colcon.colcon_core.shell:Creating environment hook '/home/caterpillar/ros2_ws/build/rover_navigation/share/rover_navigation/hook/pythonpath_develop.sh'
[3.583s] Level 1:colcon.colcon_core.environment:checking '/home/caterpillar/ros2_ws/install/rover_navigation' for CMake module files
[3.583s] Level 1:colcon.colcon_core.environment:checking '/home/caterpillar/ros2_ws/install/rover_navigation' for CMake config files
[3.584s] Level 1:colcon.colcon_core.environment:checking '/home/caterpillar/ros2_ws/install/rover_navigation/lib'
[3.584s] Level 1:colcon.colcon_core.environment:checking '/home/caterpillar/ros2_ws/install/rover_navigation/bin'
[3.585s] Level 1:colcon.colcon_core.environment:checking '/home/caterpillar/ros2_ws/install/rover_navigation/lib/pkgconfig/rover_navigation.pc'
[3.585s] Level 1:colcon.colcon_core.environment:checking '/home/caterpillar/ros2_ws/install/rover_navigation/lib/python3.12/site-packages'
[3.585s] Level 1:colcon.colcon_core.shell:create_environment_hook('rover_navigation', 'pythonpath')
[3.585s] INFO:colcon.colcon_core.shell:Creating environment hook '/home/caterpillar/ros2_ws/install/rover_navigation/share/rover_navigation/hook/pythonpath.ps1'
[3.586s] INFO:colcon.colcon_core.shell:Creating environment descriptor '/home/caterpillar/ros2_ws/install/rover_navigation/share/rover_navigation/hook/pythonpath.dsv'
[3.587s] INFO:colcon.colcon_core.shell:Creating environment hook '/home/caterpillar/ros2_ws/install/rover_navigation/share/rover_navigation/hook/pythonpath.sh'
[3.588s] Level 1:colcon.colcon_core.environment:checking '/home/caterpillar/ros2_ws/install/rover_navigation/bin'
[3.588s] Level 1:colcon.colcon_core.environment:create_environment_scripts_only(rover_navigation)
[3.589s] INFO:colcon.colcon_core.shell:Creating package script '/home/caterpillar/ros2_ws/install/rover_navigation/share/rover_navigation/package.ps1'
[3.590s] INFO:colcon.colcon_core.shell:Creating package descriptor '/home/caterpillar/ros2_ws/install/rover_navigation/share/rover_navigation/package.dsv'
[3.592s] INFO:colcon.colcon_core.shell:Creating package script '/home/caterpillar/ros2_ws/install/rover_navigation/share/rover_navigation/package.sh'
[3.594s] INFO:colcon.colcon_core.shell:Creating package script '/home/caterpillar/ros2_ws/install/rover_navigation/share/rover_navigation/package.bash'
[3.596s] INFO:colcon.colcon_core.shell:Creating package script '/home/caterpillar/ros2_ws/install/rover_navigation/share/rover_navigation/package.zsh'
[3.598s] Level 1:colcon.colcon_core.environment:create_file_with_runtime_dependencies(/home/caterpillar/ros2_ws/install/rover_navigation/share/colcon-core/packages/rover_navigation)
[4.019s] INFO:colcon.colcon_core.task.python.build:Building Python package in '/home/caterpillar/ros2_ws/src/your_robot_bringup'
[4.020s] INFO:colcon.colcon_core.shell:Skip shell extension 'powershell' for command environment: Not usable outside of PowerShell
[4.020s] DEBUG:colcon.colcon_core.shell:Skip shell extension 'dsv' for command environment
[5.061s] DEBUG:colcon.colcon_core.event_handler.log_command:Invoking command in '/home/caterpillar/ros2_ws/build/your_robot_bringup': AMENT_PREFIX_PATH=/home/caterpillar/ros2_ws/install/rplidar_ros:/home/caterpillar/ros2_ws/install/bts_motor_controller:${AMENT_PREFIX_PATH} CMAKE_PREFIX_PATH=/home/caterpillar/ros2_ws/install/rplidar_ros:${CMAKE_PREFIX_PATH} DEBUGINFOD_URLS=https://debuginfod.ubuntu.com LD_LIBRARY_PATH=/home/caterpillar/ros2_ws/install/rplidar_ros/lib:${LD_LIBRARY_PATH} PYTHONPATH=/home/caterpillar/ros2_ws/build/your_robot_bringup/prefix_override:/usr/lib/python3/dist-packages/colcon_core/task/python/colcon_distutils_commands:/home/caterpillar/ros2_ws/install/your_robot_bringup/lib/python3.12/site-packages:/home/caterpillar/ros2_ws/build/bts_motor_controller:/home/caterpillar/ros2_ws/install/bts_motor_controller/lib/python3.12/site-packages:${PYTHONPATH} /usr/bin/python3 -W ignore:setup.py install is deprecated -W ignore:easy_install command is deprecated setup.py develop --editable --build-directory /home/caterpillar/ros2_ws/build/your_robot_bringup/build --no-deps symlink_data
[6.194s] Level 1:colcon.colcon_core.shell:create_environment_hook('your_robot_bringup', 'pythonpath_develop')
[6.194s] INFO:colcon.colcon_core.shell:Creating environment hook '/home/caterpillar/ros2_ws/build/your_robot_bringup/src/share/your_robot_bringup/hook/pythonpath_develop.ps1'
[6.195s] DEBUG:colcon.colcon_core.event_handler.log_command:Invoked command in '/home/caterpillar/ros2_ws/build/your_robot_bringup' returned '0': AMENT_PREFIX_PATH=/home/caterpillar/ros2_ws/install/rplidar_ros:/home/caterpillar/ros2_ws/install/bts_motor_controller:${AMENT_PREFIX_PATH} CMAKE_PREFIX_PATH=/home/caterpillar/ros2_ws/install/rplidar_ros:${CMAKE_PREFIX_PATH} DEBUGINFOD_URLS=https://debuginfod.ubuntu.com LD_LIBRARY_PATH=/home/caterpillar/ros2_ws/install/rplidar_ros/lib:${LD_LIBRARY_PATH} PYTHONPATH=/home/caterpillar/ros2_ws/build/your_robot_bringup/prefix_override:/usr/lib/python3/dist-packages/colcon_core/task/python/colcon_distutils_commands:/home/caterpillar/ros2_ws/install/your_robot_bringup/lib/python3.12/site-packages:/home/caterpillar/ros2_ws/build/bts_motor_controller:/home/caterpillar/ros2_ws/install/bts_motor_controller/lib/python3.12/site-packages:${PYTHONPATH} /usr/bin/python3 -W ignore:setup.py install is deprecated -W ignore:easy_install command is deprecated setup.py develop --editable --build-directory /home/caterpillar/ros2_ws/build/your_robot_bringup/build --no-deps symlink_data
[6.196s] INFO:colcon.colcon_core.shell:Creating environment descriptor '/home/caterpillar/ros2_ws/build/your_robot_bringup/src/share/your_robot_bringup/hook/pythonpath_develop.dsv'
[6.199s] INFO:colcon.colcon_core.shell:Creating environment hook '/home/caterpillar/ros2_ws/build/your_robot_bringup/src/share/your_robot_bringup/hook/pythonpath_develop.sh'
[6.200s] Level 1:colcon.colcon_core.environment:checking '/home/caterpillar/ros2_ws/install/your_robot_bringup' for CMake module files
[6.200s] Level 1:colcon.colcon_core.environment:checking '/home/caterpillar/ros2_ws/install/your_robot_bringup' for CMake config files
[6.201s] Level 1:colcon.colcon_core.environment:checking '/home/caterpillar/ros2_ws/install/your_robot_bringup/lib'
[6.201s] Level 1:colcon.colcon_core.environment:checking '/home/caterpillar/ros2_ws/install/your_robot_bringup/bin'
[6.201s] Level 1:colcon.colcon_core.environment:checking '/home/caterpillar/ros2_ws/install/your_robot_bringup/lib/pkgconfig/your_robot_bringup.pc'
[6.201s] Level 1:colcon.colcon_core.environment:checking '/home/caterpillar/ros2_ws/install/your_robot_bringup/lib/python3.12/site-packages'
[6.202s] Level 1:colcon.colcon_core.shell:create_environment_hook('your_robot_bringup', 'pythonpath')
[6.202s] INFO:colcon.colcon_core.shell:Creating environment hook '/home/caterpillar/ros2_ws/install/your_robot_bringup/share/your_robot_bringup/hook/pythonpath.ps1'
[6.202s] INFO:colcon.colcon_core.shell:Creating environment descriptor '/home/caterpillar/ros2_ws/install/your_robot_bringup/share/your_robot_bringup/hook/pythonpath.dsv'
[6.203s] INFO:colcon.colcon_core.shell:Creating environment hook '/home/caterpillar/ros2_ws/install/your_robot_bringup/share/your_robot_bringup/hook/pythonpath.sh'
[6.204s] Level 1:colcon.colcon_core.environment:checking '/home/caterpillar/ros2_ws/install/your_robot_bringup/bin'
[6.205s] Level 1:colcon.colcon_core.environment:create_environment_scripts_only(your_robot_bringup)
[6.205s] INFO:colcon.colcon_core.shell:Creating package script '/home/caterpillar/ros2_ws/install/your_robot_bringup/share/your_robot_bringup/package.ps1'
[6.206s] INFO:colcon.colcon_core.shell:Creating package descriptor '/home/caterpillar/ros2_ws/install/your_robot_bringup/share/your_robot_bringup/package.dsv'
[6.207s] INFO:colcon.colcon_core.shell:Creating package script '/home/caterpillar/ros2_ws/install/your_robot_bringup/share/your_robot_bringup/package.sh'
[6.207s] INFO:colcon.colcon_core.shell:Creating package script '/home/caterpillar/ros2_ws/install/your_robot_bringup/share/your_robot_bringup/package.bash'
[6.208s] INFO:colcon.colcon_core.shell:Creating package script '/home/caterpillar/ros2_ws/install/your_robot_bringup/share/your_robot_bringup/package.zsh'
[6.209s] Level 1:colcon.colcon_core.environment:create_file_with_runtime_dependencies(/home/caterpillar/ros2_ws/install/your_robot_bringup/share/colcon-core/packages/your_robot_bringup)
[6.210s] DEBUG:colcon.colcon_parallel_executor.executor.parallel:closing loop
[6.211s] DEBUG:colcon.colcon_parallel_executor.executor.parallel:loop closed
[6.211s] DEBUG:colcon.colcon_parallel_executor.executor.parallel:run_until_complete finished with '0'
[6.212s] DEBUG:colcon.colcon_core.event_reactor:joining thread
[6.227s] INFO:colcon.colcon_core.plugin_system:Skipping extension 'colcon_notification.desktop_notification.terminal_notifier': Not used on non-Darwin systems
[6.227s] INFO:colcon.colcon_core.plugin_system:Skipping extension 'colcon_notification.desktop_notification.win32': Not used on non-Windows systems
[6.227s] INFO:colcon.colcon_notification.desktop_notification:Sending desktop notification using 'notify2'
[6.261s] DEBUG:colcon.colcon_core.event_reactor:joined thread
[6.262s] INFO:colcon.colcon_core.shell:Creating prefix script '/home/caterpillar/ros2_ws/install/local_setup.ps1'
[6.263s] INFO:colcon.colcon_core.shell:Creating prefix util module '/home/caterpillar/ros2_ws/install/_local_setup_util_ps1.py'
[6.265s] INFO:colcon.colcon_core.shell:Creating prefix chain script '/home/caterpillar/ros2_ws/install/setup.ps1'
[6.267s] INFO:colcon.colcon_core.shell:Creating prefix script '/home/caterpillar/ros2_ws/install/local_setup.sh'
[6.269s] INFO:colcon.colcon_core.shell:Creating prefix util module '/home/caterpillar/ros2_ws/install/_local_setup_util_sh.py'
[6.270s] INFO:colcon.colcon_core.shell:Creating prefix chain script '/home/caterpillar/ros2_ws/install/setup.sh'
[6.272s] INFO:colcon.colcon_core.shell:Creating prefix script '/home/caterpillar/ros2_ws/install/local_setup.bash'
[6.273s] INFO:colcon.colcon_core.shell:Creating prefix chain script '/home/caterpillar/ros2_ws/install/setup.bash'
[6.274s] INFO:colcon.colcon_core.shell:Creating prefix script '/home/caterpillar/ros2_ws/install/local_setup.zsh'
[6.275s] INFO:colcon.colcon_core.shell:Creating prefix chain script '/home/caterpillar/ros2_ws/install/setup.zsh'
