[1.848s] Invoking command in '/home/caterpillar/ros2_ws/build/rover_navigation': DEBUGINFOD_URLS=https://debuginfod.ubuntu.com PYTHONPATH=/home/caterpillar/ros2_ws/build/rover_navigation/prefix_override:/usr/lib/python3/dist-packages/colcon_core/task/python/colcon_distutils_commands:/home/caterpillar/ros2_ws/install/rover_navigation/lib/python3.12/site-packages:${PYTHONPATH} /usr/bin/python3 -W ignore:setup.py install is deprecated -W ignore:easy_install command is deprecated setup.py develop --editable --build-directory /home/caterpillar/ros2_ws/build/rover_navigation/build --no-deps symlink_data
[2.382s] running develop
[2.728s] running egg_info
[2.760s] writing rover_navigation.egg-info/PKG-INFO
[2.761s] writing dependency_links to rover_navigation.egg-info/dependency_links.txt
[2.764s] writing entry points to rover_navigation.egg-info/entry_points.txt
[2.764s] writing requirements to rover_navigation.egg-info/requires.txt
[2.765s] writing top-level names to rover_navigation.egg-info/top_level.txt
[2.836s] reading manifest file 'rover_navigation.egg-info/SOURCES.txt'
[2.837s] writing manifest file 'rover_navigation.egg-info/SOURCES.txt'
[2.874s] running build_ext
[2.874s] Creating /home/caterpillar/ros2_ws/install/rover_navigation/lib/python3.12/site-packages/rover-navigation.egg-link (link to .)
[2.875s] Installing a_star_planner script to /home/caterpillar/ros2_ws/install/rover_navigation/lib/rover_navigation
[2.876s] Installing cmdvel_to_wheels script to /home/caterpillar/ros2_ws/install/rover_navigation/lib/rover_navigation
[2.876s] Installing esp8266_bridge script to /home/caterpillar/ros2_ws/install/rover_navigation/lib/rover_navigation
[2.876s] Installing esp_serial_odometry_node script to /home/caterpillar/ros2_ws/install/rover_navigation/lib/rover_navigation
[2.876s] Installing lwb_planner script to /home/caterpillar/ros2_ws/install/rover_navigation/lib/rover_navigation
[2.877s] Installing navigation_dashboard script to /home/caterpillar/ros2_ws/install/rover_navigation/lib/rover_navigation
[2.877s] Installing obstacle_detection script to /home/caterpillar/ros2_ws/install/rover_navigation/lib/rover_navigation
[2.877s] Installing odometry_node script to /home/caterpillar/ros2_ws/install/rover_navigation/lib/rover_navigation
[2.877s] Installing path_executor script to /home/caterpillar/ros2_ws/install/rover_navigation/lib/rover_navigation
[2.878s] Installing planner_manager script to /home/caterpillar/ros2_ws/install/rover_navigation/lib/rover_navigation
[2.878s] Installing rrt_planner script to /home/caterpillar/ros2_ws/install/rover_navigation/lib/rover_navigation
[2.878s] 
[2.878s] Installed /home/caterpillar/ros2_ws/build/rover_navigation
[2.878s] running symlink_data
[3.365s] Invoked command in '/home/caterpillar/ros2_ws/build/rover_navigation' returned '0': DEBUGINFOD_URLS=https://debuginfod.ubuntu.com PYTHONPATH=/home/caterpillar/ros2_ws/build/rover_navigation/prefix_override:/usr/lib/python3/dist-packages/colcon_core/task/python/colcon_distutils_commands:/home/caterpillar/ros2_ws/install/rover_navigation/lib/python3.12/site-packages:${PYTHONPATH} /usr/bin/python3 -W ignore:setup.py install is deprecated -W ignore:easy_install command is deprecated setup.py develop --editable --build-directory /home/caterpillar/ros2_ws/build/rover_navigation/build --no-deps symlink_data
