[0.151s] DEBUG:colcon:Command line arguments: ['/usr/bin/colcon', 'build', '--packages-select', 'your_robot_bringup', 'rover_navigation']
[0.151s] DEBUG:colcon:Parsed command line arguments: Namespace(log_base=None, log_level=None, verb_name='build', build_base='build', install_base='install', merge_install=False, symlink_install=False, test_result_base=None, continue_on_error=False, executor='parallel', parallel_workers=4, event_handlers=None, ignore_user_meta=False, metas=['./colcon.meta'], base_paths=['.'], packages_ignore=None, packages_ignore_regex=None, paths=None, packages_up_to=None, packages_up_to_regex=None, packages_above=None, packages_above_and_dependencies=None, packages_above_depth=None, packages_select_by_dep=None, packages_skip_by_dep=None, packages_skip_up_to=None, packages_select_build_failed=False, packages_skip_build_finished=False, packages_select_test_failures=False, packages_skip_test_passed=False, packages_select=['your_robot_bringup', 'rover_navigation'], packages_skip=None, packages_select_regex=None, packages_skip_regex=None, packages_start=None, packages_end=None, allow_overriding=[], cmake_args=None, cmake_target=None, cmake_target_skip_unavailable=False, cmake_clean_cache=False, cmake_clean_first=False, cmake_force_configure=False, ament_cmake_args=None, catkin_cmake_args=None, catkin_skip_building_tests=False, verb_parser=<colcon_defaults.argument_parser.defaults.DefaultArgumentsDecorator object at 0xffffbcb02ff0>, verb_extension=<colcon_core.verb.build.BuildVerb object at 0xffffbcceca10>, main=<bound method BuildVerb.main of <colcon_core.verb.build.BuildVerb object at 0xffffbcceca10>>)
[0.207s] Level 1:colcon.colcon_core.package_discovery:discover_packages(colcon_meta) check parameters
[0.208s] Level 1:colcon.colcon_core.package_discovery:discover_packages(recursive) check parameters
[0.208s] Level 1:colcon.colcon_core.package_discovery:discover_packages(ignore) check parameters
[0.208s] Level 1:colcon.colcon_core.package_discovery:discover_packages(path) check parameters
[0.208s] Level 1:colcon.colcon_core.package_discovery:discover_packages(colcon_meta) discover
[0.208s] Level 1:colcon.colcon_core.package_discovery:discover_packages(recursive) discover
[0.208s] INFO:colcon.colcon_core.package_discovery:Crawling recursively for packages in '/home/caterpillar/ros2_ws'
[0.208s] Level 1:colcon.colcon_core.package_identification:_identify(.) by extensions ['ignore', 'ignore_ament_install']
[0.208s] Level 1:colcon.colcon_core.package_identification:_identify(.) by extension 'ignore'
[0.208s] Level 1:colcon.colcon_core.package_identification:_identify(.) by extension 'ignore_ament_install'
[0.208s] Level 1:colcon.colcon_core.package_identification:_identify(.) by extensions ['colcon_pkg']
[0.208s] Level 1:colcon.colcon_core.package_identification:_identify(.) by extension 'colcon_pkg'
[0.208s] Level 1:colcon.colcon_core.package_identification:_identify(.) by extensions ['colcon_meta']
[0.208s] Level 1:colcon.colcon_core.package_identification:_identify(.) by extension 'colcon_meta'
[0.208s] Level 1:colcon.colcon_core.package_identification:_identify(.) by extensions ['ros']
[0.208s] Level 1:colcon.colcon_core.package_identification:_identify(.) by extension 'ros'
[0.248s] Level 1:colcon.colcon_core.package_identification:_identify(.) by extensions ['cmake', 'python']
[0.248s] Level 1:colcon.colcon_core.package_identification:_identify(.) by extension 'cmake'
[0.248s] Level 1:colcon.colcon_core.package_identification:_identify(.) by extension 'python'
[0.248s] Level 1:colcon.colcon_core.package_identification:_identify(.) by extensions ['python_setup_py']
[0.248s] Level 1:colcon.colcon_core.package_identification:_identify(.) by extension 'python_setup_py'
[0.248s] Level 1:colcon.colcon_core.package_identification:_identify(build) by extensions ['ignore', 'ignore_ament_install']
[0.248s] Level 1:colcon.colcon_core.package_identification:_identify(build) by extension 'ignore'
[0.248s] Level 1:colcon.colcon_core.package_identification:_identify(build) ignored
[0.248s] Level 1:colcon.colcon_core.package_identification:_identify(config) by extensions ['ignore', 'ignore_ament_install']
[0.249s] Level 1:colcon.colcon_core.package_identification:_identify(config) by extension 'ignore'
[0.249s] Level 1:colcon.colcon_core.package_identification:_identify(config) by extension 'ignore_ament_install'
[0.249s] Level 1:colcon.colcon_core.package_identification:_identify(config) by extensions ['colcon_pkg']
[0.249s] Level 1:colcon.colcon_core.package_identification:_identify(config) by extension 'colcon_pkg'
[0.249s] Level 1:colcon.colcon_core.package_identification:_identify(config) by extensions ['colcon_meta']
[0.249s] Level 1:colcon.colcon_core.package_identification:_identify(config) by extension 'colcon_meta'
[0.249s] Level 1:colcon.colcon_core.package_identification:_identify(config) by extensions ['ros']
[0.249s] Level 1:colcon.colcon_core.package_identification:_identify(config) by extension 'ros'
[0.249s] Level 1:colcon.colcon_core.package_identification:_identify(config) by extensions ['cmake', 'python']
[0.249s] Level 1:colcon.colcon_core.package_identification:_identify(config) by extension 'cmake'
[0.249s] Level 1:colcon.colcon_core.package_identification:_identify(config) by extension 'python'
[0.249s] Level 1:colcon.colcon_core.package_identification:_identify(config) by extensions ['python_setup_py']
[0.249s] Level 1:colcon.colcon_core.package_identification:_identify(config) by extension 'python_setup_py'
[0.249s] Level 1:colcon.colcon_core.package_identification:_identify(install) by extensions ['ignore', 'ignore_ament_install']
[0.249s] Level 1:colcon.colcon_core.package_identification:_identify(install) by extension 'ignore'
[0.249s] Level 1:colcon.colcon_core.package_identification:_identify(install) ignored
[0.250s] Level 1:colcon.colcon_core.package_identification:_identify(launch) by extensions ['ignore', 'ignore_ament_install']
[0.250s] Level 1:colcon.colcon_core.package_identification:_identify(launch) by extension 'ignore'
[0.250s] Level 1:colcon.colcon_core.package_identification:_identify(launch) by extension 'ignore_ament_install'
[0.250s] Level 1:colcon.colcon_core.package_identification:_identify(launch) by extensions ['colcon_pkg']
[0.250s] Level 1:colcon.colcon_core.package_identification:_identify(launch) by extension 'colcon_pkg'
[0.250s] Level 1:colcon.colcon_core.package_identification:_identify(launch) by extensions ['colcon_meta']
[0.250s] Level 1:colcon.colcon_core.package_identification:_identify(launch) by extension 'colcon_meta'
[0.250s] Level 1:colcon.colcon_core.package_identification:_identify(launch) by extensions ['ros']
[0.250s] Level 1:colcon.colcon_core.package_identification:_identify(launch) by extension 'ros'
[0.250s] Level 1:colcon.colcon_core.package_identification:_identify(launch) by extensions ['cmake', 'python']
[0.250s] Level 1:colcon.colcon_core.package_identification:_identify(launch) by extension 'cmake'
[0.250s] Level 1:colcon.colcon_core.package_identification:_identify(launch) by extension 'python'
[0.250s] Level 1:colcon.colcon_core.package_identification:_identify(launch) by extensions ['python_setup_py']
[0.250s] Level 1:colcon.colcon_core.package_identification:_identify(launch) by extension 'python_setup_py'
[0.250s] Level 1:colcon.colcon_core.package_identification:_identify(launch/__pycache__) by extensions ['ignore', 'ignore_ament_install']
[0.250s] Level 1:colcon.colcon_core.package_identification:_identify(launch/__pycache__) by extension 'ignore'
[0.250s] Level 1:colcon.colcon_core.package_identification:_identify(launch/__pycache__) by extension 'ignore_ament_install'
[0.250s] Level 1:colcon.colcon_core.package_identification:_identify(launch/__pycache__) by extensions ['colcon_pkg']
[0.250s] Level 1:colcon.colcon_core.package_identification:_identify(launch/__pycache__) by extension 'colcon_pkg'
[0.251s] Level 1:colcon.colcon_core.package_identification:_identify(launch/__pycache__) by extensions ['colcon_meta']
[0.251s] Level 1:colcon.colcon_core.package_identification:_identify(launch/__pycache__) by extension 'colcon_meta'
[0.251s] Level 1:colcon.colcon_core.package_identification:_identify(launch/__pycache__) by extensions ['ros']
[0.251s] Level 1:colcon.colcon_core.package_identification:_identify(launch/__pycache__) by extension 'ros'
[0.251s] Level 1:colcon.colcon_core.package_identification:_identify(launch/__pycache__) by extensions ['cmake', 'python']
[0.251s] Level 1:colcon.colcon_core.package_identification:_identify(launch/__pycache__) by extension 'cmake'
[0.251s] Level 1:colcon.colcon_core.package_identification:_identify(launch/__pycache__) by extension 'python'
[0.251s] Level 1:colcon.colcon_core.package_identification:_identify(launch/__pycache__) by extensions ['python_setup_py']
[0.251s] Level 1:colcon.colcon_core.package_identification:_identify(launch/__pycache__) by extension 'python_setup_py'
[0.251s] Level 1:colcon.colcon_core.package_identification:_identify(log) by extensions ['ignore', 'ignore_ament_install']
[0.251s] Level 1:colcon.colcon_core.package_identification:_identify(log) by extension 'ignore'
[0.251s] Level 1:colcon.colcon_core.package_identification:_identify(log) ignored
[0.251s] Level 1:colcon.colcon_core.package_identification:_identify(src) by extensions ['ignore', 'ignore_ament_install']
[0.251s] Level 1:colcon.colcon_core.package_identification:_identify(src) by extension 'ignore'
[0.251s] Level 1:colcon.colcon_core.package_identification:_identify(src) by extension 'ignore_ament_install'
[0.251s] Level 1:colcon.colcon_core.package_identification:_identify(src) by extensions ['colcon_pkg']
[0.252s] Level 1:colcon.colcon_core.package_identification:_identify(src) by extension 'colcon_pkg'
[0.252s] Level 1:colcon.colcon_core.package_identification:_identify(src) by extensions ['colcon_meta']
[0.252s] Level 1:colcon.colcon_core.package_identification:_identify(src) by extension 'colcon_meta'
[0.252s] Level 1:colcon.colcon_core.package_identification:_identify(src) by extensions ['ros']
[0.252s] Level 1:colcon.colcon_core.package_identification:_identify(src) by extension 'ros'
[0.252s] Level 1:colcon.colcon_core.package_identification:_identify(src) by extensions ['cmake', 'python']
[0.252s] Level 1:colcon.colcon_core.package_identification:_identify(src) by extension 'cmake'
[0.252s] Level 1:colcon.colcon_core.package_identification:_identify(src) by extension 'python'
[0.252s] Level 1:colcon.colcon_core.package_identification:_identify(src) by extensions ['python_setup_py']
[0.252s] Level 1:colcon.colcon_core.package_identification:_identify(src) by extension 'python_setup_py'
[0.252s] Level 1:colcon.colcon_core.package_identification:_identify(src/bts_motor_controller) by extensions ['ignore', 'ignore_ament_install']
[0.252s] Level 1:colcon.colcon_core.package_identification:_identify(src/bts_motor_controller) by extension 'ignore'
[0.252s] Level 1:colcon.colcon_core.package_identification:_identify(src/bts_motor_controller) by extension 'ignore_ament_install'
[0.252s] Level 1:colcon.colcon_core.package_identification:_identify(src/bts_motor_controller) by extensions ['colcon_pkg']
[0.252s] Level 1:colcon.colcon_core.package_identification:_identify(src/bts_motor_controller) by extension 'colcon_pkg'
[0.252s] Level 1:colcon.colcon_core.package_identification:_identify(src/bts_motor_controller) by extensions ['colcon_meta']
[0.252s] Level 1:colcon.colcon_core.package_identification:_identify(src/bts_motor_controller) by extension 'colcon_meta'
[0.252s] Level 1:colcon.colcon_core.package_identification:_identify(src/bts_motor_controller) by extensions ['ros']
[0.252s] Level 1:colcon.colcon_core.package_identification:_identify(src/bts_motor_controller) by extension 'ros'
[0.256s] DEBUG:colcon.colcon_core.package_identification:Package 'src/bts_motor_controller' with type 'ros.ament_python' and name 'bts_motor_controller'
[0.256s] Level 1:colcon.colcon_core.package_identification:_identify(src/rover_navigation) by extensions ['ignore', 'ignore_ament_install']
[0.256s] Level 1:colcon.colcon_core.package_identification:_identify(src/rover_navigation) by extension 'ignore'
[0.256s] Level 1:colcon.colcon_core.package_identification:_identify(src/rover_navigation) by extension 'ignore_ament_install'
[0.256s] Level 1:colcon.colcon_core.package_identification:_identify(src/rover_navigation) by extensions ['colcon_pkg']
[0.256s] Level 1:colcon.colcon_core.package_identification:_identify(src/rover_navigation) by extension 'colcon_pkg'
[0.256s] Level 1:colcon.colcon_core.package_identification:_identify(src/rover_navigation) by extensions ['colcon_meta']
[0.256s] Level 1:colcon.colcon_core.package_identification:_identify(src/rover_navigation) by extension 'colcon_meta'
[0.256s] Level 1:colcon.colcon_core.package_identification:_identify(src/rover_navigation) by extensions ['ros']
[0.256s] Level 1:colcon.colcon_core.package_identification:_identify(src/rover_navigation) by extension 'ros'
[0.258s] DEBUG:colcon.colcon_core.package_identification:Package 'src/rover_navigation' with type 'ros.ament_python' and name 'rover_navigation'
[0.258s] Level 1:colcon.colcon_core.package_identification:_identify(src/rplidar_ros) by extensions ['ignore', 'ignore_ament_install']
[0.258s] Level 1:colcon.colcon_core.package_identification:_identify(src/rplidar_ros) by extension 'ignore'
[0.258s] Level 1:colcon.colcon_core.package_identification:_identify(src/rplidar_ros) by extension 'ignore_ament_install'
[0.258s] Level 1:colcon.colcon_core.package_identification:_identify(src/rplidar_ros) by extensions ['colcon_pkg']
[0.258s] Level 1:colcon.colcon_core.package_identification:_identify(src/rplidar_ros) by extension 'colcon_pkg'
[0.258s] Level 1:colcon.colcon_core.package_identification:_identify(src/rplidar_ros) by extensions ['colcon_meta']
[0.258s] Level 1:colcon.colcon_core.package_identification:_identify(src/rplidar_ros) by extension 'colcon_meta'
[0.258s] Level 1:colcon.colcon_core.package_identification:_identify(src/rplidar_ros) by extensions ['ros']
[0.258s] Level 1:colcon.colcon_core.package_identification:_identify(src/rplidar_ros) by extension 'ros'
[0.259s] DEBUG:colcon.colcon_core.package_identification:Package 'src/rplidar_ros' with type 'ros.ament_cmake' and name 'rplidar_ros'
[0.259s] Level 1:colcon.colcon_core.package_identification:_identify(src/simple_rover_description) by extensions ['ignore', 'ignore_ament_install']
[0.259s] Level 1:colcon.colcon_core.package_identification:_identify(src/simple_rover_description) by extension 'ignore'
[0.259s] Level 1:colcon.colcon_core.package_identification:_identify(src/simple_rover_description) by extension 'ignore_ament_install'
[0.259s] Level 1:colcon.colcon_core.package_identification:_identify(src/simple_rover_description) by extensions ['colcon_pkg']
[0.259s] Level 1:colcon.colcon_core.package_identification:_identify(src/simple_rover_description) by extension 'colcon_pkg'
[0.259s] Level 1:colcon.colcon_core.package_identification:_identify(src/simple_rover_description) by extensions ['colcon_meta']
[0.259s] Level 1:colcon.colcon_core.package_identification:_identify(src/simple_rover_description) by extension 'colcon_meta'
[0.259s] Level 1:colcon.colcon_core.package_identification:_identify(src/simple_rover_description) by extensions ['ros']
[0.259s] Level 1:colcon.colcon_core.package_identification:_identify(src/simple_rover_description) by extension 'ros'
[0.259s] Level 1:colcon.colcon_core.package_identification:_identify(src/simple_rover_description) by extensions ['cmake', 'python']
[0.259s] Level 1:colcon.colcon_core.package_identification:_identify(src/simple_rover_description) by extension 'cmake'
[0.260s] Level 1:colcon.colcon_core.package_identification:_identify(src/simple_rover_description) by extension 'python'
[0.260s] Level 1:colcon.colcon_core.package_identification:_identify(src/simple_rover_description) by extensions ['python_setup_py']
[0.260s] Level 1:colcon.colcon_core.package_identification:_identify(src/simple_rover_description) by extension 'python_setup_py'
[0.260s] Level 1:colcon.colcon_core.package_identification:_identify(src/simple_rover_description/urdf) by extensions ['ignore', 'ignore_ament_install']
[0.260s] Level 1:colcon.colcon_core.package_identification:_identify(src/simple_rover_description/urdf) by extension 'ignore'
[0.260s] Level 1:colcon.colcon_core.package_identification:_identify(src/simple_rover_description/urdf) by extension 'ignore_ament_install'
[0.260s] Level 1:colcon.colcon_core.package_identification:_identify(src/simple_rover_description/urdf) by extensions ['colcon_pkg']
[0.260s] Level 1:colcon.colcon_core.package_identification:_identify(src/simple_rover_description/urdf) by extension 'colcon_pkg'
[0.260s] Level 1:colcon.colcon_core.package_identification:_identify(src/simple_rover_description/urdf) by extensions ['colcon_meta']
[0.260s] Level 1:colcon.colcon_core.package_identification:_identify(src/simple_rover_description/urdf) by extension 'colcon_meta'
[0.260s] Level 1:colcon.colcon_core.package_identification:_identify(src/simple_rover_description/urdf) by extensions ['ros']
[0.260s] Level 1:colcon.colcon_core.package_identification:_identify(src/simple_rover_description/urdf) by extension 'ros'
[0.260s] Level 1:colcon.colcon_core.package_identification:_identify(src/simple_rover_description/urdf) by extensions ['cmake', 'python']
[0.260s] Level 1:colcon.colcon_core.package_identification:_identify(src/simple_rover_description/urdf) by extension 'cmake'
[0.260s] Level 1:colcon.colcon_core.package_identification:_identify(src/simple_rover_description/urdf) by extension 'python'
[0.260s] Level 1:colcon.colcon_core.package_identification:_identify(src/simple_rover_description/urdf) by extensions ['python_setup_py']
[0.260s] Level 1:colcon.colcon_core.package_identification:_identify(src/simple_rover_description/urdf) by extension 'python_setup_py'
[0.260s] Level 1:colcon.colcon_core.package_identification:_identify(src/your_robot_bringup) by extensions ['ignore', 'ignore_ament_install']
[0.261s] Level 1:colcon.colcon_core.package_identification:_identify(src/your_robot_bringup) by extension 'ignore'
[0.261s] Level 1:colcon.colcon_core.package_identification:_identify(src/your_robot_bringup) by extension 'ignore_ament_install'
[0.261s] Level 1:colcon.colcon_core.package_identification:_identify(src/your_robot_bringup) by extensions ['colcon_pkg']
[0.261s] Level 1:colcon.colcon_core.package_identification:_identify(src/your_robot_bringup) by extension 'colcon_pkg'
[0.261s] Level 1:colcon.colcon_core.package_identification:_identify(src/your_robot_bringup) by extensions ['colcon_meta']
[0.261s] Level 1:colcon.colcon_core.package_identification:_identify(src/your_robot_bringup) by extension 'colcon_meta'
[0.261s] Level 1:colcon.colcon_core.package_identification:_identify(src/your_robot_bringup) by extensions ['ros']
[0.261s] Level 1:colcon.colcon_core.package_identification:_identify(src/your_robot_bringup) by extension 'ros'
[0.261s] DEBUG:colcon.colcon_core.package_identification:Package 'src/your_robot_bringup' with type 'ros.ament_python' and name 'your_robot_bringup'
[0.262s] Level 1:colcon.colcon_core.package_identification:_identify(urdf) by extensions ['ignore', 'ignore_ament_install']
[0.262s] Level 1:colcon.colcon_core.package_identification:_identify(urdf) by extension 'ignore'
[0.262s] Level 1:colcon.colcon_core.package_identification:_identify(urdf) by extension 'ignore_ament_install'
[0.262s] Level 1:colcon.colcon_core.package_identification:_identify(urdf) by extensions ['colcon_pkg']
[0.262s] Level 1:colcon.colcon_core.package_identification:_identify(urdf) by extension 'colcon_pkg'
[0.262s] Level 1:colcon.colcon_core.package_identification:_identify(urdf) by extensions ['colcon_meta']
[0.262s] Level 1:colcon.colcon_core.package_identification:_identify(urdf) by extension 'colcon_meta'
[0.262s] Level 1:colcon.colcon_core.package_identification:_identify(urdf) by extensions ['ros']
[0.262s] Level 1:colcon.colcon_core.package_identification:_identify(urdf) by extension 'ros'
[0.262s] Level 1:colcon.colcon_core.package_identification:_identify(urdf) by extensions ['cmake', 'python']
[0.262s] Level 1:colcon.colcon_core.package_identification:_identify(urdf) by extension 'cmake'
[0.262s] Level 1:colcon.colcon_core.package_identification:_identify(urdf) by extension 'python'
[0.262s] Level 1:colcon.colcon_core.package_identification:_identify(urdf) by extensions ['python_setup_py']
[0.262s] Level 1:colcon.colcon_core.package_identification:_identify(urdf) by extension 'python_setup_py'
[0.262s] Level 1:colcon.colcon_core.package_discovery:discover_packages(recursive) using defaults
[0.262s] Level 1:colcon.colcon_core.package_discovery:discover_packages(ignore) discover
[0.262s] Level 1:colcon.colcon_core.package_discovery:discover_packages(ignore) using defaults
[0.262s] Level 1:colcon.colcon_core.package_discovery:discover_packages(path) discover
[0.262s] Level 1:colcon.colcon_core.package_discovery:discover_packages(path) using defaults
[0.286s] INFO:colcon.colcon_core.package_selection:Skipping not selected package 'bts_motor_controller' in 'src/bts_motor_controller'
[0.286s] INFO:colcon.colcon_core.package_selection:Skipping not selected package 'rplidar_ros' in 'src/rplidar_ros'
[0.286s] Level 1:colcon.colcon_core.package_discovery:discover_packages(prefix_path) check parameters
[0.286s] Level 1:colcon.colcon_core.package_discovery:discover_packages(prefix_path) discover
[0.291s] DEBUG:colcon.colcon_installed_package_information.package_discovery:Found 383 installed packages in /opt/ros/jazzy
[0.293s] Level 1:colcon.colcon_core.package_discovery:discover_packages(prefix_path) using defaults
[0.367s] Level 5:colcon.colcon_core.verb:set package 'rover_navigation' build argument 'cmake_args' from command line to 'None'
[0.367s] Level 5:colcon.colcon_core.verb:set package 'rover_navigation' build argument 'cmake_target' from command line to 'None'
[0.367s] Level 5:colcon.colcon_core.verb:set package 'rover_navigation' build argument 'cmake_target_skip_unavailable' from command line to 'False'
[0.367s] Level 5:colcon.colcon_core.verb:set package 'rover_navigation' build argument 'cmake_clean_cache' from command line to 'False'
[0.367s] Level 5:colcon.colcon_core.verb:set package 'rover_navigation' build argument 'cmake_clean_first' from command line to 'False'
[0.367s] Level 5:colcon.colcon_core.verb:set package 'rover_navigation' build argument 'cmake_force_configure' from command line to 'False'
[0.367s] Level 5:colcon.colcon_core.verb:set package 'rover_navigation' build argument 'ament_cmake_args' from command line to 'None'
[0.367s] Level 5:colcon.colcon_core.verb:set package 'rover_navigation' build argument 'catkin_cmake_args' from command line to 'None'
[0.367s] Level 5:colcon.colcon_core.verb:set package 'rover_navigation' build argument 'catkin_skip_building_tests' from command line to 'False'
[0.368s] DEBUG:colcon.colcon_core.verb:Building package 'rover_navigation' with the following arguments: {'ament_cmake_args': None, 'build_base': '/home/caterpillar/ros2_ws/build/rover_navigation', 'catkin_cmake_args': None, 'catkin_skip_building_tests': False, 'cmake_args': None, 'cmake_clean_cache': False, 'cmake_clean_first': False, 'cmake_force_configure': False, 'cmake_target': None, 'cmake_target_skip_unavailable': False, 'install_base': '/home/caterpillar/ros2_ws/install/rover_navigation', 'merge_install': False, 'path': '/home/caterpillar/ros2_ws/src/rover_navigation', 'symlink_install': False, 'test_result_base': None}
[0.368s] Level 5:colcon.colcon_core.verb:set package 'your_robot_bringup' build argument 'cmake_args' from command line to 'None'
[0.368s] Level 5:colcon.colcon_core.verb:set package 'your_robot_bringup' build argument 'cmake_target' from command line to 'None'
[0.368s] Level 5:colcon.colcon_core.verb:set package 'your_robot_bringup' build argument 'cmake_target_skip_unavailable' from command line to 'False'
[0.368s] Level 5:colcon.colcon_core.verb:set package 'your_robot_bringup' build argument 'cmake_clean_cache' from command line to 'False'
[0.368s] Level 5:colcon.colcon_core.verb:set package 'your_robot_bringup' build argument 'cmake_clean_first' from command line to 'False'
[0.368s] Level 5:colcon.colcon_core.verb:set package 'your_robot_bringup' build argument 'cmake_force_configure' from command line to 'False'
[0.368s] Level 5:colcon.colcon_core.verb:set package 'your_robot_bringup' build argument 'ament_cmake_args' from command line to 'None'
[0.368s] Level 5:colcon.colcon_core.verb:set package 'your_robot_bringup' build argument 'catkin_cmake_args' from command line to 'None'
[0.368s] Level 5:colcon.colcon_core.verb:set package 'your_robot_bringup' build argument 'catkin_skip_building_tests' from command line to 'False'
[0.368s] DEBUG:colcon.colcon_core.verb:Building package 'your_robot_bringup' with the following arguments: {'ament_cmake_args': None, 'build_base': '/home/caterpillar/ros2_ws/build/your_robot_bringup', 'catkin_cmake_args': None, 'catkin_skip_building_tests': False, 'cmake_args': None, 'cmake_clean_cache': False, 'cmake_clean_first': False, 'cmake_force_configure': False, 'cmake_target': None, 'cmake_target_skip_unavailable': False, 'install_base': '/home/caterpillar/ros2_ws/install/your_robot_bringup', 'merge_install': False, 'path': '/home/caterpillar/ros2_ws/src/your_robot_bringup', 'symlink_install': False, 'test_result_base': None}
[0.368s] INFO:colcon.colcon_core.executor:Executing jobs using 'parallel' executor
[0.370s] DEBUG:colcon.colcon_parallel_executor.executor.parallel:run_until_complete
[0.370s] INFO:colcon.colcon_ros.task.ament_python.build:Building ROS package in '/home/caterpillar/ros2_ws/src/rover_navigation' with build type 'ament_python'
[0.371s] Level 1:colcon.colcon_core.shell:create_environment_hook('rover_navigation', 'ament_prefix_path')
[0.375s] INFO:colcon.colcon_core.plugin_system:Skipping extension 'colcon_core.shell.bat': Not used on non-Windows systems
[0.376s] INFO:colcon.colcon_core.shell:Creating environment hook '/home/caterpillar/ros2_ws/install/rover_navigation/share/rover_navigation/hook/ament_prefix_path.ps1'
[0.378s] INFO:colcon.colcon_core.shell:Creating environment descriptor '/home/caterpillar/ros2_ws/install/rover_navigation/share/rover_navigation/hook/ament_prefix_path.dsv'
[0.381s] INFO:colcon.colcon_core.shell:Creating environment hook '/home/caterpillar/ros2_ws/install/rover_navigation/share/rover_navigation/hook/ament_prefix_path.sh'
[0.382s] INFO:colcon.colcon_core.shell:Skip shell extension 'powershell' for command environment: Not usable outside of PowerShell
[0.382s] DEBUG:colcon.colcon_core.shell:Skip shell extension 'dsv' for command environment
[0.387s] INFO:colcon.colcon_ros.task.ament_python.build:Building ROS package in '/home/caterpillar/ros2_ws/src/your_robot_bringup' with build type 'ament_python'
[0.387s] Level 1:colcon.colcon_core.shell:create_environment_hook('your_robot_bringup', 'ament_prefix_path')
[0.387s] INFO:colcon.colcon_core.shell:Creating environment hook '/home/caterpillar/ros2_ws/install/your_robot_bringup/share/your_robot_bringup/hook/ament_prefix_path.ps1'
[0.388s] INFO:colcon.colcon_core.shell:Creating environment descriptor '/home/caterpillar/ros2_ws/install/your_robot_bringup/share/your_robot_bringup/hook/ament_prefix_path.dsv'
[0.389s] INFO:colcon.colcon_core.shell:Creating environment hook '/home/caterpillar/ros2_ws/install/your_robot_bringup/share/your_robot_bringup/hook/ament_prefix_path.sh'
[0.390s] INFO:colcon.colcon_core.shell:Skip shell extension 'powershell' for command environment: Not usable outside of PowerShell
[0.390s] DEBUG:colcon.colcon_core.shell:Skip shell extension 'dsv' for command environment
[0.771s] INFO:colcon.colcon_core.task.python.build:Building Python package in '/home/caterpillar/ros2_ws/src/rover_navigation'
[0.772s] INFO:colcon.colcon_core.shell:Skip shell extension 'powershell' for command environment: Not usable outside of PowerShell
[0.772s] DEBUG:colcon.colcon_core.shell:Skip shell extension 'dsv' for command environment
[1.138s] INFO:colcon.colcon_core.task.python.build:Building Python package in '/home/caterpillar/ros2_ws/src/your_robot_bringup'
[1.139s] INFO:colcon.colcon_core.shell:Skip shell extension 'powershell' for command environment: Not usable outside of PowerShell
[1.139s] DEBUG:colcon.colcon_core.shell:Skip shell extension 'dsv' for command environment
[2.250s] DEBUG:colcon.colcon_core.event_handler.log_command:Invoking command in '/home/caterpillar/ros2_ws/build/your_robot_bringup': AMENT_PREFIX_PATH=/home/caterpillar/ros2_ws/install/rplidar_ros:/home/caterpillar/ros2_ws/install/bts_motor_controller:${AMENT_PREFIX_PATH} CMAKE_PREFIX_PATH=/home/caterpillar/ros2_ws/install/rplidar_ros:${CMAKE_PREFIX_PATH} DEBUGINFOD_URLS=https://debuginfod.ubuntu.com LD_LIBRARY_PATH=/home/caterpillar/ros2_ws/install/rplidar_ros/lib:${LD_LIBRARY_PATH} PYTHONPATH=/home/caterpillar/ros2_ws/build/your_robot_bringup/prefix_override:/usr/lib/python3/dist-packages/colcon_core/task/python/colcon_distutils_commands:/home/caterpillar/ros2_ws/install/your_robot_bringup/lib/python3.12/site-packages:/home/caterpillar/ros2_ws/build/bts_motor_controller:/home/caterpillar/ros2_ws/install/bts_motor_controller/lib/python3.12/site-packages:${PYTHONPATH} /usr/bin/python3 -W ignore:setup.py install is deprecated -W ignore:easy_install command is deprecated setup.py develop --uninstall --editable --build-directory /home/caterpillar/ros2_ws/build/your_robot_bringup/build
[2.254s] DEBUG:colcon.colcon_core.event_handler.log_command:Invoking command in '/home/caterpillar/ros2_ws/build/rover_navigation': DEBUGINFOD_URLS=https://debuginfod.ubuntu.com PYTHONPATH=/home/caterpillar/ros2_ws/build/rover_navigation/prefix_override:/usr/lib/python3/dist-packages/colcon_core/task/python/colcon_distutils_commands:/home/caterpillar/ros2_ws/install/rover_navigation/lib/python3.12/site-packages:${PYTHONPATH} /usr/bin/python3 -W ignore:setup.py install is deprecated -W ignore:easy_install command is deprecated setup.py develop --uninstall --editable --build-directory /home/caterpillar/ros2_ws/build/rover_navigation/build
[3.253s] DEBUG:colcon.colcon_core.event_handler.log_command:Invoked command in '/home/caterpillar/ros2_ws/build/your_robot_bringup' returned '0': AMENT_PREFIX_PATH=/home/caterpillar/ros2_ws/install/rplidar_ros:/home/caterpillar/ros2_ws/install/bts_motor_controller:${AMENT_PREFIX_PATH} CMAKE_PREFIX_PATH=/home/caterpillar/ros2_ws/install/rplidar_ros:${CMAKE_PREFIX_PATH} DEBUGINFOD_URLS=https://debuginfod.ubuntu.com LD_LIBRARY_PATH=/home/caterpillar/ros2_ws/install/rplidar_ros/lib:${LD_LIBRARY_PATH} PYTHONPATH=/home/caterpillar/ros2_ws/build/your_robot_bringup/prefix_override:/usr/lib/python3/dist-packages/colcon_core/task/python/colcon_distutils_commands:/home/caterpillar/ros2_ws/install/your_robot_bringup/lib/python3.12/site-packages:/home/caterpillar/ros2_ws/build/bts_motor_controller:/home/caterpillar/ros2_ws/install/bts_motor_controller/lib/python3.12/site-packages:${PYTHONPATH} /usr/bin/python3 -W ignore:setup.py install is deprecated -W ignore:easy_install command is deprecated setup.py develop --uninstall --editable --build-directory /home/caterpillar/ros2_ws/build/your_robot_bringup/build
[3.257s] DEBUG:colcon.colcon_core.event_handler.log_command:Invoking command in '/home/caterpillar/ros2_ws/src/your_robot_bringup': AMENT_PREFIX_PATH=/home/caterpillar/ros2_ws/install/rplidar_ros:/home/caterpillar/ros2_ws/install/bts_motor_controller:${AMENT_PREFIX_PATH} CMAKE_PREFIX_PATH=/home/caterpillar/ros2_ws/install/rplidar_ros:${CMAKE_PREFIX_PATH} DEBUGINFOD_URLS=https://debuginfod.ubuntu.com LD_LIBRARY_PATH=/home/caterpillar/ros2_ws/install/rplidar_ros/lib:${LD_LIBRARY_PATH} PYTHONPATH=/home/caterpillar/ros2_ws/build/your_robot_bringup/prefix_override:/usr/lib/python3/dist-packages/colcon_core/task/python/colcon_distutils_commands:/home/caterpillar/ros2_ws/install/your_robot_bringup/lib/python3.12/site-packages:/home/caterpillar/ros2_ws/build/bts_motor_controller:/home/caterpillar/ros2_ws/install/bts_motor_controller/lib/python3.12/site-packages:${PYTHONPATH} /usr/bin/python3 -W ignore:setup.py install is deprecated -W ignore:easy_install command is deprecated setup.py egg_info --egg-base ../../build/your_robot_bringup build --build-base /home/caterpillar/ros2_ws/build/your_robot_bringup/build install --record /home/caterpillar/ros2_ws/build/your_robot_bringup/install.log --single-version-externally-managed install_data --force
[3.261s] DEBUG:colcon.colcon_core.event_handler.log_command:Invoked command in '/home/caterpillar/ros2_ws/build/rover_navigation' returned '0': DEBUGINFOD_URLS=https://debuginfod.ubuntu.com PYTHONPATH=/home/caterpillar/ros2_ws/build/rover_navigation/prefix_override:/usr/lib/python3/dist-packages/colcon_core/task/python/colcon_distutils_commands:/home/caterpillar/ros2_ws/install/rover_navigation/lib/python3.12/site-packages:${PYTHONPATH} /usr/bin/python3 -W ignore:setup.py install is deprecated -W ignore:easy_install command is deprecated setup.py develop --uninstall --editable --build-directory /home/caterpillar/ros2_ws/build/rover_navigation/build
[3.263s] DEBUG:colcon.colcon_core.event_handler.log_command:Invoking command in '/home/caterpillar/ros2_ws/src/rover_navigation': DEBUGINFOD_URLS=https://debuginfod.ubuntu.com PYTHONPATH=/home/caterpillar/ros2_ws/build/rover_navigation/prefix_override:/usr/lib/python3/dist-packages/colcon_core/task/python/colcon_distutils_commands:/home/caterpillar/ros2_ws/install/rover_navigation/lib/python3.12/site-packages:${PYTHONPATH} /usr/bin/python3 -W ignore:setup.py install is deprecated -W ignore:easy_install command is deprecated setup.py egg_info --egg-base ../../build/rover_navigation build --build-base /home/caterpillar/ros2_ws/build/rover_navigation/build install --record /home/caterpillar/ros2_ws/build/rover_navigation/install.log --single-version-externally-managed install_data --force
[4.355s] DEBUG:colcon.colcon_core.event_handler.log_command:Invoked command in '/home/caterpillar/ros2_ws/src/your_robot_bringup' returned '0': AMENT_PREFIX_PATH=/home/caterpillar/ros2_ws/install/rplidar_ros:/home/caterpillar/ros2_ws/install/bts_motor_controller:${AMENT_PREFIX_PATH} CMAKE_PREFIX_PATH=/home/caterpillar/ros2_ws/install/rplidar_ros:${CMAKE_PREFIX_PATH} DEBUGINFOD_URLS=https://debuginfod.ubuntu.com LD_LIBRARY_PATH=/home/caterpillar/ros2_ws/install/rplidar_ros/lib:${LD_LIBRARY_PATH} PYTHONPATH=/home/caterpillar/ros2_ws/build/your_robot_bringup/prefix_override:/usr/lib/python3/dist-packages/colcon_core/task/python/colcon_distutils_commands:/home/caterpillar/ros2_ws/install/your_robot_bringup/lib/python3.12/site-packages:/home/caterpillar/ros2_ws/build/bts_motor_controller:/home/caterpillar/ros2_ws/install/bts_motor_controller/lib/python3.12/site-packages:${PYTHONPATH} /usr/bin/python3 -W ignore:setup.py install is deprecated -W ignore:easy_install command is deprecated setup.py egg_info --egg-base ../../build/your_robot_bringup build --build-base /home/caterpillar/ros2_ws/build/your_robot_bringup/build install --record /home/caterpillar/ros2_ws/build/your_robot_bringup/install.log --single-version-externally-managed install_data --force
[4.359s] Level 1:colcon.colcon_core.environment:checking '/home/caterpillar/ros2_ws/install/your_robot_bringup' for CMake module files
[4.360s] Level 1:colcon.colcon_core.environment:checking '/home/caterpillar/ros2_ws/install/your_robot_bringup' for CMake config files
[4.361s] Level 1:colcon.colcon_core.environment:checking '/home/caterpillar/ros2_ws/install/your_robot_bringup/lib'
[4.362s] Level 1:colcon.colcon_core.environment:checking '/home/caterpillar/ros2_ws/install/your_robot_bringup/bin'
[4.362s] Level 1:colcon.colcon_core.environment:checking '/home/caterpillar/ros2_ws/install/your_robot_bringup/lib/pkgconfig/your_robot_bringup.pc'
[4.362s] Level 1:colcon.colcon_core.environment:checking '/home/caterpillar/ros2_ws/install/your_robot_bringup/lib/python3.12/site-packages'
[4.363s] Level 1:colcon.colcon_core.shell:create_environment_hook('your_robot_bringup', 'pythonpath')
[4.363s] INFO:colcon.colcon_core.shell:Creating environment hook '/home/caterpillar/ros2_ws/install/your_robot_bringup/share/your_robot_bringup/hook/pythonpath.ps1'
[4.364s] INFO:colcon.colcon_core.shell:Creating environment descriptor '/home/caterpillar/ros2_ws/install/your_robot_bringup/share/your_robot_bringup/hook/pythonpath.dsv'
[4.367s] INFO:colcon.colcon_core.shell:Creating environment hook '/home/caterpillar/ros2_ws/install/your_robot_bringup/share/your_robot_bringup/hook/pythonpath.sh'
[4.369s] Level 1:colcon.colcon_core.environment:checking '/home/caterpillar/ros2_ws/install/your_robot_bringup/bin'
[4.369s] Level 1:colcon.colcon_core.environment:create_environment_scripts_only(your_robot_bringup)
[4.370s] INFO:colcon.colcon_core.shell:Creating package script '/home/caterpillar/ros2_ws/install/your_robot_bringup/share/your_robot_bringup/package.ps1'
[4.372s] INFO:colcon.colcon_core.shell:Creating package descriptor '/home/caterpillar/ros2_ws/install/your_robot_bringup/share/your_robot_bringup/package.dsv'
[4.373s] INFO:colcon.colcon_core.shell:Creating package script '/home/caterpillar/ros2_ws/install/your_robot_bringup/share/your_robot_bringup/package.sh'
[4.375s] INFO:colcon.colcon_core.shell:Creating package script '/home/caterpillar/ros2_ws/install/your_robot_bringup/share/your_robot_bringup/package.bash'
[4.376s] INFO:colcon.colcon_core.shell:Creating package script '/home/caterpillar/ros2_ws/install/your_robot_bringup/share/your_robot_bringup/package.zsh'
[4.378s] Level 1:colcon.colcon_core.environment:create_file_with_runtime_dependencies(/home/caterpillar/ros2_ws/install/your_robot_bringup/share/colcon-core/packages/your_robot_bringup)
[4.425s] Level 1:colcon.colcon_core.environment:checking '/home/caterpillar/ros2_ws/install/rover_navigation' for CMake module files
[4.426s] DEBUG:colcon.colcon_core.event_handler.log_command:Invoked command in '/home/caterpillar/ros2_ws/src/rover_navigation' returned '0': DEBUGINFOD_URLS=https://debuginfod.ubuntu.com PYTHONPATH=/home/caterpillar/ros2_ws/build/rover_navigation/prefix_override:/usr/lib/python3/dist-packages/colcon_core/task/python/colcon_distutils_commands:/home/caterpillar/ros2_ws/install/rover_navigation/lib/python3.12/site-packages:${PYTHONPATH} /usr/bin/python3 -W ignore:setup.py install is deprecated -W ignore:easy_install command is deprecated setup.py egg_info --egg-base ../../build/rover_navigation build --build-base /home/caterpillar/ros2_ws/build/rover_navigation/build install --record /home/caterpillar/ros2_ws/build/rover_navigation/install.log --single-version-externally-managed install_data --force
[4.428s] Level 1:colcon.colcon_core.environment:checking '/home/caterpillar/ros2_ws/install/rover_navigation' for CMake config files
[4.429s] Level 1:colcon.colcon_core.environment:checking '/home/caterpillar/ros2_ws/install/rover_navigation/lib'
[4.429s] Level 1:colcon.colcon_core.environment:checking '/home/caterpillar/ros2_ws/install/rover_navigation/bin'
[4.429s] Level 1:colcon.colcon_core.environment:checking '/home/caterpillar/ros2_ws/install/rover_navigation/lib/pkgconfig/rover_navigation.pc'
[4.430s] Level 1:colcon.colcon_core.environment:checking '/home/caterpillar/ros2_ws/install/rover_navigation/lib/python3.12/site-packages'
[4.430s] Level 1:colcon.colcon_core.shell:create_environment_hook('rover_navigation', 'pythonpath')
[4.431s] INFO:colcon.colcon_core.shell:Creating environment hook '/home/caterpillar/ros2_ws/install/rover_navigation/share/rover_navigation/hook/pythonpath.ps1'
[4.432s] INFO:colcon.colcon_core.shell:Creating environment descriptor '/home/caterpillar/ros2_ws/install/rover_navigation/share/rover_navigation/hook/pythonpath.dsv'
[4.436s] INFO:colcon.colcon_core.shell:Creating environment hook '/home/caterpillar/ros2_ws/install/rover_navigation/share/rover_navigation/hook/pythonpath.sh'
[4.438s] Level 1:colcon.colcon_core.environment:checking '/home/caterpillar/ros2_ws/install/rover_navigation/bin'
[4.439s] Level 1:colcon.colcon_core.environment:create_environment_scripts_only(rover_navigation)
[4.439s] INFO:colcon.colcon_core.shell:Creating package script '/home/caterpillar/ros2_ws/install/rover_navigation/share/rover_navigation/package.ps1'
[4.441s] INFO:colcon.colcon_core.shell:Creating package descriptor '/home/caterpillar/ros2_ws/install/rover_navigation/share/rover_navigation/package.dsv'
[4.442s] INFO:colcon.colcon_core.shell:Creating package script '/home/caterpillar/ros2_ws/install/rover_navigation/share/rover_navigation/package.sh'
[4.443s] INFO:colcon.colcon_core.shell:Creating package script '/home/caterpillar/ros2_ws/install/rover_navigation/share/rover_navigation/package.bash'
[4.444s] INFO:colcon.colcon_core.shell:Creating package script '/home/caterpillar/ros2_ws/install/rover_navigation/share/rover_navigation/package.zsh'
[4.445s] Level 1:colcon.colcon_core.environment:create_file_with_runtime_dependencies(/home/caterpillar/ros2_ws/install/rover_navigation/share/colcon-core/packages/rover_navigation)
[4.446s] DEBUG:colcon.colcon_parallel_executor.executor.parallel:closing loop
[4.446s] DEBUG:colcon.colcon_parallel_executor.executor.parallel:loop closed
[4.447s] DEBUG:colcon.colcon_parallel_executor.executor.parallel:run_until_complete finished with '0'
[4.448s] DEBUG:colcon.colcon_core.event_reactor:joining thread
[4.460s] INFO:colcon.colcon_core.plugin_system:Skipping extension 'colcon_notification.desktop_notification.terminal_notifier': Not used on non-Darwin systems
[4.460s] INFO:colcon.colcon_core.plugin_system:Skipping extension 'colcon_notification.desktop_notification.win32': Not used on non-Windows systems
[4.460s] INFO:colcon.colcon_notification.desktop_notification:Sending desktop notification using 'notify2'
[4.517s] DEBUG:colcon.colcon_core.event_reactor:joined thread
[4.518s] INFO:colcon.colcon_core.shell:Creating prefix script '/home/caterpillar/ros2_ws/install/local_setup.ps1'
[4.521s] INFO:colcon.colcon_core.shell:Creating prefix util module '/home/caterpillar/ros2_ws/install/_local_setup_util_ps1.py'
[4.524s] INFO:colcon.colcon_core.shell:Creating prefix chain script '/home/caterpillar/ros2_ws/install/setup.ps1'
[4.526s] INFO:colcon.colcon_core.shell:Creating prefix script '/home/caterpillar/ros2_ws/install/local_setup.sh'
[4.527s] INFO:colcon.colcon_core.shell:Creating prefix util module '/home/caterpillar/ros2_ws/install/_local_setup_util_sh.py'
[4.529s] INFO:colcon.colcon_core.shell:Creating prefix chain script '/home/caterpillar/ros2_ws/install/setup.sh'
[4.532s] INFO:colcon.colcon_core.shell:Creating prefix script '/home/caterpillar/ros2_ws/install/local_setup.bash'
[4.533s] INFO:colcon.colcon_core.shell:Creating prefix chain script '/home/caterpillar/ros2_ws/install/setup.bash'
[4.535s] INFO:colcon.colcon_core.shell:Creating prefix script '/home/caterpillar/ros2_ws/install/local_setup.zsh'
[4.536s] INFO:colcon.colcon_core.shell:Creating prefix chain script '/home/caterpillar/ros2_ws/install/setup.zsh'
