[0.557s] Invoking command in '/home/caterpillar/ros2_ws/build/rplidar_ros': CMAKE_PREFIX_PATH=${CMAKE_PREFIX_PATH}:/home/caterpillar/ros2_ws/install/your_robot_bringup:/home/caterpillar/ros2_ws/install/rover_navigation:/home/caterpillar/ros2_ws/install/bts_motor_controller:/opt/ros/jazzy DEBUGINFOD_URLS=https://debuginfod.ubuntu.com /usr/bin/cmake --build /home/caterpillar/ros2_ws/build/rplidar_ros -- -j4 -l4
[1.084s] [ 77%] Built target rplidar_composition_node
[1.085s] [100%] Built target rplidar_composition
[1.086s] Invoked command in '/home/caterpillar/ros2_ws/build/rplidar_ros' returned '0': CMAKE_PREFIX_PATH=${CMAKE_PREFIX_PATH}:/home/caterpillar/ros2_ws/install/your_robot_bringup:/home/caterpillar/ros2_ws/install/rover_navigation:/home/caterpillar/ros2_ws/install/bts_motor_controller:/opt/ros/jazzy DEBUGINFOD_URLS=https://debuginfod.ubuntu.com /usr/bin/cmake --build /home/caterpillar/ros2_ws/build/rplidar_ros -- -j4 -l4
[1.116s] Invoking command in '/home/caterpillar/ros2_ws/build/rplidar_ros': CMAKE_PREFIX_PATH=${CMAKE_PREFIX_PATH}:/home/caterpillar/ros2_ws/install/your_robot_bringup:/home/caterpillar/ros2_ws/install/rover_navigation:/home/caterpillar/ros2_ws/install/bts_motor_controller:/opt/ros/jazzy DEBUGINFOD_URLS=https://debuginfod.ubuntu.com /usr/bin/cmake --install /home/caterpillar/ros2_ws/build/rplidar_ros
[1.140s] -- Install configuration: ""
[1.141s] -- Execute custom install script
[1.142s] -- Up-to-date symlink: /home/caterpillar/ros2_ws/install/rplidar_ros/lib/rplidar_ros/rplidar_composition
[1.144s] -- Up-to-date symlink: /home/caterpillar/ros2_ws/install/rplidar_ros/share/rplidar_ros/launch/rplidar.launch.py
[1.144s] -- Up-to-date symlink: /home/caterpillar/ros2_ws/install/rplidar_ros/share/rplidar_ros/launch/rplidar_a3.launch.py
[1.144s] -- Up-to-date symlink: /home/caterpillar/ros2_ws/install/rplidar_ros/share/rplidar_ros/launch/rplidar_s1.launch.py
[1.144s] -- Up-to-date symlink: /home/caterpillar/ros2_ws/install/rplidar_ros/share/rplidar_ros/launch/rplidar_s1_tcp.launch.py
[1.149s] -- Up-to-date symlink: /home/caterpillar/ros2_ws/install/rplidar_ros/share/rplidar_ros/launch/test_rplidar_a3.launch.py
[1.150s] -- Up-to-date symlink: /home/caterpillar/ros2_ws/install/rplidar_ros/share/rplidar_ros/launch/view_rplidar.launch.py
[1.150s] -- Up-to-date symlink: /home/caterpillar/ros2_ws/install/rplidar_ros/share/rplidar_ros/launch/view_rplidar_a3.launch.py
[1.150s] -- Up-to-date symlink: /home/caterpillar/ros2_ws/install/rplidar_ros/share/rplidar_ros/launch/view_rplidar_s1.launch.py
[1.150s] -- Up-to-date symlink: /home/caterpillar/ros2_ws/install/rplidar_ros/share/rplidar_ros/launch/view_rplidar_s1_tcp.launch.py
[1.150s] -- Up-to-date symlink: /home/caterpillar/ros2_ws/install/rplidar_ros/share/rplidar_ros/rviz/rplidar.rviz
[1.151s] -- Up-to-date symlink: /home/caterpillar/ros2_ws/install/rplidar_ros/lib/librplidar_composition_node.so
[1.151s] -- Up-to-date symlink: /home/caterpillar/ros2_ws/install/rplidar_ros/include/rplidar_node.hpp
[1.151s] -- Up-to-date symlink: /home/caterpillar/ros2_ws/install/rplidar_ros/include/visibility.h
[1.151s] -- Up-to-date symlink: /home/caterpillar/ros2_ws/install/rplidar_ros/lib/rplidar_ros/rplidar_composition
[1.151s] -- Up-to-date symlink: /home/caterpillar/ros2_ws/install/rplidar_ros/share/ament_index/resource_index/package_run_dependencies/rplidar_ros
[1.151s] -- Up-to-date symlink: /home/caterpillar/ros2_ws/install/rplidar_ros/share/ament_index/resource_index/parent_prefix_path/rplidar_ros
[1.157s] -- Up-to-date symlink: /home/caterpillar/ros2_ws/install/rplidar_ros/share/rplidar_ros/environment/ament_prefix_path.sh
[1.157s] -- Up-to-date symlink: /home/caterpillar/ros2_ws/install/rplidar_ros/share/rplidar_ros/environment/ament_prefix_path.dsv
[1.157s] -- Up-to-date symlink: /home/caterpillar/ros2_ws/install/rplidar_ros/share/rplidar_ros/environment/path.sh
[1.158s] -- Up-to-date symlink: /home/caterpillar/ros2_ws/install/rplidar_ros/share/rplidar_ros/environment/path.dsv
[1.158s] -- Up-to-date symlink: /home/caterpillar/ros2_ws/install/rplidar_ros/share/rplidar_ros/local_setup.bash
[1.158s] -- Up-to-date symlink: /home/caterpillar/ros2_ws/install/rplidar_ros/share/rplidar_ros/local_setup.sh
[1.158s] -- Up-to-date symlink: /home/caterpillar/ros2_ws/install/rplidar_ros/share/rplidar_ros/local_setup.zsh
[1.158s] -- Up-to-date symlink: /home/caterpillar/ros2_ws/install/rplidar_ros/share/rplidar_ros/local_setup.dsv
[1.158s] -- Symlinking: /home/caterpillar/ros2_ws/install/rplidar_ros/share/rplidar_ros/package.dsv
[1.186s] -- Up-to-date symlink: /home/caterpillar/ros2_ws/install/rplidar_ros/share/ament_index/resource_index/packages/rplidar_ros
[1.186s] -- Up-to-date symlink: /home/caterpillar/ros2_ws/install/rplidar_ros/share/ament_index/resource_index/rclcpp_components/rplidar_ros
[1.187s] -- Up-to-date symlink: /home/caterpillar/ros2_ws/install/rplidar_ros/share/rplidar_ros/cmake/ament_cmake_export_dependencies-extras.cmake
[1.190s] -- Up-to-date symlink: /home/caterpillar/ros2_ws/install/rplidar_ros/share/rplidar_ros/cmake/ament_cmake_export_include_directories-extras.cmake
[1.191s] -- Up-to-date symlink: /home/caterpillar/ros2_ws/install/rplidar_ros/share/rplidar_ros/cmake/rplidar_rosConfig.cmake
[1.191s] -- Up-to-date symlink: /home/caterpillar/ros2_ws/install/rplidar_ros/share/rplidar_ros/cmake/rplidar_rosConfig-version.cmake
[1.191s] -- Up-to-date symlink: /home/caterpillar/ros2_ws/install/rplidar_ros/share/rplidar_ros/package.xml
[1.195s] Invoked command in '/home/caterpillar/ros2_ws/build/rplidar_ros' returned '0': CMAKE_PREFIX_PATH=${CMAKE_PREFIX_PATH}:/home/caterpillar/ros2_ws/install/your_robot_bringup:/home/caterpillar/ros2_ws/install/rover_navigation:/home/caterpillar/ros2_ws/install/bts_motor_controller:/opt/ros/jazzy DEBUGINFOD_URLS=https://debuginfod.ubuntu.com /usr/bin/cmake --install /home/caterpillar/ros2_ws/build/rplidar_ros
