[1.584s] Invoking command in '/home/caterpillar/ros2_ws/build/your_robot_bringup': AMENT_PREFIX_PATH=/home/caterpillar/ros2_ws/install/rplidar_ros:/home/caterpillar/ros2_ws/install/bts_motor_controller:${AMENT_PREFIX_PATH} CMAKE_PREFIX_PATH=/home/caterpillar/ros2_ws/install/rplidar_ros:${CMAKE_PREFIX_PATH} DEBUGINFOD_URLS=https://debuginfod.ubuntu.com LD_LIBRARY_PATH=/home/caterpillar/ros2_ws/install/rplidar_ros/lib:${LD_LIBRARY_PATH} PYTHONPATH=/home/caterpillar/ros2_ws/build/your_robot_bringup/prefix_override:/usr/lib/python3/dist-packages/colcon_core/task/python/colcon_distutils_commands:/home/caterpillar/ros2_ws/install/your_robot_bringup/lib/python3.12/site-packages:/home/caterpillar/ros2_ws/install/bts_motor_controller/lib/python3.12/site-packages:${PYTHONPATH} /usr/bin/python3 -W ignore:setup.py install is deprecated -W ignore:easy_install command is deprecated setup.py develop --uninstall --editable --build-directory /home/caterpillar/ros2_ws/build/your_robot_bringup/build
[2.163s] running develop
[2.534s] Removing /home/caterpillar/ros2_ws/install/your_robot_bringup/lib/python3.12/site-packages/your-robot-bringup.egg-link (link to src)
[2.645s] Invoked command in '/home/caterpillar/ros2_ws/build/your_robot_bringup' returned '0': AMENT_PREFIX_PATH=/home/caterpillar/ros2_ws/install/rplidar_ros:/home/caterpillar/ros2_ws/install/bts_motor_controller:${AMENT_PREFIX_PATH} CMAKE_PREFIX_PATH=/home/caterpillar/ros2_ws/install/rplidar_ros:${CMAKE_PREFIX_PATH} DEBUGINFOD_URLS=https://debuginfod.ubuntu.com LD_LIBRARY_PATH=/home/caterpillar/ros2_ws/install/rplidar_ros/lib:${LD_LIBRARY_PATH} PYTHONPATH=/home/caterpillar/ros2_ws/build/your_robot_bringup/prefix_override:/usr/lib/python3/dist-packages/colcon_core/task/python/colcon_distutils_commands:/home/caterpillar/ros2_ws/install/your_robot_bringup/lib/python3.12/site-packages:/home/caterpillar/ros2_ws/install/bts_motor_controller/lib/python3.12/site-packages:${PYTHONPATH} /usr/bin/python3 -W ignore:setup.py install is deprecated -W ignore:easy_install command is deprecated setup.py develop --uninstall --editable --build-directory /home/caterpillar/ros2_ws/build/your_robot_bringup/build
[2.647s] Invoking command in '/home/caterpillar/ros2_ws/src/your_robot_bringup': AMENT_PREFIX_PATH=/home/caterpillar/ros2_ws/install/rplidar_ros:/home/caterpillar/ros2_ws/install/bts_motor_controller:${AMENT_PREFIX_PATH} CMAKE_PREFIX_PATH=/home/caterpillar/ros2_ws/install/rplidar_ros:${CMAKE_PREFIX_PATH} DEBUGINFOD_URLS=https://debuginfod.ubuntu.com LD_LIBRARY_PATH=/home/caterpillar/ros2_ws/install/rplidar_ros/lib:${LD_LIBRARY_PATH} PYTHONPATH=/home/caterpillar/ros2_ws/build/your_robot_bringup/prefix_override:/usr/lib/python3/dist-packages/colcon_core/task/python/colcon_distutils_commands:/home/caterpillar/ros2_ws/install/your_robot_bringup/lib/python3.12/site-packages:/home/caterpillar/ros2_ws/install/bts_motor_controller/lib/python3.12/site-packages:${PYTHONPATH} /usr/bin/python3 -W ignore:setup.py install is deprecated -W ignore:easy_install command is deprecated setup.py egg_info --egg-base ../../build/your_robot_bringup build --build-base /home/caterpillar/ros2_ws/build/your_robot_bringup/build install --record /home/caterpillar/ros2_ws/build/your_robot_bringup/install.log --single-version-externally-managed install_data --force
[3.122s] running egg_info
[3.161s] writing ../../build/your_robot_bringup/your_robot_bringup.egg-info/PKG-INFO
[3.162s] writing dependency_links to ../../build/your_robot_bringup/your_robot_bringup.egg-info/dependency_links.txt
[3.164s] writing entry points to ../../build/your_robot_bringup/your_robot_bringup.egg-info/entry_points.txt
[3.165s] writing requirements to ../../build/your_robot_bringup/your_robot_bringup.egg-info/requires.txt
[3.165s] writing top-level names to ../../build/your_robot_bringup/your_robot_bringup.egg-info/top_level.txt
[3.237s] reading manifest file '../../build/your_robot_bringup/your_robot_bringup.egg-info/SOURCES.txt'
[3.238s] writing manifest file '../../build/your_robot_bringup/your_robot_bringup.egg-info/SOURCES.txt'
[3.239s] running build
[3.239s] running build_py
[3.240s] running install
[3.249s] running install_lib
[3.288s] running install_data
[3.288s] copying resource/your_robot_bringup -> /home/caterpillar/ros2_ws/install/your_robot_bringup/share/ament_index/resource_index/packages
[3.288s] copying package.xml -> /home/caterpillar/ros2_ws/install/your_robot_bringup/share/your_robot_bringup
[3.289s] running install_egg_info
[3.338s] removing '/home/caterpillar/ros2_ws/install/your_robot_bringup/lib/python3.12/site-packages/your_robot_bringup-0.0.0-py3.12.egg-info' (and everything under it)
[3.338s] Copying ../../build/your_robot_bringup/your_robot_bringup.egg-info to /home/caterpillar/ros2_ws/install/your_robot_bringup/lib/python3.12/site-packages/your_robot_bringup-0.0.0-py3.12.egg-info
[3.340s] running install_scripts
[3.630s] Installing rrt_autonomous script to /home/caterpillar/ros2_ws/install/your_robot_bringup/lib/your_robot_bringup
[3.630s] Installing wheel_odom script to /home/caterpillar/ros2_ws/install/your_robot_bringup/lib/your_robot_bringup
[3.630s] writing list of installed files to '/home/caterpillar/ros2_ws/build/your_robot_bringup/install.log'
[3.763s] Invoked command in '/home/caterpillar/ros2_ws/src/your_robot_bringup' returned '0': AMENT_PREFIX_PATH=/home/caterpillar/ros2_ws/install/rplidar_ros:/home/caterpillar/ros2_ws/install/bts_motor_controller:${AMENT_PREFIX_PATH} CMAKE_PREFIX_PATH=/home/caterpillar/ros2_ws/install/rplidar_ros:${CMAKE_PREFIX_PATH} DEBUGINFOD_URLS=https://debuginfod.ubuntu.com LD_LIBRARY_PATH=/home/caterpillar/ros2_ws/install/rplidar_ros/lib:${LD_LIBRARY_PATH} PYTHONPATH=/home/caterpillar/ros2_ws/build/your_robot_bringup/prefix_override:/usr/lib/python3/dist-packages/colcon_core/task/python/colcon_distutils_commands:/home/caterpillar/ros2_ws/install/your_robot_bringup/lib/python3.12/site-packages:/home/caterpillar/ros2_ws/install/bts_motor_controller/lib/python3.12/site-packages:${PYTHONPATH} /usr/bin/python3 -W ignore:setup.py install is deprecated -W ignore:easy_install command is deprecated setup.py egg_info --egg-base ../../build/your_robot_bringup build --build-base /home/caterpillar/ros2_ws/build/your_robot_bringup/build install --record /home/caterpillar/ros2_ws/build/your_robot_bringup/install.log --single-version-externally-managed install_data --force
