[5.545s] Invoking command in '/home/caterpillar/ros2_ws/build/rover_navigation': DEBUGINFOD_URLS=https://debuginfod.ubuntu.com PYTHONPATH=/home/caterpillar/ros2_ws/build/rover_navigation/prefix_override:/usr/lib/python3/dist-packages/colcon_core/task/python/colcon_distutils_commands:/home/caterpillar/ros2_ws/install/rover_navigation/lib/python3.12/site-packages:${PYTHONPATH} /usr/bin/python3 -W ignore:setup.py install is deprecated -W ignore:easy_install command is deprecated setup.py develop --editable --build-directory /home/caterpillar/ros2_ws/build/rover_navigation/build --no-deps symlink_data
[9.758s] running develop
[11.863s] running egg_info
[11.863s] creating rover_navigation.egg-info
[12.046s] writing rover_navigation.egg-info/PKG-INFO
[12.055s] writing dependency_links to rover_navigation.egg-info/dependency_links.txt
[12.055s] writing entry points to rover_navigation.egg-info/entry_points.txt
[12.055s] writing requirements to rover_navigation.egg-info/requires.txt
[12.055s] writing top-level names to rover_navigation.egg-info/top_level.txt
[12.056s] writing manifest file 'rover_navigation.egg-info/SOURCES.txt'
[12.343s] reading manifest file 'rover_navigation.egg-info/SOURCES.txt'
[12.354s] writing manifest file 'rover_navigation.egg-info/SOURCES.txt'
[12.520s] running build_ext
[12.522s] Creating /home/caterpillar/ros2_ws/install/rover_navigation/lib/python3.12/site-packages/rover-navigation.egg-link (link to .)
[12.524s] Installing a_star_planner script to /home/caterpillar/ros2_ws/install/rover_navigation/lib/rover_navigation
[12.526s] Installing esp8266_bridge script to /home/caterpillar/ros2_ws/install/rover_navigation/lib/rover_navigation
[12.526s] Installing esp_serial_odometry_node script to /home/caterpillar/ros2_ws/install/rover_navigation/lib/rover_navigation
[12.529s] Installing lwb_planner script to /home/caterpillar/ros2_ws/install/rover_navigation/lib/rover_navigation
[12.531s] Installing navigation_dashboard script to /home/caterpillar/ros2_ws/install/rover_navigation/lib/rover_navigation
[12.538s] Installing obstacle_detection script to /home/caterpillar/ros2_ws/install/rover_navigation/lib/rover_navigation
[12.540s] Installing odometry_node script to /home/caterpillar/ros2_ws/install/rover_navigation/lib/rover_navigation
[12.541s] Installing path_executor script to /home/caterpillar/ros2_ws/install/rover_navigation/lib/rover_navigation
[12.543s] Installing planner_manager script to /home/caterpillar/ros2_ws/install/rover_navigation/lib/rover_navigation
[12.544s] Installing rrt_planner script to /home/caterpillar/ros2_ws/install/rover_navigation/lib/rover_navigation
[12.554s] 
[12.554s] Installed /home/caterpillar/ros2_ws/build/rover_navigation
[12.555s] running symlink_data
[12.556s] creating /home/caterpillar/ros2_ws/install/rover_navigation/share/ament_index
[12.558s] creating /home/caterpillar/ros2_ws/install/rover_navigation/share/ament_index/resource_index
[12.558s] creating /home/caterpillar/ros2_ws/install/rover_navigation/share/ament_index/resource_index/packages
[12.559s] symbolically linking /home/caterpillar/ros2_ws/build/rover_navigation/resource/rover_navigation -> /home/caterpillar/ros2_ws/install/rover_navigation/share/ament_index/resource_index/packages
[12.562s] symbolically linking /home/caterpillar/ros2_ws/build/rover_navigation/package.xml -> /home/caterpillar/ros2_ws/install/rover_navigation/share/rover_navigation
[12.564s] creating /home/caterpillar/ros2_ws/install/rover_navigation/share/rover_navigation/launch
[12.570s] symbolically linking /home/caterpillar/ros2_ws/build/rover_navigation/launch/obstacle_detection.launch.py -> /home/caterpillar/ros2_ws/install/rover_navigation/share/rover_navigation/launch
[12.571s] symbolically linking /home/caterpillar/ros2_ws/build/rover_navigation/launch/rrt_planner.launch.py -> /home/caterpillar/ros2_ws/install/rover_navigation/share/rover_navigation/launch
[12.574s] symbolically linking /home/caterpillar/ros2_ws/build/rover_navigation/launch/full_navigation.launch.py -> /home/caterpillar/ros2_ws/install/rover_navigation/share/rover_navigation/launch
[12.575s] symbolically linking /home/caterpillar/ros2_ws/build/rover_navigation/launch/a_star_lwb_navigation.launch.py -> /home/caterpillar/ros2_ws/install/rover_navigation/share/rover_navigation/launch
[13.006s] Invoked command in '/home/caterpillar/ros2_ws/build/rover_navigation' returned '0': DEBUGINFOD_URLS=https://debuginfod.ubuntu.com PYTHONPATH=/home/caterpillar/ros2_ws/build/rover_navigation/prefix_override:/usr/lib/python3/dist-packages/colcon_core/task/python/colcon_distutils_commands:/home/caterpillar/ros2_ws/install/rover_navigation/lib/python3.12/site-packages:${PYTHONPATH} /usr/bin/python3 -W ignore:setup.py install is deprecated -W ignore:easy_install command is deprecated setup.py develop --editable --build-directory /home/caterpillar/ros2_ws/build/rover_navigation/build --no-deps symlink_data
