[0.049s] Invoking command in '/home/caterpillar/ros2_ws/build/rplidar_ros': CMAKE_PREFIX_PATH=${CMAKE_PREFIX_PATH}:/home/caterpillar/ros2_ws/install/your_robot_bringup:/home/caterpillar/ros2_ws/install/bts_motor_controller:/opt/ros/jazzy DEBUGINFOD_URLS=https://debuginfod.ubuntu.com /usr/bin/cmake /home/caterpillar/ros2_ws/src/rplidar_ros -DCMAKE_INSTALL_PREFIX=/home/caterpillar/ros2_ws/install/rplidar_ros
[0.351s] -- Found ament_cmake_auto: 2.5.4 (/opt/ros/jazzy/share/ament_cmake_auto/cmake)
[0.976s] -- Override CMake install command with custom implementation using symlinks instead of copying resources
[1.034s] -- Found ament_cmake_ros: 0.12.0 (/opt/ros/jazzy/share/ament_cmake_ros/cmake)
[1.388s] -- Found rosidl_generator_c: 4.6.6 (/opt/ros/jazzy/share/rosidl_generator_c/cmake)
[1.422s] -- Found rosidl_generator_cpp: 4.6.6 (/opt/ros/jazzy/share/rosidl_generator_cpp/cmake)
[1.465s] -- Using all available rosidl_typesupport_c: rosidl_typesupport_fastrtps_c;rosidl_typesupport_introspection_c
[1.508s] -- Using all available rosidl_typesupport_cpp: rosidl_typesupport_fastrtps_cpp;rosidl_typesupport_introspection_cpp
[1.698s] -- Found rmw_implementation_cmake: 7.3.2 (/opt/ros/jazzy/share/rmw_implementation_cmake/cmake)
[1.704s] -- Found rmw_fastrtps_cpp: 8.4.3 (/opt/ros/jazzy/share/rmw_fastrtps_cpp/cmake)
[1.909s] -- Using RMW implementation 'rmw_fastrtps_cpp' as default
[2.417s] In this package, headers install destination is set to `include` by ament_auto_package. It is recommended to install `include/rplidar_ros` instead and will be the default behavior of ament_auto_package from ROS 2 Kilted Kaiju. On distributions before Kilted, ament_auto_package behaves the same way when you use USE_SCOPED_HEADER_INSTALL_DIR option.
[2.435s] -- Configuring done (2.2s)
[2.528s] -- Generating done (0.1s)
[2.551s] -- Build files have been written to: /home/caterpillar/ros2_ws/build/rplidar_ros
[2.585s] Invoked command in '/home/caterpillar/ros2_ws/build/rplidar_ros' returned '0': CMAKE_PREFIX_PATH=${CMAKE_PREFIX_PATH}:/home/caterpillar/ros2_ws/install/your_robot_bringup:/home/caterpillar/ros2_ws/install/bts_motor_controller:/opt/ros/jazzy DEBUGINFOD_URLS=https://debuginfod.ubuntu.com /usr/bin/cmake /home/caterpillar/ros2_ws/src/rplidar_ros -DCMAKE_INSTALL_PREFIX=/home/caterpillar/ros2_ws/install/rplidar_ros
[2.588s] Invoking command in '/home/caterpillar/ros2_ws/build/rplidar_ros': CMAKE_PREFIX_PATH=${CMAKE_PREFIX_PATH}:/home/caterpillar/ros2_ws/install/your_robot_bringup:/home/caterpillar/ros2_ws/install/bts_motor_controller:/opt/ros/jazzy DEBUGINFOD_URLS=https://debuginfod.ubuntu.com /usr/bin/cmake --build /home/caterpillar/ros2_ws/build/rplidar_ros -- -j4 -l4
[2.859s] [ 11%] Building CXX object CMakeFiles/rplidar_composition_node.dir/src/rplidar_node.cpp.o
[4.193s] In file included from /home/caterpillar/ros2_ws/src/rplidar_ros/src/rplidar_node.cpp:36:
[4.193s] /home/caterpillar/ros2_ws/src/rplidar_ros/include/rplidar_node.hpp:50: warning: "M_PI" redefined
[4.194s]    50 | #define M_PI 3.1415926535897932384626433832795
[4.194s]       | 
[4.194s] In file included from /usr/include/c++/13/cmath:47,
[4.194s]                  from /opt/ros/jazzy/include/libstatistics_collector/libstatistics_collector/moving_average_statistics/types.hpp:18,
[4.194s]                  from /opt/ros/jazzy/include/libstatistics_collector/libstatistics_collector/collector/generate_statistics_message.hpp:24,
[4.194s]                  from /opt/ros/jazzy/include/rclcpp/rclcpp/topic_statistics/subscription_topic_statistics.hpp:23,
[4.194s]                  from /opt/ros/jazzy/include/rclcpp/rclcpp/subscription.hpp:50,
[4.194s]                  from /opt/ros/jazzy/include/rclcpp/rclcpp/any_executable.hpp:25,
[4.195s]                  from /opt/ros/jazzy/include/rclcpp/rclcpp/memory_strategy.hpp:25,
[4.195s]                  from /opt/ros/jazzy/include/rclcpp/rclcpp/memory_strategies.hpp:18,
[4.195s]                  from /opt/ros/jazzy/include/rclcpp/rclcpp/executor_options.hpp:22,
[4.195s]                  from /opt/ros/jazzy/include/rclcpp/rclcpp/executor.hpp:38,
[4.195s]                  from /opt/ros/jazzy/include/rclcpp/rclcpp/executors/multi_threaded_executor.hpp:25,
[4.195s]                  from /opt/ros/jazzy/include/rclcpp/rclcpp/executors.hpp:21,
[4.195s]                  from /opt/ros/jazzy/include/rclcpp/rclcpp/rclcpp.hpp:172,
[4.195s]                  from /home/caterpillar/ros2_ws/src/rplidar_ros/include/rplidar_node.hpp:34:
[4.195s] /usr/include/math.h:1152: note: this is the location of the previous definition
[4.196s]  1152 | # define M_PI           3.14159265358979323846  /* pi */
[4.196s]       | 
[8.908s] In file included from /home/caterpillar/ros2_ws/src/rplidar_ros/./sdk/include/rplidar.h:39,
[8.908s]                  from /home/caterpillar/ros2_ws/src/rplidar_ros/include/rplidar_node.hpp:41:
[8.908s] /home/caterpillar/ros2_ws/src/rplidar_ros/./sdk/include/rplidar_protocol.h:59:14: warning: ISO C++ forbids zero-size array ‘data’ [-Wpedantic]
[8.908s]    59 |     _u8 data[0];
[8.908s]       |              ^
[8.908s] In file included from /home/caterpillar/ros2_ws/src/rplidar_ros/./sdk/include/rplidar.h:40:
[8.909s] /home/caterpillar/ros2_ws/src/rplidar_ros/./sdk/include/rplidar_cmd.h:260:18: warning: ISO C++ forbids zero-size array ‘payload’ [-Wpedantic]
[8.909s]   260 |     _u8  payload[0];
[8.909s]       |                  ^
[9.012s] /home/caterpillar/ros2_ws/src/rplidar_ros/src/rplidar_node.cpp: In member function ‘void rplidar_ros::rplidar_node::stop_motor({anonymous}::EmptyRequest, {anonymous}::EmptyResponse)’:
[9.012s] /home/caterpillar/ros2_ws/src/rplidar_ros/src/rplidar_node.cpp:246:50: warning: unused parameter ‘req’ [-Wunused-parameter]
[9.012s]   246 | void rplidar_node::stop_motor(const EmptyRequest req, EmptyResponse res)
[9.012s]       |                               ~~~~~~~~~~~~~~~~~~~^~~
[9.012s] /home/caterpillar/ros2_ws/src/rplidar_ros/src/rplidar_node.cpp:246:69: warning: unused parameter ‘res’ [-Wunused-parameter]
[9.013s]   246 | void rplidar_node::stop_motor(const EmptyRequest req, EmptyResponse res)
[9.013s]       |                                                       ~~~~~~~~~~~~~~^~~
[9.013s] /home/caterpillar/ros2_ws/src/rplidar_ros/src/rplidar_node.cpp: In member function ‘void rplidar_ros::rplidar_node::start_motor({anonymous}::EmptyRequest, {anonymous}::EmptyResponse)’:
[9.013s] /home/caterpillar/ros2_ws/src/rplidar_ros/src/rplidar_node.cpp:259:51: warning: unused parameter ‘req’ [-Wunused-parameter]
[9.013s]   259 | void rplidar_node::start_motor(const EmptyRequest req, EmptyResponse res)
[9.013s]       |                                ~~~~~~~~~~~~~~~~~~~^~~
[9.013s] /home/caterpillar/ros2_ws/src/rplidar_ros/src/rplidar_node.cpp:259:70: warning: unused parameter ‘res’ [-Wunused-parameter]
[9.013s]   259 | void rplidar_node::start_motor(const EmptyRequest req, EmptyResponse res)
[9.013s]       |                                                        ~~~~~~~~~~~~~~^~~
[9.026s] /home/caterpillar/ros2_ws/src/rplidar_ros/src/rplidar_node.cpp: In member function ‘void rplidar_ros::rplidar_node::publish_loop()’:
[9.026s] /home/caterpillar/ros2_ws/src/rplidar_ros/src/rplidar_node.cpp:386:25: warning: comparison of integer expressions of different signedness: ‘size_t’ {aka ‘long unsigned int’} and ‘int’ [-Wsign-compare]
[9.026s]   386 |           for (j = 0; j < m_angle_compensate_multiple; j++) {
[9.026s]       |                       ~~^~~~~~~~~~~~~~~~~~~~~~~~~~~~~
[9.027s] /home/caterpillar/ros2_ws/src/rplidar_ros/src/rplidar_node.cpp:407:44: warning: comparison of integer expressions of different signedness: ‘size_t’ {aka ‘long unsigned int’} and ‘int’ [-Wsign-compare]
[9.027s]   407 |       for (size_t x = start_node, y = 0; x < end_node; ++x, ++y) {
[9.027s]       |                                          ~~^~~~~~~~~~
[9.027s] /home/caterpillar/ros2_ws/src/rplidar_ros/src/rplidar_node.cpp:414:11: warning: unused variable ‘angle_min’ [-Wunused-variable]
[9.027s]   414 |     float angle_min = deg_2_rad(0.0f);
[9.027s]       |           ^~~~~~~~~
[9.027s] /home/caterpillar/ros2_ws/src/rplidar_ros/src/rplidar_node.cpp:415:11: warning: unused variable ‘angle_max’ [-Wunused-variable]
[9.027s]   415 |     float angle_max = deg_2_rad(359.0f);
[9.027s]       |           ^~~~~~~~~
[16.052s] [ 22%] Linking CXX shared library librplidar_composition_node.so
[16.997s] [ 77%] Built target rplidar_composition_node
[17.069s] [ 88%] Building CXX object CMakeFiles/rplidar_composition.dir/src/standalone_rplidar.cpp.o
[17.554s] In file included from /home/caterpillar/ros2_ws/src/rplidar_ros/src/standalone_rplidar.cpp:16:
[17.554s] /home/caterpillar/ros2_ws/src/rplidar_ros/include/rplidar_node.hpp:50: warning: "M_PI" redefined
[17.554s]    50 | #define M_PI 3.1415926535897932384626433832795
[17.554s]       | 
[17.554s] In file included from /usr/include/c++/13/cmath:47,
[17.554s]                  from /opt/ros/jazzy/include/libstatistics_collector/libstatistics_collector/moving_average_statistics/types.hpp:18,
[17.554s]                  from /opt/ros/jazzy/include/libstatistics_collector/libstatistics_collector/collector/generate_statistics_message.hpp:24,
[17.554s]                  from /opt/ros/jazzy/include/rclcpp/rclcpp/topic_statistics/subscription_topic_statistics.hpp:23,
[17.554s]                  from /opt/ros/jazzy/include/rclcpp/rclcpp/subscription.hpp:50,
[17.555s]                  from /opt/ros/jazzy/include/rclcpp/rclcpp/any_executable.hpp:25,
[17.555s]                  from /opt/ros/jazzy/include/rclcpp/rclcpp/memory_strategy.hpp:25,
[17.555s]                  from /opt/ros/jazzy/include/rclcpp/rclcpp/memory_strategies.hpp:18,
[17.555s]                  from /opt/ros/jazzy/include/rclcpp/rclcpp/executor_options.hpp:22,
[17.555s]                  from /opt/ros/jazzy/include/rclcpp/rclcpp/executor.hpp:38,
[17.556s]                  from /opt/ros/jazzy/include/rclcpp/rclcpp/executors/multi_threaded_executor.hpp:25,
[17.556s]                  from /opt/ros/jazzy/include/rclcpp/rclcpp/executors.hpp:21,
[17.557s]                  from /opt/ros/jazzy/include/rclcpp/rclcpp/rclcpp.hpp:172,
[17.558s]                  from /home/caterpillar/ros2_ws/src/rplidar_ros/include/rplidar_node.hpp:34:
[17.558s] /usr/include/math.h:1152: note: this is the location of the previous definition
[17.558s]  1152 | # define M_PI           3.14159265358979323846  /* pi */
[17.558s]       | 
[22.163s] In file included from /home/caterpillar/ros2_ws/src/rplidar_ros/./sdk/include/rplidar.h:39,
[22.163s]                  from /home/caterpillar/ros2_ws/src/rplidar_ros/include/rplidar_node.hpp:41:
[22.163s] /home/caterpillar/ros2_ws/src/rplidar_ros/./sdk/include/rplidar_protocol.h:59:14: warning: ISO C++ forbids zero-size array ‘data’ [-Wpedantic]
[22.163s]    59 |     _u8 data[0];
[22.163s]       |              ^
[22.163s] In file included from /home/caterpillar/ros2_ws/src/rplidar_ros/./sdk/include/rplidar.h:40:
[22.163s] /home/caterpillar/ros2_ws/src/rplidar_ros/./sdk/include/rplidar_cmd.h:260:18: warning: ISO C++ forbids zero-size array ‘payload’ [-Wpedantic]
[22.163s]   260 |     _u8  payload[0];
[22.164s]       |                  ^
[23.331s] /home/caterpillar/ros2_ws/src/rplidar_ros/include/rplidar_node.hpp:76:14: warning: ‘float rplidar_ros::getAngle(const rplidar_response_measurement_node_hq_t&)’ defined but not used [-Wunused-function]
[23.332s]    76 | static float getAngle(const rplidar_response_measurement_node_hq_t & node)
[23.332s]       |              ^~~~~~~~
[23.567s] [100%] Linking CXX executable rplidar_composition
[24.182s] [100%] Built target rplidar_composition
[24.210s] Invoked command in '/home/caterpillar/ros2_ws/build/rplidar_ros' returned '0': CMAKE_PREFIX_PATH=${CMAKE_PREFIX_PATH}:/home/caterpillar/ros2_ws/install/your_robot_bringup:/home/caterpillar/ros2_ws/install/bts_motor_controller:/opt/ros/jazzy DEBUGINFOD_URLS=https://debuginfod.ubuntu.com /usr/bin/cmake --build /home/caterpillar/ros2_ws/build/rplidar_ros -- -j4 -l4
[24.236s] Invoking command in '/home/caterpillar/ros2_ws/build/rplidar_ros': CMAKE_PREFIX_PATH=${CMAKE_PREFIX_PATH}:/home/caterpillar/ros2_ws/install/your_robot_bringup:/home/caterpillar/ros2_ws/install/bts_motor_controller:/opt/ros/jazzy DEBUGINFOD_URLS=https://debuginfod.ubuntu.com /usr/bin/cmake --install /home/caterpillar/ros2_ws/build/rplidar_ros
[24.256s] -- Install configuration: ""
[24.257s] -- Execute custom install script
[24.258s] -- Up-to-date symlink: /home/caterpillar/ros2_ws/install/rplidar_ros/lib/rplidar_ros/rplidar_composition
[24.258s] -- Up-to-date symlink: /home/caterpillar/ros2_ws/install/rplidar_ros/share/rplidar_ros/launch/rplidar.launch.py
[24.258s] -- Up-to-date symlink: /home/caterpillar/ros2_ws/install/rplidar_ros/share/rplidar_ros/launch/rplidar_a3.launch.py
[24.259s] -- Up-to-date symlink: /home/caterpillar/ros2_ws/install/rplidar_ros/share/rplidar_ros/launch/rplidar_s1.launch.py
[24.259s] -- Up-to-date symlink: /home/caterpillar/ros2_ws/install/rplidar_ros/share/rplidar_ros/launch/rplidar_s1_tcp.launch.py
[24.259s] -- Up-to-date symlink: /home/caterpillar/ros2_ws/install/rplidar_ros/share/rplidar_ros/launch/test_rplidar_a3.launch.py
[24.259s] -- Up-to-date symlink: /home/caterpillar/ros2_ws/install/rplidar_ros/share/rplidar_ros/launch/view_rplidar.launch.py
[24.259s] -- Up-to-date symlink: /home/caterpillar/ros2_ws/install/rplidar_ros/share/rplidar_ros/launch/view_rplidar_a3.launch.py
[24.259s] -- Up-to-date symlink: /home/caterpillar/ros2_ws/install/rplidar_ros/share/rplidar_ros/launch/view_rplidar_s1.launch.py
[24.259s] -- Up-to-date symlink: /home/caterpillar/ros2_ws/install/rplidar_ros/share/rplidar_ros/launch/view_rplidar_s1_tcp.launch.py
[24.260s] -- Up-to-date symlink: /home/caterpillar/ros2_ws/install/rplidar_ros/share/rplidar_ros/rviz/rplidar.rviz
[24.260s] -- Up-to-date symlink: /home/caterpillar/ros2_ws/install/rplidar_ros/lib/librplidar_composition_node.so
[24.260s] -- Up-to-date symlink: /home/caterpillar/ros2_ws/install/rplidar_ros/include/rplidar_node.hpp
[24.260s] -- Up-to-date symlink: /home/caterpillar/ros2_ws/install/rplidar_ros/include/visibility.h
[24.261s] -- Up-to-date symlink: /home/caterpillar/ros2_ws/install/rplidar_ros/lib/rplidar_ros/rplidar_composition
[24.261s] -- Up-to-date symlink: /home/caterpillar/ros2_ws/install/rplidar_ros/share/ament_index/resource_index/package_run_dependencies/rplidar_ros
[24.261s] -- Up-to-date symlink: /home/caterpillar/ros2_ws/install/rplidar_ros/share/ament_index/resource_index/parent_prefix_path/rplidar_ros
[24.261s] -- Up-to-date symlink: /home/caterpillar/ros2_ws/install/rplidar_ros/share/rplidar_ros/environment/ament_prefix_path.sh
[24.262s] -- Up-to-date symlink: /home/caterpillar/ros2_ws/install/rplidar_ros/share/rplidar_ros/environment/ament_prefix_path.dsv
[24.262s] -- Up-to-date symlink: /home/caterpillar/ros2_ws/install/rplidar_ros/share/rplidar_ros/environment/path.sh
[24.262s] -- Up-to-date symlink: /home/caterpillar/ros2_ws/install/rplidar_ros/share/rplidar_ros/environment/path.dsv
[24.262s] -- Up-to-date symlink: /home/caterpillar/ros2_ws/install/rplidar_ros/share/rplidar_ros/local_setup.bash
[24.262s] -- Up-to-date symlink: /home/caterpillar/ros2_ws/install/rplidar_ros/share/rplidar_ros/local_setup.sh
[24.263s] -- Up-to-date symlink: /home/caterpillar/ros2_ws/install/rplidar_ros/share/rplidar_ros/local_setup.zsh
[24.263s] -- Up-to-date symlink: /home/caterpillar/ros2_ws/install/rplidar_ros/share/rplidar_ros/local_setup.dsv
[24.263s] -- Symlinking: /home/caterpillar/ros2_ws/install/rplidar_ros/share/rplidar_ros/package.dsv
[24.284s] -- Up-to-date symlink: /home/caterpillar/ros2_ws/install/rplidar_ros/share/ament_index/resource_index/packages/rplidar_ros
[24.285s] -- Up-to-date symlink: /home/caterpillar/ros2_ws/install/rplidar_ros/share/ament_index/resource_index/rclcpp_components/rplidar_ros
[24.285s] -- Up-to-date symlink: /home/caterpillar/ros2_ws/install/rplidar_ros/share/rplidar_ros/cmake/ament_cmake_export_dependencies-extras.cmake
[24.285s] -- Up-to-date symlink: /home/caterpillar/ros2_ws/install/rplidar_ros/share/rplidar_ros/cmake/ament_cmake_export_include_directories-extras.cmake
[24.285s] -- Up-to-date symlink: /home/caterpillar/ros2_ws/install/rplidar_ros/share/rplidar_ros/cmake/rplidar_rosConfig.cmake
[24.285s] -- Up-to-date symlink: /home/caterpillar/ros2_ws/install/rplidar_ros/share/rplidar_ros/cmake/rplidar_rosConfig-version.cmake
[24.285s] -- Up-to-date symlink: /home/caterpillar/ros2_ws/install/rplidar_ros/share/rplidar_ros/package.xml
[24.290s] Invoked command in '/home/caterpillar/ros2_ws/build/rplidar_ros' returned '0': CMAKE_PREFIX_PATH=${CMAKE_PREFIX_PATH}:/home/caterpillar/ros2_ws/install/your_robot_bringup:/home/caterpillar/ros2_ws/install/bts_motor_controller:/opt/ros/jazzy DEBUGINFOD_URLS=https://debuginfod.ubuntu.com /usr/bin/cmake --install /home/caterpillar/ros2_ws/build/rplidar_ros
