[4.591s] Invoking command in '/home/caterpillar/ros2_ws/src/rover_navigation': DEBUGINFOD_URLS=https://debuginfod.ubuntu.com PYTHONPATH=/home/caterpillar/ros2_ws/build/rover_navigation/prefix_override:/usr/lib/python3/dist-packages/colcon_core/task/python/colcon_distutils_commands:/home/caterpillar/ros2_ws/install/rover_navigation/lib/python3.12/site-packages:${PYTHONPATH} /usr/bin/python3 -W ignore:setup.py install is deprecated -W ignore:easy_install command is deprecated setup.py egg_info --egg-base ../../build/rover_navigation build --build-base /home/caterpillar/ros2_ws/build/rover_navigation/build install --record /home/caterpillar/ros2_ws/build/rover_navigation/install.log --single-version-externally-managed install_data
[5.269s] running egg_info
[5.329s] writing ../../build/rover_navigation/rover_navigation.egg-info/PKG-INFO
[5.329s] writing dependency_links to ../../build/rover_navigation/rover_navigation.egg-info/dependency_links.txt
[5.336s] writing entry points to ../../build/rover_navigation/rover_navigation.egg-info/entry_points.txt
[5.337s] writing requirements to ../../build/rover_navigation/rover_navigation.egg-info/requires.txt
[5.344s] writing top-level names to ../../build/rover_navigation/rover_navigation.egg-info/top_level.txt
[5.697s] reading manifest file '../../build/rover_navigation/rover_navigation.egg-info/SOURCES.txt'
[5.705s] writing manifest file '../../build/rover_navigation/rover_navigation.egg-info/SOURCES.txt'
[5.706s] running build
[5.707s] running build_py
[5.709s] copying rover_navigation/esp8266_serial_bridge.py -> /home/caterpillar/ros2_ws/build/rover_navigation/build/lib/rover_navigation
[5.712s] running install
[5.733s] running install_lib
[5.780s] copying /home/caterpillar/ros2_ws/build/rover_navigation/build/lib/rover_navigation/esp8266_serial_bridge.py -> /home/caterpillar/ros2_ws/install/rover_navigation/lib/python3.12/site-packages/rover_navigation
[5.783s] byte-compiling /home/caterpillar/ros2_ws/install/rover_navigation/lib/python3.12/site-packages/rover_navigation/esp8266_serial_bridge.py to esp8266_serial_bridge.cpython-312.pyc
[5.790s] running install_data
[5.790s] running install_egg_info
[5.839s] removing '/home/caterpillar/ros2_ws/install/rover_navigation/lib/python3.12/site-packages/rover_navigation-0.0.1-py3.12.egg-info' (and everything under it)
[5.841s] Copying ../../build/rover_navigation/rover_navigation.egg-info to /home/caterpillar/ros2_ws/install/rover_navigation/lib/python3.12/site-packages/rover_navigation-0.0.1-py3.12.egg-info
[5.841s] running install_scripts
[6.255s] Installing a_star_planner script to /home/caterpillar/ros2_ws/install/rover_navigation/lib/rover_navigation
[6.255s] Installing esp8266_bridge script to /home/caterpillar/ros2_ws/install/rover_navigation/lib/rover_navigation
[6.258s] Installing esp8266_serial_bridge script to /home/caterpillar/ros2_ws/install/rover_navigation/lib/rover_navigation
[6.259s] Installing esp_serial_odometry_node script to /home/caterpillar/ros2_ws/install/rover_navigation/lib/rover_navigation
[6.259s] Installing lwb_planner script to /home/caterpillar/ros2_ws/install/rover_navigation/lib/rover_navigation
[6.260s] Installing navigation_dashboard script to /home/caterpillar/ros2_ws/install/rover_navigation/lib/rover_navigation
[6.264s] Installing obstacle_detection script to /home/caterpillar/ros2_ws/install/rover_navigation/lib/rover_navigation
[6.267s] Installing odometry_node script to /home/caterpillar/ros2_ws/install/rover_navigation/lib/rover_navigation
[6.267s] Installing path_executor script to /home/caterpillar/ros2_ws/install/rover_navigation/lib/rover_navigation
[6.267s] Installing planner_manager script to /home/caterpillar/ros2_ws/install/rover_navigation/lib/rover_navigation
[6.268s] Installing rrt_planner script to /home/caterpillar/ros2_ws/install/rover_navigation/lib/rover_navigation
[6.270s] writing list of installed files to '/home/caterpillar/ros2_ws/build/rover_navigation/install.log'
[6.462s] Invoked command in '/home/caterpillar/ros2_ws/src/rover_navigation' returned '0': DEBUGINFOD_URLS=https://debuginfod.ubuntu.com PYTHONPATH=/home/caterpillar/ros2_ws/build/rover_navigation/prefix_override:/usr/lib/python3/dist-packages/colcon_core/task/python/colcon_distutils_commands:/home/caterpillar/ros2_ws/install/rover_navigation/lib/python3.12/site-packages:${PYTHONPATH} /usr/bin/python3 -W ignore:setup.py install is deprecated -W ignore:easy_install command is deprecated setup.py egg_info --egg-base ../../build/rover_navigation build --build-base /home/caterpillar/ros2_ws/build/rover_navigation/build install --record /home/caterpillar/ros2_ws/build/rover_navigation/install.log --single-version-externally-managed install_data
