running egg_info
writing ../../build/rover_navigation/rover_navigation.egg-info/PKG-INFO
writing dependency_links to ../../build/rover_navigation/rover_navigation.egg-info/dependency_links.txt
writing entry points to ../../build/rover_navigation/rover_navigation.egg-info/entry_points.txt
writing requirements to ../../build/rover_navigation/rover_navigation.egg-info/requires.txt
writing top-level names to ../../build/rover_navigation/rover_navigation.egg-info/top_level.txt
reading manifest file '../../build/rover_navigation/rover_navigation.egg-info/SOURCES.txt'
writing manifest file '../../build/rover_navigation/rover_navigation.egg-info/SOURCES.txt'
running build
running build_py
copying rover_navigation/odometry_node.py -> /home/caterpillar/ros2_ws/build/rover_navigation/build/lib/rover_navigation
running install
running install_lib
copying /home/caterpillar/ros2_ws/build/rover_navigation/build/lib/rover_navigation/odometry_node.py -> /home/caterpillar/ros2_ws/install/rover_navigation/lib/python3.12/site-packages/rover_navigation
byte-compiling /home/caterpillar/ros2_ws/install/rover_navigation/lib/python3.12/site-packages/rover_navigation/odometry_node.py to odometry_node.cpython-312.pyc
running install_data
copying launch/full_navigation.launch.py -> /home/caterpillar/ros2_ws/install/rover_navigation/share/rover_navigation/launch
running install_egg_info
removing '/home/caterpillar/ros2_ws/install/rover_navigation/lib/python3.12/site-packages/rover_navigation-0.0.1-py3.12.egg-info' (and everything under it)
Copying ../../build/rover_navigation/rover_navigation.egg-info to /home/caterpillar/ros2_ws/install/rover_navigation/lib/python3.12/site-packages/rover_navigation-0.0.1-py3.12.egg-info
running install_scripts
Installing obstacle_detection script to /home/caterpillar/ros2_ws/install/rover_navigation/lib/rover_navigation
Installing odometry_node script to /home/caterpillar/ros2_ws/install/rover_navigation/lib/rover_navigation
Installing path_executor script to /home/caterpillar/ros2_ws/install/rover_navigation/lib/rover_navigation
Installing rrt_planner script to /home/caterpillar/ros2_ws/install/rover_navigation/lib/rover_navigation
writing list of installed files to '/home/caterpillar/ros2_ws/build/rover_navigation/install.log'
