[2.003s] Invoking command in '/home/caterpillar/ros2_ws/src/rover_navigation': DEBUGINFOD_URLS=https://debuginfod.ubuntu.com PYTHONPATH=/home/caterpillar/ros2_ws/build/rover_navigation/prefix_override:/usr/lib/python3/dist-packages/colcon_core/task/python/colcon_distutils_commands:/home/caterpillar/ros2_ws/install/rover_navigation/lib/python3.12/site-packages:${PYTHONPATH} /usr/bin/python3 -W ignore:setup.py install is deprecated -W ignore:easy_install command is deprecated setup.py egg_info --egg-base ../../build/rover_navigation build --build-base /home/caterpillar/ros2_ws/build/rover_navigation/build install --record /home/caterpillar/ros2_ws/build/rover_navigation/install.log --single-version-externally-managed install_data
[2.527s] running egg_info
[2.566s] writing ../../build/rover_navigation/rover_navigation.egg-info/PKG-INFO
[2.567s] writing dependency_links to ../../build/rover_navigation/rover_navigation.egg-info/dependency_links.txt
[2.571s] writing entry points to ../../build/rover_navigation/rover_navigation.egg-info/entry_points.txt
[2.571s] writing requirements to ../../build/rover_navigation/rover_navigation.egg-info/requires.txt
[2.572s] writing top-level names to ../../build/rover_navigation/rover_navigation.egg-info/top_level.txt
[2.656s] reading manifest file '../../build/rover_navigation/rover_navigation.egg-info/SOURCES.txt'
[2.657s] writing manifest file '../../build/rover_navigation/rover_navigation.egg-info/SOURCES.txt'
[2.658s] running build
[2.658s] running build_py
[2.658s] copying rover_navigation/odometry_node.py -> /home/caterpillar/ros2_ws/build/rover_navigation/build/lib/rover_navigation
[2.658s] running install
[2.668s] running install_lib
[2.708s] copying /home/caterpillar/ros2_ws/build/rover_navigation/build/lib/rover_navigation/odometry_node.py -> /home/caterpillar/ros2_ws/install/rover_navigation/lib/python3.12/site-packages/rover_navigation
[2.709s] byte-compiling /home/caterpillar/ros2_ws/install/rover_navigation/lib/python3.12/site-packages/rover_navigation/odometry_node.py to odometry_node.cpython-312.pyc
[2.711s] running install_data
[2.711s] copying launch/full_navigation.launch.py -> /home/caterpillar/ros2_ws/install/rover_navigation/share/rover_navigation/launch
[2.711s] running install_egg_info
[2.757s] removing '/home/caterpillar/ros2_ws/install/rover_navigation/lib/python3.12/site-packages/rover_navigation-0.0.1-py3.12.egg-info' (and everything under it)
[2.758s] Copying ../../build/rover_navigation/rover_navigation.egg-info to /home/caterpillar/ros2_ws/install/rover_navigation/lib/python3.12/site-packages/rover_navigation-0.0.1-py3.12.egg-info
[2.759s] running install_scripts
[3.206s] Installing obstacle_detection script to /home/caterpillar/ros2_ws/install/rover_navigation/lib/rover_navigation
[3.206s] Installing odometry_node script to /home/caterpillar/ros2_ws/install/rover_navigation/lib/rover_navigation
[3.207s] Installing path_executor script to /home/caterpillar/ros2_ws/install/rover_navigation/lib/rover_navigation
[3.208s] Installing rrt_planner script to /home/caterpillar/ros2_ws/install/rover_navigation/lib/rover_navigation
[3.209s] writing list of installed files to '/home/caterpillar/ros2_ws/build/rover_navigation/install.log'
[3.406s] Invoked command in '/home/caterpillar/ros2_ws/src/rover_navigation' returned '0': DEBUGINFOD_URLS=https://debuginfod.ubuntu.com PYTHONPATH=/home/caterpillar/ros2_ws/build/rover_navigation/prefix_override:/usr/lib/python3/dist-packages/colcon_core/task/python/colcon_distutils_commands:/home/caterpillar/ros2_ws/install/rover_navigation/lib/python3.12/site-packages:${PYTHONPATH} /usr/bin/python3 -W ignore:setup.py install is deprecated -W ignore:easy_install command is deprecated setup.py egg_info --egg-base ../../build/rover_navigation build --build-base /home/caterpillar/ros2_ws/build/rover_navigation/build install --record /home/caterpillar/ros2_ws/build/rover_navigation/install.log --single-version-externally-managed install_data
