[2.619s] Invoking command in '/home/caterpillar/ros2_ws/build/bts_motor_controller': DEBUGINFOD_URLS=https://debuginfod.ubuntu.com PYTHONPATH=/home/caterpillar/ros2_ws/build/bts_motor_controller/prefix_override:/usr/lib/python3/dist-packages/colcon_core/task/python/colcon_distutils_commands:/home/caterpillar/ros2_ws/install/bts_motor_controller/lib/python3.12/site-packages:${PYTHONPATH} /usr/bin/python3 -W ignore:setup.py install is deprecated -W ignore:easy_install command is deprecated setup.py develop --uninstall --editable --build-directory /home/caterpillar/ros2_ws/build/bts_motor_controller/build
[3.344s] running develop
[3.737s] Removing /home/caterpillar/ros2_ws/install/bts_motor_controller/lib/python3.12/site-packages/bts-motor-controller.egg-link (link to .)
[3.894s] Invoked command in '/home/caterpillar/ros2_ws/build/bts_motor_controller' returned '0': DEBUGINFOD_URLS=https://debuginfod.ubuntu.com PYTHONPATH=/home/caterpillar/ros2_ws/build/bts_motor_controller/prefix_override:/usr/lib/python3/dist-packages/colcon_core/task/python/colcon_distutils_commands:/home/caterpillar/ros2_ws/install/bts_motor_controller/lib/python3.12/site-packages:${PYTHONPATH} /usr/bin/python3 -W ignore:setup.py install is deprecated -W ignore:easy_install command is deprecated setup.py develop --uninstall --editable --build-directory /home/caterpillar/ros2_ws/build/bts_motor_controller/build
[3.895s] Invoking command in '/home/caterpillar/ros2_ws/src/bts_motor_controller': DEBUGINFOD_URLS=https://debuginfod.ubuntu.com PYTHONPATH=/home/caterpillar/ros2_ws/build/bts_motor_controller/prefix_override:/usr/lib/python3/dist-packages/colcon_core/task/python/colcon_distutils_commands:/home/caterpillar/ros2_ws/install/bts_motor_controller/lib/python3.12/site-packages:${PYTHONPATH} /usr/bin/python3 -W ignore:setup.py install is deprecated -W ignore:easy_install command is deprecated setup.py egg_info --egg-base ../../build/bts_motor_controller build --build-base /home/caterpillar/ros2_ws/build/bts_motor_controller/build install --record /home/caterpillar/ros2_ws/build/bts_motor_controller/install.log --single-version-externally-managed install_data --force
[4.365s] running egg_info
[4.399s] writing ../../build/bts_motor_controller/bts_motor_controller.egg-info/PKG-INFO
[4.401s] writing dependency_links to ../../build/bts_motor_controller/bts_motor_controller.egg-info/dependency_links.txt
[4.404s] writing entry points to ../../build/bts_motor_controller/bts_motor_controller.egg-info/entry_points.txt
[4.404s] writing requirements to ../../build/bts_motor_controller/bts_motor_controller.egg-info/requires.txt
[4.405s] writing top-level names to ../../build/bts_motor_controller/bts_motor_controller.egg-info/top_level.txt
[4.489s] reading manifest file '../../build/bts_motor_controller/bts_motor_controller.egg-info/SOURCES.txt'
[4.492s] writing manifest file '../../build/bts_motor_controller/bts_motor_controller.egg-info/SOURCES.txt'
[4.493s] running build
[4.493s] running build_py
[4.493s] running install
[4.504s] running install_lib
[4.566s] creating /home/caterpillar/ros2_ws/install/bts_motor_controller/lib/python3.12/site-packages/bts_motor_controller
[4.566s] copying /home/caterpillar/ros2_ws/build/bts_motor_controller/build/lib/bts_motor_controller/__init__.py -> /home/caterpillar/ros2_ws/install/bts_motor_controller/lib/python3.12/site-packages/bts_motor_controller
[4.566s] copying /home/caterpillar/ros2_ws/build/bts_motor_controller/build/lib/bts_motor_controller/motor_node.py -> /home/caterpillar/ros2_ws/install/bts_motor_controller/lib/python3.12/site-packages/bts_motor_controller
[4.567s] byte-compiling /home/caterpillar/ros2_ws/install/bts_motor_controller/lib/python3.12/site-packages/bts_motor_controller/__init__.py to __init__.cpython-312.pyc
[4.567s] byte-compiling /home/caterpillar/ros2_ws/install/bts_motor_controller/lib/python3.12/site-packages/bts_motor_controller/motor_node.py to motor_node.cpython-312.pyc
[4.567s] running install_data
[4.567s] copying resource/bts_motor_controller -> /home/caterpillar/ros2_ws/install/bts_motor_controller/share/ament_index/resource_index/packages
[4.568s] copying package.xml -> /home/caterpillar/ros2_ws/install/bts_motor_controller/share/bts_motor_controller
[4.568s] running install_egg_info
[4.629s] Copying ../../build/bts_motor_controller/bts_motor_controller.egg-info to /home/caterpillar/ros2_ws/install/bts_motor_controller/lib/python3.12/site-packages/bts_motor_controller-0.0.0-py3.12.egg-info
[4.638s] running install_scripts
[4.958s] Installing motor_node script to /home/caterpillar/ros2_ws/install/bts_motor_controller/lib/bts_motor_controller
[4.960s] writing list of installed files to '/home/caterpillar/ros2_ws/build/bts_motor_controller/install.log'
[5.106s] Invoked command in '/home/caterpillar/ros2_ws/src/bts_motor_controller' returned '0': DEBUGINFOD_URLS=https://debuginfod.ubuntu.com PYTHONPATH=/home/caterpillar/ros2_ws/build/bts_motor_controller/prefix_override:/usr/lib/python3/dist-packages/colcon_core/task/python/colcon_distutils_commands:/home/caterpillar/ros2_ws/install/bts_motor_controller/lib/python3.12/site-packages:${PYTHONPATH} /usr/bin/python3 -W ignore:setup.py install is deprecated -W ignore:easy_install command is deprecated setup.py egg_info --egg-base ../../build/bts_motor_controller build --build-base /home/caterpillar/ros2_ws/build/bts_motor_controller/build install --record /home/caterpillar/ros2_ws/build/bts_motor_controller/install.log --single-version-externally-managed install_data --force
