[5.208s] Invoking command in '/home/caterpillar/ros2_ws/build/bts_motor_controller': DEBUGINFOD_URLS=https://debuginfod.ubuntu.com PYTHONPATH=/home/caterpillar/ros2_ws/build/bts_motor_controller/prefix_override:/usr/lib/python3/dist-packages/colcon_core/task/python/colcon_distutils_commands:/home/caterpillar/ros2_ws/install/bts_motor_controller/lib/python3.12/site-packages:${PYTHONPATH} /usr/bin/python3 -W ignore:setup.py install is deprecated -W ignore:easy_install command is deprecated setup.py develop --uninstall --editable --build-directory /home/caterpillar/ros2_ws/build/bts_motor_controller/build
[6.804s] running develop
[7.604s] Removing /home/caterpillar/ros2_ws/install/bts_motor_controller/lib/python3.12/site-packages/bts-motor-controller.egg-link (link to .)
[7.857s] Invoked command in '/home/caterpillar/ros2_ws/build/bts_motor_controller' returned '0': DEBUGINFOD_URLS=https://debuginfod.ubuntu.com PYTHONPATH=/home/caterpillar/ros2_ws/build/bts_motor_controller/prefix_override:/usr/lib/python3/dist-packages/colcon_core/task/python/colcon_distutils_commands:/home/caterpillar/ros2_ws/install/bts_motor_controller/lib/python3.12/site-packages:${PYTHONPATH} /usr/bin/python3 -W ignore:setup.py install is deprecated -W ignore:easy_install command is deprecated setup.py develop --uninstall --editable --build-directory /home/caterpillar/ros2_ws/build/bts_motor_controller/build
[7.864s] Invoking command in '/home/caterpillar/ros2_ws/src/bts_motor_controller': DEBUGINFOD_URLS=https://debuginfod.ubuntu.com PYTHONPATH=/home/caterpillar/ros2_ws/build/bts_motor_controller/prefix_override:/usr/lib/python3/dist-packages/colcon_core/task/python/colcon_distutils_commands:/home/caterpillar/ros2_ws/install/bts_motor_controller/lib/python3.12/site-packages:${PYTHONPATH} /usr/bin/python3 -W ignore:setup.py install is deprecated -W ignore:easy_install command is deprecated setup.py egg_info --egg-base ../../build/bts_motor_controller build --build-base /home/caterpillar/ros2_ws/build/bts_motor_controller/build install --record /home/caterpillar/ros2_ws/build/bts_motor_controller/install.log --single-version-externally-managed install_data --force
[8.951s] running egg_info
[9.072s] writing ../../build/bts_motor_controller/bts_motor_controller.egg-info/PKG-INFO
[9.073s] writing dependency_links to ../../build/bts_motor_controller/bts_motor_controller.egg-info/dependency_links.txt
[9.108s] writing entry points to ../../build/bts_motor_controller/bts_motor_controller.egg-info/entry_points.txt
[9.111s] writing requirements to ../../build/bts_motor_controller/bts_motor_controller.egg-info/requires.txt
[9.114s] writing top-level names to ../../build/bts_motor_controller/bts_motor_controller.egg-info/top_level.txt
[9.356s] reading manifest file '../../build/bts_motor_controller/bts_motor_controller.egg-info/SOURCES.txt'
[9.363s] writing manifest file '../../build/bts_motor_controller/bts_motor_controller.egg-info/SOURCES.txt'
[9.363s] running build
[9.364s] running build_py
[9.364s] creating /home/caterpillar/ros2_ws/build/bts_motor_controller/build
[9.364s] creating /home/caterpillar/ros2_ws/build/bts_motor_controller/build/lib
[9.364s] creating /home/caterpillar/ros2_ws/build/bts_motor_controller/build/lib/bts_motor_controller
[9.364s] copying bts_motor_controller/__init__.py -> /home/caterpillar/ros2_ws/build/bts_motor_controller/build/lib/bts_motor_controller
[9.365s] copying bts_motor_controller/motor_node.py -> /home/caterpillar/ros2_ws/build/bts_motor_controller/build/lib/bts_motor_controller
[9.365s] running install
[9.380s] running install_lib
[9.435s] creating /home/caterpillar/ros2_ws/install/bts_motor_controller/lib/python3.12/site-packages/bts_motor_controller
[9.437s] copying /home/caterpillar/ros2_ws/build/bts_motor_controller/build/lib/bts_motor_controller/__init__.py -> /home/caterpillar/ros2_ws/install/bts_motor_controller/lib/python3.12/site-packages/bts_motor_controller
[9.437s] copying /home/caterpillar/ros2_ws/build/bts_motor_controller/build/lib/bts_motor_controller/motor_node.py -> /home/caterpillar/ros2_ws/install/bts_motor_controller/lib/python3.12/site-packages/bts_motor_controller
[9.437s] byte-compiling /home/caterpillar/ros2_ws/install/bts_motor_controller/lib/python3.12/site-packages/bts_motor_controller/__init__.py to __init__.cpython-312.pyc
[9.439s] byte-compiling /home/caterpillar/ros2_ws/install/bts_motor_controller/lib/python3.12/site-packages/bts_motor_controller/motor_node.py to motor_node.cpython-312.pyc
[9.442s] running install_data
[9.444s] copying resource/bts_motor_controller -> /home/caterpillar/ros2_ws/install/bts_motor_controller/share/ament_index/resource_index/packages
[9.444s] copying package.xml -> /home/caterpillar/ros2_ws/install/bts_motor_controller/share/bts_motor_controller
[9.445s] running install_egg_info
[9.503s] Copying ../../build/bts_motor_controller/bts_motor_controller.egg-info to /home/caterpillar/ros2_ws/install/bts_motor_controller/lib/python3.12/site-packages/bts_motor_controller-0.0.0-py3.12.egg-info
[9.505s] running install_scripts
[9.905s] Installing motor_node script to /home/caterpillar/ros2_ws/install/bts_motor_controller/lib/bts_motor_controller
[9.911s] writing list of installed files to '/home/caterpillar/ros2_ws/build/bts_motor_controller/install.log'
[10.109s] Invoked command in '/home/caterpillar/ros2_ws/src/bts_motor_controller' returned '0': DEBUGINFOD_URLS=https://debuginfod.ubuntu.com PYTHONPATH=/home/caterpillar/ros2_ws/build/bts_motor_controller/prefix_override:/usr/lib/python3/dist-packages/colcon_core/task/python/colcon_distutils_commands:/home/caterpillar/ros2_ws/install/bts_motor_controller/lib/python3.12/site-packages:${PYTHONPATH} /usr/bin/python3 -W ignore:setup.py install is deprecated -W ignore:easy_install command is deprecated setup.py egg_info --egg-base ../../build/bts_motor_controller build --build-base /home/caterpillar/ros2_ws/build/bts_motor_controller/build install --record /home/caterpillar/ros2_ws/build/bts_motor_controller/install.log --single-version-externally-managed install_data --force
