[1.335s] Invoking command in '/home/caterpillar/ros2_ws/src/your_robot_bringup': DEBUGINFOD_URLS=https://debuginfod.ubuntu.com PYTHONPATH=/home/caterpillar/ros2_ws/build/your_robot_bringup/prefix_override:/usr/lib/python3/dist-packages/colcon_core/task/python/colcon_distutils_commands:/home/caterpillar/ros2_ws/install/your_robot_bringup/lib/python3.12/site-packages:/home/caterpillar/ros2_ws/install/bts_motor_controller/lib/python3.12/site-packages:/home/caterpillar/ros2_ws/build/bts_motor_controller:/opt/ros/jazzy/lib/python3.12/site-packages /usr/bin/python3 -W ignore:setup.py install is deprecated -W ignore:easy_install command is deprecated setup.py egg_info --egg-base ../../build/your_robot_bringup build --build-base /home/caterpillar/ros2_ws/build/your_robot_bringup/build install --record /home/caterpillar/ros2_ws/build/your_robot_bringup/install.log --single-version-externally-managed install_data
[1.747s] running egg_info
[1.748s] creating ../../build/your_robot_bringup/your_robot_bringup.egg-info
[1.778s] writing ../../build/your_robot_bringup/your_robot_bringup.egg-info/PKG-INFO
[1.778s] writing dependency_links to ../../build/your_robot_bringup/your_robot_bringup.egg-info/dependency_links.txt
[1.779s] writing requirements to ../../build/your_robot_bringup/your_robot_bringup.egg-info/requires.txt
[1.779s] writing top-level names to ../../build/your_robot_bringup/your_robot_bringup.egg-info/top_level.txt
[1.779s] writing manifest file '../../build/your_robot_bringup/your_robot_bringup.egg-info/SOURCES.txt'
[1.845s] reading manifest file '../../build/your_robot_bringup/your_robot_bringup.egg-info/SOURCES.txt'
[1.845s] writing manifest file '../../build/your_robot_bringup/your_robot_bringup.egg-info/SOURCES.txt'
[1.846s] running build
[1.846s] running build_py
[1.846s] creating /home/caterpillar/ros2_ws/build/your_robot_bringup/build
[1.846s] creating /home/caterpillar/ros2_ws/build/your_robot_bringup/build/lib
[1.846s] creating /home/caterpillar/ros2_ws/build/your_robot_bringup/build/lib/your_robot_bringup
[1.846s] copying src/your_robot_bringup/__init__.py -> /home/caterpillar/ros2_ws/build/your_robot_bringup/build/lib/your_robot_bringup
[1.846s] running install
[1.856s] running install_lib
[1.887s] creating /home/caterpillar/ros2_ws/install/your_robot_bringup/lib/python3.12/site-packages/your_robot_bringup
[1.887s] copying /home/caterpillar/ros2_ws/build/your_robot_bringup/build/lib/your_robot_bringup/__init__.py -> /home/caterpillar/ros2_ws/install/your_robot_bringup/lib/python3.12/site-packages/your_robot_bringup
[1.888s] byte-compiling /home/caterpillar/ros2_ws/install/your_robot_bringup/lib/python3.12/site-packages/your_robot_bringup/__init__.py to __init__.cpython-312.pyc
[1.888s] running install_data
[1.889s] creating /home/caterpillar/ros2_ws/install/your_robot_bringup/share/ament_index
[1.889s] creating /home/caterpillar/ros2_ws/install/your_robot_bringup/share/ament_index/resource_index
[1.889s] creating /home/caterpillar/ros2_ws/install/your_robot_bringup/share/ament_index/resource_index/packages
[1.889s] copying resource/your_robot_bringup -> /home/caterpillar/ros2_ws/install/your_robot_bringup/share/ament_index/resource_index/packages
[1.889s] copying package.xml -> /home/caterpillar/ros2_ws/install/your_robot_bringup/share/your_robot_bringup
[1.889s] creating /home/caterpillar/ros2_ws/install/your_robot_bringup/share/your_robot_bringup/launch
[1.889s] copying launch/bringup.launch.py -> /home/caterpillar/ros2_ws/install/your_robot_bringup/share/your_robot_bringup/launch
[1.889s] copying nav2_params.yaml -> /home/caterpillar/ros2_ws/install/your_robot_bringup/share/your_robot_bringup
[1.890s] running install_egg_info
[1.923s] Copying ../../build/your_robot_bringup/your_robot_bringup.egg-info to /home/caterpillar/ros2_ws/install/your_robot_bringup/lib/python3.12/site-packages/your_robot_bringup-0.0.0-py3.12.egg-info
[1.924s] running install_scripts
[2.139s] writing list of installed files to '/home/caterpillar/ros2_ws/build/your_robot_bringup/install.log'
[2.211s] Invoked command in '/home/caterpillar/ros2_ws/src/your_robot_bringup' returned '0': DEBUGINFOD_URLS=https://debuginfod.ubuntu.com PYTHONPATH=/home/caterpillar/ros2_ws/build/your_robot_bringup/prefix_override:/usr/lib/python3/dist-packages/colcon_core/task/python/colcon_distutils_commands:/home/caterpillar/ros2_ws/install/your_robot_bringup/lib/python3.12/site-packages:/home/caterpillar/ros2_ws/install/bts_motor_controller/lib/python3.12/site-packages:/home/caterpillar/ros2_ws/build/bts_motor_controller:/opt/ros/jazzy/lib/python3.12/site-packages /usr/bin/python3 -W ignore:setup.py install is deprecated -W ignore:easy_install command is deprecated setup.py egg_info --egg-base ../../build/your_robot_bringup build --build-base /home/caterpillar/ros2_ws/build/your_robot_bringup/build install --record /home/caterpillar/ros2_ws/build/your_robot_bringup/install.log --single-version-externally-managed install_data
