running develop
running egg_info
creating bts_motor_controller.egg-info
writing bts_motor_controller.egg-info/PKG-INFO
writing dependency_links to bts_motor_controller.egg-info/dependency_links.txt
writing entry points to bts_motor_controller.egg-info/entry_points.txt
writing requirements to bts_motor_controller.egg-info/requires.txt
writing top-level names to bts_motor_controller.egg-info/top_level.txt
writing manifest file 'bts_motor_controller.egg-info/SOURCES.txt'
reading manifest file 'bts_motor_controller.egg-info/SOURCES.txt'
writing manifest file 'bts_motor_controller.egg-info/SOURCES.txt'
running build_ext
Creating /home/caterpillar/ros2_ws/install/bts_motor_controller/lib/python3.12/site-packages/bts-motor-controller.egg-link (link to .)
Installing motor_node script to /home/caterpillar/ros2_ws/install/bts_motor_controller/lib/bts_motor_controller

Installed /home/caterpillar/ros2_ws/build/bts_motor_controller
running symlink_data
creating /home/caterpillar/ros2_ws/install/bts_motor_controller/share/ament_index
creating /home/caterpillar/ros2_ws/install/bts_motor_controller/share/ament_index/resource_index
creating /home/caterpillar/ros2_ws/install/bts_motor_controller/share/ament_index/resource_index/packages
symbolically linking /home/caterpillar/ros2_ws/build/bts_motor_controller/resource/bts_motor_controller -> /home/caterpillar/ros2_ws/install/bts_motor_controller/share/ament_index/resource_index/packages
symbolically linking /home/caterpillar/ros2_ws/build/bts_motor_controller/package.xml -> /home/caterpillar/ros2_ws/install/bts_motor_controller/share/bts_motor_controller
