[3.103s] Invoking command in '/home/caterpillar/ros2_ws/build/bts_motor_controller': DEBUGINFOD_URLS=https://debuginfod.ubuntu.com PYTHONPATH=/home/caterpillar/ros2_ws/build/bts_motor_controller/prefix_override:/usr/lib/python3/dist-packages/colcon_core/task/python/colcon_distutils_commands:/home/caterpillar/ros2_ws/install/bts_motor_controller/lib/python3.12/site-packages:${PYTHONPATH} /usr/bin/python3 -W ignore:setup.py install is deprecated -W ignore:easy_install command is deprecated setup.py develop --editable --build-directory /home/caterpillar/ros2_ws/build/bts_motor_controller/build --no-deps symlink_data
[4.351s] running develop
[5.019s] running egg_info
[5.019s] creating bts_motor_controller.egg-info
[5.095s] writing bts_motor_controller.egg-info/PKG-INFO
[5.096s] writing dependency_links to bts_motor_controller.egg-info/dependency_links.txt
[5.096s] writing entry points to bts_motor_controller.egg-info/entry_points.txt
[5.097s] writing requirements to bts_motor_controller.egg-info/requires.txt
[5.097s] writing top-level names to bts_motor_controller.egg-info/top_level.txt
[5.098s] writing manifest file 'bts_motor_controller.egg-info/SOURCES.txt'
[5.263s] reading manifest file 'bts_motor_controller.egg-info/SOURCES.txt'
[5.263s] writing manifest file 'bts_motor_controller.egg-info/SOURCES.txt'
[5.353s] running build_ext
[5.353s] Creating /home/caterpillar/ros2_ws/install/bts_motor_controller/lib/python3.12/site-packages/bts-motor-controller.egg-link (link to .)
[5.353s] Installing motor_node script to /home/caterpillar/ros2_ws/install/bts_motor_controller/lib/bts_motor_controller
[5.353s] 
[5.354s] Installed /home/caterpillar/ros2_ws/build/bts_motor_controller
[5.354s] running symlink_data
[5.354s] creating /home/caterpillar/ros2_ws/install/bts_motor_controller/share/ament_index
[5.354s] creating /home/caterpillar/ros2_ws/install/bts_motor_controller/share/ament_index/resource_index
[5.354s] creating /home/caterpillar/ros2_ws/install/bts_motor_controller/share/ament_index/resource_index/packages
[5.354s] symbolically linking /home/caterpillar/ros2_ws/build/bts_motor_controller/resource/bts_motor_controller -> /home/caterpillar/ros2_ws/install/bts_motor_controller/share/ament_index/resource_index/packages
[5.354s] symbolically linking /home/caterpillar/ros2_ws/build/bts_motor_controller/package.xml -> /home/caterpillar/ros2_ws/install/bts_motor_controller/share/bts_motor_controller
[5.883s] Invoked command in '/home/caterpillar/ros2_ws/build/bts_motor_controller' returned '0': DEBUGINFOD_URLS=https://debuginfod.ubuntu.com PYTHONPATH=/home/caterpillar/ros2_ws/build/bts_motor_controller/prefix_override:/usr/lib/python3/dist-packages/colcon_core/task/python/colcon_distutils_commands:/home/caterpillar/ros2_ws/install/bts_motor_controller/lib/python3.12/site-packages:${PYTHONPATH} /usr/bin/python3 -W ignore:setup.py install is deprecated -W ignore:easy_install command is deprecated setup.py develop --editable --build-directory /home/caterpillar/ros2_ws/build/bts_motor_controller/build --no-deps symlink_data
