[1.839s] Invoking command in '/home/caterpillar/ros2_ws/build/your_robot_bringup': AMENT_PREFIX_PATH=/home/caterpillar/ros2_ws/install/bts_motor_controller:/home/caterpillar/ros2_ws/install/your_robot_bringup:/home/caterpillar/ros2_ws/install/rplidar_ros:/home/caterpillar/ros2_ws/install/rover_navigation:/opt/ros/jazzy DEBUGINFOD_URLS=https://debuginfod.ubuntu.com PYTHONPATH=/home/caterpillar/ros2_ws/build/your_robot_bringup/prefix_override:/usr/lib/python3/dist-packages/colcon_core/task/python/colcon_distutils_commands:/home/caterpillar/ros2_ws/install/your_robot_bringup/lib/python3.12/site-packages:/home/caterpillar/ros2_ws/build/bts_motor_controller:/home/caterpillar/ros2_ws/install/bts_motor_controller/lib/python3.12/site-packages:/home/caterpillar/ros2_ws/build/your_robot_bringup/src:/home/caterpillar/ros2_ws/build/rover_navigation:/home/caterpillar/ros2_ws/install/your_robot_bringup/lib/python3.12/site-packages:/home/caterpillar/ros2_ws/install/rover_navigation/lib/python3.12/site-packages:/opt/ros/jazzy/lib/python3.12/site-packages /usr/bin/python3 -W ignore:setup.py install is deprecated -W ignore:easy_install command is deprecated setup.py develop --editable --build-directory /home/caterpillar/ros2_ws/build/your_robot_bringup/build --no-deps symlink_data
[3.091s] running develop
[3.654s] running egg_info
[3.654s] creating src/your_robot_bringup.egg-info
[3.706s] writing src/your_robot_bringup.egg-info/PKG-INFO
[3.708s] writing dependency_links to src/your_robot_bringup.egg-info/dependency_links.txt
[3.708s] writing entry points to src/your_robot_bringup.egg-info/entry_points.txt
[3.708s] writing requirements to src/your_robot_bringup.egg-info/requires.txt
[3.708s] writing top-level names to src/your_robot_bringup.egg-info/top_level.txt
[3.708s] writing manifest file 'src/your_robot_bringup.egg-info/SOURCES.txt'
[3.805s] reading manifest file 'src/your_robot_bringup.egg-info/SOURCES.txt'
[3.807s] writing manifest file 'src/your_robot_bringup.egg-info/SOURCES.txt'
[3.860s] running build_ext
[3.861s] Creating /home/caterpillar/ros2_ws/install/your_robot_bringup/lib/python3.12/site-packages/your-robot-bringup.egg-link (link to src)
[3.862s] Installing rrt_autonomous script to /home/caterpillar/ros2_ws/install/your_robot_bringup/lib/your_robot_bringup
[3.862s] Installing wheel_odom script to /home/caterpillar/ros2_ws/install/your_robot_bringup/lib/your_robot_bringup
[3.862s] 
[3.862s] Installed /home/caterpillar/ros2_ws/build/your_robot_bringup/src
[3.862s] running symlink_data
[3.862s] creating /home/caterpillar/ros2_ws/install/your_robot_bringup/share/ament_index
[3.862s] creating /home/caterpillar/ros2_ws/install/your_robot_bringup/share/ament_index/resource_index
[3.862s] creating /home/caterpillar/ros2_ws/install/your_robot_bringup/share/ament_index/resource_index/packages
[3.867s] symbolically linking /home/caterpillar/ros2_ws/build/your_robot_bringup/resource/your_robot_bringup -> /home/caterpillar/ros2_ws/install/your_robot_bringup/share/ament_index/resource_index/packages
[3.867s] symbolically linking /home/caterpillar/ros2_ws/build/your_robot_bringup/package.xml -> /home/caterpillar/ros2_ws/install/your_robot_bringup/share/your_robot_bringup
[4.109s] Invoked command in '/home/caterpillar/ros2_ws/build/your_robot_bringup' returned '0': AMENT_PREFIX_PATH=/home/caterpillar/ros2_ws/install/bts_motor_controller:/home/caterpillar/ros2_ws/install/your_robot_bringup:/home/caterpillar/ros2_ws/install/rplidar_ros:/home/caterpillar/ros2_ws/install/rover_navigation:/opt/ros/jazzy DEBUGINFOD_URLS=https://debuginfod.ubuntu.com PYTHONPATH=/home/caterpillar/ros2_ws/build/your_robot_bringup/prefix_override:/usr/lib/python3/dist-packages/colcon_core/task/python/colcon_distutils_commands:/home/caterpillar/ros2_ws/install/your_robot_bringup/lib/python3.12/site-packages:/home/caterpillar/ros2_ws/build/bts_motor_controller:/home/caterpillar/ros2_ws/install/bts_motor_controller/lib/python3.12/site-packages:/home/caterpillar/ros2_ws/build/your_robot_bringup/src:/home/caterpillar/ros2_ws/build/rover_navigation:/home/caterpillar/ros2_ws/install/your_robot_bringup/lib/python3.12/site-packages:/home/caterpillar/ros2_ws/install/rover_navigation/lib/python3.12/site-packages:/opt/ros/jazzy/lib/python3.12/site-packages /usr/bin/python3 -W ignore:setup.py install is deprecated -W ignore:easy_install command is deprecated setup.py develop --editable --build-directory /home/caterpillar/ros2_ws/build/your_robot_bringup/build --no-deps symlink_data
