[1.973s] Invoking command in '/home/caterpillar/ros2_ws/src/rover_navigation': DEBUGINFOD_URLS=https://debuginfod.ubuntu.com PYTHONPATH=/home/caterpillar/ros2_ws/build/rover_navigation/prefix_override:/usr/lib/python3/dist-packages/colcon_core/task/python/colcon_distutils_commands:/home/caterpillar/ros2_ws/install/rover_navigation/lib/python3.12/site-packages:${PYTHONPATH} /usr/bin/python3 -W ignore:setup.py install is deprecated -W ignore:easy_install command is deprecated setup.py egg_info --egg-base ../../build/rover_navigation build --build-base /home/caterpillar/ros2_ws/build/rover_navigation/build install --record /home/caterpillar/ros2_ws/build/rover_navigation/install.log --single-version-externally-managed install_data
[2.425s] running egg_info
[2.461s] writing ../../build/rover_navigation/rover_navigation.egg-info/PKG-INFO
[2.461s] writing dependency_links to ../../build/rover_navigation/rover_navigation.egg-info/dependency_links.txt
[2.464s] writing entry points to ../../build/rover_navigation/rover_navigation.egg-info/entry_points.txt
[2.464s] writing requirements to ../../build/rover_navigation/rover_navigation.egg-info/requires.txt
[2.465s] writing top-level names to ../../build/rover_navigation/rover_navigation.egg-info/top_level.txt
[2.537s] reading manifest file '../../build/rover_navigation/rover_navigation.egg-info/SOURCES.txt'
[2.538s] writing manifest file '../../build/rover_navigation/rover_navigation.egg-info/SOURCES.txt'
[2.538s] running build
[2.538s] running build_py
[2.539s] running install
[2.549s] running install_lib
[2.588s] running install_data
[2.589s] running install_egg_info
[2.624s] removing '/home/caterpillar/ros2_ws/install/rover_navigation/lib/python3.12/site-packages/rover_navigation-0.0.1-py3.12.egg-info' (and everything under it)
[2.627s] Copying ../../build/rover_navigation/rover_navigation.egg-info to /home/caterpillar/ros2_ws/install/rover_navigation/lib/python3.12/site-packages/rover_navigation-0.0.1-py3.12.egg-info
[2.627s] running install_scripts
[2.880s] Installing a_star_planner script to /home/caterpillar/ros2_ws/install/rover_navigation/lib/rover_navigation
[2.881s] Installing cmdvel_to_wheels script to /home/caterpillar/ros2_ws/install/rover_navigation/lib/rover_navigation
[2.889s] Installing esp8266_bridge script to /home/caterpillar/ros2_ws/install/rover_navigation/lib/rover_navigation
[2.892s] Installing esp_serial_odometry_node script to /home/caterpillar/ros2_ws/install/rover_navigation/lib/rover_navigation
[2.893s] Installing lwb_planner script to /home/caterpillar/ros2_ws/install/rover_navigation/lib/rover_navigation
[2.894s] Installing navigation_dashboard script to /home/caterpillar/ros2_ws/install/rover_navigation/lib/rover_navigation
[2.894s] Installing obstacle_detection script to /home/caterpillar/ros2_ws/install/rover_navigation/lib/rover_navigation
[2.894s] Installing odometry_node script to /home/caterpillar/ros2_ws/install/rover_navigation/lib/rover_navigation
[2.895s] Installing path_executor script to /home/caterpillar/ros2_ws/install/rover_navigation/lib/rover_navigation
[2.896s] Installing planner_manager script to /home/caterpillar/ros2_ws/install/rover_navigation/lib/rover_navigation
[2.896s] Installing rrt_planner script to /home/caterpillar/ros2_ws/install/rover_navigation/lib/rover_navigation
[2.898s] writing list of installed files to '/home/caterpillar/ros2_ws/build/rover_navigation/install.log'
[3.382s] Invoked command in '/home/caterpillar/ros2_ws/src/rover_navigation' returned '0': DEBUGINFOD_URLS=https://debuginfod.ubuntu.com PYTHONPATH=/home/caterpillar/ros2_ws/build/rover_navigation/prefix_override:/usr/lib/python3/dist-packages/colcon_core/task/python/colcon_distutils_commands:/home/caterpillar/ros2_ws/install/rover_navigation/lib/python3.12/site-packages:${PYTHONPATH} /usr/bin/python3 -W ignore:setup.py install is deprecated -W ignore:easy_install command is deprecated setup.py egg_info --egg-base ../../build/rover_navigation build --build-base /home/caterpillar/ros2_ws/build/rover_navigation/build install --record /home/caterpillar/ros2_ws/build/rover_navigation/install.log --single-version-externally-managed install_data
