[2.958s] Invoking command in '/home/caterpillar/ros2_ws/build/your_robot_bringup': AMENT_PREFIX_PATH=/home/caterpillar/ros2_ws/install/rplidar_ros:/home/caterpillar/ros2_ws/install/bts_motor_controller:${AMENT_PREFIX_PATH} CMAKE_PREFIX_PATH=/home/caterpillar/ros2_ws/install/rplidar_ros:${CMAKE_PREFIX_PATH} DEBUGINFOD_URLS=https://debuginfod.ubuntu.com LD_LIBRARY_PATH=/home/caterpillar/ros2_ws/install/rplidar_ros/lib:${LD_LIBRARY_PATH} PYTHONPATH=/home/caterpillar/ros2_ws/build/your_robot_bringup/prefix_override:/usr/lib/python3/dist-packages/colcon_core/task/python/colcon_distutils_commands:/home/caterpillar/ros2_ws/install/your_robot_bringup/lib/python3.12/site-packages:/home/caterpillar/ros2_ws/install/bts_motor_controller/lib/python3.12/site-packages:${PYTHONPATH} /usr/bin/python3 -W ignore:setup.py install is deprecated -W ignore:easy_install command is deprecated setup.py develop --uninstall --editable --build-directory /home/caterpillar/ros2_ws/build/your_robot_bringup/build
[4.002s] running develop
[4.373s] Removing /home/caterpillar/ros2_ws/install/your_robot_bringup/lib/python3.12/site-packages/your-robot-bringup.egg-link (link to src)
[4.469s] Invoked command in '/home/caterpillar/ros2_ws/build/your_robot_bringup' returned '0': AMENT_PREFIX_PATH=/home/caterpillar/ros2_ws/install/rplidar_ros:/home/caterpillar/ros2_ws/install/bts_motor_controller:${AMENT_PREFIX_PATH} CMAKE_PREFIX_PATH=/home/caterpillar/ros2_ws/install/rplidar_ros:${CMAKE_PREFIX_PATH} DEBUGINFOD_URLS=https://debuginfod.ubuntu.com LD_LIBRARY_PATH=/home/caterpillar/ros2_ws/install/rplidar_ros/lib:${LD_LIBRARY_PATH} PYTHONPATH=/home/caterpillar/ros2_ws/build/your_robot_bringup/prefix_override:/usr/lib/python3/dist-packages/colcon_core/task/python/colcon_distutils_commands:/home/caterpillar/ros2_ws/install/your_robot_bringup/lib/python3.12/site-packages:/home/caterpillar/ros2_ws/install/bts_motor_controller/lib/python3.12/site-packages:${PYTHONPATH} /usr/bin/python3 -W ignore:setup.py install is deprecated -W ignore:easy_install command is deprecated setup.py develop --uninstall --editable --build-directory /home/caterpillar/ros2_ws/build/your_robot_bringup/build
[4.472s] Invoking command in '/home/caterpillar/ros2_ws/src/your_robot_bringup': AMENT_PREFIX_PATH=/home/caterpillar/ros2_ws/install/rplidar_ros:/home/caterpillar/ros2_ws/install/bts_motor_controller:${AMENT_PREFIX_PATH} CMAKE_PREFIX_PATH=/home/caterpillar/ros2_ws/install/rplidar_ros:${CMAKE_PREFIX_PATH} DEBUGINFOD_URLS=https://debuginfod.ubuntu.com LD_LIBRARY_PATH=/home/caterpillar/ros2_ws/install/rplidar_ros/lib:${LD_LIBRARY_PATH} PYTHONPATH=/home/caterpillar/ros2_ws/build/your_robot_bringup/prefix_override:/usr/lib/python3/dist-packages/colcon_core/task/python/colcon_distutils_commands:/home/caterpillar/ros2_ws/install/your_robot_bringup/lib/python3.12/site-packages:/home/caterpillar/ros2_ws/install/bts_motor_controller/lib/python3.12/site-packages:${PYTHONPATH} /usr/bin/python3 -W ignore:setup.py install is deprecated -W ignore:easy_install command is deprecated setup.py egg_info --egg-base ../../build/your_robot_bringup build --build-base /home/caterpillar/ros2_ws/build/your_robot_bringup/build install --record /home/caterpillar/ros2_ws/build/your_robot_bringup/install.log --single-version-externally-managed install_data --force
[4.918s] running egg_info
[4.953s] writing ../../build/your_robot_bringup/your_robot_bringup.egg-info/PKG-INFO
[4.953s] writing dependency_links to ../../build/your_robot_bringup/your_robot_bringup.egg-info/dependency_links.txt
[4.956s] writing entry points to ../../build/your_robot_bringup/your_robot_bringup.egg-info/entry_points.txt
[4.957s] writing requirements to ../../build/your_robot_bringup/your_robot_bringup.egg-info/requires.txt
[4.958s] writing top-level names to ../../build/your_robot_bringup/your_robot_bringup.egg-info/top_level.txt
[5.030s] reading manifest file '../../build/your_robot_bringup/your_robot_bringup.egg-info/SOURCES.txt'
[5.034s] writing manifest file '../../build/your_robot_bringup/your_robot_bringup.egg-info/SOURCES.txt'
[5.034s] running build
[5.034s] running build_py
[5.035s] running install
[5.047s] running install_lib
[5.082s] creating /home/caterpillar/ros2_ws/install/your_robot_bringup/lib/python3.12/site-packages/your_robot_bringup
[5.084s] copying /home/caterpillar/ros2_ws/build/your_robot_bringup/build/lib/your_robot_bringup/wheel_odom.py -> /home/caterpillar/ros2_ws/install/your_robot_bringup/lib/python3.12/site-packages/your_robot_bringup
[5.084s] copying /home/caterpillar/ros2_ws/build/your_robot_bringup/build/lib/your_robot_bringup/__init__.py -> /home/caterpillar/ros2_ws/install/your_robot_bringup/lib/python3.12/site-packages/your_robot_bringup
[5.084s] copying /home/caterpillar/ros2_ws/build/your_robot_bringup/build/lib/your_robot_bringup/rrt_autonomous.py -> /home/caterpillar/ros2_ws/install/your_robot_bringup/lib/python3.12/site-packages/your_robot_bringup
[5.086s] byte-compiling /home/caterpillar/ros2_ws/install/your_robot_bringup/lib/python3.12/site-packages/your_robot_bringup/wheel_odom.py to wheel_odom.cpython-312.pyc
[5.088s] byte-compiling /home/caterpillar/ros2_ws/install/your_robot_bringup/lib/python3.12/site-packages/your_robot_bringup/__init__.py to __init__.cpython-312.pyc
[5.089s] byte-compiling /home/caterpillar/ros2_ws/install/your_robot_bringup/lib/python3.12/site-packages/your_robot_bringup/rrt_autonomous.py to rrt_autonomous.cpython-312.pyc
[5.091s] running install_data
[5.091s] copying resource/your_robot_bringup -> /home/caterpillar/ros2_ws/install/your_robot_bringup/share/ament_index/resource_index/packages
[5.091s] copying package.xml -> /home/caterpillar/ros2_ws/install/your_robot_bringup/share/your_robot_bringup
[5.091s] running install_egg_info
[5.126s] Copying ../../build/your_robot_bringup/your_robot_bringup.egg-info to /home/caterpillar/ros2_ws/install/your_robot_bringup/lib/python3.12/site-packages/your_robot_bringup-0.0.0-py3.12.egg-info
[5.130s] running install_scripts
[5.362s] Installing rrt_autonomous script to /home/caterpillar/ros2_ws/install/your_robot_bringup/lib/your_robot_bringup
[5.363s] Installing wheel_odom script to /home/caterpillar/ros2_ws/install/your_robot_bringup/lib/your_robot_bringup
[5.363s] writing list of installed files to '/home/caterpillar/ros2_ws/build/your_robot_bringup/install.log'
[5.449s] Invoked command in '/home/caterpillar/ros2_ws/src/your_robot_bringup' returned '0': AMENT_PREFIX_PATH=/home/caterpillar/ros2_ws/install/rplidar_ros:/home/caterpillar/ros2_ws/install/bts_motor_controller:${AMENT_PREFIX_PATH} CMAKE_PREFIX_PATH=/home/caterpillar/ros2_ws/install/rplidar_ros:${CMAKE_PREFIX_PATH} DEBUGINFOD_URLS=https://debuginfod.ubuntu.com LD_LIBRARY_PATH=/home/caterpillar/ros2_ws/install/rplidar_ros/lib:${LD_LIBRARY_PATH} PYTHONPATH=/home/caterpillar/ros2_ws/build/your_robot_bringup/prefix_override:/usr/lib/python3/dist-packages/colcon_core/task/python/colcon_distutils_commands:/home/caterpillar/ros2_ws/install/your_robot_bringup/lib/python3.12/site-packages:/home/caterpillar/ros2_ws/install/bts_motor_controller/lib/python3.12/site-packages:${PYTHONPATH} /usr/bin/python3 -W ignore:setup.py install is deprecated -W ignore:easy_install command is deprecated setup.py egg_info --egg-base ../../build/your_robot_bringup build --build-base /home/caterpillar/ros2_ws/build/your_robot_bringup/build install --record /home/caterpillar/ros2_ws/build/your_robot_bringup/install.log --single-version-externally-managed install_data --force
